<?xml version="1.0" encoding="UTF-8"?>
<?totaltestVersion 19.4.1.v20190319-1916_877?>
<!--Topaz for Total Test 19.4.1.v20190319-1916_877 02/04/2019 17:33:15-->
<testsuites>
  <testsuite errors="0" failures="0" name="KTXDDEMO_#01.KTXDDEMO_Scenario1.00001: KTXDDEMOCase1" tests="32">
    <testcase classname="KTXDDEMO_#01.KTXDDEMO_Scenario1.00001: KTXDDEMOCase1" name="00001: Check for eibtime"/>
    <testcase classname="KTXDDEMO_#01.KTXDDEMO_Scenario1.00001: KTXDDEMOCase1" name="00002: Check for eibdate"/>
    <testcase classname="KTXDDEMO_#01.KTXDDEMO_Scenario1.00001: KTXDDEMOCase1" name="00003: Check for eibtrnid"/>
    <testcase classname="KTXDDEMO_#01.KTXDDEMO_Scenario1.00001: KTXDDEMOCase1" name="00004: Check for eibtaskn"/>
    <testcase classname="KTXDDEMO_#01.KTXDDEMO_Scenario1.00001: KTXDDEMOCase1" name="00005: Check for eibtrmid"/>
    <testcase classname="KTXDDEMO_#01.KTXDDEMO_Scenario1.00001: KTXDDEMOCase1" name="00006: Check for dfheigdi"/>
    <testcase classname="KTXDDEMO_#01.KTXDDEMO_Scenario1.00001: KTXDDEMOCase1" name="00007: Check for eibcposn"/>
    <testcase classname="KTXDDEMO_#01.KTXDDEMO_Scenario1.00001: KTXDDEMOCase1" name="00008: Check for eibcalen"/>
    <testcase classname="KTXDDEMO_#01.KTXDDEMO_Scenario1.00001: KTXDDEMOCase1" name="00009: Check for eibaid"/>
    <testcase classname="KTXDDEMO_#01.KTXDDEMO_Scenario1.00001: KTXDDEMOCase1" name="00010: Check for eibfn"/>
    <testcase classname="KTXDDEMO_#01.KTXDDEMO_Scenario1.00001: KTXDDEMOCase1" name="00011: Check for eibrcode"/>
    <testcase classname="KTXDDEMO_#01.KTXDDEMO_Scenario1.00001: KTXDDEMOCase1" name="00012: Check for eibds"/>
    <testcase classname="KTXDDEMO_#01.KTXDDEMO_Scenario1.00001: KTXDDEMOCase1" name="00013: Check for eibreqid"/>
    <testcase classname="KTXDDEMO_#01.KTXDDEMO_Scenario1.00001: KTXDDEMOCase1" name="00014: Check for eibrsrce"/>
    <testcase classname="KTXDDEMO_#01.KTXDDEMO_Scenario1.00001: KTXDDEMOCase1" name="00015: Check for eibsync"/>
    <testcase classname="KTXDDEMO_#01.KTXDDEMO_Scenario1.00001: KTXDDEMOCase1" name="00016: Check for eibfree"/>
    <testcase classname="KTXDDEMO_#01.KTXDDEMO_Scenario1.00001: KTXDDEMOCase1" name="00017: Check for eibrecv"/>
    <testcase classname="KTXDDEMO_#01.KTXDDEMO_Scenario1.00001: KTXDDEMOCase1" name="00018: Check for eibfil01"/>
    <testcase classname="KTXDDEMO_#01.KTXDDEMO_Scenario1.00001: KTXDDEMOCase1" name="00019: Check for eibatt"/>
    <testcase classname="KTXDDEMO_#01.KTXDDEMO_Scenario1.00001: KTXDDEMOCase1" name="00020: Check for eibeoc"/>
    <testcase classname="KTXDDEMO_#01.KTXDDEMO_Scenario1.00001: KTXDDEMOCase1" name="00021: Check for eibfmh"/>
    <testcase classname="KTXDDEMO_#01.KTXDDEMO_Scenario1.00001: KTXDDEMOCase1" name="00022: Check for eibcompl"/>
    <testcase classname="KTXDDEMO_#01.KTXDDEMO_Scenario1.00001: KTXDDEMOCase1" name="00023: Check for eibsig"/>
    <testcase classname="KTXDDEMO_#01.KTXDDEMO_Scenario1.00001: KTXDDEMOCase1" name="00024: Check for eibconf"/>
    <testcase classname="KTXDDEMO_#01.KTXDDEMO_Scenario1.00001: KTXDDEMOCase1" name="00025: Check for eiberr"/>
    <testcase classname="KTXDDEMO_#01.KTXDDEMO_Scenario1.00001: KTXDDEMOCase1" name="00026: Check for eiberrcd"/>
    <testcase classname="KTXDDEMO_#01.KTXDDEMO_Scenario1.00001: KTXDDEMOCase1" name="00027: Check for eibsynrb"/>
    <testcase classname="KTXDDEMO_#01.KTXDDEMO_Scenario1.00001: KTXDDEMOCase1" name="00028: Check for eibnodat"/>
    <testcase classname="KTXDDEMO_#01.KTXDDEMO_Scenario1.00001: KTXDDEMOCase1" name="00029: Check for eibresp"/>
    <testcase classname="KTXDDEMO_#01.KTXDDEMO_Scenario1.00001: KTXDDEMOCase1" name="00030: Check for eibresp2"/>
    <testcase classname="KTXDDEMO_#01.KTXDDEMO_Scenario1.00001: KTXDDEMOCase1" name="00031: Check for eibrldbk"/>
    <testcase classname="KTXDDEMO_#01.KTXDDEMO_Scenario1.00001: KTXDDEMOCase1" name="00032: Check for DFHCOMMAREA"/>
  </testsuite>
  <testsuite errors="0" failures="2" name="KTXDDEMO_#01.KTXDDEMO_Scenario1.00001: KTXDDEMOCase1.KTXDDEMO_CWKTDATE.00001: CWKTDATE assertion" tests="6">
    <testcase classname="KTXDDEMO_#01.KTXDDEMO_Scenario1.00001: KTXDDEMOCase1.KTXDDEMO_CWKTDATE.00001: CWKTDATE assertion" name="00001: Check for END_OF_MONTH_SW"/>
    <testcase classname="KTXDDEMO_#01.KTXDDEMO_Scenario1.00001: KTXDDEMOCase1.KTXDDEMO_CWKTDATE.00001: CWKTDATE assertion" name="00002: Check for YRS_OF_SERVICE"/>
    <testcase classname="KTXDDEMO_#01.KTXDDEMO_Scenario1.00001: KTXDDEMOCase1.KTXDDEMO_CWKTDATE.00001: CWKTDATE assertion" name="00003: Check for TODAYS_DATE"/>
    <testcase classname="KTXDDEMO_#01.KTXDDEMO_Scenario1.00001: KTXDDEMOCase1.KTXDDEMO_CWKTDATE.00001: CWKTDATE assertion" name="00004: Check for WA_EMP_HIRE_YY">
      <failure>Check for WA_EMP_HIRE_YY failed

Actual Value:    X'0000'

Expected Value:  = X'4001'</failure>
    </testcase>
    <testcase classname="KTXDDEMO_#01.KTXDDEMO_Scenario1.00001: KTXDDEMOCase1.KTXDDEMO_CWKTDATE.00001: CWKTDATE assertion" name="00005: Check for WA_EMP_HIRE_MM">
      <failure>Check for WA_EMP_HIRE_MM failed

Actual Value:    X'0000'

Expected Value:  = X'06F4'</failure>
    </testcase>
    <testcase classname="KTXDDEMO_#01.KTXDDEMO_Scenario1.00001: KTXDDEMOCase1.KTXDDEMO_CWKTDATE.00001: CWKTDATE assertion" name="00006: Check for WA_EMP_HIRE_DD"/>
  </testsuite>
  <testsuite errors="0" failures="2" name="KTXDDEMO_#01.KTXDDEMO_Scenario1.00001: KTXDDEMOCase1.KTXDDEMO_CWKTDATE.00002: CWKTDATE assertion" tests="12">
    <testcase classname="KTXDDEMO_#01.KTXDDEMO_Scenario1.00001: KTXDDEMOCase1.KTXDDEMO_CWKTDATE.00002: CWKTDATE assertion" name="00001: Check for END_OF_MONTH_SW"/>
    <testcase classname="KTXDDEMO_#01.KTXDDEMO_Scenario1.00001: KTXDDEMOCase1.KTXDDEMO_CWKTDATE.00002: CWKTDATE assertion" name="00002: Check for YRS_OF_SERVICE"/>
    <testcase classname="KTXDDEMO_#01.KTXDDEMO_Scenario1.00001: KTXDDEMOCase1.KTXDDEMO_CWKTDATE.00002: CWKTDATE assertion" name="00003: Check for TODAYS_DATE"/>
    <testcase classname="KTXDDEMO_#01.KTXDDEMO_Scenario1.00001: KTXDDEMOCase1.KTXDDEMO_CWKTDATE.00002: CWKTDATE assertion" name="00004: Check for WA_EMP_HIRE_YY"/>
    <testcase classname="KTXDDEMO_#01.KTXDDEMO_Scenario1.00001: KTXDDEMOCase1.KTXDDEMO_CWKTDATE.00002: CWKTDATE assertion" name="00005: Check for WA_EMP_HIRE_MM"/>
    <testcase classname="KTXDDEMO_#01.KTXDDEMO_Scenario1.00001: KTXDDEMOCase1.KTXDDEMO_CWKTDATE.00002: CWKTDATE assertion" name="00006: Check for WA_EMP_HIRE_DD"/>
  </testsuite>
  <testsuite errors="0" failures="2" name="KTXDDEMO_#01.KTXDDEMO_Scenario1.00001: KTXDDEMOCase1.KTXDDEMO_CWKTDATE.00003: CWKTDATE assertion" tests="18">
    <testcase classname="KTXDDEMO_#01.KTXDDEMO_Scenario1.00001: KTXDDEMOCase1.KTXDDEMO_CWKTDATE.00003: CWKTDATE assertion" name="00001: Check for END_OF_MONTH_SW"/>
    <testcase classname="KTXDDEMO_#01.KTXDDEMO_Scenario1.00001: KTXDDEMOCase1.KTXDDEMO_CWKTDATE.00003: CWKTDATE assertion" name="00002: Check for YRS_OF_SERVICE"/>
    <testcase classname="KTXDDEMO_#01.KTXDDEMO_Scenario1.00001: KTXDDEMOCase1.KTXDDEMO_CWKTDATE.00003: CWKTDATE assertion" name="00003: Check for TODAYS_DATE"/>
    <testcase classname="KTXDDEMO_#01.KTXDDEMO_Scenario1.00001: KTXDDEMOCase1.KTXDDEMO_CWKTDATE.00003: CWKTDATE assertion" name="00004: Check for WA_EMP_HIRE_YY"/>
    <testcase classname="KTXDDEMO_#01.KTXDDEMO_Scenario1.00001: KTXDDEMOCase1.KTXDDEMO_CWKTDATE.00003: CWKTDATE assertion" name="00005: Check for WA_EMP_HIRE_MM"/>
    <testcase classname="KTXDDEMO_#01.KTXDDEMO_Scenario1.00001: KTXDDEMOCase1.KTXDDEMO_CWKTDATE.00003: CWKTDATE assertion" name="00006: Check for WA_EMP_HIRE_DD"/>
  </testsuite>
  <testsuite errors="0" failures="2" name="KTXDDEMO_#01.KTXDDEMO_Scenario1.00001: KTXDDEMOCase1.KTXDDEMO_CWKTDATE.00004: CWKTDATE assertion" tests="24">
    <testcase classname="KTXDDEMO_#01.KTXDDEMO_Scenario1.00001: KTXDDEMOCase1.KTXDDEMO_CWKTDATE.00004: CWKTDATE assertion" name="00001: Check for END_OF_MONTH_SW"/>
    <testcase classname="KTXDDEMO_#01.KTXDDEMO_Scenario1.00001: KTXDDEMOCase1.KTXDDEMO_CWKTDATE.00004: CWKTDATE assertion" name="00002: Check for YRS_OF_SERVICE"/>
    <testcase classname="KTXDDEMO_#01.KTXDDEMO_Scenario1.00001: KTXDDEMOCase1.KTXDDEMO_CWKTDATE.00004: CWKTDATE assertion" name="00003: Check for TODAYS_DATE"/>
    <testcase classname="KTXDDEMO_#01.KTXDDEMO_Scenario1.00001: KTXDDEMOCase1.KTXDDEMO_CWKTDATE.00004: CWKTDATE assertion" name="00004: Check for WA_EMP_HIRE_YY"/>
    <testcase classname="KTXDDEMO_#01.KTXDDEMO_Scenario1.00001: KTXDDEMOCase1.KTXDDEMO_CWKTDATE.00004: CWKTDATE assertion" name="00005: Check for WA_EMP_HIRE_MM"/>
    <testcase classname="KTXDDEMO_#01.KTXDDEMO_Scenario1.00001: KTXDDEMOCase1.KTXDDEMO_CWKTDATE.00004: CWKTDATE assertion" name="00006: Check for WA_EMP_HIRE_DD"/>
  </testsuite>
  <testsuite errors="0" failures="2" name="KTXDDEMO_#01.KTXDDEMO_Scenario1.00001: KTXDDEMOCase1.KTXDDEMO_CWKTDATE.00005: CWKTDATE assertion" tests="30">
    <testcase classname="KTXDDEMO_#01.KTXDDEMO_Scenario1.00001: KTXDDEMOCase1.KTXDDEMO_CWKTDATE.00005: CWKTDATE assertion" name="00001: Check for END_OF_MONTH_SW"/>
    <testcase classname="KTXDDEMO_#01.KTXDDEMO_Scenario1.00001: KTXDDEMOCase1.KTXDDEMO_CWKTDATE.00005: CWKTDATE assertion" name="00002: Check for YRS_OF_SERVICE"/>
    <testcase classname="KTXDDEMO_#01.KTXDDEMO_Scenario1.00001: KTXDDEMOCase1.KTXDDEMO_CWKTDATE.00005: CWKTDATE assertion" name="00003: Check for TODAYS_DATE"/>
    <testcase classname="KTXDDEMO_#01.KTXDDEMO_Scenario1.00001: KTXDDEMOCase1.KTXDDEMO_CWKTDATE.00005: CWKTDATE assertion" name="00004: Check for WA_EMP_HIRE_YY"/>
    <testcase classname="KTXDDEMO_#01.KTXDDEMO_Scenario1.00001: KTXDDEMOCase1.KTXDDEMO_CWKTDATE.00005: CWKTDATE assertion" name="00005: Check for WA_EMP_HIRE_MM"/>
    <testcase classname="KTXDDEMO_#01.KTXDDEMO_Scenario1.00001: KTXDDEMOCase1.KTXDDEMO_CWKTDATE.00005: CWKTDATE assertion" name="00006: Check for WA_EMP_HIRE_DD"/>
  </testsuite>
  <testsuite errors="0" failures="2" name="KTXDDEMO_#01.KTXDDEMO_Scenario1.00001: KTXDDEMOCase1.KTXDDEMO_CWKTDATE.00006: CWKTDATE assertion" tests="36">
    <testcase classname="KTXDDEMO_#01.KTXDDEMO_Scenario1.00001: KTXDDEMOCase1.KTXDDEMO_CWKTDATE.00006: CWKTDATE assertion" name="00001: Check for END_OF_MONTH_SW"/>
    <testcase classname="KTXDDEMO_#01.KTXDDEMO_Scenario1.00001: KTXDDEMOCase1.KTXDDEMO_CWKTDATE.00006: CWKTDATE assertion" name="00002: Check for YRS_OF_SERVICE"/>
    <testcase classname="KTXDDEMO_#01.KTXDDEMO_Scenario1.00001: KTXDDEMOCase1.KTXDDEMO_CWKTDATE.00006: CWKTDATE assertion" name="00003: Check for TODAYS_DATE"/>
    <testcase classname="KTXDDEMO_#01.KTXDDEMO_Scenario1.00001: KTXDDEMOCase1.KTXDDEMO_CWKTDATE.00006: CWKTDATE assertion" name="00004: Check for WA_EMP_HIRE_YY"/>
    <testcase classname="KTXDDEMO_#01.KTXDDEMO_Scenario1.00001: KTXDDEMOCase1.KTXDDEMO_CWKTDATE.00006: CWKTDATE assertion" name="00005: Check for WA_EMP_HIRE_MM"/>
    <testcase classname="KTXDDEMO_#01.KTXDDEMO_Scenario1.00001: KTXDDEMOCase1.KTXDDEMO_CWKTDATE.00006: CWKTDATE assertion" name="00006: Check for WA_EMP_HIRE_DD"/>
  </testsuite>
  <testsuite errors="0" failures="2" name="KTXDDEMO_#01.KTXDDEMO_Scenario1.00001: KTXDDEMOCase1.KTXDDEMO_CWKTDATE.00007: CWKTDATE assertion" tests="42">
    <testcase classname="KTXDDEMO_#01.KTXDDEMO_Scenario1.00001: KTXDDEMOCase1.KTXDDEMO_CWKTDATE.00007: CWKTDATE assertion" name="00001: Check for END_OF_MONTH_SW"/>
    <testcase classname="KTXDDEMO_#01.KTXDDEMO_Scenario1.00001: KTXDDEMOCase1.KTXDDEMO_CWKTDATE.00007: CWKTDATE assertion" name="00002: Check for YRS_OF_SERVICE"/>
    <testcase classname="KTXDDEMO_#01.KTXDDEMO_Scenario1.00001: KTXDDEMOCase1.KTXDDEMO_CWKTDATE.00007: CWKTDATE assertion" name="00003: Check for TODAYS_DATE"/>
    <testcase classname="KTXDDEMO_#01.KTXDDEMO_Scenario1.00001: KTXDDEMOCase1.KTXDDEMO_CWKTDATE.00007: CWKTDATE assertion" name="00004: Check for WA_EMP_HIRE_YY"/>
    <testcase classname="KTXDDEMO_#01.KTXDDEMO_Scenario1.00001: KTXDDEMOCase1.KTXDDEMO_CWKTDATE.00007: CWKTDATE assertion" name="00005: Check for WA_EMP_HIRE_MM"/>
    <testcase classname="KTXDDEMO_#01.KTXDDEMO_Scenario1.00001: KTXDDEMOCase1.KTXDDEMO_CWKTDATE.00007: CWKTDATE assertion" name="00006: Check for WA_EMP_HIRE_DD"/>
  </testsuite>
  <testsuite errors="0" failures="2" name="KTXDDEMO_#01.KTXDDEMO_Scenario1.00001: KTXDDEMOCase1.KTXDDEMO_CWKTDATE.00008: CWKTDATE assertion" tests="48">
    <testcase classname="KTXDDEMO_#01.KTXDDEMO_Scenario1.00001: KTXDDEMOCase1.KTXDDEMO_CWKTDATE.00008: CWKTDATE assertion" name="00001: Check for END_OF_MONTH_SW"/>
    <testcase classname="KTXDDEMO_#01.KTXDDEMO_Scenario1.00001: KTXDDEMOCase1.KTXDDEMO_CWKTDATE.00008: CWKTDATE assertion" name="00002: Check for YRS_OF_SERVICE"/>
    <testcase classname="KTXDDEMO_#01.KTXDDEMO_Scenario1.00001: KTXDDEMOCase1.KTXDDEMO_CWKTDATE.00008: CWKTDATE assertion" name="00003: Check for TODAYS_DATE"/>
    <testcase classname="KTXDDEMO_#01.KTXDDEMO_Scenario1.00001: KTXDDEMOCase1.KTXDDEMO_CWKTDATE.00008: CWKTDATE assertion" name="00004: Check for WA_EMP_HIRE_YY"/>
    <testcase classname="KTXDDEMO_#01.KTXDDEMO_Scenario1.00001: KTXDDEMOCase1.KTXDDEMO_CWKTDATE.00008: CWKTDATE assertion" name="00005: Check for WA_EMP_HIRE_MM"/>
    <testcase classname="KTXDDEMO_#01.KTXDDEMO_Scenario1.00001: KTXDDEMOCase1.KTXDDEMO_CWKTDATE.00008: CWKTDATE assertion" name="00006: Check for WA_EMP_HIRE_DD"/>
  </testsuite>
  <testsuite errors="0" failures="2" name="KTXDDEMO_#01.KTXDDEMO_Scenario1.00001: KTXDDEMOCase1.KTXDDEMO_CWKTDATE.00009: CWKTDATE assertion" tests="54">
    <testcase classname="KTXDDEMO_#01.KTXDDEMO_Scenario1.00001: KTXDDEMOCase1.KTXDDEMO_CWKTDATE.00009: CWKTDATE assertion" name="00001: Check for END_OF_MONTH_SW"/>
    <testcase classname="KTXDDEMO_#01.KTXDDEMO_Scenario1.00001: KTXDDEMOCase1.KTXDDEMO_CWKTDATE.00009: CWKTDATE assertion" name="00002: Check for YRS_OF_SERVICE"/>
    <testcase classname="KTXDDEMO_#01.KTXDDEMO_Scenario1.00001: KTXDDEMOCase1.KTXDDEMO_CWKTDATE.00009: CWKTDATE assertion" name="00003: Check for TODAYS_DATE"/>
    <testcase classname="KTXDDEMO_#01.KTXDDEMO_Scenario1.00001: KTXDDEMOCase1.KTXDDEMO_CWKTDATE.00009: CWKTDATE assertion" name="00004: Check for WA_EMP_HIRE_YY"/>
    <testcase classname="KTXDDEMO_#01.KTXDDEMO_Scenario1.00001: KTXDDEMOCase1.KTXDDEMO_CWKTDATE.00009: CWKTDATE assertion" name="00005: Check for WA_EMP_HIRE_MM"/>
    <testcase classname="KTXDDEMO_#01.KTXDDEMO_Scenario1.00001: KTXDDEMOCase1.KTXDDEMO_CWKTDATE.00009: CWKTDATE assertion" name="00006: Check for WA_EMP_HIRE_DD"/>
  </testsuite>
  <testsuite errors="0" failures="2" name="KTXDDEMO_#01.KTXDDEMO_Scenario1.00001: KTXDDEMOCase1.KTXDDEMO_CWKTDATE.00010: CWKTDATE assertion" tests="60">
    <testcase classname="KTXDDEMO_#01.KTXDDEMO_Scenario1.00001: KTXDDEMOCase1.KTXDDEMO_CWKTDATE.00010: CWKTDATE assertion" name="00001: Check for END_OF_MONTH_SW"/>
    <testcase classname="KTXDDEMO_#01.KTXDDEMO_Scenario1.00001: KTXDDEMOCase1.KTXDDEMO_CWKTDATE.00010: CWKTDATE assertion" name="00002: Check for YRS_OF_SERVICE"/>
    <testcase classname="KTXDDEMO_#01.KTXDDEMO_Scenario1.00001: KTXDDEMOCase1.KTXDDEMO_CWKTDATE.00010: CWKTDATE assertion" name="00003: Check for TODAYS_DATE"/>
    <testcase classname="KTXDDEMO_#01.KTXDDEMO_Scenario1.00001: KTXDDEMOCase1.KTXDDEMO_CWKTDATE.00010: CWKTDATE assertion" name="00004: Check for WA_EMP_HIRE_YY"/>
    <testcase classname="KTXDDEMO_#01.KTXDDEMO_Scenario1.00001: KTXDDEMOCase1.KTXDDEMO_CWKTDATE.00010: CWKTDATE assertion" name="00005: Check for WA_EMP_HIRE_MM"/>
    <testcase classname="KTXDDEMO_#01.KTXDDEMO_Scenario1.00001: KTXDDEMOCase1.KTXDDEMO_CWKTDATE.00010: CWKTDATE assertion" name="00006: Check for WA_EMP_HIRE_DD"/>
  </testsuite>
  <testsuite errors="0" failures="2" name="KTXDDEMO_#01.KTXDDEMO_Scenario1.00001: KTXDDEMOCase1.KTXDDEMO_CWKTDATE.00011: CWKTDATE assertion" tests="66">
    <testcase classname="KTXDDEMO_#01.KTXDDEMO_Scenario1.00001: KTXDDEMOCase1.KTXDDEMO_CWKTDATE.00011: CWKTDATE assertion" name="00001: Check for END_OF_MONTH_SW"/>
    <testcase classname="KTXDDEMO_#01.KTXDDEMO_Scenario1.00001: KTXDDEMOCase1.KTXDDEMO_CWKTDATE.00011: CWKTDATE assertion" name="00002: Check for YRS_OF_SERVICE"/>
    <testcase classname="KTXDDEMO_#01.KTXDDEMO_Scenario1.00001: KTXDDEMOCase1.KTXDDEMO_CWKTDATE.00011: CWKTDATE assertion" name="00003: Check for TODAYS_DATE"/>
    <testcase classname="KTXDDEMO_#01.KTXDDEMO_Scenario1.00001: KTXDDEMOCase1.KTXDDEMO_CWKTDATE.00011: CWKTDATE assertion" name="00004: Check for WA_EMP_HIRE_YY"/>
    <testcase classname="KTXDDEMO_#01.KTXDDEMO_Scenario1.00001: KTXDDEMOCase1.KTXDDEMO_CWKTDATE.00011: CWKTDATE assertion" name="00005: Check for WA_EMP_HIRE_MM"/>
    <testcase classname="KTXDDEMO_#01.KTXDDEMO_Scenario1.00001: KTXDDEMOCase1.KTXDDEMO_CWKTDATE.00011: CWKTDATE assertion" name="00006: Check for WA_EMP_HIRE_DD"/>
  </testsuite>
  <testsuite errors="0" failures="2" name="KTXDDEMO_#01.KTXDDEMO_Scenario1.00001: KTXDDEMOCase1.KTXDDEMO_CWKTDATE.00012: CWKTDATE assertion" tests="72">
    <testcase classname="KTXDDEMO_#01.KTXDDEMO_Scenario1.00001: KTXDDEMOCase1.KTXDDEMO_CWKTDATE.00012: CWKTDATE assertion" name="00001: Check for END_OF_MONTH_SW"/>
    <testcase classname="KTXDDEMO_#01.KTXDDEMO_Scenario1.00001: KTXDDEMOCase1.KTXDDEMO_CWKTDATE.00012: CWKTDATE assertion" name="00002: Check for YRS_OF_SERVICE"/>
    <testcase classname="KTXDDEMO_#01.KTXDDEMO_Scenario1.00001: KTXDDEMOCase1.KTXDDEMO_CWKTDATE.00012: CWKTDATE assertion" name="00003: Check for TODAYS_DATE"/>
    <testcase classname="KTXDDEMO_#01.KTXDDEMO_Scenario1.00001: KTXDDEMOCase1.KTXDDEMO_CWKTDATE.00012: CWKTDATE assertion" name="00004: Check for WA_EMP_HIRE_YY"/>
    <testcase classname="KTXDDEMO_#01.KTXDDEMO_Scenario1.00001: KTXDDEMOCase1.KTXDDEMO_CWKTDATE.00012: CWKTDATE assertion" name="00005: Check for WA_EMP_HIRE_MM"/>
    <testcase classname="KTXDDEMO_#01.KTXDDEMO_Scenario1.00001: KTXDDEMOCase1.KTXDDEMO_CWKTDATE.00012: CWKTDATE assertion" name="00006: Check for WA_EMP_HIRE_DD"/>
  </testsuite>
  <testsuite errors="0" failures="2" name="KTXDDEMO_#01.KTXDDEMO_Scenario1.00001: KTXDDEMOCase1.KTXDDEMO_CWKTDATE.00013: CWKTDATE assertion" tests="78">
    <testcase classname="KTXDDEMO_#01.KTXDDEMO_Scenario1.00001: KTXDDEMOCase1.KTXDDEMO_CWKTDATE.00013: CWKTDATE assertion" name="00001: Check for END_OF_MONTH_SW"/>
    <testcase classname="KTXDDEMO_#01.KTXDDEMO_Scenario1.00001: KTXDDEMOCase1.KTXDDEMO_CWKTDATE.00013: CWKTDATE assertion" name="00002: Check for YRS_OF_SERVICE"/>
    <testcase classname="KTXDDEMO_#01.KTXDDEMO_Scenario1.00001: KTXDDEMOCase1.KTXDDEMO_CWKTDATE.00013: CWKTDATE assertion" name="00003: Check for TODAYS_DATE"/>
    <testcase classname="KTXDDEMO_#01.KTXDDEMO_Scenario1.00001: KTXDDEMOCase1.KTXDDEMO_CWKTDATE.00013: CWKTDATE assertion" name="00004: Check for WA_EMP_HIRE_YY"/>
    <testcase classname="KTXDDEMO_#01.KTXDDEMO_Scenario1.00001: KTXDDEMOCase1.KTXDDEMO_CWKTDATE.00013: CWKTDATE assertion" name="00005: Check for WA_EMP_HIRE_MM"/>
    <testcase classname="KTXDDEMO_#01.KTXDDEMO_Scenario1.00001: KTXDDEMOCase1.KTXDDEMO_CWKTDATE.00013: CWKTDATE assertion" name="00006: Check for WA_EMP_HIRE_DD"/>
  </testsuite>
  <testsuite errors="0" failures="2" name="KTXDDEMO_#01.KTXDDEMO_Scenario1.00001: KTXDDEMOCase1.KTXDDEMO_CWKTDATE.00014: CWKTDATE assertion" tests="84">
    <testcase classname="KTXDDEMO_#01.KTXDDEMO_Scenario1.00001: KTXDDEMOCase1.KTXDDEMO_CWKTDATE.00014: CWKTDATE assertion" name="00001: Check for END_OF_MONTH_SW"/>
    <testcase classname="KTXDDEMO_#01.KTXDDEMO_Scenario1.00001: KTXDDEMOCase1.KTXDDEMO_CWKTDATE.00014: CWKTDATE assertion" name="00002: Check for YRS_OF_SERVICE"/>
    <testcase classname="KTXDDEMO_#01.KTXDDEMO_Scenario1.00001: KTXDDEMOCase1.KTXDDEMO_CWKTDATE.00014: CWKTDATE assertion" name="00003: Check for TODAYS_DATE"/>
    <testcase classname="KTXDDEMO_#01.KTXDDEMO_Scenario1.00001: KTXDDEMOCase1.KTXDDEMO_CWKTDATE.00014: CWKTDATE assertion" name="00004: Check for WA_EMP_HIRE_YY"/>
    <testcase classname="KTXDDEMO_#01.KTXDDEMO_Scenario1.00001: KTXDDEMOCase1.KTXDDEMO_CWKTDATE.00014: CWKTDATE assertion" name="00005: Check for WA_EMP_HIRE_MM"/>
    <testcase classname="KTXDDEMO_#01.KTXDDEMO_Scenario1.00001: KTXDDEMOCase1.KTXDDEMO_CWKTDATE.00014: CWKTDATE assertion" name="00006: Check for WA_EMP_HIRE_DD"/>
  </testsuite>
  <testsuite errors="0" failures="2" name="KTXDDEMO_#01.KTXDDEMO_Scenario1.00001: KTXDDEMOCase1.KTXDDEMO_CWKTDATE.00015: CWKTDATE assertion" tests="90">
    <testcase classname="KTXDDEMO_#01.KTXDDEMO_Scenario1.00001: KTXDDEMOCase1.KTXDDEMO_CWKTDATE.00015: CWKTDATE assertion" name="00001: Check for END_OF_MONTH_SW"/>
    <testcase classname="KTXDDEMO_#01.KTXDDEMO_Scenario1.00001: KTXDDEMOCase1.KTXDDEMO_CWKTDATE.00015: CWKTDATE assertion" name="00002: Check for YRS_OF_SERVICE"/>
    <testcase classname="KTXDDEMO_#01.KTXDDEMO_Scenario1.00001: KTXDDEMOCase1.KTXDDEMO_CWKTDATE.00015: CWKTDATE assertion" name="00003: Check for TODAYS_DATE"/>
    <testcase classname="KTXDDEMO_#01.KTXDDEMO_Scenario1.00001: KTXDDEMOCase1.KTXDDEMO_CWKTDATE.00015: CWKTDATE assertion" name="00004: Check for WA_EMP_HIRE_YY"/>
    <testcase classname="KTXDDEMO_#01.KTXDDEMO_Scenario1.00001: KTXDDEMOCase1.KTXDDEMO_CWKTDATE.00015: CWKTDATE assertion" name="00005: Check for WA_EMP_HIRE_MM"/>
    <testcase classname="KTXDDEMO_#01.KTXDDEMO_Scenario1.00001: KTXDDEMOCase1.KTXDDEMO_CWKTDATE.00015: CWKTDATE assertion" name="00006: Check for WA_EMP_HIRE_DD"/>
  </testsuite>
  <testsuite errors="0" failures="0" name="KTXDDEMO_#01.KTXDDEMO_Scenario1.00001: KTXDDEMOCase1.KTXDDEMO_QUEUE_TS_TTT-NORTH.00001: EXEC CICS DELETEQ assertion" tests="0">
    <testcase classname="KTXDDEMO_#01.KTXDDEMO_Scenario1.00001: KTXDDEMOCase1.KTXDDEMO_QUEUE_TS_TTT-NORTH.00001: EXEC CICS DELETEQ assertion" name="EXEC CICS DELETEQ"/>
  </testsuite>
  <testsuite errors="0" failures="0" name="KTXDDEMO_#01.KTXDDEMO_Scenario1.00001: KTXDDEMOCase1.KTXDDEMO_QUEUE_TS_TTT-NORTH.00002: EXEC CICS WRITEQ assertion" tests="20">
    <testcase classname="KTXDDEMO_#01.KTXDDEMO_Scenario1.00001: KTXDDEMOCase1.KTXDDEMO_QUEUE_TS_TTT-NORTH.00002: EXEC CICS WRITEQ assertion" name="00001: Check for WA_EMP_NUM"/>
    <testcase classname="KTXDDEMO_#01.KTXDDEMO_Scenario1.00001: KTXDDEMOCase1.KTXDDEMO_QUEUE_TS_TTT-NORTH.00002: EXEC CICS WRITEQ assertion" name="00002: Check for WA_EMP_TYPE"/>
    <testcase classname="KTXDDEMO_#01.KTXDDEMO_Scenario1.00001: KTXDDEMOCase1.KTXDDEMO_QUEUE_TS_TTT-NORTH.00002: EXEC CICS WRITEQ assertion" name="00003: Check for WA_EMP_REGION"/>
    <testcase classname="KTXDDEMO_#01.KTXDDEMO_Scenario1.00001: KTXDDEMOCase1.KTXDDEMO_QUEUE_TS_TTT-NORTH.00002: EXEC CICS WRITEQ assertion" name="00004: Check for WA_EMP_NAME"/>
    <testcase classname="KTXDDEMO_#01.KTXDDEMO_Scenario1.00001: KTXDDEMOCase1.KTXDDEMO_QUEUE_TS_TTT-NORTH.00002: EXEC CICS WRITEQ assertion" name="00005: Check for WA_EMP_STREET"/>
    <testcase classname="KTXDDEMO_#01.KTXDDEMO_Scenario1.00001: KTXDDEMOCase1.KTXDDEMO_QUEUE_TS_TTT-NORTH.00002: EXEC CICS WRITEQ assertion" name="00006: Check for WA_EMP_CITY"/>
    <testcase classname="KTXDDEMO_#01.KTXDDEMO_Scenario1.00001: KTXDDEMOCase1.KTXDDEMO_QUEUE_TS_TTT-NORTH.00002: EXEC CICS WRITEQ assertion" name="00007: Check for WA_EMP_STATE"/>
    <testcase classname="KTXDDEMO_#01.KTXDDEMO_Scenario1.00001: KTXDDEMOCase1.KTXDDEMO_QUEUE_TS_TTT-NORTH.00002: EXEC CICS WRITEQ assertion" name="00008: Check for WA_EMP_ZIP"/>
    <testcase classname="KTXDDEMO_#01.KTXDDEMO_Scenario1.00001: KTXDDEMOCase1.KTXDDEMO_QUEUE_TS_TTT-NORTH.00002: EXEC CICS WRITEQ assertion" name="00009: Check for WA_EMP_HOURS"/>
    <testcase classname="KTXDDEMO_#01.KTXDDEMO_Scenario1.00001: KTXDDEMOCase1.KTXDDEMO_QUEUE_TS_TTT-NORTH.00002: EXEC CICS WRITEQ assertion" name="00010: Check for WA_EMP_RATE"/>
    <testcase classname="KTXDDEMO_#01.KTXDDEMO_Scenario1.00001: KTXDDEMOCase1.KTXDDEMO_QUEUE_TS_TTT-NORTH.00002: EXEC CICS WRITEQ assertion" name="00011: Check for FILLER0"/>
    <testcase classname="KTXDDEMO_#01.KTXDDEMO_Scenario1.00001: KTXDDEMOCase1.KTXDDEMO_QUEUE_TS_TTT-NORTH.00002: EXEC CICS WRITEQ assertion" name="00012: Check for WA_SALES_SALARY"/>
    <testcase classname="KTXDDEMO_#01.KTXDDEMO_Scenario1.00001: KTXDDEMOCase1.KTXDDEMO_QUEUE_TS_TTT-NORTH.00002: EXEC CICS WRITEQ assertion" name="00013: Check for WA_SALES_AMOUNT"/>
    <testcase classname="KTXDDEMO_#01.KTXDDEMO_Scenario1.00001: KTXDDEMOCase1.KTXDDEMO_QUEUE_TS_TTT-NORTH.00002: EXEC CICS WRITEQ assertion" name="00014: Check for FILLER1"/>
    <testcase classname="KTXDDEMO_#01.KTXDDEMO_Scenario1.00001: KTXDDEMOCase1.KTXDDEMO_QUEUE_TS_TTT-NORTH.00002: EXEC CICS WRITEQ assertion" name="00015: Check for WA_MGMT_SALARY"/>
    <testcase classname="KTXDDEMO_#01.KTXDDEMO_Scenario1.00001: KTXDDEMOCase1.KTXDDEMO_QUEUE_TS_TTT-NORTH.00002: EXEC CICS WRITEQ assertion" name="00016: Check for FILLER2"/>
    <testcase classname="KTXDDEMO_#01.KTXDDEMO_Scenario1.00001: KTXDDEMOCase1.KTXDDEMO_QUEUE_TS_TTT-NORTH.00002: EXEC CICS WRITEQ assertion" name="00017: Check for WA_EMP_HIRE_YY"/>
    <testcase classname="KTXDDEMO_#01.KTXDDEMO_Scenario1.00001: KTXDDEMOCase1.KTXDDEMO_QUEUE_TS_TTT-NORTH.00002: EXEC CICS WRITEQ assertion" name="00018: Check for WA_EMP_HIRE_MM"/>
    <testcase classname="KTXDDEMO_#01.KTXDDEMO_Scenario1.00001: KTXDDEMOCase1.KTXDDEMO_QUEUE_TS_TTT-NORTH.00002: EXEC CICS WRITEQ assertion" name="00019: Check for WA_EMP_HIRE_DD"/>
    <testcase classname="KTXDDEMO_#01.KTXDDEMO_Scenario1.00001: KTXDDEMOCase1.KTXDDEMO_QUEUE_TS_TTT-NORTH.00002: EXEC CICS WRITEQ assertion" name="00020: Check for FILLER3"/>
  </testsuite>
  <testsuite errors="0" failures="0" name="KTXDDEMO_#01.KTXDDEMO_Scenario1.00001: KTXDDEMOCase1.KTXDDEMO_QUEUE_TS_TTT-NORTH.00003: EXEC CICS WRITEQ assertion" tests="40">
    <testcase classname="KTXDDEMO_#01.KTXDDEMO_Scenario1.00001: KTXDDEMOCase1.KTXDDEMO_QUEUE_TS_TTT-NORTH.00003: EXEC CICS WRITEQ assertion" name="00001: Check for WA_EMP_NUM"/>
    <testcase classname="KTXDDEMO_#01.KTXDDEMO_Scenario1.00001: KTXDDEMOCase1.KTXDDEMO_QUEUE_TS_TTT-NORTH.00003: EXEC CICS WRITEQ assertion" name="00002: Check for WA_EMP_TYPE"/>
    <testcase classname="KTXDDEMO_#01.KTXDDEMO_Scenario1.00001: KTXDDEMOCase1.KTXDDEMO_QUEUE_TS_TTT-NORTH.00003: EXEC CICS WRITEQ assertion" name="00003: Check for WA_EMP_REGION"/>
    <testcase classname="KTXDDEMO_#01.KTXDDEMO_Scenario1.00001: KTXDDEMOCase1.KTXDDEMO_QUEUE_TS_TTT-NORTH.00003: EXEC CICS WRITEQ assertion" name="00004: Check for WA_EMP_NAME"/>
    <testcase classname="KTXDDEMO_#01.KTXDDEMO_Scenario1.00001: KTXDDEMOCase1.KTXDDEMO_QUEUE_TS_TTT-NORTH.00003: EXEC CICS WRITEQ assertion" name="00005: Check for WA_EMP_STREET"/>
    <testcase classname="KTXDDEMO_#01.KTXDDEMO_Scenario1.00001: KTXDDEMOCase1.KTXDDEMO_QUEUE_TS_TTT-NORTH.00003: EXEC CICS WRITEQ assertion" name="00006: Check for WA_EMP_CITY"/>
    <testcase classname="KTXDDEMO_#01.KTXDDEMO_Scenario1.00001: KTXDDEMOCase1.KTXDDEMO_QUEUE_TS_TTT-NORTH.00003: EXEC CICS WRITEQ assertion" name="00007: Check for WA_EMP_STATE"/>
    <testcase classname="KTXDDEMO_#01.KTXDDEMO_Scenario1.00001: KTXDDEMOCase1.KTXDDEMO_QUEUE_TS_TTT-NORTH.00003: EXEC CICS WRITEQ assertion" name="00008: Check for WA_EMP_ZIP"/>
    <testcase classname="KTXDDEMO_#01.KTXDDEMO_Scenario1.00001: KTXDDEMOCase1.KTXDDEMO_QUEUE_TS_TTT-NORTH.00003: EXEC CICS WRITEQ assertion" name="00009: Check for WA_EMP_HOURS"/>
    <testcase classname="KTXDDEMO_#01.KTXDDEMO_Scenario1.00001: KTXDDEMOCase1.KTXDDEMO_QUEUE_TS_TTT-NORTH.00003: EXEC CICS WRITEQ assertion" name="00010: Check for WA_EMP_RATE"/>
    <testcase classname="KTXDDEMO_#01.KTXDDEMO_Scenario1.00001: KTXDDEMOCase1.KTXDDEMO_QUEUE_TS_TTT-NORTH.00003: EXEC CICS WRITEQ assertion" name="00011: Check for FILLER0"/>
    <testcase classname="KTXDDEMO_#01.KTXDDEMO_Scenario1.00001: KTXDDEMOCase1.KTXDDEMO_QUEUE_TS_TTT-NORTH.00003: EXEC CICS WRITEQ assertion" name="00012: Check for WA_SALES_SALARY"/>
    <testcase classname="KTXDDEMO_#01.KTXDDEMO_Scenario1.00001: KTXDDEMOCase1.KTXDDEMO_QUEUE_TS_TTT-NORTH.00003: EXEC CICS WRITEQ assertion" name="00013: Check for WA_SALES_AMOUNT"/>
    <testcase classname="KTXDDEMO_#01.KTXDDEMO_Scenario1.00001: KTXDDEMOCase1.KTXDDEMO_QUEUE_TS_TTT-NORTH.00003: EXEC CICS WRITEQ assertion" name="00014: Check for FILLER1"/>
    <testcase classname="KTXDDEMO_#01.KTXDDEMO_Scenario1.00001: KTXDDEMOCase1.KTXDDEMO_QUEUE_TS_TTT-NORTH.00003: EXEC CICS WRITEQ assertion" name="00015: Check for WA_MGMT_SALARY"/>
    <testcase classname="KTXDDEMO_#01.KTXDDEMO_Scenario1.00001: KTXDDEMOCase1.KTXDDEMO_QUEUE_TS_TTT-NORTH.00003: EXEC CICS WRITEQ assertion" name="00016: Check for FILLER2"/>
    <testcase classname="KTXDDEMO_#01.KTXDDEMO_Scenario1.00001: KTXDDEMOCase1.KTXDDEMO_QUEUE_TS_TTT-NORTH.00003: EXEC CICS WRITEQ assertion" name="00017: Check for WA_EMP_HIRE_YY"/>
    <testcase classname="KTXDDEMO_#01.KTXDDEMO_Scenario1.00001: KTXDDEMOCase1.KTXDDEMO_QUEUE_TS_TTT-NORTH.00003: EXEC CICS WRITEQ assertion" name="00018: Check for WA_EMP_HIRE_MM"/>
    <testcase classname="KTXDDEMO_#01.KTXDDEMO_Scenario1.00001: KTXDDEMOCase1.KTXDDEMO_QUEUE_TS_TTT-NORTH.00003: EXEC CICS WRITEQ assertion" name="00019: Check for WA_EMP_HIRE_DD"/>
    <testcase classname="KTXDDEMO_#01.KTXDDEMO_Scenario1.00001: KTXDDEMOCase1.KTXDDEMO_QUEUE_TS_TTT-NORTH.00003: EXEC CICS WRITEQ assertion" name="00020: Check for FILLER3"/>
  </testsuite>
  <testsuite errors="0" failures="0" name="KTXDDEMO_#01.KTXDDEMO_Scenario1.00001: KTXDDEMOCase1.KTXDDEMO_QUEUE_TS_TTT-NORTH.00004: EXEC CICS DELETEQ assertion" tests="40">
    <testcase classname="KTXDDEMO_#01.KTXDDEMO_Scenario1.00001: KTXDDEMOCase1.KTXDDEMO_QUEUE_TS_TTT-NORTH.00004: EXEC CICS DELETEQ assertion" name="EXEC CICS DELETEQ"/>
  </testsuite>
  <testsuite errors="0" failures="0" name="KTXDDEMO_#01.KTXDDEMO_Scenario1.00001: KTXDDEMOCase1.KTXDDEMO_QUEUE_TS_TTT-EAST.00001: EXEC CICS DELETEQ assertion" tests="0">
    <testcase classname="KTXDDEMO_#01.KTXDDEMO_Scenario1.00001: KTXDDEMOCase1.KTXDDEMO_QUEUE_TS_TTT-EAST.00001: EXEC CICS DELETEQ assertion" name="EXEC CICS DELETEQ"/>
  </testsuite>
  <testsuite errors="0" failures="0" name="KTXDDEMO_#01.KTXDDEMO_Scenario1.00001: KTXDDEMOCase1.KTXDDEMO_QUEUE_TS_TTT-EAST.00002: EXEC CICS WRITEQ assertion" tests="20">
    <testcase classname="KTXDDEMO_#01.KTXDDEMO_Scenario1.00001: KTXDDEMOCase1.KTXDDEMO_QUEUE_TS_TTT-EAST.00002: EXEC CICS WRITEQ assertion" name="00001: Check for WA_EMP_NUM"/>
    <testcase classname="KTXDDEMO_#01.KTXDDEMO_Scenario1.00001: KTXDDEMOCase1.KTXDDEMO_QUEUE_TS_TTT-EAST.00002: EXEC CICS WRITEQ assertion" name="00002: Check for WA_EMP_TYPE"/>
    <testcase classname="KTXDDEMO_#01.KTXDDEMO_Scenario1.00001: KTXDDEMOCase1.KTXDDEMO_QUEUE_TS_TTT-EAST.00002: EXEC CICS WRITEQ assertion" name="00003: Check for WA_EMP_REGION"/>
    <testcase classname="KTXDDEMO_#01.KTXDDEMO_Scenario1.00001: KTXDDEMOCase1.KTXDDEMO_QUEUE_TS_TTT-EAST.00002: EXEC CICS WRITEQ assertion" name="00004: Check for WA_EMP_NAME"/>
    <testcase classname="KTXDDEMO_#01.KTXDDEMO_Scenario1.00001: KTXDDEMOCase1.KTXDDEMO_QUEUE_TS_TTT-EAST.00002: EXEC CICS WRITEQ assertion" name="00005: Check for WA_EMP_STREET"/>
    <testcase classname="KTXDDEMO_#01.KTXDDEMO_Scenario1.00001: KTXDDEMOCase1.KTXDDEMO_QUEUE_TS_TTT-EAST.00002: EXEC CICS WRITEQ assertion" name="00006: Check for WA_EMP_CITY"/>
    <testcase classname="KTXDDEMO_#01.KTXDDEMO_Scenario1.00001: KTXDDEMOCase1.KTXDDEMO_QUEUE_TS_TTT-EAST.00002: EXEC CICS WRITEQ assertion" name="00007: Check for WA_EMP_STATE"/>
    <testcase classname="KTXDDEMO_#01.KTXDDEMO_Scenario1.00001: KTXDDEMOCase1.KTXDDEMO_QUEUE_TS_TTT-EAST.00002: EXEC CICS WRITEQ assertion" name="00008: Check for WA_EMP_ZIP"/>
    <testcase classname="KTXDDEMO_#01.KTXDDEMO_Scenario1.00001: KTXDDEMOCase1.KTXDDEMO_QUEUE_TS_TTT-EAST.00002: EXEC CICS WRITEQ assertion" name="00009: Check for WA_EMP_HOURS"/>
    <testcase classname="KTXDDEMO_#01.KTXDDEMO_Scenario1.00001: KTXDDEMOCase1.KTXDDEMO_QUEUE_TS_TTT-EAST.00002: EXEC CICS WRITEQ assertion" name="00010: Check for WA_EMP_RATE"/>
    <testcase classname="KTXDDEMO_#01.KTXDDEMO_Scenario1.00001: KTXDDEMOCase1.KTXDDEMO_QUEUE_TS_TTT-EAST.00002: EXEC CICS WRITEQ assertion" name="00011: Check for FILLER0"/>
    <testcase classname="KTXDDEMO_#01.KTXDDEMO_Scenario1.00001: KTXDDEMOCase1.KTXDDEMO_QUEUE_TS_TTT-EAST.00002: EXEC CICS WRITEQ assertion" name="00012: Check for WA_SALES_SALARY"/>
    <testcase classname="KTXDDEMO_#01.KTXDDEMO_Scenario1.00001: KTXDDEMOCase1.KTXDDEMO_QUEUE_TS_TTT-EAST.00002: EXEC CICS WRITEQ assertion" name="00013: Check for WA_SALES_AMOUNT"/>
    <testcase classname="KTXDDEMO_#01.KTXDDEMO_Scenario1.00001: KTXDDEMOCase1.KTXDDEMO_QUEUE_TS_TTT-EAST.00002: EXEC CICS WRITEQ assertion" name="00014: Check for FILLER1"/>
    <testcase classname="KTXDDEMO_#01.KTXDDEMO_Scenario1.00001: KTXDDEMOCase1.KTXDDEMO_QUEUE_TS_TTT-EAST.00002: EXEC CICS WRITEQ assertion" name="00015: Check for WA_MGMT_SALARY"/>
    <testcase classname="KTXDDEMO_#01.KTXDDEMO_Scenario1.00001: KTXDDEMOCase1.KTXDDEMO_QUEUE_TS_TTT-EAST.00002: EXEC CICS WRITEQ assertion" name="00016: Check for FILLER2"/>
    <testcase classname="KTXDDEMO_#01.KTXDDEMO_Scenario1.00001: KTXDDEMOCase1.KTXDDEMO_QUEUE_TS_TTT-EAST.00002: EXEC CICS WRITEQ assertion" name="00017: Check for WA_EMP_HIRE_YY"/>
    <testcase classname="KTXDDEMO_#01.KTXDDEMO_Scenario1.00001: KTXDDEMOCase1.KTXDDEMO_QUEUE_TS_TTT-EAST.00002: EXEC CICS WRITEQ assertion" name="00018: Check for WA_EMP_HIRE_MM"/>
    <testcase classname="KTXDDEMO_#01.KTXDDEMO_Scenario1.00001: KTXDDEMOCase1.KTXDDEMO_QUEUE_TS_TTT-EAST.00002: EXEC CICS WRITEQ assertion" name="00019: Check for WA_EMP_HIRE_DD"/>
    <testcase classname="KTXDDEMO_#01.KTXDDEMO_Scenario1.00001: KTXDDEMOCase1.KTXDDEMO_QUEUE_TS_TTT-EAST.00002: EXEC CICS WRITEQ assertion" name="00020: Check for FILLER3"/>
  </testsuite>
  <testsuite errors="0" failures="0" name="KTXDDEMO_#01.KTXDDEMO_Scenario1.00001: KTXDDEMOCase1.KTXDDEMO_QUEUE_TS_TTT-EAST.00003: EXEC CICS WRITEQ assertion" tests="40">
    <testcase classname="KTXDDEMO_#01.KTXDDEMO_Scenario1.00001: KTXDDEMOCase1.KTXDDEMO_QUEUE_TS_TTT-EAST.00003: EXEC CICS WRITEQ assertion" name="00001: Check for WA_EMP_NUM"/>
    <testcase classname="KTXDDEMO_#01.KTXDDEMO_Scenario1.00001: KTXDDEMOCase1.KTXDDEMO_QUEUE_TS_TTT-EAST.00003: EXEC CICS WRITEQ assertion" name="00002: Check for WA_EMP_TYPE"/>
    <testcase classname="KTXDDEMO_#01.KTXDDEMO_Scenario1.00001: KTXDDEMOCase1.KTXDDEMO_QUEUE_TS_TTT-EAST.00003: EXEC CICS WRITEQ assertion" name="00003: Check for WA_EMP_REGION"/>
    <testcase classname="KTXDDEMO_#01.KTXDDEMO_Scenario1.00001: KTXDDEMOCase1.KTXDDEMO_QUEUE_TS_TTT-EAST.00003: EXEC CICS WRITEQ assertion" name="00004: Check for WA_EMP_NAME"/>
    <testcase classname="KTXDDEMO_#01.KTXDDEMO_Scenario1.00001: KTXDDEMOCase1.KTXDDEMO_QUEUE_TS_TTT-EAST.00003: EXEC CICS WRITEQ assertion" name="00005: Check for WA_EMP_STREET"/>
    <testcase classname="KTXDDEMO_#01.KTXDDEMO_Scenario1.00001: KTXDDEMOCase1.KTXDDEMO_QUEUE_TS_TTT-EAST.00003: EXEC CICS WRITEQ assertion" name="00006: Check for WA_EMP_CITY"/>
    <testcase classname="KTXDDEMO_#01.KTXDDEMO_Scenario1.00001: KTXDDEMOCase1.KTXDDEMO_QUEUE_TS_TTT-EAST.00003: EXEC CICS WRITEQ assertion" name="00007: Check for WA_EMP_STATE"/>
    <testcase classname="KTXDDEMO_#01.KTXDDEMO_Scenario1.00001: KTXDDEMOCase1.KTXDDEMO_QUEUE_TS_TTT-EAST.00003: EXEC CICS WRITEQ assertion" name="00008: Check for WA_EMP_ZIP"/>
    <testcase classname="KTXDDEMO_#01.KTXDDEMO_Scenario1.00001: KTXDDEMOCase1.KTXDDEMO_QUEUE_TS_TTT-EAST.00003: EXEC CICS WRITEQ assertion" name="00009: Check for WA_EMP_HOURS"/>
    <testcase classname="KTXDDEMO_#01.KTXDDEMO_Scenario1.00001: KTXDDEMOCase1.KTXDDEMO_QUEUE_TS_TTT-EAST.00003: EXEC CICS WRITEQ assertion" name="00010: Check for WA_EMP_RATE"/>
    <testcase classname="KTXDDEMO_#01.KTXDDEMO_Scenario1.00001: KTXDDEMOCase1.KTXDDEMO_QUEUE_TS_TTT-EAST.00003: EXEC CICS WRITEQ assertion" name="00011: Check for FILLER0"/>
    <testcase classname="KTXDDEMO_#01.KTXDDEMO_Scenario1.00001: KTXDDEMOCase1.KTXDDEMO_QUEUE_TS_TTT-EAST.00003: EXEC CICS WRITEQ assertion" name="00012: Check for WA_SALES_SALARY"/>
    <testcase classname="KTXDDEMO_#01.KTXDDEMO_Scenario1.00001: KTXDDEMOCase1.KTXDDEMO_QUEUE_TS_TTT-EAST.00003: EXEC CICS WRITEQ assertion" name="00013: Check for WA_SALES_AMOUNT"/>
    <testcase classname="KTXDDEMO_#01.KTXDDEMO_Scenario1.00001: KTXDDEMOCase1.KTXDDEMO_QUEUE_TS_TTT-EAST.00003: EXEC CICS WRITEQ assertion" name="00014: Check for FILLER1"/>
    <testcase classname="KTXDDEMO_#01.KTXDDEMO_Scenario1.00001: KTXDDEMOCase1.KTXDDEMO_QUEUE_TS_TTT-EAST.00003: EXEC CICS WRITEQ assertion" name="00015: Check for WA_MGMT_SALARY"/>
    <testcase classname="KTXDDEMO_#01.KTXDDEMO_Scenario1.00001: KTXDDEMOCase1.KTXDDEMO_QUEUE_TS_TTT-EAST.00003: EXEC CICS WRITEQ assertion" name="00016: Check for FILLER2"/>
    <testcase classname="KTXDDEMO_#01.KTXDDEMO_Scenario1.00001: KTXDDEMOCase1.KTXDDEMO_QUEUE_TS_TTT-EAST.00003: EXEC CICS WRITEQ assertion" name="00017: Check for WA_EMP_HIRE_YY"/>
    <testcase classname="KTXDDEMO_#01.KTXDDEMO_Scenario1.00001: KTXDDEMOCase1.KTXDDEMO_QUEUE_TS_TTT-EAST.00003: EXEC CICS WRITEQ assertion" name="00018: Check for WA_EMP_HIRE_MM"/>
    <testcase classname="KTXDDEMO_#01.KTXDDEMO_Scenario1.00001: KTXDDEMOCase1.KTXDDEMO_QUEUE_TS_TTT-EAST.00003: EXEC CICS WRITEQ assertion" name="00019: Check for WA_EMP_HIRE_DD"/>
    <testcase classname="KTXDDEMO_#01.KTXDDEMO_Scenario1.00001: KTXDDEMOCase1.KTXDDEMO_QUEUE_TS_TTT-EAST.00003: EXEC CICS WRITEQ assertion" name="00020: Check for FILLER3"/>
  </testsuite>
  <testsuite errors="0" failures="0" name="KTXDDEMO_#01.KTXDDEMO_Scenario1.00001: KTXDDEMOCase1.KTXDDEMO_QUEUE_TS_TTT-EAST.00004: EXEC CICS WRITEQ assertion" tests="60">
    <testcase classname="KTXDDEMO_#01.KTXDDEMO_Scenario1.00001: KTXDDEMOCase1.KTXDDEMO_QUEUE_TS_TTT-EAST.00004: EXEC CICS WRITEQ assertion" name="00001: Check for WA_EMP_NUM"/>
    <testcase classname="KTXDDEMO_#01.KTXDDEMO_Scenario1.00001: KTXDDEMOCase1.KTXDDEMO_QUEUE_TS_TTT-EAST.00004: EXEC CICS WRITEQ assertion" name="00002: Check for WA_EMP_TYPE"/>
    <testcase classname="KTXDDEMO_#01.KTXDDEMO_Scenario1.00001: KTXDDEMOCase1.KTXDDEMO_QUEUE_TS_TTT-EAST.00004: EXEC CICS WRITEQ assertion" name="00003: Check for WA_EMP_REGION"/>
    <testcase classname="KTXDDEMO_#01.KTXDDEMO_Scenario1.00001: KTXDDEMOCase1.KTXDDEMO_QUEUE_TS_TTT-EAST.00004: EXEC CICS WRITEQ assertion" name="00004: Check for WA_EMP_NAME"/>
    <testcase classname="KTXDDEMO_#01.KTXDDEMO_Scenario1.00001: KTXDDEMOCase1.KTXDDEMO_QUEUE_TS_TTT-EAST.00004: EXEC CICS WRITEQ assertion" name="00005: Check for WA_EMP_STREET"/>
    <testcase classname="KTXDDEMO_#01.KTXDDEMO_Scenario1.00001: KTXDDEMOCase1.KTXDDEMO_QUEUE_TS_TTT-EAST.00004: EXEC CICS WRITEQ assertion" name="00006: Check for WA_EMP_CITY"/>
    <testcase classname="KTXDDEMO_#01.KTXDDEMO_Scenario1.00001: KTXDDEMOCase1.KTXDDEMO_QUEUE_TS_TTT-EAST.00004: EXEC CICS WRITEQ assertion" name="00007: Check for WA_EMP_STATE"/>
    <testcase classname="KTXDDEMO_#01.KTXDDEMO_Scenario1.00001: KTXDDEMOCase1.KTXDDEMO_QUEUE_TS_TTT-EAST.00004: EXEC CICS WRITEQ assertion" name="00008: Check for WA_EMP_ZIP"/>
    <testcase classname="KTXDDEMO_#01.KTXDDEMO_Scenario1.00001: KTXDDEMOCase1.KTXDDEMO_QUEUE_TS_TTT-EAST.00004: EXEC CICS WRITEQ assertion" name="00009: Check for WA_EMP_HOURS"/>
    <testcase classname="KTXDDEMO_#01.KTXDDEMO_Scenario1.00001: KTXDDEMOCase1.KTXDDEMO_QUEUE_TS_TTT-EAST.00004: EXEC CICS WRITEQ assertion" name="00010: Check for WA_EMP_RATE"/>
    <testcase classname="KTXDDEMO_#01.KTXDDEMO_Scenario1.00001: KTXDDEMOCase1.KTXDDEMO_QUEUE_TS_TTT-EAST.00004: EXEC CICS WRITEQ assertion" name="00011: Check for FILLER0"/>
    <testcase classname="KTXDDEMO_#01.KTXDDEMO_Scenario1.00001: KTXDDEMOCase1.KTXDDEMO_QUEUE_TS_TTT-EAST.00004: EXEC CICS WRITEQ assertion" name="00012: Check for WA_SALES_SALARY"/>
    <testcase classname="KTXDDEMO_#01.KTXDDEMO_Scenario1.00001: KTXDDEMOCase1.KTXDDEMO_QUEUE_TS_TTT-EAST.00004: EXEC CICS WRITEQ assertion" name="00013: Check for WA_SALES_AMOUNT"/>
    <testcase classname="KTXDDEMO_#01.KTXDDEMO_Scenario1.00001: KTXDDEMOCase1.KTXDDEMO_QUEUE_TS_TTT-EAST.00004: EXEC CICS WRITEQ assertion" name="00014: Check for FILLER1"/>
    <testcase classname="KTXDDEMO_#01.KTXDDEMO_Scenario1.00001: KTXDDEMOCase1.KTXDDEMO_QUEUE_TS_TTT-EAST.00004: EXEC CICS WRITEQ assertion" name="00015: Check for WA_MGMT_SALARY"/>
    <testcase classname="KTXDDEMO_#01.KTXDDEMO_Scenario1.00001: KTXDDEMOCase1.KTXDDEMO_QUEUE_TS_TTT-EAST.00004: EXEC CICS WRITEQ assertion" name="00016: Check for FILLER2"/>
    <testcase classname="KTXDDEMO_#01.KTXDDEMO_Scenario1.00001: KTXDDEMOCase1.KTXDDEMO_QUEUE_TS_TTT-EAST.00004: EXEC CICS WRITEQ assertion" name="00017: Check for WA_EMP_HIRE_YY"/>
    <testcase classname="KTXDDEMO_#01.KTXDDEMO_Scenario1.00001: KTXDDEMOCase1.KTXDDEMO_QUEUE_TS_TTT-EAST.00004: EXEC CICS WRITEQ assertion" name="00018: Check for WA_EMP_HIRE_MM"/>
    <testcase classname="KTXDDEMO_#01.KTXDDEMO_Scenario1.00001: KTXDDEMOCase1.KTXDDEMO_QUEUE_TS_TTT-EAST.00004: EXEC CICS WRITEQ assertion" name="00019: Check for WA_EMP_HIRE_DD"/>
    <testcase classname="KTXDDEMO_#01.KTXDDEMO_Scenario1.00001: KTXDDEMOCase1.KTXDDEMO_QUEUE_TS_TTT-EAST.00004: EXEC CICS WRITEQ assertion" name="00020: Check for FILLER3"/>
  </testsuite>
  <testsuite errors="0" failures="0" name="KTXDDEMO_#01.KTXDDEMO_Scenario1.00001: KTXDDEMOCase1.KTXDDEMO_QUEUE_TS_TTT-EAST.00005: EXEC CICS WRITEQ assertion" tests="80">
    <testcase classname="KTXDDEMO_#01.KTXDDEMO_Scenario1.00001: KTXDDEMOCase1.KTXDDEMO_QUEUE_TS_TTT-EAST.00005: EXEC CICS WRITEQ assertion" name="00001: Check for WA_EMP_NUM"/>
    <testcase classname="KTXDDEMO_#01.KTXDDEMO_Scenario1.00001: KTXDDEMOCase1.KTXDDEMO_QUEUE_TS_TTT-EAST.00005: EXEC CICS WRITEQ assertion" name="00002: Check for WA_EMP_TYPE"/>
    <testcase classname="KTXDDEMO_#01.KTXDDEMO_Scenario1.00001: KTXDDEMOCase1.KTXDDEMO_QUEUE_TS_TTT-EAST.00005: EXEC CICS WRITEQ assertion" name="00003: Check for WA_EMP_REGION"/>
    <testcase classname="KTXDDEMO_#01.KTXDDEMO_Scenario1.00001: KTXDDEMOCase1.KTXDDEMO_QUEUE_TS_TTT-EAST.00005: EXEC CICS WRITEQ assertion" name="00004: Check for WA_EMP_NAME"/>
    <testcase classname="KTXDDEMO_#01.KTXDDEMO_Scenario1.00001: KTXDDEMOCase1.KTXDDEMO_QUEUE_TS_TTT-EAST.00005: EXEC CICS WRITEQ assertion" name="00005: Check for WA_EMP_STREET"/>
    <testcase classname="KTXDDEMO_#01.KTXDDEMO_Scenario1.00001: KTXDDEMOCase1.KTXDDEMO_QUEUE_TS_TTT-EAST.00005: EXEC CICS WRITEQ assertion" name="00006: Check for WA_EMP_CITY"/>
    <testcase classname="KTXDDEMO_#01.KTXDDEMO_Scenario1.00001: KTXDDEMOCase1.KTXDDEMO_QUEUE_TS_TTT-EAST.00005: EXEC CICS WRITEQ assertion" name="00007: Check for WA_EMP_STATE"/>
    <testcase classname="KTXDDEMO_#01.KTXDDEMO_Scenario1.00001: KTXDDEMOCase1.KTXDDEMO_QUEUE_TS_TTT-EAST.00005: EXEC CICS WRITEQ assertion" name="00008: Check for WA_EMP_ZIP"/>
    <testcase classname="KTXDDEMO_#01.KTXDDEMO_Scenario1.00001: KTXDDEMOCase1.KTXDDEMO_QUEUE_TS_TTT-EAST.00005: EXEC CICS WRITEQ assertion" name="00009: Check for WA_EMP_HOURS"/>
    <testcase classname="KTXDDEMO_#01.KTXDDEMO_Scenario1.00001: KTXDDEMOCase1.KTXDDEMO_QUEUE_TS_TTT-EAST.00005: EXEC CICS WRITEQ assertion" name="00010: Check for WA_EMP_RATE"/>
    <testcase classname="KTXDDEMO_#01.KTXDDEMO_Scenario1.00001: KTXDDEMOCase1.KTXDDEMO_QUEUE_TS_TTT-EAST.00005: EXEC CICS WRITEQ assertion" name="00011: Check for FILLER0"/>
    <testcase classname="KTXDDEMO_#01.KTXDDEMO_Scenario1.00001: KTXDDEMOCase1.KTXDDEMO_QUEUE_TS_TTT-EAST.00005: EXEC CICS WRITEQ assertion" name="00012: Check for WA_SALES_SALARY"/>
    <testcase classname="KTXDDEMO_#01.KTXDDEMO_Scenario1.00001: KTXDDEMOCase1.KTXDDEMO_QUEUE_TS_TTT-EAST.00005: EXEC CICS WRITEQ assertion" name="00013: Check for WA_SALES_AMOUNT"/>
    <testcase classname="KTXDDEMO_#01.KTXDDEMO_Scenario1.00001: KTXDDEMOCase1.KTXDDEMO_QUEUE_TS_TTT-EAST.00005: EXEC CICS WRITEQ assertion" name="00014: Check for FILLER1"/>
    <testcase classname="KTXDDEMO_#01.KTXDDEMO_Scenario1.00001: KTXDDEMOCase1.KTXDDEMO_QUEUE_TS_TTT-EAST.00005: EXEC CICS WRITEQ assertion" name="00015: Check for WA_MGMT_SALARY"/>
    <testcase classname="KTXDDEMO_#01.KTXDDEMO_Scenario1.00001: KTXDDEMOCase1.KTXDDEMO_QUEUE_TS_TTT-EAST.00005: EXEC CICS WRITEQ assertion" name="00016: Check for FILLER2"/>
    <testcase classname="KTXDDEMO_#01.KTXDDEMO_Scenario1.00001: KTXDDEMOCase1.KTXDDEMO_QUEUE_TS_TTT-EAST.00005: EXEC CICS WRITEQ assertion" name="00017: Check for WA_EMP_HIRE_YY"/>
    <testcase classname="KTXDDEMO_#01.KTXDDEMO_Scenario1.00001: KTXDDEMOCase1.KTXDDEMO_QUEUE_TS_TTT-EAST.00005: EXEC CICS WRITEQ assertion" name="00018: Check for WA_EMP_HIRE_MM"/>
    <testcase classname="KTXDDEMO_#01.KTXDDEMO_Scenario1.00001: KTXDDEMOCase1.KTXDDEMO_QUEUE_TS_TTT-EAST.00005: EXEC CICS WRITEQ assertion" name="00019: Check for WA_EMP_HIRE_DD"/>
    <testcase classname="KTXDDEMO_#01.KTXDDEMO_Scenario1.00001: KTXDDEMOCase1.KTXDDEMO_QUEUE_TS_TTT-EAST.00005: EXEC CICS WRITEQ assertion" name="00020: Check for FILLER3"/>
  </testsuite>
  <testsuite errors="0" failures="0" name="KTXDDEMO_#01.KTXDDEMO_Scenario1.00001: KTXDDEMOCase1.KTXDDEMO_QUEUE_TS_TTT-EAST.00006: EXEC CICS WRITEQ assertion" tests="100">
    <testcase classname="KTXDDEMO_#01.KTXDDEMO_Scenario1.00001: KTXDDEMOCase1.KTXDDEMO_QUEUE_TS_TTT-EAST.00006: EXEC CICS WRITEQ assertion" name="00001: Check for WA_EMP_NUM"/>
    <testcase classname="KTXDDEMO_#01.KTXDDEMO_Scenario1.00001: KTXDDEMOCase1.KTXDDEMO_QUEUE_TS_TTT-EAST.00006: EXEC CICS WRITEQ assertion" name="00002: Check for WA_EMP_TYPE"/>
    <testcase classname="KTXDDEMO_#01.KTXDDEMO_Scenario1.00001: KTXDDEMOCase1.KTXDDEMO_QUEUE_TS_TTT-EAST.00006: EXEC CICS WRITEQ assertion" name="00003: Check for WA_EMP_REGION"/>
    <testcase classname="KTXDDEMO_#01.KTXDDEMO_Scenario1.00001: KTXDDEMOCase1.KTXDDEMO_QUEUE_TS_TTT-EAST.00006: EXEC CICS WRITEQ assertion" name="00004: Check for WA_EMP_NAME"/>
    <testcase classname="KTXDDEMO_#01.KTXDDEMO_Scenario1.00001: KTXDDEMOCase1.KTXDDEMO_QUEUE_TS_TTT-EAST.00006: EXEC CICS WRITEQ assertion" name="00005: Check for WA_EMP_STREET"/>
    <testcase classname="KTXDDEMO_#01.KTXDDEMO_Scenario1.00001: KTXDDEMOCase1.KTXDDEMO_QUEUE_TS_TTT-EAST.00006: EXEC CICS WRITEQ assertion" name="00006: Check for WA_EMP_CITY"/>
    <testcase classname="KTXDDEMO_#01.KTXDDEMO_Scenario1.00001: KTXDDEMOCase1.KTXDDEMO_QUEUE_TS_TTT-EAST.00006: EXEC CICS WRITEQ assertion" name="00007: Check for WA_EMP_STATE"/>
    <testcase classname="KTXDDEMO_#01.KTXDDEMO_Scenario1.00001: KTXDDEMOCase1.KTXDDEMO_QUEUE_TS_TTT-EAST.00006: EXEC CICS WRITEQ assertion" name="00008: Check for WA_EMP_ZIP"/>
    <testcase classname="KTXDDEMO_#01.KTXDDEMO_Scenario1.00001: KTXDDEMOCase1.KTXDDEMO_QUEUE_TS_TTT-EAST.00006: EXEC CICS WRITEQ assertion" name="00009: Check for WA_EMP_HOURS"/>
    <testcase classname="KTXDDEMO_#01.KTXDDEMO_Scenario1.00001: KTXDDEMOCase1.KTXDDEMO_QUEUE_TS_TTT-EAST.00006: EXEC CICS WRITEQ assertion" name="00010: Check for WA_EMP_RATE"/>
    <testcase classname="KTXDDEMO_#01.KTXDDEMO_Scenario1.00001: KTXDDEMOCase1.KTXDDEMO_QUEUE_TS_TTT-EAST.00006: EXEC CICS WRITEQ assertion" name="00011: Check for FILLER0"/>
    <testcase classname="KTXDDEMO_#01.KTXDDEMO_Scenario1.00001: KTXDDEMOCase1.KTXDDEMO_QUEUE_TS_TTT-EAST.00006: EXEC CICS WRITEQ assertion" name="00012: Check for WA_SALES_SALARY"/>
    <testcase classname="KTXDDEMO_#01.KTXDDEMO_Scenario1.00001: KTXDDEMOCase1.KTXDDEMO_QUEUE_TS_TTT-EAST.00006: EXEC CICS WRITEQ assertion" name="00013: Check for WA_SALES_AMOUNT"/>
    <testcase classname="KTXDDEMO_#01.KTXDDEMO_Scenario1.00001: KTXDDEMOCase1.KTXDDEMO_QUEUE_TS_TTT-EAST.00006: EXEC CICS WRITEQ assertion" name="00014: Check for FILLER1"/>
    <testcase classname="KTXDDEMO_#01.KTXDDEMO_Scenario1.00001: KTXDDEMOCase1.KTXDDEMO_QUEUE_TS_TTT-EAST.00006: EXEC CICS WRITEQ assertion" name="00015: Check for WA_MGMT_SALARY"/>
    <testcase classname="KTXDDEMO_#01.KTXDDEMO_Scenario1.00001: KTXDDEMOCase1.KTXDDEMO_QUEUE_TS_TTT-EAST.00006: EXEC CICS WRITEQ assertion" name="00016: Check for FILLER2"/>
    <testcase classname="KTXDDEMO_#01.KTXDDEMO_Scenario1.00001: KTXDDEMOCase1.KTXDDEMO_QUEUE_TS_TTT-EAST.00006: EXEC CICS WRITEQ assertion" name="00017: Check for WA_EMP_HIRE_YY"/>
    <testcase classname="KTXDDEMO_#01.KTXDDEMO_Scenario1.00001: KTXDDEMOCase1.KTXDDEMO_QUEUE_TS_TTT-EAST.00006: EXEC CICS WRITEQ assertion" name="00018: Check for WA_EMP_HIRE_MM"/>
    <testcase classname="KTXDDEMO_#01.KTXDDEMO_Scenario1.00001: KTXDDEMOCase1.KTXDDEMO_QUEUE_TS_TTT-EAST.00006: EXEC CICS WRITEQ assertion" name="00019: Check for WA_EMP_HIRE_DD"/>
    <testcase classname="KTXDDEMO_#01.KTXDDEMO_Scenario1.00001: KTXDDEMOCase1.KTXDDEMO_QUEUE_TS_TTT-EAST.00006: EXEC CICS WRITEQ assertion" name="00020: Check for FILLER3"/>
  </testsuite>
  <testsuite errors="0" failures="0" name="KTXDDEMO_#01.KTXDDEMO_Scenario1.00001: KTXDDEMOCase1.KTXDDEMO_QUEUE_TS_TTT-EAST.00007: EXEC CICS WRITEQ assertion" tests="120">
    <testcase classname="KTXDDEMO_#01.KTXDDEMO_Scenario1.00001: KTXDDEMOCase1.KTXDDEMO_QUEUE_TS_TTT-EAST.00007: EXEC CICS WRITEQ assertion" name="00001: Check for WA_EMP_NUM"/>
    <testcase classname="KTXDDEMO_#01.KTXDDEMO_Scenario1.00001: KTXDDEMOCase1.KTXDDEMO_QUEUE_TS_TTT-EAST.00007: EXEC CICS WRITEQ assertion" name="00002: Check for WA_EMP_TYPE"/>
    <testcase classname="KTXDDEMO_#01.KTXDDEMO_Scenario1.00001: KTXDDEMOCase1.KTXDDEMO_QUEUE_TS_TTT-EAST.00007: EXEC CICS WRITEQ assertion" name="00003: Check for WA_EMP_REGION"/>
    <testcase classname="KTXDDEMO_#01.KTXDDEMO_Scenario1.00001: KTXDDEMOCase1.KTXDDEMO_QUEUE_TS_TTT-EAST.00007: EXEC CICS WRITEQ assertion" name="00004: Check for WA_EMP_NAME"/>
    <testcase classname="KTXDDEMO_#01.KTXDDEMO_Scenario1.00001: KTXDDEMOCase1.KTXDDEMO_QUEUE_TS_TTT-EAST.00007: EXEC CICS WRITEQ assertion" name="00005: Check for WA_EMP_STREET"/>
    <testcase classname="KTXDDEMO_#01.KTXDDEMO_Scenario1.00001: KTXDDEMOCase1.KTXDDEMO_QUEUE_TS_TTT-EAST.00007: EXEC CICS WRITEQ assertion" name="00006: Check for WA_EMP_CITY"/>
    <testcase classname="KTXDDEMO_#01.KTXDDEMO_Scenario1.00001: KTXDDEMOCase1.KTXDDEMO_QUEUE_TS_TTT-EAST.00007: EXEC CICS WRITEQ assertion" name="00007: Check for WA_EMP_STATE"/>
    <testcase classname="KTXDDEMO_#01.KTXDDEMO_Scenario1.00001: KTXDDEMOCase1.KTXDDEMO_QUEUE_TS_TTT-EAST.00007: EXEC CICS WRITEQ assertion" name="00008: Check for WA_EMP_ZIP"/>
    <testcase classname="KTXDDEMO_#01.KTXDDEMO_Scenario1.00001: KTXDDEMOCase1.KTXDDEMO_QUEUE_TS_TTT-EAST.00007: EXEC CICS WRITEQ assertion" name="00009: Check for WA_EMP_HOURS"/>
    <testcase classname="KTXDDEMO_#01.KTXDDEMO_Scenario1.00001: KTXDDEMOCase1.KTXDDEMO_QUEUE_TS_TTT-EAST.00007: EXEC CICS WRITEQ assertion" name="00010: Check for WA_EMP_RATE"/>
    <testcase classname="KTXDDEMO_#01.KTXDDEMO_Scenario1.00001: KTXDDEMOCase1.KTXDDEMO_QUEUE_TS_TTT-EAST.00007: EXEC CICS WRITEQ assertion" name="00011: Check for FILLER0"/>
    <testcase classname="KTXDDEMO_#01.KTXDDEMO_Scenario1.00001: KTXDDEMOCase1.KTXDDEMO_QUEUE_TS_TTT-EAST.00007: EXEC CICS WRITEQ assertion" name="00012: Check for WA_SALES_SALARY"/>
    <testcase classname="KTXDDEMO_#01.KTXDDEMO_Scenario1.00001: KTXDDEMOCase1.KTXDDEMO_QUEUE_TS_TTT-EAST.00007: EXEC CICS WRITEQ assertion" name="00013: Check for WA_SALES_AMOUNT"/>
    <testcase classname="KTXDDEMO_#01.KTXDDEMO_Scenario1.00001: KTXDDEMOCase1.KTXDDEMO_QUEUE_TS_TTT-EAST.00007: EXEC CICS WRITEQ assertion" name="00014: Check for FILLER1"/>
    <testcase classname="KTXDDEMO_#01.KTXDDEMO_Scenario1.00001: KTXDDEMOCase1.KTXDDEMO_QUEUE_TS_TTT-EAST.00007: EXEC CICS WRITEQ assertion" name="00015: Check for WA_MGMT_SALARY"/>
    <testcase classname="KTXDDEMO_#01.KTXDDEMO_Scenario1.00001: KTXDDEMOCase1.KTXDDEMO_QUEUE_TS_TTT-EAST.00007: EXEC CICS WRITEQ assertion" name="00016: Check for FILLER2"/>
    <testcase classname="KTXDDEMO_#01.KTXDDEMO_Scenario1.00001: KTXDDEMOCase1.KTXDDEMO_QUEUE_TS_TTT-EAST.00007: EXEC CICS WRITEQ assertion" name="00017: Check for WA_EMP_HIRE_YY"/>
    <testcase classname="KTXDDEMO_#01.KTXDDEMO_Scenario1.00001: KTXDDEMOCase1.KTXDDEMO_QUEUE_TS_TTT-EAST.00007: EXEC CICS WRITEQ assertion" name="00018: Check for WA_EMP_HIRE_MM"/>
    <testcase classname="KTXDDEMO_#01.KTXDDEMO_Scenario1.00001: KTXDDEMOCase1.KTXDDEMO_QUEUE_TS_TTT-EAST.00007: EXEC CICS WRITEQ assertion" name="00019: Check for WA_EMP_HIRE_DD"/>
    <testcase classname="KTXDDEMO_#01.KTXDDEMO_Scenario1.00001: KTXDDEMOCase1.KTXDDEMO_QUEUE_TS_TTT-EAST.00007: EXEC CICS WRITEQ assertion" name="00020: Check for FILLER3"/>
  </testsuite>
  <testsuite errors="0" failures="0" name="KTXDDEMO_#01.KTXDDEMO_Scenario1.00001: KTXDDEMOCase1.KTXDDEMO_QUEUE_TS_TTT-EAST.00008: EXEC CICS DELETEQ assertion" tests="120">
    <testcase classname="KTXDDEMO_#01.KTXDDEMO_Scenario1.00001: KTXDDEMOCase1.KTXDDEMO_QUEUE_TS_TTT-EAST.00008: EXEC CICS DELETEQ assertion" name="EXEC CICS DELETEQ"/>
  </testsuite>
  <testsuite errors="0" failures="0" name="KTXDDEMO_#01.KTXDDEMO_Scenario1.00001: KTXDDEMOCase1.KTXDDEMO_EXEC_CICS_RETURN1.00001: EXEC CICS RETURN assertion" tests="0">
    <testcase classname="KTXDDEMO_#01.KTXDDEMO_Scenario1.00001: KTXDDEMOCase1.KTXDDEMO_EXEC_CICS_RETURN1.00001: EXEC CICS RETURN assertion" name="EXEC CICS RETURN"/>
  </testsuite>
  <testsuite errors="0" failures="0" name="KTXDDEMO_#01.KTXDDEMO_Scenario1.00001: KTXDDEMOCase1.KTXDDEMO_EXEC_CICS_ASKTIME1.00001: EXEC CICS ASKTIME assertion" tests="0">
    <testcase classname="KTXDDEMO_#01.KTXDDEMO_Scenario1.00001: KTXDDEMOCase1.KTXDDEMO_EXEC_CICS_ASKTIME1.00001: EXEC CICS ASKTIME assertion" name="EXEC CICS ASKTIME"/>
  </testsuite>
  <testsuite errors="0" failures="0" name="KTXDDEMO_#01.KTXDDEMO_Scenario1.00001: KTXDDEMOCase1.KTXDDEMO_EXEC_CICS_FORMATTIME1.00001: EXEC CICS FORMATTIME assertion" tests="0">
    <testcase classname="KTXDDEMO_#01.KTXDDEMO_Scenario1.00001: KTXDDEMOCase1.KTXDDEMO_EXEC_CICS_FORMATTIME1.00001: EXEC CICS FORMATTIME assertion" name="EXEC CICS FORMATTIME"/>
  </testsuite>
  <testsuite errors="0" failures="0" name="KTXDDEMO_#01.KTXDDEMO_Scenario1.00001: KTXDDEMOCase1.KTXDDEMO_EXEC_CICS_ASSIGN1.00001: EXEC CICS ASSIGN assertion" tests="0">
    <testcase classname="KTXDDEMO_#01.KTXDDEMO_Scenario1.00001: KTXDDEMOCase1.KTXDDEMO_EXEC_CICS_ASSIGN1.00001: EXEC CICS ASSIGN assertion" name="EXEC CICS ASSIGN"/>
  </testsuite>
  <testsuite errors="0" failures="0" name="KTXDDEMO_#01.KTXDDEMO_Scenario1.00001: KTXDDEMOCase1.KTXDDEMO_QUEUE_TS_TTT-TEMP.00001: EXEC CICS DELETEQ assertion" tests="0">
    <testcase classname="KTXDDEMO_#01.KTXDDEMO_Scenario1.00001: KTXDDEMOCase1.KTXDDEMO_QUEUE_TS_TTT-TEMP.00001: EXEC CICS DELETEQ assertion" name="EXEC CICS DELETEQ"/>
  </testsuite>
  <testsuite errors="0" failures="0" name="KTXDDEMO_#01.KTXDDEMO_Scenario1.00001: KTXDDEMOCase1.KTXDDEMO_QUEUE_TS_TTT-TEMP.00002: EXEC CICS WRITEQ assertion" tests="20">
    <testcase classname="KTXDDEMO_#01.KTXDDEMO_Scenario1.00001: KTXDDEMOCase1.KTXDDEMO_QUEUE_TS_TTT-TEMP.00002: EXEC CICS WRITEQ assertion" name="00001: Check for WA_EMP_NUM"/>
    <testcase classname="KTXDDEMO_#01.KTXDDEMO_Scenario1.00001: KTXDDEMOCase1.KTXDDEMO_QUEUE_TS_TTT-TEMP.00002: EXEC CICS WRITEQ assertion" name="00002: Check for WA_EMP_TYPE"/>
    <testcase classname="KTXDDEMO_#01.KTXDDEMO_Scenario1.00001: KTXDDEMOCase1.KTXDDEMO_QUEUE_TS_TTT-TEMP.00002: EXEC CICS WRITEQ assertion" name="00003: Check for WA_EMP_REGION"/>
    <testcase classname="KTXDDEMO_#01.KTXDDEMO_Scenario1.00001: KTXDDEMOCase1.KTXDDEMO_QUEUE_TS_TTT-TEMP.00002: EXEC CICS WRITEQ assertion" name="00004: Check for WA_EMP_NAME"/>
    <testcase classname="KTXDDEMO_#01.KTXDDEMO_Scenario1.00001: KTXDDEMOCase1.KTXDDEMO_QUEUE_TS_TTT-TEMP.00002: EXEC CICS WRITEQ assertion" name="00005: Check for WA_EMP_STREET"/>
    <testcase classname="KTXDDEMO_#01.KTXDDEMO_Scenario1.00001: KTXDDEMOCase1.KTXDDEMO_QUEUE_TS_TTT-TEMP.00002: EXEC CICS WRITEQ assertion" name="00006: Check for WA_EMP_CITY"/>
    <testcase classname="KTXDDEMO_#01.KTXDDEMO_Scenario1.00001: KTXDDEMOCase1.KTXDDEMO_QUEUE_TS_TTT-TEMP.00002: EXEC CICS WRITEQ assertion" name="00007: Check for WA_EMP_STATE"/>
    <testcase classname="KTXDDEMO_#01.KTXDDEMO_Scenario1.00001: KTXDDEMOCase1.KTXDDEMO_QUEUE_TS_TTT-TEMP.00002: EXEC CICS WRITEQ assertion" name="00008: Check for WA_EMP_ZIP"/>
    <testcase classname="KTXDDEMO_#01.KTXDDEMO_Scenario1.00001: KTXDDEMOCase1.KTXDDEMO_QUEUE_TS_TTT-TEMP.00002: EXEC CICS WRITEQ assertion" name="00009: Check for WA_EMP_HOURS"/>
    <testcase classname="KTXDDEMO_#01.KTXDDEMO_Scenario1.00001: KTXDDEMOCase1.KTXDDEMO_QUEUE_TS_TTT-TEMP.00002: EXEC CICS WRITEQ assertion" name="00010: Check for WA_EMP_RATE"/>
    <testcase classname="KTXDDEMO_#01.KTXDDEMO_Scenario1.00001: KTXDDEMOCase1.KTXDDEMO_QUEUE_TS_TTT-TEMP.00002: EXEC CICS WRITEQ assertion" name="00011: Check for FILLER0"/>
    <testcase classname="KTXDDEMO_#01.KTXDDEMO_Scenario1.00001: KTXDDEMOCase1.KTXDDEMO_QUEUE_TS_TTT-TEMP.00002: EXEC CICS WRITEQ assertion" name="00012: Check for WA_SALES_SALARY"/>
    <testcase classname="KTXDDEMO_#01.KTXDDEMO_Scenario1.00001: KTXDDEMOCase1.KTXDDEMO_QUEUE_TS_TTT-TEMP.00002: EXEC CICS WRITEQ assertion" name="00013: Check for WA_SALES_AMOUNT"/>
    <testcase classname="KTXDDEMO_#01.KTXDDEMO_Scenario1.00001: KTXDDEMOCase1.KTXDDEMO_QUEUE_TS_TTT-TEMP.00002: EXEC CICS WRITEQ assertion" name="00014: Check for FILLER1"/>
    <testcase classname="KTXDDEMO_#01.KTXDDEMO_Scenario1.00001: KTXDDEMOCase1.KTXDDEMO_QUEUE_TS_TTT-TEMP.00002: EXEC CICS WRITEQ assertion" name="00015: Check for WA_MGMT_SALARY"/>
    <testcase classname="KTXDDEMO_#01.KTXDDEMO_Scenario1.00001: KTXDDEMOCase1.KTXDDEMO_QUEUE_TS_TTT-TEMP.00002: EXEC CICS WRITEQ assertion" name="00016: Check for FILLER2"/>
    <testcase classname="KTXDDEMO_#01.KTXDDEMO_Scenario1.00001: KTXDDEMOCase1.KTXDDEMO_QUEUE_TS_TTT-TEMP.00002: EXEC CICS WRITEQ assertion" name="00017: Check for WA_EMP_HIRE_YY"/>
    <testcase classname="KTXDDEMO_#01.KTXDDEMO_Scenario1.00001: KTXDDEMOCase1.KTXDDEMO_QUEUE_TS_TTT-TEMP.00002: EXEC CICS WRITEQ assertion" name="00018: Check for WA_EMP_HIRE_MM"/>
    <testcase classname="KTXDDEMO_#01.KTXDDEMO_Scenario1.00001: KTXDDEMOCase1.KTXDDEMO_QUEUE_TS_TTT-TEMP.00002: EXEC CICS WRITEQ assertion" name="00019: Check for WA_EMP_HIRE_DD"/>
    <testcase classname="KTXDDEMO_#01.KTXDDEMO_Scenario1.00001: KTXDDEMOCase1.KTXDDEMO_QUEUE_TS_TTT-TEMP.00002: EXEC CICS WRITEQ assertion" name="00020: Check for FILLER3"/>
  </testsuite>
  <testsuite errors="0" failures="0" name="KTXDDEMO_#01.KTXDDEMO_Scenario1.00001: KTXDDEMOCase1.KTXDDEMO_QUEUE_TS_TTT-TEMP.00003: EXEC CICS WRITEQ assertion" tests="40">
    <testcase classname="KTXDDEMO_#01.KTXDDEMO_Scenario1.00001: KTXDDEMOCase1.KTXDDEMO_QUEUE_TS_TTT-TEMP.00003: EXEC CICS WRITEQ assertion" name="00001: Check for WA_EMP_NUM"/>
    <testcase classname="KTXDDEMO_#01.KTXDDEMO_Scenario1.00001: KTXDDEMOCase1.KTXDDEMO_QUEUE_TS_TTT-TEMP.00003: EXEC CICS WRITEQ assertion" name="00002: Check for WA_EMP_TYPE"/>
    <testcase classname="KTXDDEMO_#01.KTXDDEMO_Scenario1.00001: KTXDDEMOCase1.KTXDDEMO_QUEUE_TS_TTT-TEMP.00003: EXEC CICS WRITEQ assertion" name="00003: Check for WA_EMP_REGION"/>
    <testcase classname="KTXDDEMO_#01.KTXDDEMO_Scenario1.00001: KTXDDEMOCase1.KTXDDEMO_QUEUE_TS_TTT-TEMP.00003: EXEC CICS WRITEQ assertion" name="00004: Check for WA_EMP_NAME"/>
    <testcase classname="KTXDDEMO_#01.KTXDDEMO_Scenario1.00001: KTXDDEMOCase1.KTXDDEMO_QUEUE_TS_TTT-TEMP.00003: EXEC CICS WRITEQ assertion" name="00005: Check for WA_EMP_STREET"/>
    <testcase classname="KTXDDEMO_#01.KTXDDEMO_Scenario1.00001: KTXDDEMOCase1.KTXDDEMO_QUEUE_TS_TTT-TEMP.00003: EXEC CICS WRITEQ assertion" name="00006: Check for WA_EMP_CITY"/>
    <testcase classname="KTXDDEMO_#01.KTXDDEMO_Scenario1.00001: KTXDDEMOCase1.KTXDDEMO_QUEUE_TS_TTT-TEMP.00003: EXEC CICS WRITEQ assertion" name="00007: Check for WA_EMP_STATE"/>
    <testcase classname="KTXDDEMO_#01.KTXDDEMO_Scenario1.00001: KTXDDEMOCase1.KTXDDEMO_QUEUE_TS_TTT-TEMP.00003: EXEC CICS WRITEQ assertion" name="00008: Check for WA_EMP_ZIP"/>
    <testcase classname="KTXDDEMO_#01.KTXDDEMO_Scenario1.00001: KTXDDEMOCase1.KTXDDEMO_QUEUE_TS_TTT-TEMP.00003: EXEC CICS WRITEQ assertion" name="00009: Check for WA_EMP_HOURS"/>
    <testcase classname="KTXDDEMO_#01.KTXDDEMO_Scenario1.00001: KTXDDEMOCase1.KTXDDEMO_QUEUE_TS_TTT-TEMP.00003: EXEC CICS WRITEQ assertion" name="00010: Check for WA_EMP_RATE"/>
    <testcase classname="KTXDDEMO_#01.KTXDDEMO_Scenario1.00001: KTXDDEMOCase1.KTXDDEMO_QUEUE_TS_TTT-TEMP.00003: EXEC CICS WRITEQ assertion" name="00011: Check for FILLER0"/>
    <testcase classname="KTXDDEMO_#01.KTXDDEMO_Scenario1.00001: KTXDDEMOCase1.KTXDDEMO_QUEUE_TS_TTT-TEMP.00003: EXEC CICS WRITEQ assertion" name="00012: Check for WA_SALES_SALARY"/>
    <testcase classname="KTXDDEMO_#01.KTXDDEMO_Scenario1.00001: KTXDDEMOCase1.KTXDDEMO_QUEUE_TS_TTT-TEMP.00003: EXEC CICS WRITEQ assertion" name="00013: Check for WA_SALES_AMOUNT"/>
    <testcase classname="KTXDDEMO_#01.KTXDDEMO_Scenario1.00001: KTXDDEMOCase1.KTXDDEMO_QUEUE_TS_TTT-TEMP.00003: EXEC CICS WRITEQ assertion" name="00014: Check for FILLER1"/>
    <testcase classname="KTXDDEMO_#01.KTXDDEMO_Scenario1.00001: KTXDDEMOCase1.KTXDDEMO_QUEUE_TS_TTT-TEMP.00003: EXEC CICS WRITEQ assertion" name="00015: Check for WA_MGMT_SALARY"/>
    <testcase classname="KTXDDEMO_#01.KTXDDEMO_Scenario1.00001: KTXDDEMOCase1.KTXDDEMO_QUEUE_TS_TTT-TEMP.00003: EXEC CICS WRITEQ assertion" name="00016: Check for FILLER2"/>
    <testcase classname="KTXDDEMO_#01.KTXDDEMO_Scenario1.00001: KTXDDEMOCase1.KTXDDEMO_QUEUE_TS_TTT-TEMP.00003: EXEC CICS WRITEQ assertion" name="00017: Check for WA_EMP_HIRE_YY"/>
    <testcase classname="KTXDDEMO_#01.KTXDDEMO_Scenario1.00001: KTXDDEMOCase1.KTXDDEMO_QUEUE_TS_TTT-TEMP.00003: EXEC CICS WRITEQ assertion" name="00018: Check for WA_EMP_HIRE_MM"/>
    <testcase classname="KTXDDEMO_#01.KTXDDEMO_Scenario1.00001: KTXDDEMOCase1.KTXDDEMO_QUEUE_TS_TTT-TEMP.00003: EXEC CICS WRITEQ assertion" name="00019: Check for WA_EMP_HIRE_DD"/>
    <testcase classname="KTXDDEMO_#01.KTXDDEMO_Scenario1.00001: KTXDDEMOCase1.KTXDDEMO_QUEUE_TS_TTT-TEMP.00003: EXEC CICS WRITEQ assertion" name="00020: Check for FILLER3"/>
  </testsuite>
  <testsuite errors="0" failures="0" name="KTXDDEMO_#01.KTXDDEMO_Scenario1.00001: KTXDDEMOCase1.KTXDDEMO_QUEUE_TS_TTT-TEMP.00004: EXEC CICS WRITEQ assertion" tests="60">
    <testcase classname="KTXDDEMO_#01.KTXDDEMO_Scenario1.00001: KTXDDEMOCase1.KTXDDEMO_QUEUE_TS_TTT-TEMP.00004: EXEC CICS WRITEQ assertion" name="00001: Check for WA_EMP_NUM"/>
    <testcase classname="KTXDDEMO_#01.KTXDDEMO_Scenario1.00001: KTXDDEMOCase1.KTXDDEMO_QUEUE_TS_TTT-TEMP.00004: EXEC CICS WRITEQ assertion" name="00002: Check for WA_EMP_TYPE"/>
    <testcase classname="KTXDDEMO_#01.KTXDDEMO_Scenario1.00001: KTXDDEMOCase1.KTXDDEMO_QUEUE_TS_TTT-TEMP.00004: EXEC CICS WRITEQ assertion" name="00003: Check for WA_EMP_REGION"/>
    <testcase classname="KTXDDEMO_#01.KTXDDEMO_Scenario1.00001: KTXDDEMOCase1.KTXDDEMO_QUEUE_TS_TTT-TEMP.00004: EXEC CICS WRITEQ assertion" name="00004: Check for WA_EMP_NAME"/>
    <testcase classname="KTXDDEMO_#01.KTXDDEMO_Scenario1.00001: KTXDDEMOCase1.KTXDDEMO_QUEUE_TS_TTT-TEMP.00004: EXEC CICS WRITEQ assertion" name="00005: Check for WA_EMP_STREET"/>
    <testcase classname="KTXDDEMO_#01.KTXDDEMO_Scenario1.00001: KTXDDEMOCase1.KTXDDEMO_QUEUE_TS_TTT-TEMP.00004: EXEC CICS WRITEQ assertion" name="00006: Check for WA_EMP_CITY"/>
    <testcase classname="KTXDDEMO_#01.KTXDDEMO_Scenario1.00001: KTXDDEMOCase1.KTXDDEMO_QUEUE_TS_TTT-TEMP.00004: EXEC CICS WRITEQ assertion" name="00007: Check for WA_EMP_STATE"/>
    <testcase classname="KTXDDEMO_#01.KTXDDEMO_Scenario1.00001: KTXDDEMOCase1.KTXDDEMO_QUEUE_TS_TTT-TEMP.00004: EXEC CICS WRITEQ assertion" name="00008: Check for WA_EMP_ZIP"/>
    <testcase classname="KTXDDEMO_#01.KTXDDEMO_Scenario1.00001: KTXDDEMOCase1.KTXDDEMO_QUEUE_TS_TTT-TEMP.00004: EXEC CICS WRITEQ assertion" name="00009: Check for WA_EMP_HOURS"/>
    <testcase classname="KTXDDEMO_#01.KTXDDEMO_Scenario1.00001: KTXDDEMOCase1.KTXDDEMO_QUEUE_TS_TTT-TEMP.00004: EXEC CICS WRITEQ assertion" name="00010: Check for WA_EMP_RATE"/>
    <testcase classname="KTXDDEMO_#01.KTXDDEMO_Scenario1.00001: KTXDDEMOCase1.KTXDDEMO_QUEUE_TS_TTT-TEMP.00004: EXEC CICS WRITEQ assertion" name="00011: Check for FILLER0"/>
    <testcase classname="KTXDDEMO_#01.KTXDDEMO_Scenario1.00001: KTXDDEMOCase1.KTXDDEMO_QUEUE_TS_TTT-TEMP.00004: EXEC CICS WRITEQ assertion" name="00012: Check for WA_SALES_SALARY"/>
    <testcase classname="KTXDDEMO_#01.KTXDDEMO_Scenario1.00001: KTXDDEMOCase1.KTXDDEMO_QUEUE_TS_TTT-TEMP.00004: EXEC CICS WRITEQ assertion" name="00013: Check for WA_SALES_AMOUNT"/>
    <testcase classname="KTXDDEMO_#01.KTXDDEMO_Scenario1.00001: KTXDDEMOCase1.KTXDDEMO_QUEUE_TS_TTT-TEMP.00004: EXEC CICS WRITEQ assertion" name="00014: Check for FILLER1"/>
    <testcase classname="KTXDDEMO_#01.KTXDDEMO_Scenario1.00001: KTXDDEMOCase1.KTXDDEMO_QUEUE_TS_TTT-TEMP.00004: EXEC CICS WRITEQ assertion" name="00015: Check for WA_MGMT_SALARY"/>
    <testcase classname="KTXDDEMO_#01.KTXDDEMO_Scenario1.00001: KTXDDEMOCase1.KTXDDEMO_QUEUE_TS_TTT-TEMP.00004: EXEC CICS WRITEQ assertion" name="00016: Check for FILLER2"/>
    <testcase classname="KTXDDEMO_#01.KTXDDEMO_Scenario1.00001: KTXDDEMOCase1.KTXDDEMO_QUEUE_TS_TTT-TEMP.00004: EXEC CICS WRITEQ assertion" name="00017: Check for WA_EMP_HIRE_YY"/>
    <testcase classname="KTXDDEMO_#01.KTXDDEMO_Scenario1.00001: KTXDDEMOCase1.KTXDDEMO_QUEUE_TS_TTT-TEMP.00004: EXEC CICS WRITEQ assertion" name="00018: Check for WA_EMP_HIRE_MM"/>
    <testcase classname="KTXDDEMO_#01.KTXDDEMO_Scenario1.00001: KTXDDEMOCase1.KTXDDEMO_QUEUE_TS_TTT-TEMP.00004: EXEC CICS WRITEQ assertion" name="00019: Check for WA_EMP_HIRE_DD"/>
    <testcase classname="KTXDDEMO_#01.KTXDDEMO_Scenario1.00001: KTXDDEMOCase1.KTXDDEMO_QUEUE_TS_TTT-TEMP.00004: EXEC CICS WRITEQ assertion" name="00020: Check for FILLER3"/>
  </testsuite>
  <testsuite errors="0" failures="0" name="KTXDDEMO_#01.KTXDDEMO_Scenario1.00001: KTXDDEMOCase1.KTXDDEMO_QUEUE_TS_TTT-TEMP.00005: EXEC CICS WRITEQ assertion" tests="80">
    <testcase classname="KTXDDEMO_#01.KTXDDEMO_Scenario1.00001: KTXDDEMOCase1.KTXDDEMO_QUEUE_TS_TTT-TEMP.00005: EXEC CICS WRITEQ assertion" name="00001: Check for WA_EMP_NUM"/>
    <testcase classname="KTXDDEMO_#01.KTXDDEMO_Scenario1.00001: KTXDDEMOCase1.KTXDDEMO_QUEUE_TS_TTT-TEMP.00005: EXEC CICS WRITEQ assertion" name="00002: Check for WA_EMP_TYPE"/>
    <testcase classname="KTXDDEMO_#01.KTXDDEMO_Scenario1.00001: KTXDDEMOCase1.KTXDDEMO_QUEUE_TS_TTT-TEMP.00005: EXEC CICS WRITEQ assertion" name="00003: Check for WA_EMP_REGION"/>
    <testcase classname="KTXDDEMO_#01.KTXDDEMO_Scenario1.00001: KTXDDEMOCase1.KTXDDEMO_QUEUE_TS_TTT-TEMP.00005: EXEC CICS WRITEQ assertion" name="00004: Check for WA_EMP_NAME"/>
    <testcase classname="KTXDDEMO_#01.KTXDDEMO_Scenario1.00001: KTXDDEMOCase1.KTXDDEMO_QUEUE_TS_TTT-TEMP.00005: EXEC CICS WRITEQ assertion" name="00005: Check for WA_EMP_STREET"/>
    <testcase classname="KTXDDEMO_#01.KTXDDEMO_Scenario1.00001: KTXDDEMOCase1.KTXDDEMO_QUEUE_TS_TTT-TEMP.00005: EXEC CICS WRITEQ assertion" name="00006: Check for WA_EMP_CITY"/>
    <testcase classname="KTXDDEMO_#01.KTXDDEMO_Scenario1.00001: KTXDDEMOCase1.KTXDDEMO_QUEUE_TS_TTT-TEMP.00005: EXEC CICS WRITEQ assertion" name="00007: Check for WA_EMP_STATE"/>
    <testcase classname="KTXDDEMO_#01.KTXDDEMO_Scenario1.00001: KTXDDEMOCase1.KTXDDEMO_QUEUE_TS_TTT-TEMP.00005: EXEC CICS WRITEQ assertion" name="00008: Check for WA_EMP_ZIP"/>
    <testcase classname="KTXDDEMO_#01.KTXDDEMO_Scenario1.00001: KTXDDEMOCase1.KTXDDEMO_QUEUE_TS_TTT-TEMP.00005: EXEC CICS WRITEQ assertion" name="00009: Check for WA_EMP_HOURS"/>
    <testcase classname="KTXDDEMO_#01.KTXDDEMO_Scenario1.00001: KTXDDEMOCase1.KTXDDEMO_QUEUE_TS_TTT-TEMP.00005: EXEC CICS WRITEQ assertion" name="00010: Check for WA_EMP_RATE"/>
    <testcase classname="KTXDDEMO_#01.KTXDDEMO_Scenario1.00001: KTXDDEMOCase1.KTXDDEMO_QUEUE_TS_TTT-TEMP.00005: EXEC CICS WRITEQ assertion" name="00011: Check for FILLER0"/>
    <testcase classname="KTXDDEMO_#01.KTXDDEMO_Scenario1.00001: KTXDDEMOCase1.KTXDDEMO_QUEUE_TS_TTT-TEMP.00005: EXEC CICS WRITEQ assertion" name="00012: Check for WA_SALES_SALARY"/>
    <testcase classname="KTXDDEMO_#01.KTXDDEMO_Scenario1.00001: KTXDDEMOCase1.KTXDDEMO_QUEUE_TS_TTT-TEMP.00005: EXEC CICS WRITEQ assertion" name="00013: Check for WA_SALES_AMOUNT"/>
    <testcase classname="KTXDDEMO_#01.KTXDDEMO_Scenario1.00001: KTXDDEMOCase1.KTXDDEMO_QUEUE_TS_TTT-TEMP.00005: EXEC CICS WRITEQ assertion" name="00014: Check for FILLER1"/>
    <testcase classname="KTXDDEMO_#01.KTXDDEMO_Scenario1.00001: KTXDDEMOCase1.KTXDDEMO_QUEUE_TS_TTT-TEMP.00005: EXEC CICS WRITEQ assertion" name="00015: Check for WA_MGMT_SALARY"/>
    <testcase classname="KTXDDEMO_#01.KTXDDEMO_Scenario1.00001: KTXDDEMOCase1.KTXDDEMO_QUEUE_TS_TTT-TEMP.00005: EXEC CICS WRITEQ assertion" name="00016: Check for FILLER2"/>
    <testcase classname="KTXDDEMO_#01.KTXDDEMO_Scenario1.00001: KTXDDEMOCase1.KTXDDEMO_QUEUE_TS_TTT-TEMP.00005: EXEC CICS WRITEQ assertion" name="00017: Check for WA_EMP_HIRE_YY"/>
    <testcase classname="KTXDDEMO_#01.KTXDDEMO_Scenario1.00001: KTXDDEMOCase1.KTXDDEMO_QUEUE_TS_TTT-TEMP.00005: EXEC CICS WRITEQ assertion" name="00018: Check for WA_EMP_HIRE_MM"/>
    <testcase classname="KTXDDEMO_#01.KTXDDEMO_Scenario1.00001: KTXDDEMOCase1.KTXDDEMO_QUEUE_TS_TTT-TEMP.00005: EXEC CICS WRITEQ assertion" name="00019: Check for WA_EMP_HIRE_DD"/>
    <testcase classname="KTXDDEMO_#01.KTXDDEMO_Scenario1.00001: KTXDDEMOCase1.KTXDDEMO_QUEUE_TS_TTT-TEMP.00005: EXEC CICS WRITEQ assertion" name="00020: Check for FILLER3"/>
  </testsuite>
  <testsuite errors="0" failures="0" name="KTXDDEMO_#01.KTXDDEMO_Scenario1.00001: KTXDDEMOCase1.KTXDDEMO_QUEUE_TS_TTT-TEMP.00006: EXEC CICS WRITEQ assertion" tests="100">
    <testcase classname="KTXDDEMO_#01.KTXDDEMO_Scenario1.00001: KTXDDEMOCase1.KTXDDEMO_QUEUE_TS_TTT-TEMP.00006: EXEC CICS WRITEQ assertion" name="00001: Check for WA_EMP_NUM"/>
    <testcase classname="KTXDDEMO_#01.KTXDDEMO_Scenario1.00001: KTXDDEMOCase1.KTXDDEMO_QUEUE_TS_TTT-TEMP.00006: EXEC CICS WRITEQ assertion" name="00002: Check for WA_EMP_TYPE"/>
    <testcase classname="KTXDDEMO_#01.KTXDDEMO_Scenario1.00001: KTXDDEMOCase1.KTXDDEMO_QUEUE_TS_TTT-TEMP.00006: EXEC CICS WRITEQ assertion" name="00003: Check for WA_EMP_REGION"/>
    <testcase classname="KTXDDEMO_#01.KTXDDEMO_Scenario1.00001: KTXDDEMOCase1.KTXDDEMO_QUEUE_TS_TTT-TEMP.00006: EXEC CICS WRITEQ assertion" name="00004: Check for WA_EMP_NAME"/>
    <testcase classname="KTXDDEMO_#01.KTXDDEMO_Scenario1.00001: KTXDDEMOCase1.KTXDDEMO_QUEUE_TS_TTT-TEMP.00006: EXEC CICS WRITEQ assertion" name="00005: Check for WA_EMP_STREET"/>
    <testcase classname="KTXDDEMO_#01.KTXDDEMO_Scenario1.00001: KTXDDEMOCase1.KTXDDEMO_QUEUE_TS_TTT-TEMP.00006: EXEC CICS WRITEQ assertion" name="00006: Check for WA_EMP_CITY"/>
    <testcase classname="KTXDDEMO_#01.KTXDDEMO_Scenario1.00001: KTXDDEMOCase1.KTXDDEMO_QUEUE_TS_TTT-TEMP.00006: EXEC CICS WRITEQ assertion" name="00007: Check for WA_EMP_STATE"/>
    <testcase classname="KTXDDEMO_#01.KTXDDEMO_Scenario1.00001: KTXDDEMOCase1.KTXDDEMO_QUEUE_TS_TTT-TEMP.00006: EXEC CICS WRITEQ assertion" name="00008: Check for WA_EMP_ZIP"/>
    <testcase classname="KTXDDEMO_#01.KTXDDEMO_Scenario1.00001: KTXDDEMOCase1.KTXDDEMO_QUEUE_TS_TTT-TEMP.00006: EXEC CICS WRITEQ assertion" name="00009: Check for WA_EMP_HOURS"/>
    <testcase classname="KTXDDEMO_#01.KTXDDEMO_Scenario1.00001: KTXDDEMOCase1.KTXDDEMO_QUEUE_TS_TTT-TEMP.00006: EXEC CICS WRITEQ assertion" name="00010: Check for WA_EMP_RATE"/>
    <testcase classname="KTXDDEMO_#01.KTXDDEMO_Scenario1.00001: KTXDDEMOCase1.KTXDDEMO_QUEUE_TS_TTT-TEMP.00006: EXEC CICS WRITEQ assertion" name="00011: Check for FILLER0"/>
    <testcase classname="KTXDDEMO_#01.KTXDDEMO_Scenario1.00001: KTXDDEMOCase1.KTXDDEMO_QUEUE_TS_TTT-TEMP.00006: EXEC CICS WRITEQ assertion" name="00012: Check for WA_SALES_SALARY"/>
    <testcase classname="KTXDDEMO_#01.KTXDDEMO_Scenario1.00001: KTXDDEMOCase1.KTXDDEMO_QUEUE_TS_TTT-TEMP.00006: EXEC CICS WRITEQ assertion" name="00013: Check for WA_SALES_AMOUNT"/>
    <testcase classname="KTXDDEMO_#01.KTXDDEMO_Scenario1.00001: KTXDDEMOCase1.KTXDDEMO_QUEUE_TS_TTT-TEMP.00006: EXEC CICS WRITEQ assertion" name="00014: Check for FILLER1"/>
    <testcase classname="KTXDDEMO_#01.KTXDDEMO_Scenario1.00001: KTXDDEMOCase1.KTXDDEMO_QUEUE_TS_TTT-TEMP.00006: EXEC CICS WRITEQ assertion" name="00015: Check for WA_MGMT_SALARY"/>
    <testcase classname="KTXDDEMO_#01.KTXDDEMO_Scenario1.00001: KTXDDEMOCase1.KTXDDEMO_QUEUE_TS_TTT-TEMP.00006: EXEC CICS WRITEQ assertion" name="00016: Check for FILLER2"/>
    <testcase classname="KTXDDEMO_#01.KTXDDEMO_Scenario1.00001: KTXDDEMOCase1.KTXDDEMO_QUEUE_TS_TTT-TEMP.00006: EXEC CICS WRITEQ assertion" name="00017: Check for WA_EMP_HIRE_YY"/>
    <testcase classname="KTXDDEMO_#01.KTXDDEMO_Scenario1.00001: KTXDDEMOCase1.KTXDDEMO_QUEUE_TS_TTT-TEMP.00006: EXEC CICS WRITEQ assertion" name="00018: Check for WA_EMP_HIRE_MM"/>
    <testcase classname="KTXDDEMO_#01.KTXDDEMO_Scenario1.00001: KTXDDEMOCase1.KTXDDEMO_QUEUE_TS_TTT-TEMP.00006: EXEC CICS WRITEQ assertion" name="00019: Check for WA_EMP_HIRE_DD"/>
    <testcase classname="KTXDDEMO_#01.KTXDDEMO_Scenario1.00001: KTXDDEMOCase1.KTXDDEMO_QUEUE_TS_TTT-TEMP.00006: EXEC CICS WRITEQ assertion" name="00020: Check for FILLER3"/>
  </testsuite>
  <testsuite errors="0" failures="0" name="KTXDDEMO_#01.KTXDDEMO_Scenario1.00001: KTXDDEMOCase1.KTXDDEMO_QUEUE_TS_TTT-TEMP.00007: EXEC CICS WRITEQ assertion" tests="120">
    <testcase classname="KTXDDEMO_#01.KTXDDEMO_Scenario1.00001: KTXDDEMOCase1.KTXDDEMO_QUEUE_TS_TTT-TEMP.00007: EXEC CICS WRITEQ assertion" name="00001: Check for WA_EMP_NUM"/>
    <testcase classname="KTXDDEMO_#01.KTXDDEMO_Scenario1.00001: KTXDDEMOCase1.KTXDDEMO_QUEUE_TS_TTT-TEMP.00007: EXEC CICS WRITEQ assertion" name="00002: Check for WA_EMP_TYPE"/>
    <testcase classname="KTXDDEMO_#01.KTXDDEMO_Scenario1.00001: KTXDDEMOCase1.KTXDDEMO_QUEUE_TS_TTT-TEMP.00007: EXEC CICS WRITEQ assertion" name="00003: Check for WA_EMP_REGION"/>
    <testcase classname="KTXDDEMO_#01.KTXDDEMO_Scenario1.00001: KTXDDEMOCase1.KTXDDEMO_QUEUE_TS_TTT-TEMP.00007: EXEC CICS WRITEQ assertion" name="00004: Check for WA_EMP_NAME"/>
    <testcase classname="KTXDDEMO_#01.KTXDDEMO_Scenario1.00001: KTXDDEMOCase1.KTXDDEMO_QUEUE_TS_TTT-TEMP.00007: EXEC CICS WRITEQ assertion" name="00005: Check for WA_EMP_STREET"/>
    <testcase classname="KTXDDEMO_#01.KTXDDEMO_Scenario1.00001: KTXDDEMOCase1.KTXDDEMO_QUEUE_TS_TTT-TEMP.00007: EXEC CICS WRITEQ assertion" name="00006: Check for WA_EMP_CITY"/>
    <testcase classname="KTXDDEMO_#01.KTXDDEMO_Scenario1.00001: KTXDDEMOCase1.KTXDDEMO_QUEUE_TS_TTT-TEMP.00007: EXEC CICS WRITEQ assertion" name="00007: Check for WA_EMP_STATE"/>
    <testcase classname="KTXDDEMO_#01.KTXDDEMO_Scenario1.00001: KTXDDEMOCase1.KTXDDEMO_QUEUE_TS_TTT-TEMP.00007: EXEC CICS WRITEQ assertion" name="00008: Check for WA_EMP_ZIP"/>
    <testcase classname="KTXDDEMO_#01.KTXDDEMO_Scenario1.00001: KTXDDEMOCase1.KTXDDEMO_QUEUE_TS_TTT-TEMP.00007: EXEC CICS WRITEQ assertion" name="00009: Check for WA_EMP_HOURS"/>
    <testcase classname="KTXDDEMO_#01.KTXDDEMO_Scenario1.00001: KTXDDEMOCase1.KTXDDEMO_QUEUE_TS_TTT-TEMP.00007: EXEC CICS WRITEQ assertion" name="00010: Check for WA_EMP_RATE"/>
    <testcase classname="KTXDDEMO_#01.KTXDDEMO_Scenario1.00001: KTXDDEMOCase1.KTXDDEMO_QUEUE_TS_TTT-TEMP.00007: EXEC CICS WRITEQ assertion" name="00011: Check for FILLER0"/>
    <testcase classname="KTXDDEMO_#01.KTXDDEMO_Scenario1.00001: KTXDDEMOCase1.KTXDDEMO_QUEUE_TS_TTT-TEMP.00007: EXEC CICS WRITEQ assertion" name="00012: Check for WA_SALES_SALARY"/>
    <testcase classname="KTXDDEMO_#01.KTXDDEMO_Scenario1.00001: KTXDDEMOCase1.KTXDDEMO_QUEUE_TS_TTT-TEMP.00007: EXEC CICS WRITEQ assertion" name="00013: Check for WA_SALES_AMOUNT"/>
    <testcase classname="KTXDDEMO_#01.KTXDDEMO_Scenario1.00001: KTXDDEMOCase1.KTXDDEMO_QUEUE_TS_TTT-TEMP.00007: EXEC CICS WRITEQ assertion" name="00014: Check for FILLER1"/>
    <testcase classname="KTXDDEMO_#01.KTXDDEMO_Scenario1.00001: KTXDDEMOCase1.KTXDDEMO_QUEUE_TS_TTT-TEMP.00007: EXEC CICS WRITEQ assertion" name="00015: Check for WA_MGMT_SALARY"/>
    <testcase classname="KTXDDEMO_#01.KTXDDEMO_Scenario1.00001: KTXDDEMOCase1.KTXDDEMO_QUEUE_TS_TTT-TEMP.00007: EXEC CICS WRITEQ assertion" name="00016: Check for FILLER2"/>
    <testcase classname="KTXDDEMO_#01.KTXDDEMO_Scenario1.00001: KTXDDEMOCase1.KTXDDEMO_QUEUE_TS_TTT-TEMP.00007: EXEC CICS WRITEQ assertion" name="00017: Check for WA_EMP_HIRE_YY"/>
    <testcase classname="KTXDDEMO_#01.KTXDDEMO_Scenario1.00001: KTXDDEMOCase1.KTXDDEMO_QUEUE_TS_TTT-TEMP.00007: EXEC CICS WRITEQ assertion" name="00018: Check for WA_EMP_HIRE_MM"/>
    <testcase classname="KTXDDEMO_#01.KTXDDEMO_Scenario1.00001: KTXDDEMOCase1.KTXDDEMO_QUEUE_TS_TTT-TEMP.00007: EXEC CICS WRITEQ assertion" name="00019: Check for WA_EMP_HIRE_DD"/>
    <testcase classname="KTXDDEMO_#01.KTXDDEMO_Scenario1.00001: KTXDDEMOCase1.KTXDDEMO_QUEUE_TS_TTT-TEMP.00007: EXEC CICS WRITEQ assertion" name="00020: Check for FILLER3"/>
  </testsuite>
  <testsuite errors="0" failures="0" name="KTXDDEMO_#01.KTXDDEMO_Scenario1.00001: KTXDDEMOCase1.KTXDDEMO_QUEUE_TS_TTT-TEMP.00008: EXEC CICS WRITEQ assertion" tests="140">
    <testcase classname="KTXDDEMO_#01.KTXDDEMO_Scenario1.00001: KTXDDEMOCase1.KTXDDEMO_QUEUE_TS_TTT-TEMP.00008: EXEC CICS WRITEQ assertion" name="00001: Check for WA_EMP_NUM"/>
    <testcase classname="KTXDDEMO_#01.KTXDDEMO_Scenario1.00001: KTXDDEMOCase1.KTXDDEMO_QUEUE_TS_TTT-TEMP.00008: EXEC CICS WRITEQ assertion" name="00002: Check for WA_EMP_TYPE"/>
    <testcase classname="KTXDDEMO_#01.KTXDDEMO_Scenario1.00001: KTXDDEMOCase1.KTXDDEMO_QUEUE_TS_TTT-TEMP.00008: EXEC CICS WRITEQ assertion" name="00003: Check for WA_EMP_REGION"/>
    <testcase classname="KTXDDEMO_#01.KTXDDEMO_Scenario1.00001: KTXDDEMOCase1.KTXDDEMO_QUEUE_TS_TTT-TEMP.00008: EXEC CICS WRITEQ assertion" name="00004: Check for WA_EMP_NAME"/>
    <testcase classname="KTXDDEMO_#01.KTXDDEMO_Scenario1.00001: KTXDDEMOCase1.KTXDDEMO_QUEUE_TS_TTT-TEMP.00008: EXEC CICS WRITEQ assertion" name="00005: Check for WA_EMP_STREET"/>
    <testcase classname="KTXDDEMO_#01.KTXDDEMO_Scenario1.00001: KTXDDEMOCase1.KTXDDEMO_QUEUE_TS_TTT-TEMP.00008: EXEC CICS WRITEQ assertion" name="00006: Check for WA_EMP_CITY"/>
    <testcase classname="KTXDDEMO_#01.KTXDDEMO_Scenario1.00001: KTXDDEMOCase1.KTXDDEMO_QUEUE_TS_TTT-TEMP.00008: EXEC CICS WRITEQ assertion" name="00007: Check for WA_EMP_STATE"/>
    <testcase classname="KTXDDEMO_#01.KTXDDEMO_Scenario1.00001: KTXDDEMOCase1.KTXDDEMO_QUEUE_TS_TTT-TEMP.00008: EXEC CICS WRITEQ assertion" name="00008: Check for WA_EMP_ZIP"/>
    <testcase classname="KTXDDEMO_#01.KTXDDEMO_Scenario1.00001: KTXDDEMOCase1.KTXDDEMO_QUEUE_TS_TTT-TEMP.00008: EXEC CICS WRITEQ assertion" name="00009: Check for WA_EMP_HOURS"/>
    <testcase classname="KTXDDEMO_#01.KTXDDEMO_Scenario1.00001: KTXDDEMOCase1.KTXDDEMO_QUEUE_TS_TTT-TEMP.00008: EXEC CICS WRITEQ assertion" name="00010: Check for WA_EMP_RATE"/>
    <testcase classname="KTXDDEMO_#01.KTXDDEMO_Scenario1.00001: KTXDDEMOCase1.KTXDDEMO_QUEUE_TS_TTT-TEMP.00008: EXEC CICS WRITEQ assertion" name="00011: Check for FILLER0"/>
[...]
    <testcase classname="KTXDDEMO_#01.KTXDDEMO_Scenario1.00001: KTXDDEMOCase1.KTXDDEMO_BMS_SEND_RECEIVE.00021: EXEC CICS SEND assertion" name="00009: Check for EMP_DTL_HIRE_DD"/>
    <testcase classname="KTXDDEMO_#01.KTXDDEMO_Scenario1.00001: KTXDDEMOCase1.KTXDDEMO_BMS_SEND_RECEIVE.00021: EXEC CICS SEND assertion" name="00010: Check for EMP_DTL_SLASH2"/>
    <testcase classname="KTXDDEMO_#01.KTXDDEMO_Scenario1.00001: KTXDDEMOCase1.KTXDDEMO_BMS_SEND_RECEIVE.00021: EXEC CICS SEND assertion" name="00011: Check for EMP_DTL_HIRE_YY"/>
    <testcase classname="KTXDDEMO_#01.KTXDDEMO_Scenario1.00001: KTXDDEMOCase1.KTXDDEMO_BMS_SEND_RECEIVE.00021: EXEC CICS SEND assertion" name="00012: Check for FILLER3"/>
    <testcase classname="KTXDDEMO_#01.KTXDDEMO_Scenario1.00001: KTXDDEMOCase1.KTXDDEMO_BMS_SEND_RECEIVE.00021: EXEC CICS SEND assertion" name="00013: Check for EMP_DTL_YRS_OF_SERVICE"/>
    <testcase classname="KTXDDEMO_#01.KTXDDEMO_Scenario1.00001: KTXDDEMOCase1.KTXDDEMO_BMS_SEND_RECEIVE.00021: EXEC CICS SEND assertion" name="00014: Check for FILLER4"/>
    <testcase classname="KTXDDEMO_#01.KTXDDEMO_Scenario1.00001: KTXDDEMOCase1.KTXDDEMO_BMS_SEND_RECEIVE.00021: EXEC CICS SEND assertion" name="00015: Check for EMP_DTL_WAGES"/>
    <testcase classname="KTXDDEMO_#01.KTXDDEMO_Scenario1.00001: KTXDDEMOCase1.KTXDDEMO_BMS_SEND_RECEIVE.00021: EXEC CICS SEND assertion" name="00016: Check for FILLER5"/>
    <testcase classname="KTXDDEMO_#01.KTXDDEMO_Scenario1.00001: KTXDDEMOCase1.KTXDDEMO_BMS_SEND_RECEIVE.00021: EXEC CICS SEND assertion" name="00017: Check for EMP_DTL_OT"/>
    <testcase classname="KTXDDEMO_#01.KTXDDEMO_Scenario1.00001: KTXDDEMOCase1.KTXDDEMO_BMS_SEND_RECEIVE.00021: EXEC CICS SEND assertion" name="00018: Check for FILLER6"/>
    <testcase classname="KTXDDEMO_#01.KTXDDEMO_Scenario1.00001: KTXDDEMOCase1.KTXDDEMO_BMS_SEND_RECEIVE.00021: EXEC CICS SEND assertion" name="00019: Check for EMP_DTL_COMM"/>
    <testcase classname="KTXDDEMO_#01.KTXDDEMO_Scenario1.00001: KTXDDEMOCase1.KTXDDEMO_BMS_SEND_RECEIVE.00021: EXEC CICS SEND assertion" name="00020: Check for FILLER7"/>
    <testcase classname="KTXDDEMO_#01.KTXDDEMO_Scenario1.00001: KTXDDEMOCase1.KTXDDEMO_BMS_SEND_RECEIVE.00021: EXEC CICS SEND assertion" name="00021: Check for EMP_DTL_TOTAL"/>
    <testcase classname="KTXDDEMO_#01.KTXDDEMO_Scenario1.00001: KTXDDEMOCase1.KTXDDEMO_BMS_SEND_RECEIVE.00021: EXEC CICS SEND assertion" name="00022: Check for FILLER8"/>
  </testsuite>
  <testsuite errors="0" failures="0" name="KTXDDEMO_#01.KTXDDEMO_Scenario1.00001: KTXDDEMOCase1.KTXDDEMO_BMS_SEND_RECEIVE.00022: EXEC CICS SEND assertion" tests="346">
    <testcase classname="KTXDDEMO_#01.KTXDDEMO_Scenario1.00001: KTXDDEMOCase1.KTXDDEMO_BMS_SEND_RECEIVE.00022: EXEC CICS SEND assertion" name="00001: Check for FILLER0"/>
  </testsuite>
  <testsuite errors="0" failures="0" name="KTXDDEMO_#01.KTXDDEMO_Scenario1.00001: KTXDDEMOCase1.KTXDDEMO_BMS_SEND_RECEIVE.00023: EXEC CICS SEND assertion" tests="350">
    <testcase classname="KTXDDEMO_#01.KTXDDEMO_Scenario1.00001: KTXDDEMOCase1.KTXDDEMO_BMS_SEND_RECEIVE.00023: EXEC CICS SEND assertion" name="00001: Check for FILLER0"/>
    <testcase classname="KTXDDEMO_#01.KTXDDEMO_Scenario1.00001: KTXDDEMOCase1.KTXDDEMO_BMS_SEND_RECEIVE.00023: EXEC CICS SEND assertion" name="00002: Check for FILLER1"/>
    <testcase classname="KTXDDEMO_#01.KTXDDEMO_Scenario1.00001: KTXDDEMOCase1.KTXDDEMO_BMS_SEND_RECEIVE.00023: EXEC CICS SEND assertion" name="00003: Check for FILLER2"/>
    <testcase classname="KTXDDEMO_#01.KTXDDEMO_Scenario1.00001: KTXDDEMOCase1.KTXDDEMO_BMS_SEND_RECEIVE.00023: EXEC CICS SEND assertion" name="00004: Check for EMP_GRAND_TOTAL"/>
  </testsuite>
  <testsuite errors="0" failures="0" name="KTXDDEMO_#01.KTXDDEMO_Scenario1.00001: KTXDDEMOCase1.KTXDDEMO_BMS_SEND_RECEIVE.00024: EXEC CICS SEND assertion" tests="350">
    <testcase classname="KTXDDEMO_#01.KTXDDEMO_Scenario1.00001: KTXDDEMOCase1.KTXDDEMO_BMS_SEND_RECEIVE.00024: EXEC CICS SEND assertion" name="EXEC CICS SEND"/>
  </testsuite>
  <testsuite errors="0" failures="0" name="KTXDDEMO_#01.KTXDDEMO_Scenario1.00001: KTXDDEMOCase1.KTXDDEMO_QUEUE_TS_TTT-SOUTH.00001: EXEC CICS DELETEQ assertion" tests="0">
    <testcase classname="KTXDDEMO_#01.KTXDDEMO_Scenario1.00001: KTXDDEMOCase1.KTXDDEMO_QUEUE_TS_TTT-SOUTH.00001: EXEC CICS DELETEQ assertion" name="EXEC CICS DELETEQ"/>
  </testsuite>
  <testsuite errors="0" failures="0" name="KTXDDEMO_#01.KTXDDEMO_Scenario1.00001: KTXDDEMOCase1.KTXDDEMO_QUEUE_TS_TTT-SOUTH.00002: EXEC CICS WRITEQ assertion" tests="20">
    <testcase classname="KTXDDEMO_#01.KTXDDEMO_Scenario1.00001: KTXDDEMOCase1.KTXDDEMO_QUEUE_TS_TTT-SOUTH.00002: EXEC CICS WRITEQ assertion" name="00001: Check for WA_EMP_NUM"/>
    <testcase classname="KTXDDEMO_#01.KTXDDEMO_Scenario1.00001: KTXDDEMOCase1.KTXDDEMO_QUEUE_TS_TTT-SOUTH.00002: EXEC CICS WRITEQ assertion" name="00002: Check for WA_EMP_TYPE"/>
    <testcase classname="KTXDDEMO_#01.KTXDDEMO_Scenario1.00001: KTXDDEMOCase1.KTXDDEMO_QUEUE_TS_TTT-SOUTH.00002: EXEC CICS WRITEQ assertion" name="00003: Check for WA_EMP_REGION"/>
    <testcase classname="KTXDDEMO_#01.KTXDDEMO_Scenario1.00001: KTXDDEMOCase1.KTXDDEMO_QUEUE_TS_TTT-SOUTH.00002: EXEC CICS WRITEQ assertion" name="00004: Check for WA_EMP_NAME"/>
    <testcase classname="KTXDDEMO_#01.KTXDDEMO_Scenario1.00001: KTXDDEMOCase1.KTXDDEMO_QUEUE_TS_TTT-SOUTH.00002: EXEC CICS WRITEQ assertion" name="00005: Check for WA_EMP_STREET"/>
    <testcase classname="KTXDDEMO_#01.KTXDDEMO_Scenario1.00001: KTXDDEMOCase1.KTXDDEMO_QUEUE_TS_TTT-SOUTH.00002: EXEC CICS WRITEQ assertion" name="00006: Check for WA_EMP_CITY"/>
    <testcase classname="KTXDDEMO_#01.KTXDDEMO_Scenario1.00001: KTXDDEMOCase1.KTXDDEMO_QUEUE_TS_TTT-SOUTH.00002: EXEC CICS WRITEQ assertion" name="00007: Check for WA_EMP_STATE"/>
    <testcase classname="KTXDDEMO_#01.KTXDDEMO_Scenario1.00001: KTXDDEMOCase1.KTXDDEMO_QUEUE_TS_TTT-SOUTH.00002: EXEC CICS WRITEQ assertion" name="00008: Check for WA_EMP_ZIP"/>
    <testcase classname="KTXDDEMO_#01.KTXDDEMO_Scenario1.00001: KTXDDEMOCase1.KTXDDEMO_QUEUE_TS_TTT-SOUTH.00002: EXEC CICS WRITEQ assertion" name="00009: Check for WA_EMP_HOURS"/>
    <testcase classname="KTXDDEMO_#01.KTXDDEMO_Scenario1.00001: KTXDDEMOCase1.KTXDDEMO_QUEUE_TS_TTT-SOUTH.00002: EXEC CICS WRITEQ assertion" name="00010: Check for WA_EMP_RATE"/>
    <testcase classname="KTXDDEMO_#01.KTXDDEMO_Scenario1.00001: KTXDDEMOCase1.KTXDDEMO_QUEUE_TS_TTT-SOUTH.00002: EXEC CICS WRITEQ assertion" name="00011: Check for FILLER0"/>
    <testcase classname="KTXDDEMO_#01.KTXDDEMO_Scenario1.00001: KTXDDEMOCase1.KTXDDEMO_QUEUE_TS_TTT-SOUTH.00002: EXEC CICS WRITEQ assertion" name="00012: Check for WA_SALES_SALARY"/>
    <testcase classname="KTXDDEMO_#01.KTXDDEMO_Scenario1.00001: KTXDDEMOCase1.KTXDDEMO_QUEUE_TS_TTT-SOUTH.00002: EXEC CICS WRITEQ assertion" name="00013: Check for WA_SALES_AMOUNT"/>
    <testcase classname="KTXDDEMO_#01.KTXDDEMO_Scenario1.00001: KTXDDEMOCase1.KTXDDEMO_QUEUE_TS_TTT-SOUTH.00002: EXEC CICS WRITEQ assertion" name="00014: Check for FILLER1"/>
    <testcase classname="KTXDDEMO_#01.KTXDDEMO_Scenario1.00001: KTXDDEMOCase1.KTXDDEMO_QUEUE_TS_TTT-SOUTH.00002: EXEC CICS WRITEQ assertion" name="00015: Check for WA_MGMT_SALARY"/>
    <testcase classname="KTXDDEMO_#01.KTXDDEMO_Scenario1.00001: KTXDDEMOCase1.KTXDDEMO_QUEUE_TS_TTT-SOUTH.00002: EXEC CICS WRITEQ assertion" name="00016: Check for FILLER2"/>
    <testcase classname="KTXDDEMO_#01.KTXDDEMO_Scenario1.00001: KTXDDEMOCase1.KTXDDEMO_QUEUE_TS_TTT-SOUTH.00002: EXEC CICS WRITEQ assertion" name="00017: Check for WA_EMP_HIRE_YY"/>
    <testcase classname="KTXDDEMO_#01.KTXDDEMO_Scenario1.00001: KTXDDEMOCase1.KTXDDEMO_QUEUE_TS_TTT-SOUTH.00002: EXEC CICS WRITEQ assertion" name="00018: Check for WA_EMP_HIRE_MM"/>
    <testcase classname="KTXDDEMO_#01.KTXDDEMO_Scenario1.00001: KTXDDEMOCase1.KTXDDEMO_QUEUE_TS_TTT-SOUTH.00002: EXEC CICS WRITEQ assertion" name="00019: Check for WA_EMP_HIRE_DD"/>
    <testcase classname="KTXDDEMO_#01.KTXDDEMO_Scenario1.00001: KTXDDEMOCase1.KTXDDEMO_QUEUE_TS_TTT-SOUTH.00002: EXEC CICS WRITEQ assertion" name="00020: Check for FILLER3"/>
  </testsuite>
  <testsuite errors="0" failures="0" name="KTXDDEMO_#01.KTXDDEMO_Scenario1.00001: KTXDDEMOCase1.KTXDDEMO_QUEUE_TS_TTT-SOUTH.00003: EXEC CICS WRITEQ assertion" tests="40">
    <testcase classname="KTXDDEMO_#01.KTXDDEMO_Scenario1.00001: KTXDDEMOCase1.KTXDDEMO_QUEUE_TS_TTT-SOUTH.00003: EXEC CICS WRITEQ assertion" name="00001: Check for WA_EMP_NUM"/>
    <testcase classname="KTXDDEMO_#01.KTXDDEMO_Scenario1.00001: KTXDDEMOCase1.KTXDDEMO_QUEUE_TS_TTT-SOUTH.00003: EXEC CICS WRITEQ assertion" name="00002: Check for WA_EMP_TYPE"/>
    <testcase classname="KTXDDEMO_#01.KTXDDEMO_Scenario1.00001: KTXDDEMOCase1.KTXDDEMO_QUEUE_TS_TTT-SOUTH.00003: EXEC CICS WRITEQ assertion" name="00003: Check for WA_EMP_REGION"/>
    <testcase classname="KTXDDEMO_#01.KTXDDEMO_Scenario1.00001: KTXDDEMOCase1.KTXDDEMO_QUEUE_TS_TTT-SOUTH.00003: EXEC CICS WRITEQ assertion" name="00004: Check for WA_EMP_NAME"/>
    <testcase classname="KTXDDEMO_#01.KTXDDEMO_Scenario1.00001: KTXDDEMOCase1.KTXDDEMO_QUEUE_TS_TTT-SOUTH.00003: EXEC CICS WRITEQ assertion" name="00005: Check for WA_EMP_STREET"/>
    <testcase classname="KTXDDEMO_#01.KTXDDEMO_Scenario1.00001: KTXDDEMOCase1.KTXDDEMO_QUEUE_TS_TTT-SOUTH.00003: EXEC CICS WRITEQ assertion" name="00006: Check for WA_EMP_CITY"/>
    <testcase classname="KTXDDEMO_#01.KTXDDEMO_Scenario1.00001: KTXDDEMOCase1.KTXDDEMO_QUEUE_TS_TTT-SOUTH.00003: EXEC CICS WRITEQ assertion" name="00007: Check for WA_EMP_STATE"/>
    <testcase classname="KTXDDEMO_#01.KTXDDEMO_Scenario1.00001: KTXDDEMOCase1.KTXDDEMO_QUEUE_TS_TTT-SOUTH.00003: EXEC CICS WRITEQ assertion" name="00008: Check for WA_EMP_ZIP"/>
    <testcase classname="KTXDDEMO_#01.KTXDDEMO_Scenario1.00001: KTXDDEMOCase1.KTXDDEMO_QUEUE_TS_TTT-SOUTH.00003: EXEC CICS WRITEQ assertion" name="00009: Check for WA_EMP_HOURS"/>
    <testcase classname="KTXDDEMO_#01.KTXDDEMO_Scenario1.00001: KTXDDEMOCase1.KTXDDEMO_QUEUE_TS_TTT-SOUTH.00003: EXEC CICS WRITEQ assertion" name="00010: Check for WA_EMP_RATE"/>
    <testcase classname="KTXDDEMO_#01.KTXDDEMO_Scenario1.00001: KTXDDEMOCase1.KTXDDEMO_QUEUE_TS_TTT-SOUTH.00003: EXEC CICS WRITEQ assertion" name="00011: Check for FILLER0"/>
    <testcase classname="KTXDDEMO_#01.KTXDDEMO_Scenario1.00001: KTXDDEMOCase1.KTXDDEMO_QUEUE_TS_TTT-SOUTH.00003: EXEC CICS WRITEQ assertion" name="00012: Check for WA_SALES_SALARY"/>
    <testcase classname="KTXDDEMO_#01.KTXDDEMO_Scenario1.00001: KTXDDEMOCase1.KTXDDEMO_QUEUE_TS_TTT-SOUTH.00003: EXEC CICS WRITEQ assertion" name="00013: Check for WA_SALES_AMOUNT"/>
    <testcase classname="KTXDDEMO_#01.KTXDDEMO_Scenario1.00001: KTXDDEMOCase1.KTXDDEMO_QUEUE_TS_TTT-SOUTH.00003: EXEC CICS WRITEQ assertion" name="00014: Check for FILLER1"/>
    <testcase classname="KTXDDEMO_#01.KTXDDEMO_Scenario1.00001: KTXDDEMOCase1.KTXDDEMO_QUEUE_TS_TTT-SOUTH.00003: EXEC CICS WRITEQ assertion" name="00015: Check for WA_MGMT_SALARY"/>
    <testcase classname="KTXDDEMO_#01.KTXDDEMO_Scenario1.00001: KTXDDEMOCase1.KTXDDEMO_QUEUE_TS_TTT-SOUTH.00003: EXEC CICS WRITEQ assertion" name="00016: Check for FILLER2"/>
    <testcase classname="KTXDDEMO_#01.KTXDDEMO_Scenario1.00001: KTXDDEMOCase1.KTXDDEMO_QUEUE_TS_TTT-SOUTH.00003: EXEC CICS WRITEQ assertion" name="00017: Check for WA_EMP_HIRE_YY"/>
    <testcase classname="KTXDDEMO_#01.KTXDDEMO_Scenario1.00001: KTXDDEMOCase1.KTXDDEMO_QUEUE_TS_TTT-SOUTH.00003: EXEC CICS WRITEQ assertion" name="00018: Check for WA_EMP_HIRE_MM"/>
    <testcase classname="KTXDDEMO_#01.KTXDDEMO_Scenario1.00001: KTXDDEMOCase1.KTXDDEMO_QUEUE_TS_TTT-SOUTH.00003: EXEC CICS WRITEQ assertion" name="00019: Check for WA_EMP_HIRE_DD"/>
    <testcase classname="KTXDDEMO_#01.KTXDDEMO_Scenario1.00001: KTXDDEMOCase1.KTXDDEMO_QUEUE_TS_TTT-SOUTH.00003: EXEC CICS WRITEQ assertion" name="00020: Check for FILLER3"/>
  </testsuite>
  <testsuite errors="0" failures="0" name="KTXDDEMO_#01.KTXDDEMO_Scenario1.00001: KTXDDEMOCase1.KTXDDEMO_QUEUE_TS_TTT-SOUTH.00004: EXEC CICS WRITEQ assertion" tests="60">
    <testcase classname="KTXDDEMO_#01.KTXDDEMO_Scenario1.00001: KTXDDEMOCase1.KTXDDEMO_QUEUE_TS_TTT-SOUTH.00004: EXEC CICS WRITEQ assertion" name="00001: Check for WA_EMP_NUM"/>
    <testcase classname="KTXDDEMO_#01.KTXDDEMO_Scenario1.00001: KTXDDEMOCase1.KTXDDEMO_QUEUE_TS_TTT-SOUTH.00004: EXEC CICS WRITEQ assertion" name="00002: Check for WA_EMP_TYPE"/>
    <testcase classname="KTXDDEMO_#01.KTXDDEMO_Scenario1.00001: KTXDDEMOCase1.KTXDDEMO_QUEUE_TS_TTT-SOUTH.00004: EXEC CICS WRITEQ assertion" name="00003: Check for WA_EMP_REGION"/>
    <testcase classname="KTXDDEMO_#01.KTXDDEMO_Scenario1.00001: KTXDDEMOCase1.KTXDDEMO_QUEUE_TS_TTT-SOUTH.00004: EXEC CICS WRITEQ assertion" name="00004: Check for WA_EMP_NAME"/>
    <testcase classname="KTXDDEMO_#01.KTXDDEMO_Scenario1.00001: KTXDDEMOCase1.KTXDDEMO_QUEUE_TS_TTT-SOUTH.00004: EXEC CICS WRITEQ assertion" name="00005: Check for WA_EMP_STREET"/>
    <testcase classname="KTXDDEMO_#01.KTXDDEMO_Scenario1.00001: KTXDDEMOCase1.KTXDDEMO_QUEUE_TS_TTT-SOUTH.00004: EXEC CICS WRITEQ assertion" name="00006: Check for WA_EMP_CITY"/>
    <testcase classname="KTXDDEMO_#01.KTXDDEMO_Scenario1.00001: KTXDDEMOCase1.KTXDDEMO_QUEUE_TS_TTT-SOUTH.00004: EXEC CICS WRITEQ assertion" name="00007: Check for WA_EMP_STATE"/>
    <testcase classname="KTXDDEMO_#01.KTXDDEMO_Scenario1.00001: KTXDDEMOCase1.KTXDDEMO_QUEUE_TS_TTT-SOUTH.00004: EXEC CICS WRITEQ assertion" name="00008: Check for WA_EMP_ZIP"/>
    <testcase classname="KTXDDEMO_#01.KTXDDEMO_Scenario1.00001: KTXDDEMOCase1.KTXDDEMO_QUEUE_TS_TTT-SOUTH.00004: EXEC CICS WRITEQ assertion" name="00009: Check for WA_EMP_HOURS"/>
    <testcase classname="KTXDDEMO_#01.KTXDDEMO_Scenario1.00001: KTXDDEMOCase1.KTXDDEMO_QUEUE_TS_TTT-SOUTH.00004: EXEC CICS WRITEQ assertion" name="00010: Check for WA_EMP_RATE"/>
    <testcase classname="KTXDDEMO_#01.KTXDDEMO_Scenario1.00001: KTXDDEMOCase1.KTXDDEMO_QUEUE_TS_TTT-SOUTH.00004: EXEC CICS WRITEQ assertion" name="00011: Check for FILLER0"/>
    <testcase classname="KTXDDEMO_#01.KTXDDEMO_Scenario1.00001: KTXDDEMOCase1.KTXDDEMO_QUEUE_TS_TTT-SOUTH.00004: EXEC CICS WRITEQ assertion" name="00012: Check for WA_SALES_SALARY"/>
    <testcase classname="KTXDDEMO_#01.KTXDDEMO_Scenario1.00001: KTXDDEMOCase1.KTXDDEMO_QUEUE_TS_TTT-SOUTH.00004: EXEC CICS WRITEQ assertion" name="00013: Check for WA_SALES_AMOUNT"/>
    <testcase classname="KTXDDEMO_#01.KTXDDEMO_Scenario1.00001: KTXDDEMOCase1.KTXDDEMO_QUEUE_TS_TTT-SOUTH.00004: EXEC CICS WRITEQ assertion" name="00014: Check for FILLER1"/>
    <testcase classname="KTXDDEMO_#01.KTXDDEMO_Scenario1.00001: KTXDDEMOCase1.KTXDDEMO_QUEUE_TS_TTT-SOUTH.00004: EXEC CICS WRITEQ assertion" name="00015: Check for WA_MGMT_SALARY"/>
    <testcase classname="KTXDDEMO_#01.KTXDDEMO_Scenario1.00001: KTXDDEMOCase1.KTXDDEMO_QUEUE_TS_TTT-SOUTH.00004: EXEC CICS WRITEQ assertion" name="00016: Check for FILLER2"/>
    <testcase classname="KTXDDEMO_#01.KTXDDEMO_Scenario1.00001: KTXDDEMOCase1.KTXDDEMO_QUEUE_TS_TTT-SOUTH.00004: EXEC CICS WRITEQ assertion" name="00017: Check for WA_EMP_HIRE_YY"/>
    <testcase classname="KTXDDEMO_#01.KTXDDEMO_Scenario1.00001: KTXDDEMOCase1.KTXDDEMO_QUEUE_TS_TTT-SOUTH.00004: EXEC CICS WRITEQ assertion" name="00018: Check for WA_EMP_HIRE_MM"/>
    <testcase classname="KTXDDEMO_#01.KTXDDEMO_Scenario1.00001: KTXDDEMOCase1.KTXDDEMO_QUEUE_TS_TTT-SOUTH.00004: EXEC CICS WRITEQ assertion" name="00019: Check for WA_EMP_HIRE_DD"/>
    <testcase classname="KTXDDEMO_#01.KTXDDEMO_Scenario1.00001: KTXDDEMOCase1.KTXDDEMO_QUEUE_TS_TTT-SOUTH.00004: EXEC CICS WRITEQ assertion" name="00020: Check for FILLER3"/>
  </testsuite>
  <testsuite errors="0" failures="0" name="KTXDDEMO_#01.KTXDDEMO_Scenario1.00001: KTXDDEMOCase1.KTXDDEMO_QUEUE_TS_TTT-SOUTH.00005: EXEC CICS WRITEQ assertion" tests="80">
    <testcase classname="KTXDDEMO_#01.KTXDDEMO_Scenario1.00001: KTXDDEMOCase1.KTXDDEMO_QUEUE_TS_TTT-SOUTH.00005: EXEC CICS WRITEQ assertion" name="00001: Check for WA_EMP_NUM"/>
    <testcase classname="KTXDDEMO_#01.KTXDDEMO_Scenario1.00001: KTXDDEMOCase1.KTXDDEMO_QUEUE_TS_TTT-SOUTH.00005: EXEC CICS WRITEQ assertion" name="00002: Check for WA_EMP_TYPE"/>
    <testcase classname="KTXDDEMO_#01.KTXDDEMO_Scenario1.00001: KTXDDEMOCase1.KTXDDEMO_QUEUE_TS_TTT-SOUTH.00005: EXEC CICS WRITEQ assertion" name="00003: Check for WA_EMP_REGION"/>
    <testcase classname="KTXDDEMO_#01.KTXDDEMO_Scenario1.00001: KTXDDEMOCase1.KTXDDEMO_QUEUE_TS_TTT-SOUTH.00005: EXEC CICS WRITEQ assertion" name="00004: Check for WA_EMP_NAME"/>
    <testcase classname="KTXDDEMO_#01.KTXDDEMO_Scenario1.00001: KTXDDEMOCase1.KTXDDEMO_QUEUE_TS_TTT-SOUTH.00005: EXEC CICS WRITEQ assertion" name="00005: Check for WA_EMP_STREET"/>
    <testcase classname="KTXDDEMO_#01.KTXDDEMO_Scenario1.00001: KTXDDEMOCase1.KTXDDEMO_QUEUE_TS_TTT-SOUTH.00005: EXEC CICS WRITEQ assertion" name="00006: Check for WA_EMP_CITY"/>
    <testcase classname="KTXDDEMO_#01.KTXDDEMO_Scenario1.00001: KTXDDEMOCase1.KTXDDEMO_QUEUE_TS_TTT-SOUTH.00005: EXEC CICS WRITEQ assertion" name="00007: Check for WA_EMP_STATE"/>
    <testcase classname="KTXDDEMO_#01.KTXDDEMO_Scenario1.00001: KTXDDEMOCase1.KTXDDEMO_QUEUE_TS_TTT-SOUTH.00005: EXEC CICS WRITEQ assertion" name="00008: Check for WA_EMP_ZIP"/>
    <testcase classname="KTXDDEMO_#01.KTXDDEMO_Scenario1.00001: KTXDDEMOCase1.KTXDDEMO_QUEUE_TS_TTT-SOUTH.00005: EXEC CICS WRITEQ assertion" name="00009: Check for WA_EMP_HOURS"/>
    <testcase classname="KTXDDEMO_#01.KTXDDEMO_Scenario1.00001: KTXDDEMOCase1.KTXDDEMO_QUEUE_TS_TTT-SOUTH.00005: EXEC CICS WRITEQ assertion" name="00010: Check for WA_EMP_RATE"/>
    <testcase classname="KTXDDEMO_#01.KTXDDEMO_Scenario1.00001: KTXDDEMOCase1.KTXDDEMO_QUEUE_TS_TTT-SOUTH.00005: EXEC CICS WRITEQ assertion" name="00011: Check for FILLER0"/>
    <testcase classname="KTXDDEMO_#01.KTXDDEMO_Scenario1.00001: KTXDDEMOCase1.KTXDDEMO_QUEUE_TS_TTT-SOUTH.00005: EXEC CICS WRITEQ assertion" name="00012: Check for WA_SALES_SALARY"/>
    <testcase classname="KTXDDEMO_#01.KTXDDEMO_Scenario1.00001: KTXDDEMOCase1.KTXDDEMO_QUEUE_TS_TTT-SOUTH.00005: EXEC CICS WRITEQ assertion" name="00013: Check for WA_SALES_AMOUNT"/>
    <testcase classname="KTXDDEMO_#01.KTXDDEMO_Scenario1.00001: KTXDDEMOCase1.KTXDDEMO_QUEUE_TS_TTT-SOUTH.00005: EXEC CICS WRITEQ assertion" name="00014: Check for FILLER1"/>
    <testcase classname="KTXDDEMO_#01.KTXDDEMO_Scenario1.00001: KTXDDEMOCase1.KTXDDEMO_QUEUE_TS_TTT-SOUTH.00005: EXEC CICS WRITEQ assertion" name="00015: Check for WA_MGMT_SALARY"/>
    <testcase classname="KTXDDEMO_#01.KTXDDEMO_Scenario1.00001: KTXDDEMOCase1.KTXDDEMO_QUEUE_TS_TTT-SOUTH.00005: EXEC CICS WRITEQ assertion" name="00016: Check for FILLER2"/>
    <testcase classname="KTXDDEMO_#01.KTXDDEMO_Scenario1.00001: KTXDDEMOCase1.KTXDDEMO_QUEUE_TS_TTT-SOUTH.00005: EXEC CICS WRITEQ assertion" name="00017: Check for WA_EMP_HIRE_YY"/>
    <testcase classname="KTXDDEMO_#01.KTXDDEMO_Scenario1.00001: KTXDDEMOCase1.KTXDDEMO_QUEUE_TS_TTT-SOUTH.00005: EXEC CICS WRITEQ assertion" name="00018: Check for WA_EMP_HIRE_MM"/>
    <testcase classname="KTXDDEMO_#01.KTXDDEMO_Scenario1.00001: KTXDDEMOCase1.KTXDDEMO_QUEUE_TS_TTT-SOUTH.00005: EXEC CICS WRITEQ assertion" name="00019: Check for WA_EMP_HIRE_DD"/>
    <testcase classname="KTXDDEMO_#01.KTXDDEMO_Scenario1.00001: KTXDDEMOCase1.KTXDDEMO_QUEUE_TS_TTT-SOUTH.00005: EXEC CICS WRITEQ assertion" name="00020: Check for FILLER3"/>
  </testsuite>
  <testsuite errors="0" failures="0" name="KTXDDEMO_#01.KTXDDEMO_Scenario1.00001: KTXDDEMOCase1.KTXDDEMO_QUEUE_TS_TTT-SOUTH.00006: EXEC CICS DELETEQ assertion" tests="80">
    <testcase classname="KTXDDEMO_#01.KTXDDEMO_Scenario1.00001: KTXDDEMOCase1.KTXDDEMO_QUEUE_TS_TTT-SOUTH.00006: EXEC CICS DELETEQ assertion" name="EXEC CICS DELETEQ"/>
  </testsuite>
</testsuites>