2018-10-30 19:38:11,295 INFO  com.compuware.unittest.cli.TotalTestCLI -  
2018-10-30 19:38:11,310 INFO  com.compuware.unittest.cli.TotalTestCLI - Topaz for Total Test Command Line Interface (CLI) 19.2.1.v20180920-0235_707 
2018-10-30 19:38:11,435 INFO  com.compuware.unittest.cli.TotalTestCLI - Validating project directory: C:\Program Files (x86)\Jenkins\workspace\AA_CARLOS_VICARI\CWKTDB2X_TTT_01 
2018-10-30 19:38:11,435 INFO  com.compuware.unittest.eclipse.common.util.UtilityFunctions - Found files 49 from project 'C:\Program Files (x86)\Jenkins\workspace\AA_CARLOS_VICARI\CWKTDB2X_TTT_01' with extension 'listructure' 
2018-10-30 19:38:11,435 INFO  com.compuware.unittest.eclipse.common.util.UtilityFunctions - Found files 19 from project 'C:\Program Files (x86)\Jenkins\workspace\AA_CARLOS_VICARI\CWKTDB2X_TTT_01' with extension 'interface' 
2018-10-30 19:38:11,451 INFO  com.compuware.unittest.eclipse.common.util.UtilityFunctions - Found files 8 from project 'C:\Program Files (x86)\Jenkins\workspace\AA_CARLOS_VICARI\CWKTDB2X_TTT_01' with extension 'stub' 
2018-10-30 19:38:11,451 INFO  com.compuware.unittest.eclipse.common.util.UtilityFunctions - Found files 1 from project 'C:\Program Files (x86)\Jenkins\workspace\AA_CARLOS_VICARI\CWKTDB2X_TTT_01' with extension 'testscenario' 
2018-10-30 19:38:11,498 INFO  com.compuware.unittest.eclipse.common.util.ProjectUtilities - Loaded properties file 'C:\Program Files (x86)\Jenkins\workspace\AA_CARLOS_VICARI\CWKTDB2X_TTT_01\Unit Test\Project.properties' 
2018-10-30 19:38:12,060 INFO  com.compuware.unittest.cli.run.TestRunner - **************** Start processing: CWKTDB2X_Scenario.testscenario **************** 
2018-10-30 19:38:12,060 INFO  com.compuware.unittest.cli.run.TestRunner -  
2018-10-30 19:38:12,060 INFO  com.compuware.unittest.cli.zos.builder.Builder - Processing 'builder' request with the following parameters. 
2018-10-30 19:38:12,060 INFO  com.compuware.unittest.cli.zos.builder.Builder - Project folder: C:\Program Files (x86)\Jenkins\workspace\AA_CARLOS_VICARI\CWKTDB2X_TTT_01 
2018-10-30 19:38:12,060 INFO  com.compuware.unittest.cli.zos.builder.Builder - Archive file: C:\Program Files (x86)\Jenkins\workspace\AA_CARLOS_VICARI\CWKTDB2X_TTT_01\Unit Test\Output\Last Execution\CWKTDB2X_Scenario.archive 
2018-10-30 19:38:12,060 INFO  com.compuware.unittest.cli.zos.builder.Builder - Binary input file: C:\Program Files (x86)\Jenkins\workspace\AA_CARLOS_VICARI\CWKTDB2X_TTT_01\Unit Test\.temp\CWKTDB2X_Scenario_20181030_193812.bininp 
2018-10-30 19:38:12,060 INFO  com.compuware.unittest.cli.zos.builder.Builder - Binary reference file: C:\Program Files (x86)\Jenkins\workspace\AA_CARLOS_VICARI\CWKTDB2X_TTT_01\Unit Test\.temp\CWKTDB2X_Scenario_20181030_193812.binref 
2018-10-30 19:38:12,060 INFO  com.compuware.unittest.cli.zos.builder.Builder - Target encoding: 1047 
2018-10-30 19:38:12,060 INFO  com.compuware.unittest.cli.zos.builder.Builder - Building archive from testsuite: file:/C:/Program%20Files%20(x86)/Jenkins/workspace/AA_CARLOS_VICARI/CWKTDB2X_TTT_01/Unit%20Test/.temp/CWKTDB2X_Scenario.testsuite 
2018-10-30 19:38:13,138 INFO  com.compuware.unittest.cli.zos.builder.Builder - Saving archive to: file:/C:/Program%20Files%20(x86)/Jenkins/workspace/AA_CARLOS_VICARI/CWKTDB2X_TTT_01/Unit%20Test/Output/Last%20Execution/CWKTDB2X_Scenario.archive 
2018-10-30 19:38:13,591 INFO  com.compuware.unittest.cli.zos.builder.Builder - Building binary. Saving binary input to C:\Program Files (x86)\Jenkins\workspace\AA_CARLOS_VICARI\CWKTDB2X_TTT_01\Unit Test\.temp\CWKTDB2X_Scenario_20181030_193812.bininp. 
2018-10-30 19:38:13,591 INFO  com.compuware.unittest.cli.zos.builder.Builder - Building binary. Saving binary reference to C:\Program Files (x86)\Jenkins\workspace\AA_CARLOS_VICARI\CWKTDB2X_TTT_01\Unit Test\.temp\CWKTDB2X_Scenario_20181030_193812.binref. 
2018-10-30 19:38:13,763 INFO  com.compuware.unittest.cli.transfer.Transfer - Processing 'upload' request with the following parameters. 
2018-10-30 19:38:13,779 INFO  com.compuware.unittest.cli.transfer.Transfer - Host: cwcc 
2018-10-30 19:38:13,779 INFO  com.compuware.unittest.cli.transfer.Transfer - Port: 16196 
2018-10-30 19:38:13,779 INFO  com.compuware.unittest.cli.transfer.Transfer - User: FBRCCV0 
2018-10-30 19:38:13,779 INFO  com.compuware.unittest.cli.transfer.Transfer - Password: <supplied by user> 
2018-10-30 19:38:13,779 INFO  com.compuware.unittest.cli.transfer.Transfer - Target encoding: 1047 
2018-10-30 19:38:13,779 INFO  com.compuware.unittest.cli.transfer.Transfer - Binary input file 'C:\Program Files (x86)\Jenkins\workspace\AA_CARLOS_VICARI\CWKTDB2X_TTT_01\Unit Test\.temp\CWKTDB2X_Scenario_20181030_193812.bininp' will be upload to the manframe. 
2018-10-30 19:38:13,779 INFO  com.compuware.unittest.cli.transfer.Transfer - Binary reference file 'C:\Program Files (x86)\Jenkins\workspace\AA_CARLOS_VICARI\CWKTDB2X_TTT_01\Unit Test\.temp\CWKTDB2X_Scenario_20181030_193812.binref' will be upload to the manframe. 
2018-10-30 19:38:13,779 INFO  com.compuware.unittest.cli.transfer.internal.UploadFiles - Start upload of binary files. 
2018-10-30 19:38:14,544 INFO  com.compuware.unittest.eclipse.hostservices.HostUtilities - Creating host connection for host cwcc:16196 
2018-10-30 19:38:19,866 INFO  com.compuware.unittest.eclipse.hostservices.HostUtilities - Creating host credentials for FBRCCV0 
2018-10-30 19:38:21,105 ERROR com.compuware.unittest.eclipse.hostservices.HostUtilities - An exception occurred connecting host cwcc:16196. Exception: User security could not be established on the HCI. The specified password is not correct. 
2018-10-30 19:38:21,120 ERROR com.compuware.unittest.eclipse.hostservices.HostUtilities - An exception occurred connecting to cwcc:16196 
2018-10-30 19:38:21,136 INFO  com.compuware.unittest.cli.transfer.internal.UploadFiles - Uploading binary input data to dataset 'FBRCCV0.TOTALTST.ID093779.BININP.' 
2018-10-30 19:38:21,136 INFO  com.compuware.unittest.eclipse.common.util.ProjectUtilities - Loaded properties file 'C:\Program Files (x86)\Jenkins\workspace\AA_CARLOS_VICARI\CWKTDB2X_TTT_01\Unit Test\Project.properties' 
2018-10-30 19:38:21,136 INFO  com.compuware.unittest.eclipse.common.util.ProjectUtilities - Loaded properties file 'C:\Program Files (x86)\Jenkins\workspace\AA_CARLOS_VICARI\CWKTDB2X_TTT_01\Unit Test\Project.properties' 
2018-10-30 19:38:21,136 INFO  com.compuware.unittest.cli.run.TestRunner - Deleted file: 'C:\Program Files (x86)\Jenkins\workspace\AA_CARLOS_VICARI\CWKTDB2X_TTT_01\Unit Test\.temp\CWKTDB2X_Scenario_20181030_193812.bininp'. 
2018-10-30 19:38:21,136 INFO  com.compuware.unittest.cli.run.TestRunner - Deleted file: 'C:\Program Files (x86)\Jenkins\workspace\AA_CARLOS_VICARI\CWKTDB2X_TTT_01\Unit Test\.temp\CWKTDB2X_Scenario_20181030_193812.binref'. 
2018-10-30 19:38:21,136 INFO  com.compuware.unittest.cli.run.TestRunner - Deleted file: 'C:\Program Files (x86)\Jenkins\workspace\AA_CARLOS_VICARI\CWKTDB2X_TTT_01\Unit Test\.temp\CWKTDB2X_Scenario.testsuite'. 
2018-10-30 19:38:21,136 INFO  com.compuware.unittest.cli.run.TestRunner - Removed all files in directory: C:\Program Files (x86)\Jenkins\workspace\AA_CARLOS_VICARI\TopazCliWkspc\HostServices 
2018-10-30 19:38:21,136 INFO  com.compuware.unittest.cli.run.TestRunner -  
2018-10-30 19:38:21,136 INFO  com.compuware.unittest.cli.run.TestRunner - **************** End processing: CWKTDB2X_Scenario.testscenario **************** 
2018-10-30 19:38:21,136 DEBUG com.compuware.zadviser.communications.api.impl.ZAdviserCommunicationServices - publishEvents - starting 
2018-10-30 19:38:21,323 INFO  com.compuware.zadviser.communications.api.impl.eventqueue.h2.H2EventQueue - Created connection to H2 for zAdviser: jdbc:h2:file:C:/Program Files (x86)/Jenkins/workspace/AA_CARLOS_VICARI/TopazCliWkspc//zadviser/zadviser 
2018-10-30 19:38:21,401 INFO  com.compuware.zadviser.communications.api.impl.eventqueue.h2.H2EventQueue - Created connection to H2 for zAdviser: jdbc:h2:file:C:/Program Files (x86)/Jenkins/workspace/AA_CARLOS_VICARI/TopazCliWkspc//zadviser/zadviser 
2018-10-30 19:38:21,732 INFO  com.compuware.zadviser.communications.api.impl.eventqueue.h2.H2EventQueue - Flushing 0 zAdviser events... 
2018-10-30 19:38:21,732 INFO  com.compuware.zadviser.communications.api.impl.eventqueue.h2.H2EventQueue - Flushed 0 zAdviser events. 
2018-10-30 19:38:21,732 INFO  com.compuware.zadviser.communications.api.impl.eventqueue.h2.H2EventQueue - zAdviser flush failure count reset to 0. 
2018-10-30 19:38:24,146 ERROR com.compuware.unittest.cli.TotalTestCLI - Unable to upload binary files. 
2018-10-30 19:38:24,146 ERROR com.compuware.unittest.cli.TotalTestCLI - Unable to upload dataset 'FBRCCV0.TOTALTST.ID093779.BININP', client is not connected. 
2018-10-30 19:38:24,146 ERROR com.compuware.unittest.cli.TotalTestCLI - TotalTestCLI return code: 811 
2018-10-30 19:44:02,643 INFO  com.compuware.unittest.cli.TotalTestCLI -  
2018-10-30 19:44:02,659 INFO  com.compuware.unittest.cli.TotalTestCLI - Topaz for Total Test Command Line Interface (CLI) 19.2.1.v20180920-0235_707 
2018-10-30 19:44:02,831 INFO  com.compuware.unittest.cli.TotalTestCLI - Validating project directory: C:\Program Files (x86)\Jenkins\workspace\AA_CARLOS_VICARI\CWKTDB2X_TTT_01 
2018-10-30 19:44:02,831 INFO  com.compuware.unittest.eclipse.common.util.UtilityFunctions - Found files 49 from project 'C:\Program Files (x86)\Jenkins\workspace\AA_CARLOS_VICARI\CWKTDB2X_TTT_01' with extension 'listructure' 
2018-10-30 19:44:02,846 INFO  com.compuware.unittest.eclipse.common.util.UtilityFunctions - Found files 19 from project 'C:\Program Files (x86)\Jenkins\workspace\AA_CARLOS_VICARI\CWKTDB2X_TTT_01' with extension 'interface' 
2018-10-30 19:44:02,846 INFO  com.compuware.unittest.eclipse.common.util.UtilityFunctions - Found files 8 from project 'C:\Program Files (x86)\Jenkins\workspace\AA_CARLOS_VICARI\CWKTDB2X_TTT_01' with extension 'stub' 
2018-10-30 19:44:02,846 INFO  com.compuware.unittest.eclipse.common.util.UtilityFunctions - Found files 1 from project 'C:\Program Files (x86)\Jenkins\workspace\AA_CARLOS_VICARI\CWKTDB2X_TTT_01' with extension 'testscenario' 
2018-10-30 19:44:02,846 INFO  com.compuware.unittest.cli.run.TestRunner - Removed all files in directory: C:\Program Files (x86)\Jenkins\workspace\AA_CARLOS_VICARI\TopazCliWkspc\HostServices 
2018-10-30 19:44:02,893 INFO  com.compuware.unittest.eclipse.common.util.ProjectUtilities - Loaded properties file 'C:\Program Files (x86)\Jenkins\workspace\AA_CARLOS_VICARI\CWKTDB2X_TTT_01\Unit Test\Project.properties' 
2018-10-30 19:44:03,362 INFO  com.compuware.unittest.cli.run.TestRunner - **************** Start processing: CWKTDB2X_Scenario.testscenario **************** 
2018-10-30 19:44:03,362 INFO  com.compuware.unittest.cli.run.TestRunner -  
2018-10-30 19:44:03,362 INFO  com.compuware.unittest.cli.zos.builder.Builder - Processing 'builder' request with the following parameters. 
2018-10-30 19:44:03,362 INFO  com.compuware.unittest.cli.zos.builder.Builder - Project folder: C:\Program Files (x86)\Jenkins\workspace\AA_CARLOS_VICARI\CWKTDB2X_TTT_01 
2018-10-30 19:44:03,362 INFO  com.compuware.unittest.cli.zos.builder.Builder - Archive file: C:\Program Files (x86)\Jenkins\workspace\AA_CARLOS_VICARI\CWKTDB2X_TTT_01\Unit Test\Output\Last Execution\CWKTDB2X_Scenario.archive 
2018-10-30 19:44:03,362 INFO  com.compuware.unittest.cli.zos.builder.Builder - Binary input file: C:\Program Files (x86)\Jenkins\workspace\AA_CARLOS_VICARI\CWKTDB2X_TTT_01\Unit Test\.temp\CWKTDB2X_Scenario_20181030_194403.bininp 
2018-10-30 19:44:03,362 INFO  com.compuware.unittest.cli.zos.builder.Builder - Binary reference file: C:\Program Files (x86)\Jenkins\workspace\AA_CARLOS_VICARI\CWKTDB2X_TTT_01\Unit Test\.temp\CWKTDB2X_Scenario_20181030_194403.binref 
2018-10-30 19:44:03,362 INFO  com.compuware.unittest.cli.zos.builder.Builder - Target encoding: 1047 
2018-10-30 19:44:03,362 INFO  com.compuware.unittest.cli.zos.builder.Builder - Building archive from testsuite: file:/C:/Program%20Files%20(x86)/Jenkins/workspace/AA_CARLOS_VICARI/CWKTDB2X_TTT_01/Unit%20Test/.temp/CWKTDB2X_Scenario.testsuite 
2018-10-30 19:44:04,049 INFO  com.compuware.unittest.cli.zos.builder.Builder - Saving archive to: file:/C:/Program%20Files%20(x86)/Jenkins/workspace/AA_CARLOS_VICARI/CWKTDB2X_TTT_01/Unit%20Test/Output/Last%20Execution/CWKTDB2X_Scenario.archive 
2018-10-30 19:44:04,377 INFO  com.compuware.unittest.cli.zos.builder.Builder - Building binary. Saving binary input to C:\Program Files (x86)\Jenkins\workspace\AA_CARLOS_VICARI\CWKTDB2X_TTT_01\Unit Test\.temp\CWKTDB2X_Scenario_20181030_194403.bininp. 
2018-10-30 19:44:04,377 INFO  com.compuware.unittest.cli.zos.builder.Builder - Building binary. Saving binary reference to C:\Program Files (x86)\Jenkins\workspace\AA_CARLOS_VICARI\CWKTDB2X_TTT_01\Unit Test\.temp\CWKTDB2X_Scenario_20181030_194403.binref. 
2018-10-30 19:44:04,487 INFO  com.compuware.unittest.cli.transfer.Transfer - Processing 'upload' request with the following parameters. 
2018-10-30 19:44:04,487 INFO  com.compuware.unittest.cli.transfer.Transfer - Host: cwcc 
2018-10-30 19:44:04,487 INFO  com.compuware.unittest.cli.transfer.Transfer - Port: 16196 
2018-10-30 19:44:04,487 INFO  com.compuware.unittest.cli.transfer.Transfer - User: FBRCCV0 
2018-10-30 19:44:04,487 INFO  com.compuware.unittest.cli.transfer.Transfer - Password: <supplied by user> 
2018-10-30 19:44:04,487 INFO  com.compuware.unittest.cli.transfer.Transfer - Target encoding: 1047 
2018-10-30 19:44:04,487 INFO  com.compuware.unittest.cli.transfer.Transfer - Binary input file 'C:\Program Files (x86)\Jenkins\workspace\AA_CARLOS_VICARI\CWKTDB2X_TTT_01\Unit Test\.temp\CWKTDB2X_Scenario_20181030_194403.bininp' will be upload to the manframe. 
2018-10-30 19:44:04,487 INFO  com.compuware.unittest.cli.transfer.Transfer - Binary reference file 'C:\Program Files (x86)\Jenkins\workspace\AA_CARLOS_VICARI\CWKTDB2X_TTT_01\Unit Test\.temp\CWKTDB2X_Scenario_20181030_194403.binref' will be upload to the manframe. 
2018-10-30 19:44:04,487 INFO  com.compuware.unittest.cli.transfer.internal.UploadFiles - Start upload of binary files. 
2018-10-30 19:44:05,205 INFO  com.compuware.unittest.eclipse.hostservices.HostUtilities - Creating host connection for host cwcc:16196 
2018-10-30 19:44:10,268 INFO  com.compuware.unittest.eclipse.hostservices.HostUtilities - Creating host credentials for FBRCCV0 
2018-10-30 19:44:11,333 ERROR com.compuware.unittest.eclipse.hostservices.HostUtilities - An exception occurred connecting host cwcc:16196. Exception: User security could not be established on the HCI. The specified password is not correct. 
2018-10-30 19:44:11,333 ERROR com.compuware.unittest.eclipse.hostservices.HostUtilities - An exception occurred connecting to cwcc:16196 
2018-10-30 19:44:11,349 INFO  com.compuware.unittest.cli.transfer.internal.UploadFiles - Uploading binary input data to dataset 'FBRCCV0.TOTALTST.ID444487.BININP.' 
2018-10-30 19:44:11,349 INFO  com.compuware.unittest.eclipse.common.util.ProjectUtilities - Loaded properties file 'C:\Program Files (x86)\Jenkins\workspace\AA_CARLOS_VICARI\CWKTDB2X_TTT_01\Unit Test\Project.properties' 
2018-10-30 19:44:11,349 INFO  com.compuware.unittest.eclipse.common.util.ProjectUtilities - Loaded properties file 'C:\Program Files (x86)\Jenkins\workspace\AA_CARLOS_VICARI\CWKTDB2X_TTT_01\Unit Test\Project.properties' 
2018-10-30 19:44:11,364 INFO  com.compuware.unittest.cli.run.TestRunner - Deleted file: 'C:\Program Files (x86)\Jenkins\workspace\AA_CARLOS_VICARI\CWKTDB2X_TTT_01\Unit Test\.temp\CWKTDB2X_Scenario_20181030_194403.bininp'. 
2018-10-30 19:44:11,364 INFO  com.compuware.unittest.cli.run.TestRunner - Deleted file: 'C:\Program Files (x86)\Jenkins\workspace\AA_CARLOS_VICARI\CWKTDB2X_TTT_01\Unit Test\.temp\CWKTDB2X_Scenario_20181030_194403.binref'. 
2018-10-30 19:44:11,364 INFO  com.compuware.unittest.cli.run.TestRunner - Deleted file: 'C:\Program Files (x86)\Jenkins\workspace\AA_CARLOS_VICARI\CWKTDB2X_TTT_01\Unit Test\.temp\CWKTDB2X_Scenario.testsuite'. 
2018-10-30 19:44:11,364 INFO  com.compuware.unittest.cli.run.TestRunner - Removed all files in directory: C:\Program Files (x86)\Jenkins\workspace\AA_CARLOS_VICARI\TopazCliWkspc\HostServices 
2018-10-30 19:44:11,364 INFO  com.compuware.unittest.cli.run.TestRunner -  
2018-10-30 19:44:11,364 INFO  com.compuware.unittest.cli.run.TestRunner - **************** End processing: CWKTDB2X_Scenario.testscenario **************** 
2018-10-30 19:44:11,364 DEBUG com.compuware.zadviser.communications.api.impl.ZAdviserCommunicationServices - publishEvents - starting 
2018-10-30 19:44:11,646 INFO  com.compuware.zadviser.communications.api.impl.eventqueue.h2.H2EventQueue - Created connection to H2 for zAdviser: jdbc:h2:file:C:/Program Files (x86)/Jenkins/workspace/AA_CARLOS_VICARI/TopazCliWkspc//zadviser/zadviser 
2018-10-30 19:44:11,708 INFO  com.compuware.zadviser.communications.api.impl.eventqueue.h2.H2EventQueue - Created connection to H2 for zAdviser: jdbc:h2:file:C:/Program Files (x86)/Jenkins/workspace/AA_CARLOS_VICARI/TopazCliWkspc//zadviser/zadviser 
2018-10-30 19:44:12,042 INFO  com.compuware.zadviser.communications.api.impl.eventqueue.h2.H2EventQueue - Flushing 0 zAdviser events... 
2018-10-30 19:44:12,057 INFO  com.compuware.zadviser.communications.api.impl.eventqueue.h2.H2EventQueue - Flushed 0 zAdviser events. 
2018-10-30 19:44:12,057 INFO  com.compuware.zadviser.communications.api.impl.eventqueue.h2.H2EventQueue - zAdviser flush failure count reset to 0. 
2018-10-30 19:44:14,370 ERROR com.compuware.unittest.cli.TotalTestCLI - Unable to upload binary files. 
2018-10-30 19:44:14,370 ERROR com.compuware.unittest.cli.TotalTestCLI - Unable to upload dataset 'FBRCCV0.TOTALTST.ID444487.BININP', client is not connected. 
2018-10-30 19:44:14,370 ERROR com.compuware.unittest.cli.TotalTestCLI - TotalTestCLI return code: 811 
2018-10-30 19:47:05,592 INFO  com.compuware.unittest.cli.TotalTestCLI -  
2018-10-30 19:47:05,607 INFO  com.compuware.unittest.cli.TotalTestCLI - Topaz for Total Test Command Line Interface (CLI) 19.2.1.v20180920-0235_707 
2018-10-30 19:47:05,732 INFO  com.compuware.unittest.cli.TotalTestCLI - Validating project directory: C:\Program Files (x86)\Jenkins\workspace\AA_CARLOS_VICARI\CWKTDB2X_TTT_01 
2018-10-30 19:47:05,732 INFO  com.compuware.unittest.eclipse.common.util.UtilityFunctions - Found files 49 from project 'C:\Program Files (x86)\Jenkins\workspace\AA_CARLOS_VICARI\CWKTDB2X_TTT_01' with extension 'listructure' 
2018-10-30 19:47:05,748 INFO  com.compuware.unittest.eclipse.common.util.UtilityFunctions - Found files 19 from project 'C:\Program Files (x86)\Jenkins\workspace\AA_CARLOS_VICARI\CWKTDB2X_TTT_01' with extension 'interface' 
2018-10-30 19:47:05,748 INFO  com.compuware.unittest.eclipse.common.util.UtilityFunctions - Found files 8 from project 'C:\Program Files (x86)\Jenkins\workspace\AA_CARLOS_VICARI\CWKTDB2X_TTT_01' with extension 'stub' 
2018-10-30 19:47:05,748 INFO  com.compuware.unittest.eclipse.common.util.UtilityFunctions - Found files 1 from project 'C:\Program Files (x86)\Jenkins\workspace\AA_CARLOS_VICARI\CWKTDB2X_TTT_01' with extension 'testscenario' 
2018-10-30 19:47:05,748 INFO  com.compuware.unittest.cli.run.TestRunner - Removed all files in directory: C:\Program Files (x86)\Jenkins\workspace\AA_CARLOS_VICARI\TopazCliWkspc\HostServices 
2018-10-30 19:47:05,810 INFO  com.compuware.unittest.eclipse.common.util.ProjectUtilities - Loaded properties file 'C:\Program Files (x86)\Jenkins\workspace\AA_CARLOS_VICARI\CWKTDB2X_TTT_01\Unit Test\Project.properties' 
2018-10-30 19:47:06,263 INFO  com.compuware.unittest.cli.run.TestRunner - **************** Start processing: CWKTDB2X_Scenario.testscenario **************** 
2018-10-30 19:47:06,263 INFO  com.compuware.unittest.cli.run.TestRunner -  
2018-10-30 19:47:06,263 INFO  com.compuware.unittest.cli.zos.builder.Builder - Processing 'builder' request with the following parameters. 
2018-10-30 19:47:06,263 INFO  com.compuware.unittest.cli.zos.builder.Builder - Project folder: C:\Program Files (x86)\Jenkins\workspace\AA_CARLOS_VICARI\CWKTDB2X_TTT_01 
2018-10-30 19:47:06,279 INFO  com.compuware.unittest.cli.zos.builder.Builder - Archive file: C:\Program Files (x86)\Jenkins\workspace\AA_CARLOS_VICARI\CWKTDB2X_TTT_01\Unit Test\Output\Last Execution\CWKTDB2X_Scenario.archive 
2018-10-30 19:47:06,279 INFO  com.compuware.unittest.cli.zos.builder.Builder - Binary input file: C:\Program Files (x86)\Jenkins\workspace\AA_CARLOS_VICARI\CWKTDB2X_TTT_01\Unit Test\.temp\CWKTDB2X_Scenario_20181030_194706.bininp 
2018-10-30 19:47:06,279 INFO  com.compuware.unittest.cli.zos.builder.Builder - Binary reference file: C:\Program Files (x86)\Jenkins\workspace\AA_CARLOS_VICARI\CWKTDB2X_TTT_01\Unit Test\.temp\CWKTDB2X_Scenario_20181030_194706.binref 
2018-10-30 19:47:06,279 INFO  com.compuware.unittest.cli.zos.builder.Builder - Target encoding: 1047 
2018-10-30 19:47:06,279 INFO  com.compuware.unittest.cli.zos.builder.Builder - Building archive from testsuite: file:/C:/Program%20Files%20(x86)/Jenkins/workspace/AA_CARLOS_VICARI/CWKTDB2X_TTT_01/Unit%20Test/.temp/CWKTDB2X_Scenario.testsuite 
2018-10-30 19:47:07,091 INFO  com.compuware.unittest.cli.zos.builder.Builder - Saving archive to: file:/C:/Program%20Files%20(x86)/Jenkins/workspace/AA_CARLOS_VICARI/CWKTDB2X_TTT_01/Unit%20Test/Output/Last%20Execution/CWKTDB2X_Scenario.archive 
2018-10-30 19:47:07,388 INFO  com.compuware.unittest.cli.zos.builder.Builder - Building binary. Saving binary input to C:\Program Files (x86)\Jenkins\workspace\AA_CARLOS_VICARI\CWKTDB2X_TTT_01\Unit Test\.temp\CWKTDB2X_Scenario_20181030_194706.bininp. 
2018-10-30 19:47:07,388 INFO  com.compuware.unittest.cli.zos.builder.Builder - Building binary. Saving binary reference to C:\Program Files (x86)\Jenkins\workspace\AA_CARLOS_VICARI\CWKTDB2X_TTT_01\Unit Test\.temp\CWKTDB2X_Scenario_20181030_194706.binref. 
2018-10-30 19:47:07,623 INFO  com.compuware.unittest.cli.transfer.Transfer - Processing 'upload' request with the following parameters. 
2018-10-30 19:47:07,623 INFO  com.compuware.unittest.cli.transfer.Transfer - Host: cwcc 
2018-10-30 19:47:07,623 INFO  com.compuware.unittest.cli.transfer.Transfer - Port: 16196 
2018-10-30 19:47:07,638 INFO  com.compuware.unittest.cli.transfer.Transfer - User: FBRCCV0 
2018-10-30 19:47:07,638 INFO  com.compuware.unittest.cli.transfer.Transfer - Password: <supplied by user> 
2018-10-30 19:47:07,638 INFO  com.compuware.unittest.cli.transfer.Transfer - Target encoding: 1047 
2018-10-30 19:47:07,638 INFO  com.compuware.unittest.cli.transfer.Transfer - Binary input file 'C:\Program Files (x86)\Jenkins\workspace\AA_CARLOS_VICARI\CWKTDB2X_TTT_01\Unit Test\.temp\CWKTDB2X_Scenario_20181030_194706.bininp' will be upload to the manframe. 
2018-10-30 19:47:07,654 INFO  com.compuware.unittest.cli.transfer.Transfer - Binary reference file 'C:\Program Files (x86)\Jenkins\workspace\AA_CARLOS_VICARI\CWKTDB2X_TTT_01\Unit Test\.temp\CWKTDB2X_Scenario_20181030_194706.binref' will be upload to the manframe. 
2018-10-30 19:47:07,654 INFO  com.compuware.unittest.cli.transfer.internal.UploadFiles - Start upload of binary files. 
2018-10-30 19:47:08,466 INFO  com.compuware.unittest.eclipse.hostservices.HostUtilities - Creating host connection for host cwcc:16196 
2018-10-30 19:47:08,794 INFO  com.compuware.unittest.eclipse.hostservices.HostUtilities - Creating host credentials for FBRCCV0 
2018-10-30 19:47:10,078 INFO  com.compuware.unittest.eclipse.hostservices.HostUtilities - Successfully conected to cwcc:16196. 
2018-10-30 19:47:10,078 INFO  com.compuware.unittest.eclipse.hostservices.HostUtilities - Connected FBRCCV0 to host cwcc:16196 
2018-10-30 19:47:10,203 INFO  com.compuware.unittest.cli.transfer.internal.UploadFiles - Uploading binary input data to dataset 'FBRCCV0.TOTALTST.ID627654.BININP.' 
2018-10-30 19:47:10,203 INFO  com.compuware.unittest.eclipse.common.util.ProjectUtilities - Loaded properties file 'C:\Program Files (x86)\Jenkins\workspace\AA_CARLOS_VICARI\CWKTDB2X_TTT_01\Unit Test\Project.properties' 
2018-10-30 19:47:10,203 INFO  com.compuware.unittest.eclipse.common.util.ProjectUtilities - Loaded properties file 'C:\Program Files (x86)\Jenkins\workspace\AA_CARLOS_VICARI\CWKTDB2X_TTT_01\Unit Test\Project.properties' 
2018-10-30 19:47:10,781 INFO  com.compuware.unittest.eclipse.hostservices.ResourceUtilities - Allocated dataset 'FBRCCV0.TOTALTST.ID627654.BININP' PRIMARY=69 SECONDARY=14 
2018-10-30 19:48:10,792 INFO  com.compuware.unittest.eclipse.hostservices.ResourceUtilities - Successfully wrote 1400832 bytes to dataset.FBRCCV0.TOTALTST.ID627654.BININP 
2018-10-30 19:48:10,792 INFO  com.compuware.unittest.cli.transfer.internal.UploadFiles - Uploading binary reference data to dataset 'FBRCCV0.TOTALTST.ID627654.BININP.' 
2018-10-30 19:48:11,302 INFO  com.compuware.unittest.eclipse.hostservices.ResourceUtilities - Allocated dataset 'FBRCCV0.TOTALTST.ID627654.BINREF' PRIMARY=1 SECONDARY=1 
2018-10-30 19:48:11,485 INFO  com.compuware.unittest.cli.transfer.internal.UploadFiles - Allocating binary result dataset 'FBRCCV0.TOTALTST.ID627654.BININP.' 
2018-10-30 19:48:11,485 INFO  com.compuware.unittest.eclipse.common.util.ProjectUtilities - Loaded properties file 'C:\Program Files (x86)\Jenkins\workspace\AA_CARLOS_VICARI\CWKTDB2X_TTT_01\Unit Test\Project.properties' 
2018-10-30 19:48:12,010 INFO  com.compuware.unittest.eclipse.hostservices.ResourceUtilities - Allocated dataset 'FBRCCV0.TOTALTST.ID627654.BINRES' PRIMARY=500 SECONDARY=200 
2018-10-30 19:48:12,010 INFO  com.compuware.unittest.cli.transfer.internal.UploadFiles - Successfully uploaded files. 
2018-10-30 19:48:12,010 INFO  com.compuware.unittest.cli.submit.Submit - Processing 'submit' request with the following parameters. 
2018-10-30 19:48:12,010 INFO  com.compuware.unittest.cli.submit.Submit - Host: cwcc 
2018-10-30 19:48:12,010 INFO  com.compuware.unittest.cli.submit.Submit - Port: 16196 
2018-10-30 19:48:12,010 INFO  com.compuware.unittest.cli.submit.Submit - User: FBRCCV0 
2018-10-30 19:48:12,010 INFO  com.compuware.unittest.cli.submit.Submit - Password: <supplied by user> 
2018-10-30 19:48:12,010 INFO  com.compuware.unittest.cli.submit.Submit - Target encoding: 1047 
2018-10-30 19:48:12,010 INFO  com.compuware.unittest.cli.submit.Submit - Wait for job completion: true 
2018-10-30 19:48:12,010 INFO  com.compuware.unittest.cli.submit.Submit - Minutes to wait for job completion: 20 
2018-10-30 19:48:12,010 INFO  com.compuware.unittest.cli.submit.Submit - JCL will be submitted from local file: C:\Program Files (x86)\Jenkins\workspace\AA_CARLOS_VICARI\CWKTDB2X_TTT_01\Unit Test\JCL\RunnerDB2.jcl 
2018-10-30 19:48:12,010 INFO  com.compuware.unittest.cli.submit.Submit - ${TOTALTEST_BININP} replacement value: FBRCCV0.TOTALTST.ID627654.BININP 
2018-10-30 19:48:12,010 INFO  com.compuware.unittest.cli.submit.Submit - ${TOTALTEST_BINREF} replacement value: FBRCCV0.TOTALTST.ID627654.BINREF 
2018-10-30 19:48:12,010 INFO  com.compuware.unittest.cli.submit.Submit - ${TOTALTEST_BINRES} replacement value: FBRCCV0.TOTALTST.ID627654.BINRES 
2018-10-30 19:48:12,010 INFO  com.compuware.unittest.cli.submit.Submit - Code Coverage Repository: FBRCCV0.DEMO.CC.REPOSIT 
2018-10-30 19:48:12,010 INFO  com.compuware.unittest.cli.submit.Submit - Code Coverage System: CWKTDB2X_TTT_01 
2018-10-30 19:48:12,010 INFO  com.compuware.unittest.cli.submit.Submit - Code Coverage test id: #44 
2018-10-30 19:48:12,010 INFO  com.compuware.unittest.cli.submit.Submit - Code Coverage is for a program running TotalTest(TTTRUNNR) 
2018-10-30 19:48:12,010 INFO  com.compuware.unittest.cli.submit.Submit - Code Coverage clear statistics: true 
2018-10-30 19:48:12,010 INFO  com.compuware.unittest.cli.submit.Submit - Use stubs: true 
2018-10-30 19:48:12,010 INFO  com.compuware.unittest.cli.submit.Submit - Number of time to repeat test: 0 
2018-10-30 19:48:12,010 INFO  com.compuware.unittest.cli.submit.Submit - Job card file: C:\Program Files (x86)\Jenkins\workspace\AA_CARLOS_VICARI\CWKTDB2X_TTT_01\Unit Test\JCL\JobCard.jcl 
2018-10-30 19:48:12,943 INFO  com.compuware.unittest.eclipse.common.util.ProjectUtilities - Loaded properties file 'C:\Program Files (x86)\Jenkins\workspace\AA_CARLOS_VICARI\CWKTDB2X_TTT_01\Unit Test\Project.properties' 
2018-10-30 19:48:12,943 WARN  com.compuware.unittest.eclipse.common.util.CodeCoverage - Main program is 'IKJEFT01' and user specified Code Coverage program was 'TOTALTEST'. Setting Code Coverage for DB2. 
2018-10-30 19:48:12,943 INFO  com.compuware.unittest.mainframe.commands.internal.TTTCommands - Deleting user statistics in repository=FBRCCV0.DEMO.CC.REPOSIT. SYSTEM=CWKTDB2X_TTT_01, TESTID=#44 USERID=FBRCCV0 
2018-10-30 19:48:13,807 DEBUG com.compuware.unittest.mainframe.commands.internal.TTTCommands - Created MBF record for DB2(IKJEFT01) as main program. JOB CVRUNTTT Step: RUNBD2 
2018-10-30 19:48:13,807 INFO  com.compuware.unittest.eclipse.hostservices.MBFUtilities - Created MBF record for DB2(IKJEFT01) as main program. JOB CVRUNTTT Step: RUNBD2 
2018-10-30 19:48:13,807 INFO  com.compuware.unittest.eclipse.hostservices.JESUtilities - Added notification listener: com.compuware.unittest.eclipse.hostservices.JESUtilities 
2018-10-30 19:48:14,010 INFO  com.compuware.unittest.eclipse.hostservices.JESUtilities - Submitted JCL - JOB CVRUNTTT(J0651122) 
2018-10-30 19:48:14,198 INFO  com.compuware.unittest.eclipse.common.zadviser.ZAdviser - Sending zAdviser event: EXECUTION(3200) 
2018-10-30 19:48:14,416 INFO  com.compuware.zadviser.communications.api.impl.eventqueue.h2.H2EventQueue - Created connection to H2 for zAdviser: jdbc:h2:file:C:/Program Files (x86)/Jenkins/workspace/AA_CARLOS_VICARI/TopazCliWkspc//zadviser/zadviser 
2018-10-30 19:48:14,526 INFO  com.compuware.zadviser.communications.api.impl.eventqueue.h2.H2EventQueue - Created connection to H2 for zAdviser: jdbc:h2:file:C:/Program Files (x86)/Jenkins/workspace/AA_CARLOS_VICARI/TopazCliWkspc//zadviser/zadviser 
2018-10-30 19:48:14,854 INFO  com.compuware.zadviser.communications.api.impl.eventqueue.h2.H2EventQueue - Flushing 0 zAdviser events... 
2018-10-30 19:48:14,854 INFO  com.compuware.zadviser.communications.api.impl.eventqueue.h2.H2EventQueue - Flushed 0 zAdviser events. 
2018-10-30 19:48:14,854 INFO  com.compuware.zadviser.communications.api.impl.eventqueue.h2.H2EventQueue - zAdviser flush failure count reset to 0. 
2018-10-30 19:48:15,019 INFO  com.compuware.unittest.eclipse.hostservices.JESUtilities - Waiting for job CVRUNTTT(J0651122) to complete. 
2018-10-30 19:48:16,318 INFO  com.compuware.unittest.eclipse.hostservices.JESUtilities - Processing HostServices event HCI_NOTIFY_EVENT 
2018-10-30 19:48:16,318 INFO  com.compuware.unittest.eclipse.hostservices.JESUtilities - Notification message: 18:48:29 J0651122 HASP165 CVRUNTTT ENDED AT CWCC  MAXCC=0000 
2018-10-30 19:48:17,445 DEBUG com.compuware.unittest.mainframe.commands.internal.TTTCommands - Deleted MBF record for: JOB CVRUNTTT Step: RUNBD2 Program: TTTRUNNR 
2018-10-30 19:48:17,445 INFO  com.compuware.unittest.eclipse.hostservices.MBFUtilities - Deleted MBF record for: JOB CVRUNTTT Step: RUNBD2 Program: TTTRUNNR 
2018-10-30 19:48:17,869 INFO  com.compuware.unittest.eclipse.hostservices.JESUtilities -  
2018-10-30 19:48:17,869 INFO  com.compuware.unittest.eclipse.hostservices.JESUtilities - ***************** Output from TTTRUNNR ***************** 
2018-10-30 19:48:17,869 INFO  com.compuware.unittest.eclipse.hostservices.JESUtilities -  
2018-10-30 19:48:17,869 INFO  com.compuware.unittest.eclipse.hostservices.JESUtilities -  CEE3740I The following messages pertain to the system default run-time options. 
2018-10-30 19:48:17,869 INFO  com.compuware.unittest.eclipse.hostservices.JESUtilities -  CEE3768I The system default for the run-time option DEBUG could not be overridden. 
2018-10-30 19:48:17,869 INFO  com.compuware.unittest.eclipse.hostservices.JESUtilities -  CEE3768I The system default for the run-time option TEST could not be overridden. 
2018-10-30 19:48:17,869 INFO  com.compuware.unittest.eclipse.hostservices.JESUtilities -  CEE3608I The following messages pertain to the invocation command run-time options. 
2018-10-30 19:48:17,869 INFO  com.compuware.unittest.eclipse.hostservices.JESUtilities -  CEE3613I The run-time option NOSTAE appeared in the options string. 
2018-10-30 19:48:17,869 INFO  com.compuware.unittest.eclipse.hostservices.JESUtilities -  CEE3631I One or more settings of the run-time options STAE or SPIE were mapped to TRAP. 
2018-10-30 19:48:17,869 INFO  com.compuware.unittest.eclipse.hostservices.JESUtilities -  STTR043I Initializing simulation environment for: COBOL V4 
2018-10-30 19:48:17,869 INFO  com.compuware.unittest.eclipse.hostservices.JESUtilities -  STTR043I Initializing simulation environment for: COBOL V5 
2018-10-30 19:48:17,869 INFO  com.compuware.unittest.eclipse.hostservices.JESUtilities -  STTR011I totaltest zTargetRunner v170200 on 2018-10-30 18:48.28�������������������������������������� 
2018-10-30 19:48:17,869 INFO  com.compuware.unittest.eclipse.hostservices.JESUtilities -  STTR012I Options set to EXIT(),STUBS(ON),REPEAT(0),ARGTYPE(��������) 
2018-10-30 19:48:17,869 INFO  com.compuware.unittest.eclipse.hostservices.JESUtilities -  STTR013I Processing test suite Unit Tes 
2018-10-30 19:48:17,869 INFO  com.compuware.unittest.eclipse.hostservices.JESUtilities -  STTR014I Processing test scenario CWKTDB2X 
2018-10-30 19:48:17,869 INFO  com.compuware.unittest.eclipse.hostservices.JESUtilities -  STTR028I Processing test case CWKTDB2X 
2018-10-30 19:48:17,869 INFO  com.compuware.unittest.eclipse.hostservices.JESUtilities -  STTR006I Executing target CWKTDB2X 
2018-10-30 19:48:17,869 INFO  com.compuware.unittest.eclipse.hostservices.JESUtilities -  STTR008I All targets successfully executed 
2018-10-30 19:48:19,628 INFO  com.compuware.unittest.cli.transfer.Transfer - Processing 'download' request with the following parameters. 
2018-10-30 19:48:19,628 INFO  com.compuware.unittest.cli.transfer.Transfer - Host: cwcc 
2018-10-30 19:48:19,628 INFO  com.compuware.unittest.cli.transfer.Transfer - Port: 16196 
2018-10-30 19:48:19,628 INFO  com.compuware.unittest.cli.transfer.Transfer - User: FBRCCV0 
2018-10-30 19:48:19,628 INFO  com.compuware.unittest.cli.transfer.Transfer - Password: <supplied by user> 
2018-10-30 19:48:19,628 INFO  com.compuware.unittest.cli.transfer.Transfer - Target encoding: 1047 
2018-10-30 19:48:19,628 INFO  com.compuware.unittest.cli.transfer.Transfer - Binary result from mainframe dataset will be written to local file: C:\Program Files (x86)\Jenkins\workspace\AA_CARLOS_VICARI\CWKTDB2X_TTT_01\Unit Test\.temp\CWKTDB2X_Scenario_20181030_194706.binres 
2018-10-30 19:48:19,628 INFO  com.compuware.unittest.cli.transfer.Transfer - Binary result will be downloaded from: FBRCCV0.TOTALTST.ID627654.BINRES 
2018-10-30 19:48:19,628 INFO  com.compuware.unittest.cli.transfer.internal.DownloadFiles - Start download of binary result data from dataset 'FBRCCV0.TOTALTST.ID627654.BINRES' to file 'C:\Program Files (x86)\Jenkins\workspace\AA_CARLOS_VICARI\CWKTDB2X_TTT_01\Unit Test\.temp\CWKTDB2X_Scenario_20181030_194706.binres'. 
2018-10-30 19:48:19,628 INFO  com.compuware.unittest.cli.transfer.internal.DownloadFiles - Download binary result data from dataset 'FBRCCV0.TOTALTST.ID627654.BINRES'. 
2018-10-30 19:48:20,975 INFO  com.compuware.unittest.cli.transfer.internal.DownloadFiles - Successfully downloaded binary result data from dataset 'FBRCCV0.TOTALTST.ID627654.BINRES' to file 'C:\Program Files (x86)\Jenkins\workspace\AA_CARLOS_VICARI\CWKTDB2X_TTT_01\Unit Test\.temp\CWKTDB2X_Scenario_20181030_194706.binres'. 
2018-10-30 19:48:20,975 INFO  com.compuware.unittest.cli.zos.parser.Parser - Processing 'parser' request with the following parameters. 
2018-10-30 19:48:20,975 INFO  com.compuware.unittest.cli.zos.parser.Parser - Archive file: C:\Program Files (x86)\Jenkins\workspace\AA_CARLOS_VICARI\CWKTDB2X_TTT_01\Unit Test\Output\Last Execution\CWKTDB2X_Scenario.archive 
2018-10-30 19:48:20,975 INFO  com.compuware.unittest.cli.zos.parser.Parser - Binary result file: C:\Program Files (x86)\Jenkins\workspace\AA_CARLOS_VICARI\CWKTDB2X_TTT_01\Unit Test\.temp\CWKTDB2X_Scenario_20181030_194706.binres 
2018-10-30 19:48:20,975 INFO  com.compuware.unittest.cli.zos.parser.Parser - Target encoding: 1047 
2018-10-30 19:48:20,991 INFO  com.compuware.unittest.eclipse.common.util.ProjectUtilities - Loaded properties file 'C:\Program Files (x86)\Jenkins\workspace\AA_CARLOS_VICARI\CWKTDB2X_TTT_01\Unit Test\Project.properties' 
2018-10-30 19:48:20,991 INFO  com.compuware.unittest.cli.zos.parser.Parser - Parsing binary output C:\Program Files (x86)\Jenkins\workspace\AA_CARLOS_VICARI\CWKTDB2X_TTT_01\Unit Test\.temp\CWKTDB2X_Scenario_20181030_194706.binres into archive file:/C:/Program%20Files%20(x86)/Jenkins/workspace/AA_CARLOS_VICARI/CWKTDB2X_TTT_01/Unit%20Test/Output/Last%20Execution/CWKTDB2X_Scenario.archive 
2018-10-30 19:48:21,053 WARN  com.compuware.unittest.eclipse.builderparser.converter.parser.BinaryParser - Unknown version: totaltest zTargetRunner v170200  .2018091307484653-0400 on 2018-10-30 18:48.28 
2018-10-30 19:48:21,225 INFO  com.compuware.unittest.eclipse.common.util.ProjectUtilities - Loaded properties file 'C:\Program Files (x86)\Jenkins\workspace\AA_CARLOS_VICARI\CWKTDB2X_TTT_01\Unit Test\Project.properties' 
2018-10-30 19:48:21,225 INFO  com.compuware.unittest.cli.resultchecker.ResultChecker - Processing 'resultchecker' request with the following parameters. 
2018-10-30 19:48:21,225 INFO  com.compuware.unittest.cli.resultchecker.ResultChecker - Project Folder: C:\Program Files (x86)\Jenkins\workspace\AA_CARLOS_VICARI\CWKTDB2X_TTT_01 
2018-10-30 19:48:21,225 INFO  com.compuware.unittest.cli.resultchecker.ResultChecker - Archive file: C:\Program Files (x86)\Jenkins\workspace\AA_CARLOS_VICARI\CWKTDB2X_TTT_01\Unit Test\Output\Last Execution\CWKTDB2X_Scenario.archive 
2018-10-30 19:48:21,225 INFO  com.compuware.unittest.cli.resultchecker.ResultChecker - Output Archive file: C:\Program Files (x86)\Jenkins\workspace\AA_CARLOS_VICARI\CWKTDB2X_TTT_01\Unit Test\Output\Last Execution\CWKTDB2X_Scenario.archive 
2018-10-30 19:48:21,225 INFO  com.compuware.unittest.cli.resultchecker.ResultChecker - Result file: C:\Program Files (x86)\Jenkins\workspace\AA_CARLOS_VICARI\CWKTDB2X_TTT_01\Unit Test\Output\.results\CWKTDB2X_Scenario.result 
2018-10-30 19:48:21,225 INFO  com.compuware.unittest.cli.resultchecker.ResultChecker - Report file: C:\Program Files (x86)\Jenkins\workspace\AA_CARLOS_VICARI\CWKTDB2X_TTT_01\Unit Test\Output\Reports\CWKTDB2X_Scenario.html 
2018-10-30 19:48:21,225 INFO  com.compuware.unittest.cli.resultchecker.ResultChecker - JUnit file: C:\Program Files (x86)\Jenkins\workspace\AA_CARLOS_VICARI\CWKTDB2X_TTT_01\Unit Test\Output\JUnit\CWKTDB2X_Scenario.xml 
2018-10-30 19:48:21,225 INFO  com.compuware.unittest.cli.resultchecker.ResultChecker - Target encoding: 1047 
2018-10-30 19:48:21,225 INFO  com.compuware.unittest.cli.resultchecker.ResultChecker - File encoding: UTF-8 
2018-10-30 19:48:21,225 INFO  com.compuware.unittest.cli.resultchecker.ResultChecker - Loading archive from: file:/C:/Program%20Files%20(x86)/Jenkins/workspace/AA_CARLOS_VICARI/CWKTDB2X_TTT_01/Unit%20Test/Output/Last%20Execution/CWKTDB2X_Scenario.archive 
2018-10-30 19:48:21,322 INFO  com.compuware.unittest.cli.resultchecker.ResultChecker - Computing results. 
2018-10-30 19:48:21,400 INFO  com.compuware.unittest.eclipse.resultchecker.JexlStubResultchecker - Checking checkconditions for: CWKTDATE com.compuware.unittest.eclipse.core.model.xml.stub.impl.StubDataImpl@3fbe503c (callToken: <unset>, id: Unit%20Test/Stubs/CWKTDB2X_CWKTDATE.stub.0, name: CWKTDATE, selected: true) 
2018-10-30 19:48:21,400 INFO  com.compuware.unittest.eclipse.resultchecker.JexlResultchecker - Finished checking 3 checkconditions. 0 error(s), 1 failure(s). 
2018-10-30 19:48:21,400 INFO  com.compuware.unittest.eclipse.resultchecker.JexlStubResultchecker - Checking checkconditions for: CWKTDATE com.compuware.unittest.eclipse.core.model.xml.stub.impl.StubDataImpl@7741d346 (callToken: <unset>, id: Unit%20Test/Stubs/CWKTDB2X_CWKTDATE.stub.1, name: CWKTDATE, selected: true) 
2018-10-30 19:48:21,431 INFO  com.compuware.unittest.eclipse.resultchecker.JexlResultchecker - Finished checking 6 checkconditions. 0 error(s), 0 failure(s). 
2018-10-30 19:48:21,431 INFO  com.compuware.unittest.eclipse.resultchecker.JexlStubResultchecker - Checking checkconditions for: CWKTDATE com.compuware.unittest.eclipse.core.model.xml.stub.impl.StubDataImpl@18dd5ed3 (callToken: <unset>, id: Unit%20Test/Stubs/CWKTDB2X_CWKTDATE.stub.2, name: CWKTDATE, selected: true) 
2018-10-30 19:48:21,447 INFO  com.compuware.unittest.eclipse.resultchecker.JexlResultchecker - Finished checking 6 checkconditions. 0 error(s), 0 failure(s). 
2018-10-30 19:48:21,447 INFO  com.compuware.unittest.eclipse.resultchecker.JexlStubResultchecker - Checking checkconditions for: CWKTDATE com.compuware.unittest.eclipse.core.model.xml.stub.impl.StubDataImpl@24043ec5 (callToken: <unset>, id: Unit%20Test/Stubs/CWKTDB2X_CWKTDATE.stub.3, name: CWKTDATE, selected: true) 
2018-10-30 19:48:21,447 INFO  com.compuware.unittest.eclipse.resultchecker.JexlResultchecker - Finished checking 6 checkconditions. 0 error(s), 0 failure(s). 
2018-10-30 19:48:21,447 INFO  com.compuware.unittest.eclipse.resultchecker.JexlStubResultchecker - Checking checkconditions for: CWKTDATE com.compuware.unittest.eclipse.core.model.xml.stub.impl.StubDataImpl@4c6a4ffd (callToken: <unset>, id: Unit%20Test/Stubs/CWKTDB2X_CWKTDATE.stub.4, name: CWKTDATE, selected: true) 
2018-10-30 19:48:21,447 INFO  com.compuware.unittest.eclipse.resultchecker.JexlResultchecker - Finished checking 6 checkconditions. 0 error(s), 0 failure(s). 
2018-10-30 19:48:21,462 INFO  com.compuware.unittest.eclipse.resultchecker.JexlStubResultchecker - Checking checkconditions for: CWKTDATE com.compuware.unittest.eclipse.core.model.xml.stub.impl.StubDataImpl@3f1a9a53 (callToken: <unset>, id: Unit%20Test/Stubs/CWKTDB2X_CWKTDATE.stub.5, name: CWKTDATE, selected: true) 
2018-10-30 19:48:21,462 INFO  com.compuware.unittest.eclipse.resultchecker.JexlResultchecker - Finished checking 6 checkconditions. 0 error(s), 0 failure(s). 
2018-10-30 19:48:21,462 INFO  com.compuware.unittest.eclipse.resultchecker.JexlStubResultchecker - Checking checkconditions for: CWKTDATE com.compuware.unittest.eclipse.core.model.xml.stub.impl.StubDataImpl@2287395 (callToken: <unset>, id: Unit%20Test/Stubs/CWKTDB2X_CWKTDATE.stub.6, name: CWKTDATE, selected: true) 
2018-10-30 19:48:21,462 INFO  com.compuware.unittest.eclipse.resultchecker.JexlResultchecker - Finished checking 6 checkconditions. 0 error(s), 0 failure(s). 
2018-10-30 19:48:21,462 INFO  com.compuware.unittest.eclipse.resultchecker.JexlStubResultchecker - Checking checkconditions for: CWKTDATE com.compuware.unittest.eclipse.core.model.xml.stub.impl.StubDataImpl@38f981b6 (callToken: <unset>, id: Unit%20Test/Stubs/CWKTDB2X_CWKTDATE.stub.7, name: CWKTDATE, selected: true) 
2018-10-30 19:48:21,478 INFO  com.compuware.unittest.eclipse.resultchecker.JexlResultchecker - Finished checking 6 checkconditions. 0 error(s), 0 failure(s). 
2018-10-30 19:48:21,478 INFO  com.compuware.unittest.eclipse.resultchecker.JexlStubResultchecker - Checking checkconditions for: RPTFILE com.compuware.unittest.eclipse.core.model.xml.stub.impl.StubDataImpl@7bbfc5ff (callToken: <unset>, id: Unit%20Test/Stubs/CWKTDB2X_RPTFILE_WRITE.stub.0, name: RPTFILE, selected: true) 
2018-10-30 19:48:21,478 INFO  com.compuware.unittest.eclipse.resultchecker.JexlResultchecker - Finished checking 1 checkconditions. 0 error(s), 0 failure(s). 
2018-10-30 19:48:21,478 INFO  com.compuware.unittest.eclipse.resultchecker.JexlStubResultchecker - Checking checkconditions for: RPTFILE com.compuware.unittest.eclipse.core.model.xml.stub.impl.StubDataImpl@ee8e7ff (callToken: <unset>, id: Unit%20Test/Stubs/CWKTDB2X_RPTFILE_WRITE.stub.1, name: RPTFILE, selected: true) 
2018-10-30 19:48:21,478 INFO  com.compuware.unittest.eclipse.resultchecker.JexlResultchecker - Finished checking 1 checkconditions. 0 error(s), 0 failure(s). 
2018-10-30 19:48:21,478 INFO  com.compuware.unittest.eclipse.resultchecker.JexlStubResultchecker - Checking checkconditions for: RPTFILE com.compuware.unittest.eclipse.core.model.xml.stub.impl.StubDataImpl@64b70f41 (callToken: <unset>, id: Unit%20Test/Stubs/CWKTDB2X_RPTFILE_WRITE.stub.2, name: RPTFILE, selected: true) 
2018-10-30 19:48:21,478 INFO  com.compuware.unittest.eclipse.resultchecker.JexlResultchecker - Finished checking 1 checkconditions. 0 error(s), 0 failure(s). 
2018-10-30 19:48:21,478 INFO  com.compuware.unittest.eclipse.resultchecker.JexlStubResultchecker - Checking checkconditions for: RPTFILE com.compuware.unittest.eclipse.core.model.xml.stub.impl.StubDataImpl@16134476 (callToken: <unset>, id: Unit%20Test/Stubs/CWKTDB2X_RPTFILE_WRITE.stub.3, name: RPTFILE, selected: true) 
2018-10-30 19:48:21,478 INFO  com.compuware.unittest.eclipse.resultchecker.JexlResultchecker - Finished checking 12 checkconditions. 0 error(s), 0 failure(s). 
2018-10-30 19:48:21,478 INFO  com.compuware.unittest.eclipse.resultchecker.JexlStubResultchecker - Checking checkconditions for: RPTFILE com.compuware.unittest.eclipse.core.model.xml.stub.impl.StubDataImpl@3e214105 (callToken: <unset>, id: Unit%20Test/Stubs/CWKTDB2X_RPTFILE_WRITE.stub.4, name: RPTFILE, selected: true) 
2018-10-30 19:48:21,478 INFO  com.compuware.unittest.eclipse.resultchecker.JexlResultchecker - Finished checking 1 checkconditions. 0 error(s), 0 failure(s). 
2018-10-30 19:48:21,478 INFO  com.compuware.unittest.eclipse.resultchecker.JexlStubResultchecker - Checking checkconditions for: RPTFILE com.compuware.unittest.eclipse.core.model.xml.stub.impl.StubDataImpl@1980a3f (callToken: <unset>, id: Unit%20Test/Stubs/CWKTDB2X_RPTFILE_WRITE.stub.5, name: RPTFILE, selected: true) 
2018-10-30 19:48:21,478 INFO  com.compuware.unittest.eclipse.resultchecker.JexlResultchecker - Finished checking 1 checkconditions. 0 error(s), 0 failure(s). 
2018-10-30 19:48:21,478 INFO  com.compuware.unittest.eclipse.resultchecker.JexlStubResultchecker - Checking checkconditions for: RPTFILE com.compuware.unittest.eclipse.core.model.xml.stub.impl.StubDataImpl@536b71b4 (callToken: <unset>, id: Unit%20Test/Stubs/CWKTDB2X_RPTFILE_WRITE.stub.6, name: RPTFILE, selected: true) 
2018-10-30 19:48:21,493 INFO  com.compuware.unittest.eclipse.resultchecker.JexlResultchecker - Finished checking 5 checkconditions. 0 error(s), 0 failure(s). 
2018-10-30 19:48:21,493 INFO  com.compuware.unittest.eclipse.resultchecker.JexlStubResultchecker - Checking checkconditions for: RPTFILE com.compuware.unittest.eclipse.core.model.xml.stub.impl.StubDataImpl@39941489 (callToken: <unset>, id: Unit%20Test/Stubs/CWKTDB2X_RPTFILE_WRITE.stub.7, name: RPTFILE, selected: true) 
2018-10-30 19:48:21,493 INFO  com.compuware.unittest.eclipse.resultchecker.JexlResultchecker - Finished checking 18 checkconditions. 0 error(s), 0 failure(s). 
2018-10-30 19:48:21,493 INFO  com.compuware.unittest.eclipse.resultchecker.JexlStubResultchecker - Checking checkconditions for: RPTFILE com.compuware.unittest.eclipse.core.model.xml.stub.impl.StubDataImpl@67332b1e (callToken: <unset>, id: Unit%20Test/Stubs/CWKTDB2X_RPTFILE_WRITE.stub.8, name: RPTFILE, selected: true) 
2018-10-30 19:48:21,493 INFO  com.compuware.unittest.eclipse.resultchecker.JexlResultchecker - Finished checking 1 checkconditions. 0 error(s), 0 failure(s). 
2018-10-30 19:48:21,493 INFO  com.compuware.unittest.eclipse.resultchecker.JexlStubResultchecker - Checking checkconditions for: RPTFILE com.compuware.unittest.eclipse.core.model.xml.stub.impl.StubDataImpl@679dd234 (callToken: <unset>, id: Unit%20Test/Stubs/CWKTDB2X_RPTFILE_WRITE.stub.9, name: RPTFILE, selected: true) 
2018-10-30 19:48:21,509 INFO  com.compuware.unittest.eclipse.resultchecker.JexlResultchecker - Finished checking 22 checkconditions. 0 error(s), 0 failure(s). 
2018-10-30 19:48:21,509 INFO  com.compuware.unittest.eclipse.resultchecker.JexlStubResultchecker - Checking checkconditions for: RPTFILE com.compuware.unittest.eclipse.core.model.xml.stub.impl.StubDataImpl@1e5eb20a (callToken: <unset>, id: Unit%20Test/Stubs/CWKTDB2X_RPTFILE_WRITE.stub.10, name: RPTFILE, selected: true) 
2018-10-30 19:48:21,509 INFO  com.compuware.unittest.eclipse.resultchecker.JexlResultchecker - Finished checking 22 checkconditions. 0 error(s), 0 failure(s). 
2018-10-30 19:48:21,509 INFO  com.compuware.unittest.eclipse.resultchecker.JexlStubResultchecker - Checking checkconditions for: RPTFILE com.compuware.unittest.eclipse.core.model.xml.stub.impl.StubDataImpl@4c3de38e (callToken: <unset>, id: Unit%20Test/Stubs/CWKTDB2X_RPTFILE_WRITE.stub.11, name: RPTFILE, selected: true) 
2018-10-30 19:48:21,525 INFO  com.compuware.unittest.eclipse.resultchecker.JexlResultchecker - Finished checking 22 checkconditions. 0 error(s), 0 failure(s). 
2018-10-30 19:48:21,525 INFO  com.compuware.unittest.eclipse.resultchecker.JexlStubResultchecker - Checking checkconditions for: RPTFILE com.compuware.unittest.eclipse.core.model.xml.stub.impl.StubDataImpl@1f9d4b0e (callToken: <unset>, id: Unit%20Test/Stubs/CWKTDB2X_RPTFILE_WRITE.stub.12, name: RPTFILE, selected: true) 
2018-10-30 19:48:21,525 INFO  com.compuware.unittest.eclipse.resultchecker.JexlResultchecker - Finished checking 22 checkconditions. 0 error(s), 2 failure(s). 
2018-10-30 19:48:21,525 INFO  com.compuware.unittest.eclipse.resultchecker.JexlStubResultchecker - Checking checkconditions for: RPTFILE com.compuware.unittest.eclipse.core.model.xml.stub.impl.StubDataImpl@3d8d17a3 (callToken: <unset>, id: Unit%20Test/Stubs/CWKTDB2X_RPTFILE_WRITE.stub.13, name: RPTFILE, selected: true) 
2018-10-30 19:48:21,540 INFO  com.compuware.unittest.eclipse.resultchecker.JexlResultchecker - Finished checking 22 checkconditions. 0 error(s), 0 failure(s). 
2018-10-30 19:48:21,540 INFO  com.compuware.unittest.eclipse.resultchecker.JexlStubResultchecker - Checking checkconditions for: RPTFILE com.compuware.unittest.eclipse.core.model.xml.stub.impl.StubDataImpl@7f79edee (callToken: <unset>, id: Unit%20Test/Stubs/CWKTDB2X_RPTFILE_WRITE.stub.14, name: RPTFILE, selected: true) 
2018-10-30 19:48:21,540 INFO  com.compuware.unittest.eclipse.resultchecker.JexlResultchecker - Finished checking 22 checkconditions. 0 error(s), 0 failure(s). 
2018-10-30 19:48:21,540 INFO  com.compuware.unittest.eclipse.resultchecker.JexlStubResultchecker - Checking checkconditions for: RPTFILE com.compuware.unittest.eclipse.core.model.xml.stub.impl.StubDataImpl@49433c98 (callToken: <unset>, id: Unit%20Test/Stubs/CWKTDB2X_RPTFILE_WRITE.stub.15, name: RPTFILE, selected: true) 
2018-10-30 19:48:21,556 INFO  com.compuware.unittest.eclipse.resultchecker.JexlResultchecker - Finished checking 22 checkconditions. 0 error(s), 2 failure(s). 
2018-10-30 19:48:21,556 INFO  com.compuware.unittest.eclipse.resultchecker.JexlStubResultchecker - Checking checkconditions for: RPTFILE com.compuware.unittest.eclipse.core.model.xml.stub.impl.StubDataImpl@3bfae028 (callToken: <unset>, id: Unit%20Test/Stubs/CWKTDB2X_RPTFILE_WRITE.stub.16, name: RPTFILE, selected: true) 
2018-10-30 19:48:21,556 INFO  com.compuware.unittest.eclipse.resultchecker.JexlResultchecker - Finished checking 1 checkconditions. 0 error(s), 0 failure(s). 
2018-10-30 19:48:21,556 INFO  com.compuware.unittest.eclipse.resultchecker.JexlStubResultchecker - Checking checkconditions for: RPTFILE com.compuware.unittest.eclipse.core.model.xml.stub.impl.StubDataImpl@47829d6d (callToken: <unset>, id: Unit%20Test/Stubs/CWKTDB2X_RPTFILE_WRITE.stub.17, name: RPTFILE, selected: true) 
2018-10-30 19:48:21,556 INFO  com.compuware.unittest.eclipse.resultchecker.JexlResultchecker - Finished checking 4 checkconditions. 0 error(s), 1 failure(s). 
2018-10-30 19:48:21,556 INFO  com.compuware.unittest.eclipse.resultchecker.JexlStubResultchecker - Checking checkconditions for: Update com.compuware.unittest.eclipse.core.model.xml.stub.impl.StubDataImpl@43f03c23 (callToken: <unset>, id: Unit%20Test/Stubs/CWKTDB2X_EMPLOYEE_CURSOR_SQL.stub.2, name: Update, selected: true) 
2018-10-30 19:48:21,556 INFO  com.compuware.unittest.eclipse.resultchecker.JexlResultchecker - Finished checking 3 checkconditions. 0 error(s), 0 failure(s). 
2018-10-30 19:48:21,556 INFO  com.compuware.unittest.eclipse.resultchecker.JexlStubResultchecker - Checking checkconditions for: Update com.compuware.unittest.eclipse.core.model.xml.stub.impl.StubDataImpl@2921199d (callToken: <unset>, id: Unit%20Test/Stubs/CWKTDB2X_EMPLOYEE_CURSOR_SQL.stub.6, name: Update, selected: true) 
2018-10-30 19:48:21,556 INFO  com.compuware.unittest.eclipse.resultchecker.JexlResultchecker - Finished checking 3 checkconditions. 0 error(s), 0 failure(s). 
2018-10-30 19:48:21,556 INFO  com.compuware.unittest.eclipse.resultchecker.JexlStubResultchecker - Checking checkconditions for: Update com.compuware.unittest.eclipse.core.model.xml.stub.impl.StubDataImpl@7f13811b (callToken: <unset>, id: Unit%20Test/Stubs/CWKTDB2X_EMPLOYEE_CURSOR_SQL.stub.10, name: Update, selected: true) 
2018-10-30 19:48:21,556 INFO  com.compuware.unittest.eclipse.resultchecker.JexlResultchecker - Finished checking 3 checkconditions. 0 error(s), 0 failure(s). 
2018-10-30 19:48:21,556 INFO  com.compuware.unittest.eclipse.resultchecker.JexlStubResultchecker - Checking checkconditions for: Update com.compuware.unittest.eclipse.core.model.xml.stub.impl.StubDataImpl@78307a56 (callToken: <unset>, id: Unit%20Test/Stubs/CWKTDB2X_EMPLOYEE_CURSOR_SQL.stub.14, name: Update, selected: true) 
2018-10-30 19:48:21,556 INFO  com.compuware.unittest.eclipse.resultchecker.JexlResultchecker - Finished checking 3 checkconditions. 0 error(s), 1 failure(s). 
2018-10-30 19:48:21,556 INFO  com.compuware.unittest.eclipse.resultchecker.JexlStubResultchecker - Checking checkconditions for: Update com.compuware.unittest.eclipse.core.model.xml.stub.impl.StubDataImpl@23ad71bf (callToken: <unset>, id: Unit%20Test/Stubs/CWKTDB2X_EMPLOYEE_CURSOR_SQL.stub.18, name: Update, selected: true) 
2018-10-30 19:48:21,572 INFO  com.compuware.unittest.eclipse.resultchecker.JexlResultchecker - Finished checking 3 checkconditions. 0 error(s), 0 failure(s). 
2018-10-30 19:48:21,572 INFO  com.compuware.unittest.eclipse.resultchecker.JexlStubResultchecker - Checking checkconditions for: Update com.compuware.unittest.eclipse.core.model.xml.stub.impl.StubDataImpl@629a9f26 (callToken: <unset>, id: Unit%20Test/Stubs/CWKTDB2X_EMPLOYEE_CURSOR_SQL.stub.22, name: Update, selected: true) 
2018-10-30 19:48:21,572 INFO  com.compuware.unittest.eclipse.resultchecker.JexlResultchecker - Finished checking 3 checkconditions. 0 error(s), 1 failure(s). 
2018-10-30 19:48:21,572 INFO  com.compuware.unittest.eclipse.resultchecker.JexlStubResultchecker - Checking checkconditions for: Insert com.compuware.unittest.eclipse.core.model.xml.stub.impl.StubDataImpl@4391a2d8 (callToken: <unset>, id: Unit%20Test/Stubs/CWKTDB2X_Insert_1_SQL.stub.0, name: Insert, selected: true) 
2018-10-30 19:48:21,572 INFO  com.compuware.unittest.eclipse.resultchecker.JexlResultchecker - Finished checking 11 checkconditions. 0 error(s), 0 failure(s). 
2018-10-30 19:48:21,572 INFO  com.compuware.unittest.eclipse.resultchecker.JexlStubResultchecker - Checking checkconditions for: Update com.compuware.unittest.eclipse.core.model.xml.stub.impl.StubDataImpl@71e7adbb (callToken: <unset>, id: Unit%20Test/Stubs/CWKTDB2X_Update_1_SQL.stub.0, name: Update, selected: true) 
2018-10-30 19:48:21,572 INFO  com.compuware.unittest.eclipse.resultchecker.JexlResultchecker - Finished checking 4 checkconditions. 0 error(s), 0 failure(s). 
2018-10-30 19:48:21,572 INFO  com.compuware.unittest.eclipse.common.zadviser.ZAdviser - Sending zAdviser event: EXECUTION_RESULTS_TESTCASES(3410) 
2018-10-30 19:48:21,572 INFO  com.compuware.unittest.eclipse.common.zadviser.ZAdviser - Sending zAdviser event: EXECUTION_RESULTS(3400) 
2018-10-30 19:48:21,572 INFO  com.compuware.unittest.cli.resultchecker.ResultChecker - Saving archive to: C:\Program Files (x86)\Jenkins\workspace\AA_CARLOS_VICARI\CWKTDB2X_TTT_01\Unit Test\Output\Last Execution\CWKTDB2X_Scenario.archive 
2018-10-30 19:48:21,696 INFO  com.compuware.unittest.eclipse.common.output.ResultsUtilts - Saving Result report to: C:\Program Files (x86)\Jenkins\workspace\AA_CARLOS_VICARI\CWKTDB2X_TTT_01\Unit Test\Output\.results\CWKTDB2X_Scenario.result 
2018-10-30 19:48:21,728 INFO  com.compuware.unittest.eclipse.common.output.JUnitUtils - Saving JUnit report to: C:\Program Files (x86)\Jenkins\workspace\AA_CARLOS_VICARI\CWKTDB2X_TTT_01\Unit Test\Output\JUnit\CWKTDB2X_Scenario.xml 
2018-10-30 19:48:21,743 INFO  com.compuware.unittest.eclipse.common.output.SonarUtils - Saving Sonar report to: C:\Program Files (x86)\Jenkins\workspace\AA_CARLOS_VICARI\CWKTDB2X_TTT_01\Unit Test\Output\Sonar\CWKTDB2X_Scenario.xml 
2018-10-30 19:48:21,806 INFO  com.compuware.unittest.cli.resultchecker.ResultChecker - Saving report to: C:\Program Files (x86)\Jenkins\workspace\AA_CARLOS_VICARI\CWKTDB2X_TTT_01\Unit Test\Output\Reports\CWKTDB2X_Scenario.html 
2018-10-30 19:48:21,915 INFO  com.compuware.unittest.cli.run.TestRunner - Backing up archive 'C:\Program Files (x86)\Jenkins\workspace\AA_CARLOS_VICARI\CWKTDB2X_TTT_01\Unit Test\Output\Last Execution\CWKTDB2X_Scenario.archive' to 'C:\Program Files (x86)\Jenkins\workspace\AA_CARLOS_VICARI\CWKTDB2X_TTT_01\Unit Test\Output\History\CWKTDB2X_Scenario_20181030_194706.archive 
2018-10-30 19:48:21,915 INFO  com.compuware.unittest.cli.post.run.CopyJUnit - Copied JUnit file 'C:\Program Files (x86)\Jenkins\workspace\AA_CARLOS_VICARI\CWKTDB2X_TTT_01\Unit Test\Output\JUnit\CWKTDB2X_Scenario.xml' to directory 'C:\Program Files (x86)\Jenkins\workspace\AA_CARLOS_VICARI\TTTUnit'. 
2018-10-30 19:48:21,915 INFO  com.compuware.unittest.cli.post.run.CopySonar - Copied Sonar file 'C:\Program Files (x86)\Jenkins\workspace\AA_CARLOS_VICARI\CWKTDB2X_TTT_01\Unit Test\Output\Sonar\CWKTDB2X_Scenario.xml' to directory 'C:\Program Files (x86)\Jenkins\workspace\AA_CARLOS_VICARI\TTTSonar'. 
2018-10-30 19:48:21,915 INFO  com.compuware.unittest.cli.run.TestRunner - Deleted file: 'C:\Program Files (x86)\Jenkins\workspace\AA_CARLOS_VICARI\CWKTDB2X_TTT_01\Unit Test\.temp\CWKTDB2X_Scenario_20181030_194706.bininp'. 
2018-10-30 19:48:21,915 INFO  com.compuware.unittest.cli.run.TestRunner - Deleted file: 'C:\Program Files (x86)\Jenkins\workspace\AA_CARLOS_VICARI\CWKTDB2X_TTT_01\Unit Test\.temp\CWKTDB2X_Scenario_20181030_194706.binref'. 
2018-10-30 19:48:21,915 INFO  com.compuware.unittest.cli.run.TestRunner - Deleted file: 'C:\Program Files (x86)\Jenkins\workspace\AA_CARLOS_VICARI\CWKTDB2X_TTT_01\Unit Test\.temp\CWKTDB2X_Scenario_20181030_194706.binres'. 
2018-10-30 19:48:21,915 INFO  com.compuware.unittest.cli.transfer.Transfer - Processing 'delete' request with the following parameters. 
2018-10-30 19:48:21,915 INFO  com.compuware.unittest.cli.transfer.Transfer - Host: cwcc 
2018-10-30 19:48:21,915 INFO  com.compuware.unittest.cli.transfer.Transfer - Port: 16196 
2018-10-30 19:48:21,915 INFO  com.compuware.unittest.cli.transfer.Transfer - User: FBRCCV0 
2018-10-30 19:48:21,915 INFO  com.compuware.unittest.cli.transfer.Transfer - Password: <supplied by user> 
2018-10-30 19:48:21,915 INFO  com.compuware.unittest.cli.transfer.Transfer - Target encoding: 1047 
2018-10-30 19:48:22,282 INFO  com.compuware.unittest.eclipse.hostservices.ResourceUtilities - Deleted dataset 'FBRCCV0.TOTALTST.ID627654.BININP'. 
2018-10-30 19:48:22,632 INFO  com.compuware.unittest.eclipse.hostservices.ResourceUtilities - Deleted dataset 'FBRCCV0.TOTALTST.ID627654.BINREF'. 
2018-10-30 19:48:22,972 INFO  com.compuware.unittest.eclipse.hostservices.ResourceUtilities - Deleted dataset 'FBRCCV0.TOTALTST.ID627654.BINRES'. 
2018-10-30 19:48:22,972 INFO  com.compuware.unittest.cli.run.TestRunner - Deleted file: 'C:\Program Files (x86)\Jenkins\workspace\AA_CARLOS_VICARI\CWKTDB2X_TTT_01\Unit Test\.temp\CWKTDB2X_Scenario.testsuite'. 
2018-10-30 19:48:22,972 INFO  com.compuware.unittest.cli.run.TestRunner -  
2018-10-30 19:48:22,972 INFO  com.compuware.unittest.cli.run.TestRunner - **************** End processing: CWKTDB2X_Scenario.testscenario **************** 
2018-10-30 19:48:22,972 INFO  com.compuware.unittest.eclipse.hostservices.HostUtilities - Disconnected from host: 'cwcc:16196 
2018-10-30 19:48:22,972 INFO  com.compuware.unittest.cli.run.TestRunner - Removed all files in directory: C:\Program Files (x86)\Jenkins\workspace\AA_CARLOS_VICARI\TopazCliWkspc\HostServices 
2018-10-30 19:48:22,987 DEBUG com.compuware.zadviser.communications.api.impl.ZAdviserCommunicationServices - publishEvents - starting 
2018-10-30 19:48:22,987 INFO  com.compuware.zadviser.communications.api.impl.eventqueue.h2.H2EventQueue - Created connection to H2 for zAdviser: jdbc:h2:file:C:/Program Files (x86)/Jenkins/workspace/AA_CARLOS_VICARI/TopazCliWkspc//zadviser/zadviser 
2018-10-30 19:48:23,315 INFO  com.compuware.zadviser.communications.api.impl.eventqueue.h2.H2EventQueue - Flushing 3 zAdviser events... 
2018-10-30 19:48:23,315 DEBUG com.compuware.zadviser.communications.api.impl.eventqueue.processor.hci.HCIEventProcessor - Connecting to an HCI to process zAdviser events... 
2018-10-30 19:48:23,472 DEBUG com.compuware.zadviser.communications.api.impl.eventqueue.processor.hci.HCIEventProcessor - Processing zAdviser events... 
2018-10-30 19:48:23,643 INFO  com.compuware.zadviser.communications.api.impl.eventqueue.h2.H2EventQueue - Flushed 3 zAdviser events. 
2018-10-30 19:48:23,659 INFO  com.compuware.zadviser.communications.api.impl.eventqueue.h2.H2EventQueue - zAdviser flush failure count reset to 0. 
2018-10-30 19:48:26,003 INFO  com.compuware.unittest.cli.TotalTestCLI - TotalTestCLI return code: 0 
2018-10-31 10:24:02,282 INFO  com.compuware.unittest.cli.TotalTestCLI -  
2018-10-31 10:24:02,313 INFO  com.compuware.unittest.cli.TotalTestCLI - Topaz for Total Test Command Line Interface (CLI) 19.2.1.v20180920-0235_707 
2018-10-31 10:24:02,657 INFO  com.compuware.unittest.cli.TotalTestCLI - Validating project directory: C:\Program Files (x86)\Jenkins\workspace\AA_CARLOS_VICARI\CWKTDB2X_TTT_01 
2018-10-31 10:24:02,673 INFO  com.compuware.unittest.eclipse.common.util.UtilityFunctions - Found files 49 from project 'C:\Program Files (x86)\Jenkins\workspace\AA_CARLOS_VICARI\CWKTDB2X_TTT_01' with extension 'listructure' 
2018-10-31 10:24:02,673 INFO  com.compuware.unittest.eclipse.common.util.UtilityFunctions - Found files 19 from project 'C:\Program Files (x86)\Jenkins\workspace\AA_CARLOS_VICARI\CWKTDB2X_TTT_01' with extension 'interface' 
2018-10-31 10:24:02,673 INFO  com.compuware.unittest.eclipse.common.util.UtilityFunctions - Found files 8 from project 'C:\Program Files (x86)\Jenkins\workspace\AA_CARLOS_VICARI\CWKTDB2X_TTT_01' with extension 'stub' 
2018-10-31 10:24:02,673 INFO  com.compuware.unittest.eclipse.common.util.UtilityFunctions - Found files 1 from project 'C:\Program Files (x86)\Jenkins\workspace\AA_CARLOS_VICARI\CWKTDB2X_TTT_01' with extension 'testscenario' 
2018-10-31 10:24:02,688 INFO  com.compuware.unittest.cli.run.TestRunner - Removed all files in directory: C:\Program Files (x86)\Jenkins\workspace\AA_CARLOS_VICARI\TopazCliWkspc\HostServices 
2018-10-31 10:24:02,782 INFO  com.compuware.unittest.eclipse.common.util.ProjectUtilities - Loaded properties file 'C:\Program Files (x86)\Jenkins\workspace\AA_CARLOS_VICARI\CWKTDB2X_TTT_01\Unit Test\Project.properties' 
2018-10-31 10:24:03,548 INFO  com.compuware.unittest.cli.run.TestRunner - **************** Start processing: CWKTDB2X_Scenario.testscenario **************** 
2018-10-31 10:24:03,548 INFO  com.compuware.unittest.cli.run.TestRunner -  
2018-10-31 10:24:03,548 INFO  com.compuware.unittest.cli.zos.builder.Builder - Processing 'builder' request with the following parameters. 
2018-10-31 10:24:03,548 INFO  com.compuware.unittest.cli.zos.builder.Builder - Project folder: C:\Program Files (x86)\Jenkins\workspace\AA_CARLOS_VICARI\CWKTDB2X_TTT_01 
2018-10-31 10:24:03,548 INFO  com.compuware.unittest.cli.zos.builder.Builder - Archive file: C:\Program Files (x86)\Jenkins\workspace\AA_CARLOS_VICARI\CWKTDB2X_TTT_01\Unit Test\Output\Last Execution\CWKTDB2X_Scenario.archive 
2018-10-31 10:24:03,548 INFO  com.compuware.unittest.cli.zos.builder.Builder - Binary input file: C:\Program Files (x86)\Jenkins\workspace\AA_CARLOS_VICARI\CWKTDB2X_TTT_01\Unit Test\.temp\CWKTDB2X_Scenario_20181031_102403.bininp 
2018-10-31 10:24:03,548 INFO  com.compuware.unittest.cli.zos.builder.Builder - Binary reference file: C:\Program Files (x86)\Jenkins\workspace\AA_CARLOS_VICARI\CWKTDB2X_TTT_01\Unit Test\.temp\CWKTDB2X_Scenario_20181031_102403.binref 
2018-10-31 10:24:03,548 INFO  com.compuware.unittest.cli.zos.builder.Builder - Target encoding: 1047 
2018-10-31 10:24:03,548 INFO  com.compuware.unittest.cli.zos.builder.Builder - Building archive from testsuite: file:/C:/Program%20Files%20(x86)/Jenkins/workspace/AA_CARLOS_VICARI/CWKTDB2X_TTT_01/Unit%20Test/.temp/CWKTDB2X_Scenario.testsuite 
2018-10-31 10:24:05,141 INFO  com.compuware.unittest.cli.zos.builder.Builder - Saving archive to: file:/C:/Program%20Files%20(x86)/Jenkins/workspace/AA_CARLOS_VICARI/CWKTDB2X_TTT_01/Unit%20Test/Output/Last%20Execution/CWKTDB2X_Scenario.archive 
2018-10-31 10:24:05,516 INFO  com.compuware.unittest.cli.zos.builder.Builder - Building binary. Saving binary input to C:\Program Files (x86)\Jenkins\workspace\AA_CARLOS_VICARI\CWKTDB2X_TTT_01\Unit Test\.temp\CWKTDB2X_Scenario_20181031_102403.bininp. 
2018-10-31 10:24:05,532 INFO  com.compuware.unittest.cli.zos.builder.Builder - Building binary. Saving binary reference to C:\Program Files (x86)\Jenkins\workspace\AA_CARLOS_VICARI\CWKTDB2X_TTT_01\Unit Test\.temp\CWKTDB2X_Scenario_20181031_102403.binref. 
2018-10-31 10:24:05,688 INFO  com.compuware.unittest.cli.transfer.Transfer - Processing 'upload' request with the following parameters. 
2018-10-31 10:24:05,688 INFO  com.compuware.unittest.cli.transfer.Transfer - Host: cwcc 
2018-10-31 10:24:05,688 INFO  com.compuware.unittest.cli.transfer.Transfer - Port: 16196 
2018-10-31 10:24:05,688 INFO  com.compuware.unittest.cli.transfer.Transfer - User: FBRCCV0 
2018-10-31 10:24:05,688 INFO  com.compuware.unittest.cli.transfer.Transfer - Password: <supplied by user> 
2018-10-31 10:24:05,688 INFO  com.compuware.unittest.cli.transfer.Transfer - Target encoding: 1047 
2018-10-31 10:24:05,688 INFO  com.compuware.unittest.cli.transfer.Transfer - Binary input file 'C:\Program Files (x86)\Jenkins\workspace\AA_CARLOS_VICARI\CWKTDB2X_TTT_01\Unit Test\.temp\CWKTDB2X_Scenario_20181031_102403.bininp' will be upload to the manframe. 
2018-10-31 10:24:05,688 INFO  com.compuware.unittest.cli.transfer.Transfer - Binary reference file 'C:\Program Files (x86)\Jenkins\workspace\AA_CARLOS_VICARI\CWKTDB2X_TTT_01\Unit Test\.temp\CWKTDB2X_Scenario_20181031_102403.binref' will be upload to the manframe. 
2018-10-31 10:24:05,688 INFO  com.compuware.unittest.cli.transfer.internal.UploadFiles - Start upload of binary files. 
2018-10-31 10:24:06,579 INFO  com.compuware.unittest.eclipse.hostservices.HostUtilities - Creating host connection for host cwcc:16196 
2018-10-31 10:24:12,244 INFO  com.compuware.unittest.eclipse.hostservices.HostUtilities - Creating host credentials for FBRCCV0 
2018-10-31 10:24:13,815 INFO  com.compuware.unittest.eclipse.hostservices.HostUtilities - Successfully conected to cwcc:16196. 
2018-10-31 10:24:13,815 INFO  com.compuware.unittest.eclipse.hostservices.HostUtilities - Connected FBRCCV0 to host cwcc:16196 
2018-10-31 10:24:13,830 INFO  com.compuware.unittest.cli.transfer.internal.UploadFiles - Uploading binary input data to dataset 'FBRCCV0.TOTALTST.ID245688.BININP.' 
2018-10-31 10:24:13,830 INFO  com.compuware.unittest.eclipse.common.util.ProjectUtilities - Loaded properties file 'C:\Program Files (x86)\Jenkins\workspace\AA_CARLOS_VICARI\CWKTDB2X_TTT_01\Unit Test\Project.properties' 
2018-10-31 10:24:13,830 INFO  com.compuware.unittest.eclipse.common.util.ProjectUtilities - Loaded properties file 'C:\Program Files (x86)\Jenkins\workspace\AA_CARLOS_VICARI\CWKTDB2X_TTT_01\Unit Test\Project.properties' 
2018-10-31 10:24:14,457 INFO  com.compuware.unittest.eclipse.hostservices.ResourceUtilities - Allocated dataset 'FBRCCV0.TOTALTST.ID245688.BININP' PRIMARY=69 SECONDARY=14 
2018-10-31 10:25:11,364 INFO  com.compuware.unittest.eclipse.hostservices.ResourceUtilities - Successfully wrote 1400832 bytes to dataset.FBRCCV0.TOTALTST.ID245688.BININP 
2018-10-31 10:25:11,364 INFO  com.compuware.unittest.cli.transfer.internal.UploadFiles - Uploading binary reference data to dataset 'FBRCCV0.TOTALTST.ID245688.BININP.' 
2018-10-31 10:25:11,882 INFO  com.compuware.unittest.eclipse.hostservices.ResourceUtilities - Allocated dataset 'FBRCCV0.TOTALTST.ID245688.BINREF' PRIMARY=1 SECONDARY=1 
2018-10-31 10:25:12,039 INFO  com.compuware.unittest.cli.transfer.internal.UploadFiles - Allocating binary result dataset 'FBRCCV0.TOTALTST.ID245688.BININP.' 
2018-10-31 10:25:12,039 INFO  com.compuware.unittest.eclipse.common.util.ProjectUtilities - Loaded properties file 'C:\Program Files (x86)\Jenkins\workspace\AA_CARLOS_VICARI\CWKTDB2X_TTT_01\Unit Test\Project.properties' 
2018-10-31 10:25:12,543 INFO  com.compuware.unittest.eclipse.hostservices.ResourceUtilities - Allocated dataset 'FBRCCV0.TOTALTST.ID245688.BINRES' PRIMARY=500 SECONDARY=200 
2018-10-31 10:25:12,543 INFO  com.compuware.unittest.cli.transfer.internal.UploadFiles - Successfully uploaded files. 
2018-10-31 10:25:12,543 INFO  com.compuware.unittest.cli.submit.Submit - Processing 'submit' request with the following parameters. 
2018-10-31 10:25:12,543 INFO  com.compuware.unittest.cli.submit.Submit - Host: cwcc 
2018-10-31 10:25:12,543 INFO  com.compuware.unittest.cli.submit.Submit - Port: 16196 
2018-10-31 10:25:12,543 INFO  com.compuware.unittest.cli.submit.Submit - User: FBRCCV0 
2018-10-31 10:25:12,543 INFO  com.compuware.unittest.cli.submit.Submit - Password: <supplied by user> 
2018-10-31 10:25:12,543 INFO  com.compuware.unittest.cli.submit.Submit - Target encoding: 1047 
2018-10-31 10:25:12,543 INFO  com.compuware.unittest.cli.submit.Submit - Wait for job completion: true 
2018-10-31 10:25:12,543 INFO  com.compuware.unittest.cli.submit.Submit - Minutes to wait for job completion: 20 
2018-10-31 10:25:12,543 INFO  com.compuware.unittest.cli.submit.Submit - JCL will be submitted from local file: C:\Program Files (x86)\Jenkins\workspace\AA_CARLOS_VICARI\CWKTDB2X_TTT_01\Unit Test\JCL\RunnerDB2.jcl 
2018-10-31 10:25:12,543 INFO  com.compuware.unittest.cli.submit.Submit - ${TOTALTEST_BININP} replacement value: FBRCCV0.TOTALTST.ID245688.BININP 
2018-10-31 10:25:12,543 INFO  com.compuware.unittest.cli.submit.Submit - ${TOTALTEST_BINREF} replacement value: FBRCCV0.TOTALTST.ID245688.BINREF 
2018-10-31 10:25:12,543 INFO  com.compuware.unittest.cli.submit.Submit - ${TOTALTEST_BINRES} replacement value: FBRCCV0.TOTALTST.ID245688.BINRES 
2018-10-31 10:25:12,543 INFO  com.compuware.unittest.cli.submit.Submit - Code Coverage Repository: FBRCCV0.DEMO.CC.REPOSIT 
2018-10-31 10:25:12,543 INFO  com.compuware.unittest.cli.submit.Submit - Code Coverage System: CWKTDB2X_TTT_01 
2018-10-31 10:25:12,543 INFO  com.compuware.unittest.cli.submit.Submit - Code Coverage test id: #45 
2018-10-31 10:25:12,543 INFO  com.compuware.unittest.cli.submit.Submit - Code Coverage is for a program running TotalTest(TTTRUNNR) 
2018-10-31 10:25:12,543 INFO  com.compuware.unittest.cli.submit.Submit - Code Coverage clear statistics: true 
2018-10-31 10:25:12,543 INFO  com.compuware.unittest.cli.submit.Submit - Use stubs: true 
2018-10-31 10:25:12,543 INFO  com.compuware.unittest.cli.submit.Submit - Number of time to repeat test: 0 
2018-10-31 10:25:12,543 INFO  com.compuware.unittest.cli.submit.Submit - Job card file: C:\Program Files (x86)\Jenkins\workspace\AA_CARLOS_VICARI\CWKTDB2X_TTT_01\Unit Test\JCL\JobCard.jcl 
2018-10-31 10:25:13,609 INFO  com.compuware.unittest.eclipse.common.util.ProjectUtilities - Loaded properties file 'C:\Program Files (x86)\Jenkins\workspace\AA_CARLOS_VICARI\CWKTDB2X_TTT_01\Unit Test\Project.properties' 
2018-10-31 10:25:13,609 WARN  com.compuware.unittest.eclipse.common.util.CodeCoverage - Main program is 'IKJEFT01' and user specified Code Coverage program was 'TOTALTEST'. Setting Code Coverage for DB2. 
2018-10-31 10:25:13,609 INFO  com.compuware.unittest.mainframe.commands.internal.TTTCommands - Deleting user statistics in repository=FBRCCV0.DEMO.CC.REPOSIT. SYSTEM=CWKTDB2X_TTT_01, TESTID=#45 USERID=FBRCCV0 
2018-10-31 10:25:14,488 DEBUG com.compuware.unittest.mainframe.commands.internal.TTTCommands - Created MBF record for DB2(IKJEFT01) as main program. JOB CVRUNTTT Step: RUNBD2 
2018-10-31 10:25:14,488 INFO  com.compuware.unittest.eclipse.hostservices.MBFUtilities - Created MBF record for DB2(IKJEFT01) as main program. JOB CVRUNTTT Step: RUNBD2 
2018-10-31 10:25:14,488 INFO  com.compuware.unittest.eclipse.hostservices.JESUtilities - Added notification listener: com.compuware.unittest.eclipse.hostservices.JESUtilities 
2018-10-31 10:25:14,707 INFO  com.compuware.unittest.eclipse.hostservices.JESUtilities - Submitted JCL - JOB CVRUNTTT(J0651368) 
2018-10-31 10:25:14,885 INFO  com.compuware.unittest.eclipse.common.zadviser.ZAdviser - Sending zAdviser event: EXECUTION(3200) 
2018-10-31 10:25:15,233 INFO  com.compuware.zadviser.communications.api.impl.eventqueue.h2.H2EventQueue - Created connection to H2 for zAdviser: jdbc:h2:file:C:/Program Files (x86)/Jenkins/workspace/AA_CARLOS_VICARI/TopazCliWkspc//zadviser/zadviser 
2018-10-31 10:25:15,342 INFO  com.compuware.zadviser.communications.api.impl.eventqueue.h2.H2EventQueue - Created connection to H2 for zAdviser: jdbc:h2:file:C:/Program Files (x86)/Jenkins/workspace/AA_CARLOS_VICARI/TopazCliWkspc//zadviser/zadviser 
2018-10-31 10:25:15,686 INFO  com.compuware.zadviser.communications.api.impl.eventqueue.h2.H2EventQueue - Flushing 0 zAdviser events... 
2018-10-31 10:25:15,686 INFO  com.compuware.zadviser.communications.api.impl.eventqueue.h2.H2EventQueue - Flushed 0 zAdviser events. 
2018-10-31 10:25:15,686 INFO  com.compuware.zadviser.communications.api.impl.eventqueue.h2.H2EventQueue - zAdviser flush failure count reset to 0. 
2018-10-31 10:25:15,853 INFO  com.compuware.unittest.eclipse.hostservices.JESUtilities - Waiting for job CVRUNTTT(J0651368) to complete. 
2018-10-31 10:25:17,608 INFO  com.compuware.unittest.eclipse.hostservices.JESUtilities - Processing HostServices event HCI_NOTIFY_EVENT 
2018-10-31 10:25:17,608 INFO  com.compuware.unittest.eclipse.hostservices.JESUtilities - Notification message: 09:25:31 J0651368 HASP165 CVRUNTTT ENDED AT CWCC  MAXCC=0000 
2018-10-31 10:25:18,312 DEBUG com.compuware.unittest.mainframe.commands.internal.TTTCommands - Deleted MBF record for: JOB CVRUNTTT Step: RUNBD2 Program: TTTRUNNR 
2018-10-31 10:25:18,312 INFO  com.compuware.unittest.eclipse.hostservices.MBFUtilities - Deleted MBF record for: JOB CVRUNTTT Step: RUNBD2 Program: TTTRUNNR 
2018-10-31 10:25:18,663 INFO  com.compuware.unittest.eclipse.hostservices.JESUtilities -  
2018-10-31 10:25:18,663 INFO  com.compuware.unittest.eclipse.hostservices.JESUtilities - ***************** Output from TTTRUNNR ***************** 
2018-10-31 10:25:18,663 INFO  com.compuware.unittest.eclipse.hostservices.JESUtilities -  
2018-10-31 10:25:18,663 INFO  com.compuware.unittest.eclipse.hostservices.JESUtilities -  CEE3740I The following messages pertain to the system default run-time options. 
2018-10-31 10:25:18,663 INFO  com.compuware.unittest.eclipse.hostservices.JESUtilities -  CEE3768I The system default for the run-time option DEBUG could not be overridden. 
2018-10-31 10:25:18,663 INFO  com.compuware.unittest.eclipse.hostservices.JESUtilities -  CEE3768I The system default for the run-time option TEST could not be overridden. 
2018-10-31 10:25:18,663 INFO  com.compuware.unittest.eclipse.hostservices.JESUtilities -  CEE3608I The following messages pertain to the invocation command run-time options. 
2018-10-31 10:25:18,663 INFO  com.compuware.unittest.eclipse.hostservices.JESUtilities -  CEE3613I The run-time option NOSTAE appeared in the options string. 
2018-10-31 10:25:18,663 INFO  com.compuware.unittest.eclipse.hostservices.JESUtilities -  CEE3631I One or more settings of the run-time options STAE or SPIE were mapped to TRAP. 
2018-10-31 10:25:18,663 INFO  com.compuware.unittest.eclipse.hostservices.JESUtilities -  STTR043I Initializing simulation environment for: COBOL V4 
2018-10-31 10:25:18,663 INFO  com.compuware.unittest.eclipse.hostservices.JESUtilities -  STTR043I Initializing simulation environment for: COBOL V5 
2018-10-31 10:25:18,663 INFO  com.compuware.unittest.eclipse.hostservices.JESUtilities -  STTR011I totaltest zTargetRunner v170200 on 2018-10-31 09:25.29�������������������������������������� 
2018-10-31 10:25:18,663 INFO  com.compuware.unittest.eclipse.hostservices.JESUtilities -  STTR012I Options set to EXIT(),STUBS(ON),REPEAT(0),ARGTYPE(��������) 
2018-10-31 10:25:18,663 INFO  com.compuware.unittest.eclipse.hostservices.JESUtilities -  STTR013I Processing test suite Unit Tes 
2018-10-31 10:25:18,663 INFO  com.compuware.unittest.eclipse.hostservices.JESUtilities -  STTR014I Processing test scenario CWKTDB2X 
2018-10-31 10:25:18,663 INFO  com.compuware.unittest.eclipse.hostservices.JESUtilities -  STTR028I Processing test case CWKTDB2X 
2018-10-31 10:25:18,663 INFO  com.compuware.unittest.eclipse.hostservices.JESUtilities -  STTR006I Executing target CWKTDB2X 
2018-10-31 10:25:18,663 INFO  com.compuware.unittest.eclipse.hostservices.JESUtilities -  STTR008I All targets successfully executed 
2018-10-31 10:25:20,555 INFO  com.compuware.unittest.cli.transfer.Transfer - Processing 'download' request with the following parameters. 
2018-10-31 10:25:20,555 INFO  com.compuware.unittest.cli.transfer.Transfer - Host: cwcc 
2018-10-31 10:25:20,555 INFO  com.compuware.unittest.cli.transfer.Transfer - Port: 16196 
2018-10-31 10:25:20,555 INFO  com.compuware.unittest.cli.transfer.Transfer - User: FBRCCV0 
2018-10-31 10:25:20,555 INFO  com.compuware.unittest.cli.transfer.Transfer - Password: <supplied by user> 
2018-10-31 10:25:20,555 INFO  com.compuware.unittest.cli.transfer.Transfer - Target encoding: 1047 
2018-10-31 10:25:20,555 INFO  com.compuware.unittest.cli.transfer.Transfer - Binary result from mainframe dataset will be written to local file: C:\Program Files (x86)\Jenkins\workspace\AA_CARLOS_VICARI\CWKTDB2X_TTT_01\Unit Test\.temp\CWKTDB2X_Scenario_20181031_102403.binres 
2018-10-31 10:25:20,555 INFO  com.compuware.unittest.cli.transfer.Transfer - Binary result will be downloaded from: FBRCCV0.TOTALTST.ID245688.BINRES 
2018-10-31 10:25:20,555 INFO  com.compuware.unittest.cli.transfer.internal.DownloadFiles - Start download of binary result data from dataset 'FBRCCV0.TOTALTST.ID245688.BINRES' to file 'C:\Program Files (x86)\Jenkins\workspace\AA_CARLOS_VICARI\CWKTDB2X_TTT_01\Unit Test\.temp\CWKTDB2X_Scenario_20181031_102403.binres'. 
2018-10-31 10:25:20,571 INFO  com.compuware.unittest.cli.transfer.internal.DownloadFiles - Download binary result data from dataset 'FBRCCV0.TOTALTST.ID245688.BINRES'. 
2018-10-31 10:25:21,902 INFO  com.compuware.unittest.cli.transfer.internal.DownloadFiles - Successfully downloaded binary result data from dataset 'FBRCCV0.TOTALTST.ID245688.BINRES' to file 'C:\Program Files (x86)\Jenkins\workspace\AA_CARLOS_VICARI\CWKTDB2X_TTT_01\Unit Test\.temp\CWKTDB2X_Scenario_20181031_102403.binres'. 
2018-10-31 10:25:21,902 INFO  com.compuware.unittest.cli.zos.parser.Parser - Processing 'parser' request with the following parameters. 
2018-10-31 10:25:21,902 INFO  com.compuware.unittest.cli.zos.parser.Parser - Archive file: C:\Program Files (x86)\Jenkins\workspace\AA_CARLOS_VICARI\CWKTDB2X_TTT_01\Unit Test\Output\Last Execution\CWKTDB2X_Scenario.archive 
2018-10-31 10:25:21,902 INFO  com.compuware.unittest.cli.zos.parser.Parser - Binary result file: C:\Program Files (x86)\Jenkins\workspace\AA_CARLOS_VICARI\CWKTDB2X_TTT_01\Unit Test\.temp\CWKTDB2X_Scenario_20181031_102403.binres 
2018-10-31 10:25:21,902 INFO  com.compuware.unittest.cli.zos.parser.Parser - Target encoding: 1047 
2018-10-31 10:25:21,902 INFO  com.compuware.unittest.eclipse.common.util.ProjectUtilities - Loaded properties file 'C:\Program Files (x86)\Jenkins\workspace\AA_CARLOS_VICARI\CWKTDB2X_TTT_01\Unit Test\Project.properties' 
2018-10-31 10:25:21,902 INFO  com.compuware.unittest.cli.zos.parser.Parser - Parsing binary output C:\Program Files (x86)\Jenkins\workspace\AA_CARLOS_VICARI\CWKTDB2X_TTT_01\Unit Test\.temp\CWKTDB2X_Scenario_20181031_102403.binres into archive file:/C:/Program%20Files%20(x86)/Jenkins/workspace/AA_CARLOS_VICARI/CWKTDB2X_TTT_01/Unit%20Test/Output/Last%20Execution/CWKTDB2X_Scenario.archive 
2018-10-31 10:25:21,995 WARN  com.compuware.unittest.eclipse.builderparser.converter.parser.BinaryParser - Unknown version: totaltest zTargetRunner v170200  .2018091307484653-0400 on 2018-10-31 09:25.29 
2018-10-31 10:25:22,245 INFO  com.compuware.unittest.eclipse.common.util.ProjectUtilities - Loaded properties file 'C:\Program Files (x86)\Jenkins\workspace\AA_CARLOS_VICARI\CWKTDB2X_TTT_01\Unit Test\Project.properties' 
2018-10-31 10:25:22,245 INFO  com.compuware.unittest.cli.resultchecker.ResultChecker - Processing 'resultchecker' request with the following parameters. 
2018-10-31 10:25:22,245 INFO  com.compuware.unittest.cli.resultchecker.ResultChecker - Project Folder: C:\Program Files (x86)\Jenkins\workspace\AA_CARLOS_VICARI\CWKTDB2X_TTT_01 
2018-10-31 10:25:22,245 INFO  com.compuware.unittest.cli.resultchecker.ResultChecker - Archive file: C:\Program Files (x86)\Jenkins\workspace\AA_CARLOS_VICARI\CWKTDB2X_TTT_01\Unit Test\Output\Last Execution\CWKTDB2X_Scenario.archive 
2018-10-31 10:25:22,245 INFO  com.compuware.unittest.cli.resultchecker.ResultChecker - Output Archive file: C:\Program Files (x86)\Jenkins\workspace\AA_CARLOS_VICARI\CWKTDB2X_TTT_01\Unit Test\Output\Last Execution\CWKTDB2X_Scenario.archive 
2018-10-31 10:25:22,245 INFO  com.compuware.unittest.cli.resultchecker.ResultChecker - Result file: C:\Program Files (x86)\Jenkins\workspace\AA_CARLOS_VICARI\CWKTDB2X_TTT_01\Unit Test\Output\.results\CWKTDB2X_Scenario.result 
2018-10-31 10:25:22,245 INFO  com.compuware.unittest.cli.resultchecker.ResultChecker - Report file: C:\Program Files (x86)\Jenkins\workspace\AA_CARLOS_VICARI\CWKTDB2X_TTT_01\Unit Test\Output\Reports\CWKTDB2X_Scenario.html 
2018-10-31 10:25:22,245 INFO  com.compuware.unittest.cli.resultchecker.ResultChecker - JUnit file: C:\Program Files (x86)\Jenkins\workspace\AA_CARLOS_VICARI\CWKTDB2X_TTT_01\Unit Test\Output\JUnit\CWKTDB2X_Scenario.xml 
2018-10-31 10:25:22,245 INFO  com.compuware.unittest.cli.resultchecker.ResultChecker - Target encoding: 1047 
2018-10-31 10:25:22,245 INFO  com.compuware.unittest.cli.resultchecker.ResultChecker - File encoding: UTF-8 
2018-10-31 10:25:22,245 INFO  com.compuware.unittest.cli.resultchecker.ResultChecker - Loading archive from: file:/C:/Program%20Files%20(x86)/Jenkins/workspace/AA_CARLOS_VICARI/CWKTDB2X_TTT_01/Unit%20Test/Output/Last%20Execution/CWKTDB2X_Scenario.archive 
2018-10-31 10:25:22,323 INFO  com.compuware.unittest.cli.resultchecker.ResultChecker - Computing results. 
2018-10-31 10:25:22,433 INFO  com.compuware.unittest.eclipse.resultchecker.JexlStubResultchecker - Checking checkconditions for: CWKTDATE com.compuware.unittest.eclipse.core.model.xml.stub.impl.StubDataImpl@67bb4dcd (callToken: <unset>, id: Unit%20Test/Stubs/CWKTDB2X_CWKTDATE.stub.0, name: CWKTDATE, selected: true) 
2018-10-31 10:25:22,448 INFO  com.compuware.unittest.eclipse.resultchecker.JexlResultchecker - Finished checking 3 checkconditions. 0 error(s), 1 failure(s). 
2018-10-31 10:25:22,448 INFO  com.compuware.unittest.eclipse.resultchecker.JexlStubResultchecker - Checking checkconditions for: CWKTDATE com.compuware.unittest.eclipse.core.model.xml.stub.impl.StubDataImpl@5c53f292 (callToken: <unset>, id: Unit%20Test/Stubs/CWKTDB2X_CWKTDATE.stub.1, name: CWKTDATE, selected: true) 
2018-10-31 10:25:22,464 INFO  com.compuware.unittest.eclipse.resultchecker.JexlResultchecker - Finished checking 6 checkconditions. 0 error(s), 0 failure(s). 
2018-10-31 10:25:22,464 INFO  com.compuware.unittest.eclipse.resultchecker.JexlStubResultchecker - Checking checkconditions for: CWKTDATE com.compuware.unittest.eclipse.core.model.xml.stub.impl.StubDataImpl@41f4039e (callToken: <unset>, id: Unit%20Test/Stubs/CWKTDB2X_CWKTDATE.stub.2, name: CWKTDATE, selected: true) 
2018-10-31 10:25:22,464 INFO  com.compuware.unittest.eclipse.resultchecker.JexlResultchecker - Finished checking 6 checkconditions. 0 error(s), 0 failure(s). 
2018-10-31 10:25:22,464 INFO  com.compuware.unittest.eclipse.resultchecker.JexlStubResultchecker - Checking checkconditions for: CWKTDATE com.compuware.unittest.eclipse.core.model.xml.stub.impl.StubDataImpl@603cabc4 (callToken: <unset>, id: Unit%20Test/Stubs/CWKTDB2X_CWKTDATE.stub.3, name: CWKTDATE, selected: true) 
2018-10-31 10:25:22,480 INFO  com.compuware.unittest.eclipse.resultchecker.JexlResultchecker - Finished checking 6 checkconditions. 0 error(s), 0 failure(s). 
2018-10-31 10:25:22,480 INFO  com.compuware.unittest.eclipse.resultchecker.JexlStubResultchecker - Checking checkconditions for: CWKTDATE com.compuware.unittest.eclipse.core.model.xml.stub.impl.StubDataImpl@6f347d7 (callToken: <unset>, id: Unit%20Test/Stubs/CWKTDB2X_CWKTDATE.stub.4, name: CWKTDATE, selected: true) 
2018-10-31 10:25:22,480 INFO  com.compuware.unittest.eclipse.resultchecker.JexlResultchecker - Finished checking 6 checkconditions. 0 error(s), 0 failure(s). 
2018-10-31 10:25:22,480 INFO  com.compuware.unittest.eclipse.resultchecker.JexlStubResultchecker - Checking checkconditions for: CWKTDATE com.compuware.unittest.eclipse.core.model.xml.stub.impl.StubDataImpl@5c134052 (callToken: <unset>, id: Unit%20Test/Stubs/CWKTDB2X_CWKTDATE.stub.5, name: CWKTDATE, selected: true) 
2018-10-31 10:25:22,480 INFO  com.compuware.unittest.eclipse.resultchecker.JexlResultchecker - Finished checking 6 checkconditions. 0 error(s), 0 failure(s). 
2018-10-31 10:25:22,480 INFO  com.compuware.unittest.eclipse.resultchecker.JexlStubResultchecker - Checking checkconditions for: CWKTDATE com.compuware.unittest.eclipse.core.model.xml.stub.impl.StubDataImpl@750f64fe (callToken: <unset>, id: Unit%20Test/Stubs/CWKTDB2X_CWKTDATE.stub.6, name: CWKTDATE, selected: true) 
2018-10-31 10:25:22,480 INFO  com.compuware.unittest.eclipse.resultchecker.JexlResultchecker - Finished checking 6 checkconditions. 0 error(s), 0 failure(s). 
2018-10-31 10:25:22,495 INFO  com.compuware.unittest.eclipse.resultchecker.JexlStubResultchecker - Checking checkconditions for: CWKTDATE com.compuware.unittest.eclipse.core.model.xml.stub.impl.StubDataImpl@4fc165f6 (callToken: <unset>, id: Unit%20Test/Stubs/CWKTDB2X_CWKTDATE.stub.7, name: CWKTDATE, selected: true) 
2018-10-31 10:25:22,495 INFO  com.compuware.unittest.eclipse.resultchecker.JexlResultchecker - Finished checking 6 checkconditions. 0 error(s), 0 failure(s). 
2018-10-31 10:25:22,495 INFO  com.compuware.unittest.eclipse.resultchecker.JexlStubResultchecker - Checking checkconditions for: RPTFILE com.compuware.unittest.eclipse.core.model.xml.stub.impl.StubDataImpl@5a7df831 (callToken: <unset>, id: Unit%20Test/Stubs/CWKTDB2X_RPTFILE_WRITE.stub.0, name: RPTFILE, selected: true) 
2018-10-31 10:25:22,495 INFO  com.compuware.unittest.eclipse.resultchecker.JexlResultchecker - Finished checking 1 checkconditions. 0 error(s), 0 failure(s). 
2018-10-31 10:25:22,495 INFO  com.compuware.unittest.eclipse.resultchecker.JexlStubResultchecker - Checking checkconditions for: RPTFILE com.compuware.unittest.eclipse.core.model.xml.stub.impl.StubDataImpl@22d7fd41 (callToken: <unset>, id: Unit%20Test/Stubs/CWKTDB2X_RPTFILE_WRITE.stub.1, name: RPTFILE, selected: true) 
2018-10-31 10:25:22,495 INFO  com.compuware.unittest.eclipse.resultchecker.JexlResultchecker - Finished checking 1 checkconditions. 0 error(s), 0 failure(s). 
2018-10-31 10:25:22,495 INFO  com.compuware.unittest.eclipse.resultchecker.JexlStubResultchecker - Checking checkconditions for: RPTFILE com.compuware.unittest.eclipse.core.model.xml.stub.impl.StubDataImpl@19fd43da (callToken: <unset>, id: Unit%20Test/Stubs/CWKTDB2X_RPTFILE_WRITE.stub.2, name: RPTFILE, selected: true) 
2018-10-31 10:25:22,495 INFO  com.compuware.unittest.eclipse.resultchecker.JexlResultchecker - Finished checking 1 checkconditions. 0 error(s), 0 failure(s). 
2018-10-31 10:25:22,495 INFO  com.compuware.unittest.eclipse.resultchecker.JexlStubResultchecker - Checking checkconditions for: RPTFILE com.compuware.unittest.eclipse.core.model.xml.stub.impl.StubDataImpl@cfd1075 (callToken: <unset>, id: Unit%20Test/Stubs/CWKTDB2X_RPTFILE_WRITE.stub.3, name: RPTFILE, selected: true) 
2018-10-31 10:25:22,511 INFO  com.compuware.unittest.eclipse.resultchecker.JexlResultchecker - Finished checking 12 checkconditions. 0 error(s), 0 failure(s). 
2018-10-31 10:25:22,511 INFO  com.compuware.unittest.eclipse.resultchecker.JexlStubResultchecker - Checking checkconditions for: RPTFILE com.compuware.unittest.eclipse.core.model.xml.stub.impl.StubDataImpl@7741771e (callToken: <unset>, id: Unit%20Test/Stubs/CWKTDB2X_RPTFILE_WRITE.stub.4, name: RPTFILE, selected: true) 
2018-10-31 10:25:22,511 INFO  com.compuware.unittest.eclipse.resultchecker.JexlResultchecker - Finished checking 1 checkconditions. 0 error(s), 0 failure(s). 
2018-10-31 10:25:22,511 INFO  com.compuware.unittest.eclipse.resultchecker.JexlStubResultchecker - Checking checkconditions for: RPTFILE com.compuware.unittest.eclipse.core.model.xml.stub.impl.StubDataImpl@6cae2e4d (callToken: <unset>, id: Unit%20Test/Stubs/CWKTDB2X_RPTFILE_WRITE.stub.5, name: RPTFILE, selected: true) 
2018-10-31 10:25:22,511 INFO  com.compuware.unittest.eclipse.resultchecker.JexlResultchecker - Finished checking 1 checkconditions. 0 error(s), 0 failure(s). 
2018-10-31 10:25:22,511 INFO  com.compuware.unittest.eclipse.resultchecker.JexlStubResultchecker - Checking checkconditions for: RPTFILE com.compuware.unittest.eclipse.core.model.xml.stub.impl.StubDataImpl@1cc8416a (callToken: <unset>, id: Unit%20Test/Stubs/CWKTDB2X_RPTFILE_WRITE.stub.6, name: RPTFILE, selected: true) 
2018-10-31 10:25:22,511 INFO  com.compuware.unittest.eclipse.resultchecker.JexlResultchecker - Finished checking 5 checkconditions. 0 error(s), 0 failure(s). 
2018-10-31 10:25:22,511 INFO  com.compuware.unittest.eclipse.resultchecker.JexlStubResultchecker - Checking checkconditions for: RPTFILE com.compuware.unittest.eclipse.core.model.xml.stub.impl.StubDataImpl@2e5e6fc4 (callToken: <unset>, id: Unit%20Test/Stubs/CWKTDB2X_RPTFILE_WRITE.stub.7, name: RPTFILE, selected: true) 
2018-10-31 10:25:22,511 INFO  com.compuware.unittest.eclipse.resultchecker.JexlResultchecker - Finished checking 18 checkconditions. 0 error(s), 0 failure(s). 
2018-10-31 10:25:22,511 INFO  com.compuware.unittest.eclipse.resultchecker.JexlStubResultchecker - Checking checkconditions for: RPTFILE com.compuware.unittest.eclipse.core.model.xml.stub.impl.StubDataImpl@79980d8d (callToken: <unset>, id: Unit%20Test/Stubs/CWKTDB2X_RPTFILE_WRITE.stub.8, name: RPTFILE, selected: true) 
2018-10-31 10:25:22,511 INFO  com.compuware.unittest.eclipse.resultchecker.JexlResultchecker - Finished checking 1 checkconditions. 0 error(s), 0 failure(s). 
2018-10-31 10:25:22,511 INFO  com.compuware.unittest.eclipse.resultchecker.JexlStubResultchecker - Checking checkconditions for: RPTFILE com.compuware.unittest.eclipse.core.model.xml.stub.impl.StubDataImpl@68ab6ab0 (callToken: <unset>, id: Unit%20Test/Stubs/CWKTDB2X_RPTFILE_WRITE.stub.9, name: RPTFILE, selected: true) 
2018-10-31 10:25:22,527 INFO  com.compuware.unittest.eclipse.resultchecker.JexlResultchecker - Finished checking 22 checkconditions. 0 error(s), 0 failure(s). 
2018-10-31 10:25:22,527 INFO  com.compuware.unittest.eclipse.resultchecker.JexlStubResultchecker - Checking checkconditions for: RPTFILE com.compuware.unittest.eclipse.core.model.xml.stub.impl.StubDataImpl@58324c9f (callToken: <unset>, id: Unit%20Test/Stubs/CWKTDB2X_RPTFILE_WRITE.stub.10, name: RPTFILE, selected: true) 
2018-10-31 10:25:22,542 INFO  com.compuware.unittest.eclipse.resultchecker.JexlResultchecker - Finished checking 22 checkconditions. 0 error(s), 0 failure(s). 
2018-10-31 10:25:22,542 INFO  com.compuware.unittest.eclipse.resultchecker.JexlStubResultchecker - Checking checkconditions for: RPTFILE com.compuware.unittest.eclipse.core.model.xml.stub.impl.StubDataImpl@6eb089e6 (callToken: <unset>, id: Unit%20Test/Stubs/CWKTDB2X_RPTFILE_WRITE.stub.11, name: RPTFILE, selected: true) 
2018-10-31 10:25:22,542 INFO  com.compuware.unittest.eclipse.resultchecker.JexlResultchecker - Finished checking 22 checkconditions. 0 error(s), 0 failure(s). 
2018-10-31 10:25:22,542 INFO  com.compuware.unittest.eclipse.resultchecker.JexlStubResultchecker - Checking checkconditions for: RPTFILE com.compuware.unittest.eclipse.core.model.xml.stub.impl.StubDataImpl@3bc69ce9 (callToken: <unset>, id: Unit%20Test/Stubs/CWKTDB2X_RPTFILE_WRITE.stub.12, name: RPTFILE, selected: true) 
2018-10-31 10:25:22,558 INFO  com.compuware.unittest.eclipse.resultchecker.JexlResultchecker - Finished checking 22 checkconditions. 0 error(s), 2 failure(s). 
2018-10-31 10:25:22,558 INFO  com.compuware.unittest.eclipse.resultchecker.JexlStubResultchecker - Checking checkconditions for: RPTFILE com.compuware.unittest.eclipse.core.model.xml.stub.impl.StubDataImpl@602f8f94 (callToken: <unset>, id: Unit%20Test/Stubs/CWKTDB2X_RPTFILE_WRITE.stub.13, name: RPTFILE, selected: true) 
2018-10-31 10:25:22,573 INFO  com.compuware.unittest.eclipse.resultchecker.JexlResultchecker - Finished checking 22 checkconditions. 0 error(s), 0 failure(s). 
2018-10-31 10:25:22,573 INFO  com.compuware.unittest.eclipse.resultchecker.JexlStubResultchecker - Checking checkconditions for: RPTFILE com.compuware.unittest.eclipse.core.model.xml.stub.impl.StubDataImpl@4dfe8b37 (callToken: <unset>, id: Unit%20Test/Stubs/CWKTDB2X_RPTFILE_WRITE.stub.14, name: RPTFILE, selected: true) 
2018-10-31 10:25:22,605 INFO  com.compuware.unittest.eclipse.resultchecker.JexlResultchecker - Finished checking 22 checkconditions. 0 error(s), 0 failure(s). 
2018-10-31 10:25:22,605 INFO  com.compuware.unittest.eclipse.resultchecker.JexlStubResultchecker - Checking checkconditions for: RPTFILE com.compuware.unittest.eclipse.core.model.xml.stub.impl.StubDataImpl@d13baac (callToken: <unset>, id: Unit%20Test/Stubs/CWKTDB2X_RPTFILE_WRITE.stub.15, name: RPTFILE, selected: true) 
2018-10-31 10:25:22,620 INFO  com.compuware.unittest.eclipse.resultchecker.JexlResultchecker - Finished checking 22 checkconditions. 0 error(s), 2 failure(s). 
2018-10-31 10:25:22,620 INFO  com.compuware.unittest.eclipse.resultchecker.JexlStubResultchecker - Checking checkconditions for: RPTFILE com.compuware.unittest.eclipse.core.model.xml.stub.impl.StubDataImpl@75aea2ba (callToken: <unset>, id: Unit%20Test/Stubs/CWKTDB2X_RPTFILE_WRITE.stub.16, name: RPTFILE, selected: true) 
2018-10-31 10:25:22,620 INFO  com.compuware.unittest.eclipse.resultchecker.JexlResultchecker - Finished checking 1 checkconditions. 0 error(s), 0 failure(s). 
2018-10-31 10:25:22,620 INFO  com.compuware.unittest.eclipse.resultchecker.JexlStubResultchecker - Checking checkconditions for: RPTFILE com.compuware.unittest.eclipse.core.model.xml.stub.impl.StubDataImpl@12f279b5 (callToken: <unset>, id: Unit%20Test/Stubs/CWKTDB2X_RPTFILE_WRITE.stub.17, name: RPTFILE, selected: true) 
2018-10-31 10:25:22,620 INFO  com.compuware.unittest.eclipse.resultchecker.JexlResultchecker - Finished checking 4 checkconditions. 0 error(s), 1 failure(s). 
2018-10-31 10:25:22,620 INFO  com.compuware.unittest.eclipse.resultchecker.JexlStubResultchecker - Checking checkconditions for: Update com.compuware.unittest.eclipse.core.model.xml.stub.impl.StubDataImpl@5fcd1f0a (callToken: <unset>, id: Unit%20Test/Stubs/CWKTDB2X_EMPLOYEE_CURSOR_SQL.stub.2, name: Update, selected: true) 
2018-10-31 10:25:22,620 INFO  com.compuware.unittest.eclipse.resultchecker.JexlResultchecker - Finished checking 3 checkconditions. 0 error(s), 0 failure(s). 
2018-10-31 10:25:22,620 INFO  com.compuware.unittest.eclipse.resultchecker.JexlStubResultchecker - Checking checkconditions for: Update com.compuware.unittest.eclipse.core.model.xml.stub.impl.StubDataImpl@7fda2001 (callToken: <unset>, id: Unit%20Test/Stubs/CWKTDB2X_EMPLOYEE_CURSOR_SQL.stub.6, name: Update, selected: true) 
2018-10-31 10:25:22,636 INFO  com.compuware.unittest.eclipse.resultchecker.JexlResultchecker - Finished checking 3 checkconditions. 0 error(s), 0 failure(s). 
2018-10-31 10:25:22,636 INFO  com.compuware.unittest.eclipse.resultchecker.JexlStubResultchecker - Checking checkconditions for: Update com.compuware.unittest.eclipse.core.model.xml.stub.impl.StubDataImpl@21ae657b (callToken: <unset>, id: Unit%20Test/Stubs/CWKTDB2X_EMPLOYEE_CURSOR_SQL.stub.10, name: Update, selected: true) 
2018-10-31 10:25:22,636 INFO  com.compuware.unittest.eclipse.resultchecker.JexlResultchecker - Finished checking 3 checkconditions. 0 error(s), 0 failure(s). 
2018-10-31 10:25:22,636 INFO  com.compuware.unittest.eclipse.resultchecker.JexlStubResultchecker - Checking checkconditions for: Update com.compuware.unittest.eclipse.core.model.xml.stub.impl.StubDataImpl@576b7c74 (callToken: <unset>, id: Unit%20Test/Stubs/CWKTDB2X_EMPLOYEE_CURSOR_SQL.stub.14, name: Update, selected: true) 
2018-10-31 10:25:22,636 INFO  com.compuware.unittest.eclipse.resultchecker.JexlResultchecker - Finished checking 3 checkconditions. 0 error(s), 1 failure(s). 
2018-10-31 10:25:22,636 INFO  com.compuware.unittest.eclipse.resultchecker.JexlStubResultchecker - Checking checkconditions for: Update com.compuware.unittest.eclipse.core.model.xml.stub.impl.StubDataImpl@73894c5a (callToken: <unset>, id: Unit%20Test/Stubs/CWKTDB2X_EMPLOYEE_CURSOR_SQL.stub.18, name: Update, selected: true) 
2018-10-31 10:25:22,636 INFO  com.compuware.unittest.eclipse.resultchecker.JexlResultchecker - Finished checking 3 checkconditions. 0 error(s), 0 failure(s). 
2018-10-31 10:25:22,636 INFO  com.compuware.unittest.eclipse.resultchecker.JexlStubResultchecker - Checking checkconditions for: Update com.compuware.unittest.eclipse.core.model.xml.stub.impl.StubDataImpl@7a9ceddf (callToken: <unset>, id: Unit%20Test/Stubs/CWKTDB2X_EMPLOYEE_CURSOR_SQL.stub.22, name: Update, selected: true) 
2018-10-31 10:25:22,636 INFO  com.compuware.unittest.eclipse.resultchecker.JexlResultchecker - Finished checking 3 checkconditions. 0 error(s), 1 failure(s). 
2018-10-31 10:25:22,636 INFO  com.compuware.unittest.eclipse.resultchecker.JexlStubResultchecker - Checking checkconditions for: Insert com.compuware.unittest.eclipse.core.model.xml.stub.impl.StubDataImpl@11c713b7 (callToken: <unset>, id: Unit%20Test/Stubs/CWKTDB2X_Insert_1_SQL.stub.0, name: Insert, selected: true) 
2018-10-31 10:25:22,652 INFO  com.compuware.unittest.eclipse.resultchecker.JexlResultchecker - Finished checking 11 checkconditions. 0 error(s), 0 failure(s). 
2018-10-31 10:25:22,652 INFO  com.compuware.unittest.eclipse.resultchecker.JexlStubResultchecker - Checking checkconditions for: Update com.compuware.unittest.eclipse.core.model.xml.stub.impl.StubDataImpl@3fbe503c (callToken: <unset>, id: Unit%20Test/Stubs/CWKTDB2X_Update_1_SQL.stub.0, name: Update, selected: true) 
2018-10-31 10:25:22,652 INFO  com.compuware.unittest.eclipse.resultchecker.JexlResultchecker - Finished checking 4 checkconditions. 0 error(s), 0 failure(s). 
2018-10-31 10:25:22,652 INFO  com.compuware.unittest.eclipse.common.zadviser.ZAdviser - Sending zAdviser event: EXECUTION_RESULTS_TESTCASES(3410) 
2018-10-31 10:25:22,652 INFO  com.compuware.unittest.eclipse.common.zadviser.ZAdviser - Sending zAdviser event: EXECUTION_RESULTS(3400) 
2018-10-31 10:25:22,667 INFO  com.compuware.unittest.cli.resultchecker.ResultChecker - Saving archive to: C:\Program Files (x86)\Jenkins\workspace\AA_CARLOS_VICARI\CWKTDB2X_TTT_01\Unit Test\Output\Last Execution\CWKTDB2X_Scenario.archive 
2018-10-31 10:25:22,808 INFO  com.compuware.unittest.eclipse.common.output.ResultsUtilts - Saving Result report to: C:\Program Files (x86)\Jenkins\workspace\AA_CARLOS_VICARI\CWKTDB2X_TTT_01\Unit Test\Output\.results\CWKTDB2X_Scenario.result 
2018-10-31 10:25:22,855 INFO  com.compuware.unittest.eclipse.common.output.JUnitUtils - Saving JUnit report to: C:\Program Files (x86)\Jenkins\workspace\AA_CARLOS_VICARI\CWKTDB2X_TTT_01\Unit Test\Output\JUnit\CWKTDB2X_Scenario.xml 
2018-10-31 10:25:22,886 INFO  com.compuware.unittest.eclipse.common.output.SonarUtils - Saving Sonar report to: C:\Program Files (x86)\Jenkins\workspace\AA_CARLOS_VICARI\CWKTDB2X_TTT_01\Unit Test\Output\Sonar\CWKTDB2X_Scenario.xml 
2018-10-31 10:25:22,995 INFO  com.compuware.unittest.cli.resultchecker.ResultChecker - Saving report to: C:\Program Files (x86)\Jenkins\workspace\AA_CARLOS_VICARI\CWKTDB2X_TTT_01\Unit Test\Output\Reports\CWKTDB2X_Scenario.html 
2018-10-31 10:25:23,089 INFO  com.compuware.unittest.cli.run.TestRunner - Backing up archive 'C:\Program Files (x86)\Jenkins\workspace\AA_CARLOS_VICARI\CWKTDB2X_TTT_01\Unit Test\Output\Last Execution\CWKTDB2X_Scenario.archive' to 'C:\Program Files (x86)\Jenkins\workspace\AA_CARLOS_VICARI\CWKTDB2X_TTT_01\Unit Test\Output\History\CWKTDB2X_Scenario_20181031_102403.archive 
2018-10-31 10:25:23,105 INFO  com.compuware.unittest.cli.post.run.CopyJUnit - Copied JUnit file 'C:\Program Files (x86)\Jenkins\workspace\AA_CARLOS_VICARI\CWKTDB2X_TTT_01\Unit Test\Output\JUnit\CWKTDB2X_Scenario.xml' to directory 'C:\Program Files (x86)\Jenkins\workspace\AA_CARLOS_VICARI\TTTUnit'. 
2018-10-31 10:25:23,105 INFO  com.compuware.unittest.cli.post.run.CopySonar - Copied Sonar file 'C:\Program Files (x86)\Jenkins\workspace\AA_CARLOS_VICARI\CWKTDB2X_TTT_01\Unit Test\Output\Sonar\CWKTDB2X_Scenario.xml' to directory 'C:\Program Files (x86)\Jenkins\workspace\AA_CARLOS_VICARI\TTTSonar'. 
2018-10-31 10:25:23,105 INFO  com.compuware.unittest.cli.run.TestRunner - Deleted file: 'C:\Program Files (x86)\Jenkins\workspace\AA_CARLOS_VICARI\CWKTDB2X_TTT_01\Unit Test\.temp\CWKTDB2X_Scenario_20181031_102403.bininp'. 
2018-10-31 10:25:23,105 INFO  com.compuware.unittest.cli.run.TestRunner - Deleted file: 'C:\Program Files (x86)\Jenkins\workspace\AA_CARLOS_VICARI\CWKTDB2X_TTT_01\Unit Test\.temp\CWKTDB2X_Scenario_20181031_102403.binref'. 
2018-10-31 10:25:23,105 INFO  com.compuware.unittest.cli.run.TestRunner - Deleted file: 'C:\Program Files (x86)\Jenkins\workspace\AA_CARLOS_VICARI\CWKTDB2X_TTT_01\Unit Test\.temp\CWKTDB2X_Scenario_20181031_102403.binres'. 
2018-10-31 10:25:23,105 INFO  com.compuware.unittest.cli.transfer.Transfer - Processing 'delete' request with the following parameters. 
2018-10-31 10:25:23,105 INFO  com.compuware.unittest.cli.transfer.Transfer - Host: cwcc 
2018-10-31 10:25:23,105 INFO  com.compuware.unittest.cli.transfer.Transfer - Port: 16196 
2018-10-31 10:25:23,105 INFO  com.compuware.unittest.cli.transfer.Transfer - User: FBRCCV0 
2018-10-31 10:25:23,105 INFO  com.compuware.unittest.cli.transfer.Transfer - Password: <supplied by user> 
2018-10-31 10:25:23,105 INFO  com.compuware.unittest.cli.transfer.Transfer - Target encoding: 1047 
2018-10-31 10:25:23,480 INFO  com.compuware.unittest.eclipse.hostservices.ResourceUtilities - Deleted dataset 'FBRCCV0.TOTALTST.ID245688.BININP'. 
2018-10-31 10:25:23,839 INFO  com.compuware.unittest.eclipse.hostservices.ResourceUtilities - Deleted dataset 'FBRCCV0.TOTALTST.ID245688.BINREF'. 
2018-10-31 10:25:24,186 INFO  com.compuware.unittest.eclipse.hostservices.ResourceUtilities - Deleted dataset 'FBRCCV0.TOTALTST.ID245688.BINRES'. 
2018-10-31 10:25:24,186 INFO  com.compuware.unittest.cli.run.TestRunner - Deleted file: 'C:\Program Files (x86)\Jenkins\workspace\AA_CARLOS_VICARI\CWKTDB2X_TTT_01\Unit Test\.temp\CWKTDB2X_Scenario.testsuite'. 
2018-10-31 10:25:24,186 INFO  com.compuware.unittest.cli.run.TestRunner -  
2018-10-31 10:25:24,186 INFO  com.compuware.unittest.cli.run.TestRunner - **************** End processing: CWKTDB2X_Scenario.testscenario **************** 
2018-10-31 10:25:24,186 INFO  com.compuware.unittest.eclipse.hostservices.HostUtilities - Disconnected from host: 'cwcc:16196 
2018-10-31 10:25:24,186 INFO  com.compuware.unittest.cli.run.TestRunner - Removed all files in directory: C:\Program Files (x86)\Jenkins\workspace\AA_CARLOS_VICARI\TopazCliWkspc\HostServices 
2018-10-31 10:25:24,186 DEBUG com.compuware.zadviser.communications.api.impl.ZAdviserCommunicationServices - publishEvents - starting 
2018-10-31 10:25:24,202 INFO  com.compuware.zadviser.communications.api.impl.eventqueue.h2.H2EventQueue - Created connection to H2 for zAdviser: jdbc:h2:file:C:/Program Files (x86)/Jenkins/workspace/AA_CARLOS_VICARI/TopazCliWkspc//zadviser/zadviser 
2018-10-31 10:25:24,514 INFO  com.compuware.zadviser.communications.api.impl.eventqueue.h2.H2EventQueue - Flushing 3 zAdviser events... 
2018-10-31 10:25:24,514 DEBUG com.compuware.zadviser.communications.api.impl.eventqueue.processor.hci.HCIEventProcessor - Connecting to an HCI to process zAdviser events... 
2018-10-31 10:25:24,671 DEBUG com.compuware.zadviser.communications.api.impl.eventqueue.processor.hci.HCIEventProcessor - Processing zAdviser events... 
2018-10-31 10:25:24,843 INFO  com.compuware.zadviser.communications.api.impl.eventqueue.h2.H2EventQueue - Flushed 3 zAdviser events. 
2018-10-31 10:25:24,843 INFO  com.compuware.zadviser.communications.api.impl.eventqueue.h2.H2EventQueue - zAdviser flush failure count reset to 0. 
2018-10-31 10:25:27,190 INFO  com.compuware.unittest.cli.TotalTestCLI - TotalTestCLI return code: 0 
