<?xml version="1.0" encoding="UTF-8"?>
<?totaltestVersion 19.4.1.v20190319-1916_877?>
<!--Topaz for Total Test 19.4.1.v20190319-1916_877 14/05/2019 07:36:42-->
<testsuites>
  <testsuite errors="0" failures="0" name="CWKTDB2X_TTT_ISPW_CICD.CWKTDB2X_Scenario.00001: CWKTDB2XCase1" tests="4">
    <testcase classname="CWKTDB2X_TTT_ISPW_CICD.CWKTDB2X_Scenario.00001: CWKTDB2XCase1" name="00001: Check for PARM_LTH"/>
    <testcase classname="CWKTDB2X_TTT_ISPW_CICD.CWKTDB2X_Scenario.00001: CWKTDB2XCase1" name="00002: Check for PARM_DATA"/>
    <testcase classname="CWKTDB2X_TTT_ISPW_CICD.CWKTDB2X_Scenario.00001: CWKTDB2XCase1" name="00003: Check for GRAND_TOTAL"/>
    <testcase classname="CWKTDB2X_TTT_ISPW_CICD.CWKTDB2X_Scenario.00001: CWKTDB2XCase1" name="00004: Check for TOTAL_RECORD"/>
  </testsuite>
  <testsuite errors="0" failures="0" name="CWKTDB2X_TTT_ISPW_CICD.CWKTDB2X_Scenario.00001: CWKTDB2XCase1.CWKTDB2X_RPTFILE_FILE.00001: RPTFILE assertion" tests="0">
    <testcase classname="CWKTDB2X_TTT_ISPW_CICD.CWKTDB2X_Scenario.00001: CWKTDB2XCase1.CWKTDB2X_RPTFILE_FILE.00001: RPTFILE assertion" name="RPTFILE"/>
  </testsuite>
  <testsuite errors="0" failures="0" name="CWKTDB2X_TTT_ISPW_CICD.CWKTDB2X_Scenario.00001: CWKTDB2XCase1.CWKTDB2X_RPTFILE_FILE.00002: RPTFILE assertion" tests="0">
    <testcase classname="CWKTDB2X_TTT_ISPW_CICD.CWKTDB2X_Scenario.00001: CWKTDB2XCase1.CWKTDB2X_RPTFILE_FILE.00002: RPTFILE assertion" name="RPTFILE"/>
  </testsuite>
  <testsuite errors="0" failures="0" name="CWKTDB2X_TTT_ISPW_CICD.CWKTDB2X_Scenario.00001: CWKTDB2XCase1.CWKTDB2X_RPTFILE_FILE.00003: RPTFILE assertion" tests="0">
    <testcase classname="CWKTDB2X_TTT_ISPW_CICD.CWKTDB2X_Scenario.00001: CWKTDB2XCase1.CWKTDB2X_RPTFILE_FILE.00003: RPTFILE assertion" name="RPTFILE"/>
  </testsuite>
  <testsuite errors="0" failures="0" name="CWKTDB2X_TTT_ISPW_CICD.CWKTDB2X_Scenario.00001: CWKTDB2XCase1.CWKTDB2X_RPTFILE_FILE.00004: RPTFILE assertion" tests="0">
    <testcase classname="CWKTDB2X_TTT_ISPW_CICD.CWKTDB2X_Scenario.00001: CWKTDB2XCase1.CWKTDB2X_RPTFILE_FILE.00004: RPTFILE assertion" name="RPTFILE"/>
  </testsuite>
  <testsuite errors="0" failures="0" name="CWKTDB2X_TTT_ISPW_CICD.CWKTDB2X_Scenario.00001: CWKTDB2XCase1.CWKTDB2X_RPTFILE_FILE.00005: RPTFILE assertion" tests="0">
    <testcase classname="CWKTDB2X_TTT_ISPW_CICD.CWKTDB2X_Scenario.00001: CWKTDB2XCase1.CWKTDB2X_RPTFILE_FILE.00005: RPTFILE assertion" name="RPTFILE"/>
  </testsuite>
  <testsuite errors="0" failures="0" name="CWKTDB2X_TTT_ISPW_CICD.CWKTDB2X_Scenario.00001: CWKTDB2XCase1.CWKTDB2X_RPTFILE_FILE.00006: RPTFILE assertion" tests="0">
    <testcase classname="CWKTDB2X_TTT_ISPW_CICD.CWKTDB2X_Scenario.00001: CWKTDB2XCase1.CWKTDB2X_RPTFILE_FILE.00006: RPTFILE assertion" name="RPTFILE"/>
  </testsuite>
  <testsuite errors="0" failures="0" name="CWKTDB2X_TTT_ISPW_CICD.CWKTDB2X_Scenario.00001: CWKTDB2XCase1.CWKTDB2X_RPTFILE_FILE.00007: RPTFILE assertion" tests="0">
    <testcase classname="CWKTDB2X_TTT_ISPW_CICD.CWKTDB2X_Scenario.00001: CWKTDB2XCase1.CWKTDB2X_RPTFILE_FILE.00007: RPTFILE assertion" name="RPTFILE"/>
  </testsuite>
  <testsuite errors="0" failures="0" name="CWKTDB2X_TTT_ISPW_CICD.CWKTDB2X_Scenario.00001: CWKTDB2XCase1.CWKTDB2X_RPTFILE_FILE.00008: RPTFILE assertion" tests="0">
    <testcase classname="CWKTDB2X_TTT_ISPW_CICD.CWKTDB2X_Scenario.00001: CWKTDB2XCase1.CWKTDB2X_RPTFILE_FILE.00008: RPTFILE assertion" name="RPTFILE"/>
  </testsuite>
  <testsuite errors="0" failures="0" name="CWKTDB2X_TTT_ISPW_CICD.CWKTDB2X_Scenario.00001: CWKTDB2XCase1.CWKTDB2X_RPTFILE_FILE.00009: RPTFILE assertion" tests="0">
    <testcase classname="CWKTDB2X_TTT_ISPW_CICD.CWKTDB2X_Scenario.00001: CWKTDB2XCase1.CWKTDB2X_RPTFILE_FILE.00009: RPTFILE assertion" name="RPTFILE"/>
  </testsuite>
  <testsuite errors="0" failures="0" name="CWKTDB2X_TTT_ISPW_CICD.CWKTDB2X_Scenario.00001: CWKTDB2XCase1.CWKTDB2X_RPTFILE_FILE.00010: RPTFILE assertion" tests="0">
    <testcase classname="CWKTDB2X_TTT_ISPW_CICD.CWKTDB2X_Scenario.00001: CWKTDB2XCase1.CWKTDB2X_RPTFILE_FILE.00010: RPTFILE assertion" name="RPTFILE"/>
  </testsuite>
  <testsuite errors="0" failures="0" name="CWKTDB2X_TTT_ISPW_CICD.CWKTDB2X_Scenario.00001: CWKTDB2XCase1.CWKTDB2X_RPTFILE_FILE.00011: RPTFILE assertion" tests="0">
    <testcase classname="CWKTDB2X_TTT_ISPW_CICD.CWKTDB2X_Scenario.00001: CWKTDB2XCase1.CWKTDB2X_RPTFILE_FILE.00011: RPTFILE assertion" name="RPTFILE"/>
  </testsuite>
  <testsuite errors="0" failures="0" name="CWKTDB2X_TTT_ISPW_CICD.CWKTDB2X_Scenario.00001: CWKTDB2XCase1.CWKTDB2X_RPTFILE_FILE.00012: RPTFILE assertion" tests="0">
    <testcase classname="CWKTDB2X_TTT_ISPW_CICD.CWKTDB2X_Scenario.00001: CWKTDB2XCase1.CWKTDB2X_RPTFILE_FILE.00012: RPTFILE assertion" name="RPTFILE"/>
  </testsuite>
  <testsuite errors="0" failures="0" name="CWKTDB2X_TTT_ISPW_CICD.CWKTDB2X_Scenario.00001: CWKTDB2XCase1.CWKTDB2X_RPTFILE_FILE.00013: RPTFILE assertion" tests="0">
    <testcase classname="CWKTDB2X_TTT_ISPW_CICD.CWKTDB2X_Scenario.00001: CWKTDB2XCase1.CWKTDB2X_RPTFILE_FILE.00013: RPTFILE assertion" name="RPTFILE"/>
  </testsuite>
  <testsuite errors="0" failures="0" name="CWKTDB2X_TTT_ISPW_CICD.CWKTDB2X_Scenario.00001: CWKTDB2XCase1.CWKTDB2X_RPTFILE_FILE.00014: RPTFILE assertion" tests="0">
    <testcase classname="CWKTDB2X_TTT_ISPW_CICD.CWKTDB2X_Scenario.00001: CWKTDB2XCase1.CWKTDB2X_RPTFILE_FILE.00014: RPTFILE assertion" name="RPTFILE"/>
  </testsuite>
  <testsuite errors="0" failures="0" name="CWKTDB2X_TTT_ISPW_CICD.CWKTDB2X_Scenario.00001: CWKTDB2XCase1.CWKTDB2X_RPTFILE_FILE.00015: RPTFILE assertion" tests="0">
    <testcase classname="CWKTDB2X_TTT_ISPW_CICD.CWKTDB2X_Scenario.00001: CWKTDB2XCase1.CWKTDB2X_RPTFILE_FILE.00015: RPTFILE assertion" name="RPTFILE"/>
  </testsuite>
  <testsuite errors="0" failures="0" name="CWKTDB2X_TTT_ISPW_CICD.CWKTDB2X_Scenario.00001: CWKTDB2XCase1.CWKTDB2X_RPTFILE_FILE.00016: RPTFILE assertion" tests="0">
    <testcase classname="CWKTDB2X_TTT_ISPW_CICD.CWKTDB2X_Scenario.00001: CWKTDB2XCase1.CWKTDB2X_RPTFILE_FILE.00016: RPTFILE assertion" name="RPTFILE"/>
  </testsuite>
  <testsuite errors="0" failures="0" name="CWKTDB2X_TTT_ISPW_CICD.CWKTDB2X_Scenario.00001: CWKTDB2XCase1.CWKTDB2X_RPTFILE_FILE.00017: RPTFILE assertion" tests="0">
    <testcase classname="CWKTDB2X_TTT_ISPW_CICD.CWKTDB2X_Scenario.00001: CWKTDB2XCase1.CWKTDB2X_RPTFILE_FILE.00017: RPTFILE assertion" name="RPTFILE"/>
  </testsuite>
  <testsuite errors="0" failures="0" name="CWKTDB2X_TTT_ISPW_CICD.CWKTDB2X_Scenario.00001: CWKTDB2XCase1.CWKTDB2X_RPTFILE_FILE.00018: RPTFILE assertion" tests="0">
    <testcase classname="CWKTDB2X_TTT_ISPW_CICD.CWKTDB2X_Scenario.00001: CWKTDB2XCase1.CWKTDB2X_RPTFILE_FILE.00018: RPTFILE assertion" name="RPTFILE"/>
  </testsuite>
  <testsuite errors="0" failures="0" name="CWKTDB2X_TTT_ISPW_CICD.CWKTDB2X_Scenario.00001: CWKTDB2XCase1.CWKTDB2X_Select_1_SQL.00001: Select assertion" tests="0">
    <testcase classname="CWKTDB2X_TTT_ISPW_CICD.CWKTDB2X_Scenario.00001: CWKTDB2XCase1.CWKTDB2X_Select_1_SQL.00001: Select assertion" name="Select"/>
  </testsuite>
  <testsuite errors="0" failures="0" name="CWKTDB2X_TTT_ISPW_CICD.CWKTDB2X_Scenario.00001: CWKTDB2XCase1.CWKTDB2X_EMPLOYEE_CURSOR_SQL.00001: Open assertion" tests="0">
    <testcase classname="CWKTDB2X_TTT_ISPW_CICD.CWKTDB2X_Scenario.00001: CWKTDB2XCase1.CWKTDB2X_EMPLOYEE_CURSOR_SQL.00001: Open assertion" name="Open"/>
  </testsuite>
  <testsuite errors="0" failures="0" name="CWKTDB2X_TTT_ISPW_CICD.CWKTDB2X_Scenario.00001: CWKTDB2XCase1.CWKTDB2X_EMPLOYEE_CURSOR_SQL.00002: Fetch assertion" tests="0">
    <testcase classname="CWKTDB2X_TTT_ISPW_CICD.CWKTDB2X_Scenario.00001: CWKTDB2XCase1.CWKTDB2X_EMPLOYEE_CURSOR_SQL.00002: Fetch assertion" name="Fetch"/>
  </testsuite>
  <testsuite errors="0" failures="0" name="CWKTDB2X_TTT_ISPW_CICD.CWKTDB2X_Scenario.00001: CWKTDB2XCase1.CWKTDB2X_EMPLOYEE_CURSOR_SQL.00003: Open assertion" tests="0">
    <testcase classname="CWKTDB2X_TTT_ISPW_CICD.CWKTDB2X_Scenario.00001: CWKTDB2XCase1.CWKTDB2X_EMPLOYEE_CURSOR_SQL.00003: Open assertion" name="Open"/>
  </testsuite>
  <testsuite errors="0" failures="0" name="CWKTDB2X_TTT_ISPW_CICD.CWKTDB2X_Scenario.00001: CWKTDB2XCase1.CWKTDB2X_EMPLOYEE_CURSOR_SQL.00004: Fetch assertion" tests="0">
    <testcase classname="CWKTDB2X_TTT_ISPW_CICD.CWKTDB2X_Scenario.00001: CWKTDB2XCase1.CWKTDB2X_EMPLOYEE_CURSOR_SQL.00004: Fetch assertion" name="Fetch"/>
  </testsuite>
  <testsuite errors="0" failures="0" name="CWKTDB2X_TTT_ISPW_CICD.CWKTDB2X_Scenario.00001: CWKTDB2XCase1.CWKTDB2X_EMPLOYEE_CURSOR_SQL.00005: Open assertion" tests="0">
    <testcase classname="CWKTDB2X_TTT_ISPW_CICD.CWKTDB2X_Scenario.00001: CWKTDB2XCase1.CWKTDB2X_EMPLOYEE_CURSOR_SQL.00005: Open assertion" name="Open"/>
  </testsuite>
  <testsuite errors="0" failures="0" name="CWKTDB2X_TTT_ISPW_CICD.CWKTDB2X_Scenario.00001: CWKTDB2XCase1.CWKTDB2X_EMPLOYEE_CURSOR_SQL.00006: Fetch assertion" tests="0">
    <testcase classname="CWKTDB2X_TTT_ISPW_CICD.CWKTDB2X_Scenario.00001: CWKTDB2XCase1.CWKTDB2X_EMPLOYEE_CURSOR_SQL.00006: Fetch assertion" name="Fetch"/>
  </testsuite>
  <testsuite errors="0" failures="0" name="CWKTDB2X_TTT_ISPW_CICD.CWKTDB2X_Scenario.00001: CWKTDB2XCase1.CWKTDB2X_EMPLOYEE_CURSOR_SQL.00007: Open assertion" tests="0">
    <testcase classname="CWKTDB2X_TTT_ISPW_CICD.CWKTDB2X_Scenario.00001: CWKTDB2XCase1.CWKTDB2X_EMPLOYEE_CURSOR_SQL.00007: Open assertion" name="Open"/>
  </testsuite>
  <testsuite errors="0" failures="0" name="CWKTDB2X_TTT_ISPW_CICD.CWKTDB2X_Scenario.00001: CWKTDB2XCase1.CWKTDB2X_EMPLOYEE_CURSOR_SQL.00008: Fetch assertion" tests="0">
    <testcase classname="CWKTDB2X_TTT_ISPW_CICD.CWKTDB2X_Scenario.00001: CWKTDB2XCase1.CWKTDB2X_EMPLOYEE_CURSOR_SQL.00008: Fetch assertion" name="Fetch"/>
  </testsuite>
  <testsuite errors="0" failures="0" name="CWKTDB2X_TTT_ISPW_CICD.CWKTDB2X_Scenario.00001: CWKTDB2XCase1.CWKTDB2X_EMPLOYEE_CURSOR_SQL.00009: Open assertion" tests="0">
    <testcase classname="CWKTDB2X_TTT_ISPW_CICD.CWKTDB2X_Scenario.00001: CWKTDB2XCase1.CWKTDB2X_EMPLOYEE_CURSOR_SQL.00009: Open assertion" name="Open"/>
  </testsuite>
  <testsuite errors="0" failures="0" name="CWKTDB2X_TTT_ISPW_CICD.CWKTDB2X_Scenario.00001: CWKTDB2XCase1.CWKTDB2X_EMPLOYEE_CURSOR_SQL.00010: Fetch assertion" tests="0">
    <testcase classname="CWKTDB2X_TTT_ISPW_CICD.CWKTDB2X_Scenario.00001: CWKTDB2XCase1.CWKTDB2X_EMPLOYEE_CURSOR_SQL.00010: Fetch assertion" name="Fetch"/>
  </testsuite>
  <testsuite errors="0" failures="0" name="CWKTDB2X_TTT_ISPW_CICD.CWKTDB2X_Scenario.00001: CWKTDB2XCase1.CWKTDB2X_EMPLOYEE_CURSOR_SQL.00011: Open assertion" tests="0">
    <testcase classname="CWKTDB2X_TTT_ISPW_CICD.CWKTDB2X_Scenario.00001: CWKTDB2XCase1.CWKTDB2X_EMPLOYEE_CURSOR_SQL.00011: Open assertion" name="Open"/>
  </testsuite>
  <testsuite errors="0" failures="0" name="CWKTDB2X_TTT_ISPW_CICD.CWKTDB2X_Scenario.00001: CWKTDB2XCase1.CWKTDB2X_EMPLOYEE_CURSOR_SQL.00012: Fetch assertion" tests="0">
    <testcase classname="CWKTDB2X_TTT_ISPW_CICD.CWKTDB2X_Scenario.00001: CWKTDB2XCase1.CWKTDB2X_EMPLOYEE_CURSOR_SQL.00012: Fetch assertion" name="Fetch"/>
  </testsuite>
  <testsuite errors="0" failures="0" name="CWKTDB2X_TTT_ISPW_CICD.CWKTDB2X_Scenario.00001: CWKTDB2XCase1.CWKTDB2X_EMPLOYEE_CURSOR_SQL.00013: Open assertion" tests="0">
    <testcase classname="CWKTDB2X_TTT_ISPW_CICD.CWKTDB2X_Scenario.00001: CWKTDB2XCase1.CWKTDB2X_EMPLOYEE_CURSOR_SQL.00013: Open assertion" name="Open"/>
  </testsuite>
  <testsuite errors="0" failures="0" name="CWKTDB2X_TTT_ISPW_CICD.CWKTDB2X_Scenario.00001: CWKTDB2XCase1.CWKTDB2X_EMPLOYEE_CURSOR_SQL.00014: Fetch assertion" tests="0">
    <testcase classname="CWKTDB2X_TTT_ISPW_CICD.CWKTDB2X_Scenario.00001: CWKTDB2XCase1.CWKTDB2X_EMPLOYEE_CURSOR_SQL.00014: Fetch assertion" name="Fetch"/>
  </testsuite>
  <testsuite errors="0" failures="0" name="CWKTDB2X_TTT_ISPW_CICD.CWKTDB2X_Scenario.00001: CWKTDB2XCase1.CWKTDB2X_EMPLOYEE_CURSOR_SQL.00015: Open assertion" tests="0">
    <testcase classname="CWKTDB2X_TTT_ISPW_CICD.CWKTDB2X_Scenario.00001: CWKTDB2XCase1.CWKTDB2X_EMPLOYEE_CURSOR_SQL.00015: Open assertion" name="Open"/>
  </testsuite>
  <testsuite errors="0" failures="0" name="CWKTDB2X_TTT_ISPW_CICD.CWKTDB2X_Scenario.00001: CWKTDB2XCase1.CWKTDB2X_EMPLOYEE_CURSOR_SQL.00016: Fetch assertion" tests="0">
    <testcase classname="CWKTDB2X_TTT_ISPW_CICD.CWKTDB2X_Scenario.00001: CWKTDB2XCase1.CWKTDB2X_EMPLOYEE_CURSOR_SQL.00016: Fetch assertion" name="Fetch"/>
  </testsuite>
  <testsuite errors="0" failures="3" name="CWKTDB2X_TTT_ISPW_CICD.CWKTDB2X_Scenario.00002: CWKTDB2XCase2" tests="4">
    <testcase classname="CWKTDB2X_TTT_ISPW_CICD.CWKTDB2X_Scenario.00002: CWKTDB2XCase2" name="00001: Check for PARM_LTH">
      <failure>Check for PARM_LTH failed

Actual Value:    5

Expected Value:  = 5</failure>
    </testcase>
    <testcase classname="CWKTDB2X_TTT_ISPW_CICD.CWKTDB2X_Scenario.00002: CWKTDB2XCase2" name="00002: Check for PARM_DATA">
      <failure>Check for PARM_DATA failed

Actual Value:    00001

Expected Value:  = 00001</failure>
    </testcase>
    <testcase classname="CWKTDB2X_TTT_ISPW_CICD.CWKTDB2X_Scenario.00002: CWKTDB2XCase2" name="00003: Check for GRAND_TOTAL">
      <failure>Check for GRAND_TOTAL failed

Actual Value:    7160

Expected Value:  = 7160</failure>
    </testcase>
    <testcase classname="CWKTDB2X_TTT_ISPW_CICD.CWKTDB2X_Scenario.00002: CWKTDB2XCase2" name="00004: Check for TOTAL_RECORD"/>
  </testsuite>
  <testsuite errors="0" failures="0" name="CWKTDB2X_TTT_ISPW_CICD.CWKTDB2X_Scenario.00002: CWKTDB2XCase2.CWKTDB2X_RPTFILE_FILE.00001: RPTFILE assertion" tests="0">
    <testcase classname="CWKTDB2X_TTT_ISPW_CICD.CWKTDB2X_Scenario.00002: CWKTDB2XCase2.CWKTDB2X_RPTFILE_FILE.00001: RPTFILE assertion" name="RPTFILE"/>
  </testsuite>
  <testsuite errors="0" failures="0" name="CWKTDB2X_TTT_ISPW_CICD.CWKTDB2X_Scenario.00002: CWKTDB2XCase2.CWKTDB2X_RPTFILE_FILE.00002: RPTFILE assertion" tests="0">
    <testcase classname="CWKTDB2X_TTT_ISPW_CICD.CWKTDB2X_Scenario.00002: CWKTDB2XCase2.CWKTDB2X_RPTFILE_FILE.00002: RPTFILE assertion" name="RPTFILE"/>
  </testsuite>
  <testsuite errors="0" failures="0" name="CWKTDB2X_TTT_ISPW_CICD.CWKTDB2X_Scenario.00002: CWKTDB2XCase2.CWKTDB2X_RPTFILE_FILE.00003: RPTFILE assertion" tests="0">
    <testcase classname="CWKTDB2X_TTT_ISPW_CICD.CWKTDB2X_Scenario.00002: CWKTDB2XCase2.CWKTDB2X_RPTFILE_FILE.00003: RPTFILE assertion" name="RPTFILE"/>
  </testsuite>
  <testsuite errors="0" failures="0" name="CWKTDB2X_TTT_ISPW_CICD.CWKTDB2X_Scenario.00002: CWKTDB2XCase2.CWKTDB2X_RPTFILE_FILE.00004: RPTFILE assertion" tests="0">
    <testcase classname="CWKTDB2X_TTT_ISPW_CICD.CWKTDB2X_Scenario.00002: CWKTDB2XCase2.CWKTDB2X_RPTFILE_FILE.00004: RPTFILE assertion" name="RPTFILE"/>
  </testsuite>
  <testsuite errors="0" failures="0" name="CWKTDB2X_TTT_ISPW_CICD.CWKTDB2X_Scenario.00002: CWKTDB2XCase2.CWKTDB2X_RPTFILE_FILE.00005: RPTFILE assertion" tests="0">
    <testcase classname="CWKTDB2X_TTT_ISPW_CICD.CWKTDB2X_Scenario.00002: CWKTDB2XCase2.CWKTDB2X_RPTFILE_FILE.00005: RPTFILE assertion" name="RPTFILE"/>
  </testsuite>
  <testsuite errors="0" failures="0" name="CWKTDB2X_TTT_ISPW_CICD.CWKTDB2X_Scenario.00002: CWKTDB2XCase2.CWKTDB2X_RPTFILE_FILE.00006: RPTFILE assertion" tests="0">
    <testcase classname="CWKTDB2X_TTT_ISPW_CICD.CWKTDB2X_Scenario.00002: CWKTDB2XCase2.CWKTDB2X_RPTFILE_FILE.00006: RPTFILE assertion" name="RPTFILE"/>
  </testsuite>
  <testsuite errors="0" failures="0" name="CWKTDB2X_TTT_ISPW_CICD.CWKTDB2X_Scenario.00002: CWKTDB2XCase2.CWKTDB2X_RPTFILE_FILE.00007: RPTFILE assertion" tests="0">
    <testcase classname="CWKTDB2X_TTT_ISPW_CICD.CWKTDB2X_Scenario.00002: CWKTDB2XCase2.CWKTDB2X_RPTFILE_FILE.00007: RPTFILE assertion" name="RPTFILE"/>
  </testsuite>
  <testsuite errors="0" failures="0" name="CWKTDB2X_TTT_ISPW_CICD.CWKTDB2X_Scenario.00002: CWKTDB2XCase2.CWKTDB2X_RPTFILE_FILE.00008: RPTFILE assertion" tests="0">
    <testcase classname="CWKTDB2X_TTT_ISPW_CICD.CWKTDB2X_Scenario.00002: CWKTDB2XCase2.CWKTDB2X_RPTFILE_FILE.00008: RPTFILE assertion" name="RPTFILE"/>
  </testsuite>
  <testsuite errors="0" failures="0" name="CWKTDB2X_TTT_ISPW_CICD.CWKTDB2X_Scenario.00002: CWKTDB2XCase2.CWKTDB2X_RPTFILE_FILE.00009: RPTFILE assertion" tests="0">
    <testcase classname="CWKTDB2X_TTT_ISPW_CICD.CWKTDB2X_Scenario.00002: CWKTDB2XCase2.CWKTDB2X_RPTFILE_FILE.00009: RPTFILE assertion" name="RPTFILE"/>
  </testsuite>
  <testsuite errors="0" failures="0" name="CWKTDB2X_TTT_ISPW_CICD.CWKTDB2X_Scenario.00002: CWKTDB2XCase2.CWKTDB2X_RPTFILE_FILE.00010: RPTFILE assertion" tests="0">
    <testcase classname="CWKTDB2X_TTT_ISPW_CICD.CWKTDB2X_Scenario.00002: CWKTDB2XCase2.CWKTDB2X_RPTFILE_FILE.00010: RPTFILE assertion" name="RPTFILE"/>
  </testsuite>
  <testsuite errors="0" failures="0" name="CWKTDB2X_TTT_ISPW_CICD.CWKTDB2X_Scenario.00002: CWKTDB2XCase2.CWKTDB2X_RPTFILE_FILE.00011: RPTFILE assertion" tests="0">
    <testcase classname="CWKTDB2X_TTT_ISPW_CICD.CWKTDB2X_Scenario.00002: CWKTDB2XCase2.CWKTDB2X_RPTFILE_FILE.00011: RPTFILE assertion" name="RPTFILE"/>
  </testsuite>
  <testsuite errors="0" failures="0" name="CWKTDB2X_TTT_ISPW_CICD.CWKTDB2X_Scenario.00002: CWKTDB2XCase2.CWKTDB2X_RPTFILE_FILE.00012: RPTFILE assertion" tests="0">
    <testcase classname="CWKTDB2X_TTT_ISPW_CICD.CWKTDB2X_Scenario.00002: CWKTDB2XCase2.CWKTDB2X_RPTFILE_FILE.00012: RPTFILE assertion" name="RPTFILE"/>
  </testsuite>
  <testsuite errors="0" failures="0" name="CWKTDB2X_TTT_ISPW_CICD.CWKTDB2X_Scenario.00002: CWKTDB2XCase2.CWKTDB2X_RPTFILE_FILE.00013: RPTFILE assertion" tests="0">
    <testcase classname="CWKTDB2X_TTT_ISPW_CICD.CWKTDB2X_Scenario.00002: CWKTDB2XCase2.CWKTDB2X_RPTFILE_FILE.00013: RPTFILE assertion" name="RPTFILE"/>
  </testsuite>
  <testsuite errors="0" failures="0" name="CWKTDB2X_TTT_ISPW_CICD.CWKTDB2X_Scenario.00002: CWKTDB2XCase2.CWKTDB2X_RPTFILE_FILE.00014: RPTFILE assertion" tests="0">
    <testcase classname="CWKTDB2X_TTT_ISPW_CICD.CWKTDB2X_Scenario.00002: CWKTDB2XCase2.CWKTDB2X_RPTFILE_FILE.00014: RPTFILE assertion" name="RPTFILE"/>
  </testsuite>
  <testsuite errors="0" failures="0" name="CWKTDB2X_TTT_ISPW_CICD.CWKTDB2X_Scenario.00002: CWKTDB2XCase2.CWKTDB2X_RPTFILE_FILE.00015: RPTFILE assertion" tests="0">
    <testcase classname="CWKTDB2X_TTT_ISPW_CICD.CWKTDB2X_Scenario.00002: CWKTDB2XCase2.CWKTDB2X_RPTFILE_FILE.00015: RPTFILE assertion" name="RPTFILE"/>
  </testsuite>
  <testsuite errors="0" failures="0" name="CWKTDB2X_TTT_ISPW_CICD.CWKTDB2X_Scenario.00002: CWKTDB2XCase2.CWKTDB2X_RPTFILE_FILE.00016: RPTFILE assertion" tests="0">
    <testcase classname="CWKTDB2X_TTT_ISPW_CICD.CWKTDB2X_Scenario.00002: CWKTDB2XCase2.CWKTDB2X_RPTFILE_FILE.00016: RPTFILE assertion" name="RPTFILE"/>
  </testsuite>
  <testsuite errors="0" failures="0" name="CWKTDB2X_TTT_ISPW_CICD.CWKTDB2X_Scenario.00002: CWKTDB2XCase2.CWKTDB2X_RPTFILE_FILE.00017: RPTFILE assertion" tests="0">
    <testcase classname="CWKTDB2X_TTT_ISPW_CICD.CWKTDB2X_Scenario.00002: CWKTDB2XCase2.CWKTDB2X_RPTFILE_FILE.00017: RPTFILE assertion" name="RPTFILE"/>
  </testsuite>
  <testsuite errors="0" failures="0" name="CWKTDB2X_TTT_ISPW_CICD.CWKTDB2X_Scenario.00002: CWKTDB2XCase2.CWKTDB2X_RPTFILE_FILE.00018: RPTFILE assertion" tests="0">
    <testcase classname="CWKTDB2X_TTT_ISPW_CICD.CWKTDB2X_Scenario.00002: CWKTDB2XCase2.CWKTDB2X_RPTFILE_FILE.00018: RPTFILE assertion" name="RPTFILE"/>
  </testsuite>
  <testsuite errors="0" failures="0" name="CWKTDB2X_TTT_ISPW_CICD.CWKTDB2X_Scenario.00002: CWKTDB2XCase2.CWKTDB2X_Select_1_SQL.00001: Select assertion" tests="0">
    <testcase classname="CWKTDB2X_TTT_ISPW_CICD.CWKTDB2X_Scenario.00002: CWKTDB2XCase2.CWKTDB2X_Select_1_SQL.00001: Select assertion" name="Select"/>
  </testsuite>
  <testsuite errors="0" failures="0" name="CWKTDB2X_TTT_ISPW_CICD.CWKTDB2X_Scenario.00002: CWKTDB2XCase2.CWKTDB2X_EMPLOYEE_CURSOR_SQL.00001: Open assertion" tests="0">
    <testcase classname="CWKTDB2X_TTT_ISPW_CICD.CWKTDB2X_Scenario.00002: CWKTDB2XCase2.CWKTDB2X_EMPLOYEE_CURSOR_SQL.00001: Open assertion" name="Open"/>
  </testsuite>
  <testsuite errors="0" failures="0" name="CWKTDB2X_TTT_ISPW_CICD.CWKTDB2X_Scenario.00002: CWKTDB2XCase2.CWKTDB2X_EMPLOYEE_CURSOR_SQL.00002: Fetch assertion" tests="0">
    <testcase classname="CWKTDB2X_TTT_ISPW_CICD.CWKTDB2X_Scenario.00002: CWKTDB2XCase2.CWKTDB2X_EMPLOYEE_CURSOR_SQL.00002: Fetch assertion" name="Fetch"/>
  </testsuite>
  <testsuite errors="0" failures="0" name="CWKTDB2X_TTT_ISPW_CICD.CWKTDB2X_Scenario.00002: CWKTDB2XCase2.CWKTDB2X_EMPLOYEE_CURSOR_SQL.00003: Open assertion" tests="0">
    <testcase classname="CWKTDB2X_TTT_ISPW_CICD.CWKTDB2X_Scenario.00002: CWKTDB2XCase2.CWKTDB2X_EMPLOYEE_CURSOR_SQL.00003: Open assertion" name="Open"/>
  </testsuite>
  <testsuite errors="0" failures="0" name="CWKTDB2X_TTT_ISPW_CICD.CWKTDB2X_Scenario.00002: CWKTDB2XCase2.CWKTDB2X_EMPLOYEE_CURSOR_SQL.00004: Fetch assertion" tests="0">
    <testcase classname="CWKTDB2X_TTT_ISPW_CICD.CWKTDB2X_Scenario.00002: CWKTDB2XCase2.CWKTDB2X_EMPLOYEE_CURSOR_SQL.00004: Fetch assertion" name="Fetch"/>
  </testsuite>
  <testsuite errors="0" failures="0" name="CWKTDB2X_TTT_ISPW_CICD.CWKTDB2X_Scenario.00002: CWKTDB2XCase2.CWKTDB2X_EMPLOYEE_CURSOR_SQL.00005: Open assertion" tests="0">
    <testcase classname="CWKTDB2X_TTT_ISPW_CICD.CWKTDB2X_Scenario.00002: CWKTDB2XCase2.CWKTDB2X_EMPLOYEE_CURSOR_SQL.00005: Open assertion" name="Open"/>
  </testsuite>
  <testsuite errors="0" failures="0" name="CWKTDB2X_TTT_ISPW_CICD.CWKTDB2X_Scenario.00002: CWKTDB2XCase2.CWKTDB2X_EMPLOYEE_CURSOR_SQL.00006: Fetch assertion" tests="0">
    <testcase classname="CWKTDB2X_TTT_ISPW_CICD.CWKTDB2X_Scenario.00002: CWKTDB2XCase2.CWKTDB2X_EMPLOYEE_CURSOR_SQL.00006: Fetch assertion" name="Fetch"/>
  </testsuite>
  <testsuite errors="0" failures="0" name="CWKTDB2X_TTT_ISPW_CICD.CWKTDB2X_Scenario.00002: CWKTDB2XCase2.CWKTDB2X_EMPLOYEE_CURSOR_SQL.00007: Open assertion" tests="0">
    <testcase classname="CWKTDB2X_TTT_ISPW_CICD.CWKTDB2X_Scenario.00002: CWKTDB2XCase2.CWKTDB2X_EMPLOYEE_CURSOR_SQL.00007: Open assertion" name="Open"/>
  </testsuite>
  <testsuite errors="0" failures="0" name="CWKTDB2X_TTT_ISPW_CICD.CWKTDB2X_Scenario.00002: CWKTDB2XCase2.CWKTDB2X_EMPLOYEE_CURSOR_SQL.00008: Fetch assertion" tests="0">
    <testcase classname="CWKTDB2X_TTT_ISPW_CICD.CWKTDB2X_Scenario.00002: CWKTDB2XCase2.CWKTDB2X_EMPLOYEE_CURSOR_SQL.00008: Fetch assertion" name="Fetch"/>
  </testsuite>
  <testsuite errors="0" failures="0" name="CWKTDB2X_TTT_ISPW_CICD.CWKTDB2X_Scenario.00002: CWKTDB2XCase2.CWKTDB2X_EMPLOYEE_CURSOR_SQL.00009: Open assertion" tests="0">
    <testcase classname="CWKTDB2X_TTT_ISPW_CICD.CWKTDB2X_Scenario.00002: CWKTDB2XCase2.CWKTDB2X_EMPLOYEE_CURSOR_SQL.00009: Open assertion" name="Open"/>
  </testsuite>
  <testsuite errors="0" failures="0" name="CWKTDB2X_TTT_ISPW_CICD.CWKTDB2X_Scenario.00002: CWKTDB2XCase2.CWKTDB2X_EMPLOYEE_CURSOR_SQL.00010: Fetch assertion" tests="0">
    <testcase classname="CWKTDB2X_TTT_ISPW_CICD.CWKTDB2X_Scenario.00002: CWKTDB2XCase2.CWKTDB2X_EMPLOYEE_CURSOR_SQL.00010: Fetch assertion" name="Fetch"/>
  </testsuite>
  <testsuite errors="0" failures="0" name="CWKTDB2X_TTT_ISPW_CICD.CWKTDB2X_Scenario.00002: CWKTDB2XCase2.CWKTDB2X_EMPLOYEE_CURSOR_SQL.00011: Open assertion" tests="0">
    <testcase classname="CWKTDB2X_TTT_ISPW_CICD.CWKTDB2X_Scenario.00002: CWKTDB2XCase2.CWKTDB2X_EMPLOYEE_CURSOR_SQL.00011: Open assertion" name="Open"/>
  </testsuite>
  <testsuite errors="0" failures="0" name="CWKTDB2X_TTT_ISPW_CICD.CWKTDB2X_Scenario.00002: CWKTDB2XCase2.CWKTDB2X_EMPLOYEE_CURSOR_SQL.00012: Fetch assertion" tests="0">
    <testcase classname="CWKTDB2X_TTT_ISPW_CICD.CWKTDB2X_Scenario.00002: CWKTDB2XCase2.CWKTDB2X_EMPLOYEE_CURSOR_SQL.00012: Fetch assertion" name="Fetch"/>
  </testsuite>
  <testsuite errors="0" failures="0" name="CWKTDB2X_TTT_ISPW_CICD.CWKTDB2X_Scenario.00002: CWKTDB2XCase2.CWKTDB2X_EMPLOYEE_CURSOR_SQL.00013: Open assertion" tests="0">
    <testcase classname="CWKTDB2X_TTT_ISPW_CICD.CWKTDB2X_Scenario.00002: CWKTDB2XCase2.CWKTDB2X_EMPLOYEE_CURSOR_SQL.00013: Open assertion" name="Open"/>
  </testsuite>
  <testsuite errors="0" failures="0" name="CWKTDB2X_TTT_ISPW_CICD.CWKTDB2X_Scenario.00002: CWKTDB2XCase2.CWKTDB2X_EMPLOYEE_CURSOR_SQL.00014: Fetch assertion" tests="0">
    <testcase classname="CWKTDB2X_TTT_ISPW_CICD.CWKTDB2X_Scenario.00002: CWKTDB2XCase2.CWKTDB2X_EMPLOYEE_CURSOR_SQL.00014: Fetch assertion" name="Fetch"/>
  </testsuite>
  <testsuite errors="0" failures="0" name="CWKTDB2X_TTT_ISPW_CICD.CWKTDB2X_Scenario.00002: CWKTDB2XCase2.CWKTDB2X_EMPLOYEE_CURSOR_SQL.00015: Open assertion" tests="0">
    <testcase classname="CWKTDB2X_TTT_ISPW_CICD.CWKTDB2X_Scenario.00002: CWKTDB2XCase2.CWKTDB2X_EMPLOYEE_CURSOR_SQL.00015: Open assertion" name="Open"/>
  </testsuite>
  <testsuite errors="0" failures="0" name="CWKTDB2X_TTT_ISPW_CICD.CWKTDB2X_Scenario.00002: CWKTDB2XCase2.CWKTDB2X_EMPLOYEE_CURSOR_SQL.00016: Fetch assertion" tests="0">
    <testcase classname="CWKTDB2X_TTT_ISPW_CICD.CWKTDB2X_Scenario.00002: CWKTDB2XCase2.CWKTDB2X_EMPLOYEE_CURSOR_SQL.00016: Fetch assertion" name="Fetch"/>
  </testsuite>
</testsuites>