<?xml version="1.0" encoding="UTF-8"?>
<?totaltestVersion 19.2.1.v20180920-0235_707?>
<!--Topaz for Total Test 19.2.1.v20180920-0235_707 Nov 16, 2018 2:24:30 PM-->
<testsuites>
  <testsuite errors="0" failures="0" name="CWKTDB2X_TTT_01.CWKTDB2X_Scenario.00001: CWKTDB2XCase1" tests="4">
    <testcase classname="CWKTDB2X_TTT_01.CWKTDB2X_Scenario.00001: CWKTDB2XCase1" name="00001: Check for PARM_LTH"/>
    <testcase classname="CWKTDB2X_TTT_01.CWKTDB2X_Scenario.00001: CWKTDB2XCase1" name="00002: Check for PARM_DATA"/>
    <testcase classname="CWKTDB2X_TTT_01.CWKTDB2X_Scenario.00001: CWKTDB2XCase1" name="00003: Check for GRAND_TOTAL"/>
    <testcase classname="CWKTDB2X_TTT_01.CWKTDB2X_Scenario.00001: CWKTDB2XCase1" name="00004: Check for TOTAL_RECORD"/>
  </testsuite>
  <testsuite errors="0" failures="1" name="CWKTDB2X_TTT_01.CWKTDB2X_Scenario.00001: CWKTDB2XCase1.CWKTDB2X_CWKTDATE.00001: CWKTDATE assertion" tests="3">
    <testcase classname="CWKTDB2X_TTT_01.CWKTDB2X_Scenario.00001: CWKTDB2XCase1.CWKTDB2X_CWKTDATE.00001: CWKTDATE assertion" name="00001: END_OF_MONTH_SW"/>
    <testcase classname="CWKTDB2X_TTT_01.CWKTDB2X_Scenario.00001: CWKTDB2XCase1.CWKTDB2X_CWKTDATE.00001: CWKTDATE assertion" name="00002: YRS_OF_SERVICE"/>
    <testcase classname="CWKTDB2X_TTT_01.CWKTDB2X_Scenario.00001: CWKTDB2XCase1.CWKTDB2X_CWKTDATE.00001: CWKTDATE assertion" name="00003: TODAYS_DATE">
      <failure>TODAYS_DATE failed

Actual Value:    181116

Expected Value:  181106</failure>
    </testcase>
  </testsuite>
  <testsuite errors="0" failures="1" name="CWKTDB2X_TTT_01.CWKTDB2X_Scenario.00001: CWKTDB2XCase1.CWKTDB2X_CWKTDATE.00002: CWKTDATE assertion" tests="9">
    <testcase classname="CWKTDB2X_TTT_01.CWKTDB2X_Scenario.00001: CWKTDB2XCase1.CWKTDB2X_CWKTDATE.00002: CWKTDATE assertion" name="00001: END_OF_MONTH_SW"/>
    <testcase classname="CWKTDB2X_TTT_01.CWKTDB2X_Scenario.00001: CWKTDB2XCase1.CWKTDB2X_CWKTDATE.00002: CWKTDATE assertion" name="00002: YRS_OF_SERVICE"/>
    <testcase classname="CWKTDB2X_TTT_01.CWKTDB2X_Scenario.00001: CWKTDB2XCase1.CWKTDB2X_CWKTDATE.00002: CWKTDATE assertion" name="00003: TODAYS_DATE"/>
    <testcase classname="CWKTDB2X_TTT_01.CWKTDB2X_Scenario.00001: CWKTDB2XCase1.CWKTDB2X_CWKTDATE.00002: CWKTDATE assertion" name="00004: WA_EMP_HIRE_YY"/>
    <testcase classname="CWKTDB2X_TTT_01.CWKTDB2X_Scenario.00001: CWKTDB2XCase1.CWKTDB2X_CWKTDATE.00002: CWKTDATE assertion" name="00005: WA_EMP_HIRE_MM"/>
    <testcase classname="CWKTDB2X_TTT_01.CWKTDB2X_Scenario.00001: CWKTDB2XCase1.CWKTDB2X_CWKTDATE.00002: CWKTDATE assertion" name="00006: WA_EMP_HIRE_DD"/>
  </testsuite>
  <testsuite errors="0" failures="1" name="CWKTDB2X_TTT_01.CWKTDB2X_Scenario.00001: CWKTDB2XCase1.CWKTDB2X_CWKTDATE.00003: CWKTDATE assertion" tests="15">
    <testcase classname="CWKTDB2X_TTT_01.CWKTDB2X_Scenario.00001: CWKTDB2XCase1.CWKTDB2X_CWKTDATE.00003: CWKTDATE assertion" name="00001: END_OF_MONTH_SW"/>
    <testcase classname="CWKTDB2X_TTT_01.CWKTDB2X_Scenario.00001: CWKTDB2XCase1.CWKTDB2X_CWKTDATE.00003: CWKTDATE assertion" name="00002: YRS_OF_SERVICE"/>
    <testcase classname="CWKTDB2X_TTT_01.CWKTDB2X_Scenario.00001: CWKTDB2XCase1.CWKTDB2X_CWKTDATE.00003: CWKTDATE assertion" name="00003: TODAYS_DATE"/>
    <testcase classname="CWKTDB2X_TTT_01.CWKTDB2X_Scenario.00001: CWKTDB2XCase1.CWKTDB2X_CWKTDATE.00003: CWKTDATE assertion" name="00004: WA_EMP_HIRE_YY"/>
    <testcase classname="CWKTDB2X_TTT_01.CWKTDB2X_Scenario.00001: CWKTDB2XCase1.CWKTDB2X_CWKTDATE.00003: CWKTDATE assertion" name="00005: WA_EMP_HIRE_MM"/>
    <testcase classname="CWKTDB2X_TTT_01.CWKTDB2X_Scenario.00001: CWKTDB2XCase1.CWKTDB2X_CWKTDATE.00003: CWKTDATE assertion" name="00006: WA_EMP_HIRE_DD"/>
  </testsuite>
  <testsuite errors="0" failures="1" name="CWKTDB2X_TTT_01.CWKTDB2X_Scenario.00001: CWKTDB2XCase1.CWKTDB2X_CWKTDATE.00004: CWKTDATE assertion" tests="21">
    <testcase classname="CWKTDB2X_TTT_01.CWKTDB2X_Scenario.00001: CWKTDB2XCase1.CWKTDB2X_CWKTDATE.00004: CWKTDATE assertion" name="00001: END_OF_MONTH_SW"/>
    <testcase classname="CWKTDB2X_TTT_01.CWKTDB2X_Scenario.00001: CWKTDB2XCase1.CWKTDB2X_CWKTDATE.00004: CWKTDATE assertion" name="00002: YRS_OF_SERVICE"/>
    <testcase classname="CWKTDB2X_TTT_01.CWKTDB2X_Scenario.00001: CWKTDB2XCase1.CWKTDB2X_CWKTDATE.00004: CWKTDATE assertion" name="00003: TODAYS_DATE"/>
    <testcase classname="CWKTDB2X_TTT_01.CWKTDB2X_Scenario.00001: CWKTDB2XCase1.CWKTDB2X_CWKTDATE.00004: CWKTDATE assertion" name="00004: WA_EMP_HIRE_YY"/>
    <testcase classname="CWKTDB2X_TTT_01.CWKTDB2X_Scenario.00001: CWKTDB2XCase1.CWKTDB2X_CWKTDATE.00004: CWKTDATE assertion" name="00005: WA_EMP_HIRE_MM"/>
    <testcase classname="CWKTDB2X_TTT_01.CWKTDB2X_Scenario.00001: CWKTDB2XCase1.CWKTDB2X_CWKTDATE.00004: CWKTDATE assertion" name="00006: WA_EMP_HIRE_DD"/>
  </testsuite>
  <testsuite errors="0" failures="1" name="CWKTDB2X_TTT_01.CWKTDB2X_Scenario.00001: CWKTDB2XCase1.CWKTDB2X_CWKTDATE.00005: CWKTDATE assertion" tests="27">
    <testcase classname="CWKTDB2X_TTT_01.CWKTDB2X_Scenario.00001: CWKTDB2XCase1.CWKTDB2X_CWKTDATE.00005: CWKTDATE assertion" name="00001: END_OF_MONTH_SW"/>
    <testcase classname="CWKTDB2X_TTT_01.CWKTDB2X_Scenario.00001: CWKTDB2XCase1.CWKTDB2X_CWKTDATE.00005: CWKTDATE assertion" name="00002: YRS_OF_SERVICE"/>
    <testcase classname="CWKTDB2X_TTT_01.CWKTDB2X_Scenario.00001: CWKTDB2XCase1.CWKTDB2X_CWKTDATE.00005: CWKTDATE assertion" name="00003: TODAYS_DATE"/>
    <testcase classname="CWKTDB2X_TTT_01.CWKTDB2X_Scenario.00001: CWKTDB2XCase1.CWKTDB2X_CWKTDATE.00005: CWKTDATE assertion" name="00004: WA_EMP_HIRE_YY"/>
    <testcase classname="CWKTDB2X_TTT_01.CWKTDB2X_Scenario.00001: CWKTDB2XCase1.CWKTDB2X_CWKTDATE.00005: CWKTDATE assertion" name="00005: WA_EMP_HIRE_MM"/>
    <testcase classname="CWKTDB2X_TTT_01.CWKTDB2X_Scenario.00001: CWKTDB2XCase1.CWKTDB2X_CWKTDATE.00005: CWKTDATE assertion" name="00006: WA_EMP_HIRE_DD"/>
  </testsuite>
  <testsuite errors="0" failures="1" name="CWKTDB2X_TTT_01.CWKTDB2X_Scenario.00001: CWKTDB2XCase1.CWKTDB2X_CWKTDATE.00006: CWKTDATE assertion" tests="33">
    <testcase classname="CWKTDB2X_TTT_01.CWKTDB2X_Scenario.00001: CWKTDB2XCase1.CWKTDB2X_CWKTDATE.00006: CWKTDATE assertion" name="00001: END_OF_MONTH_SW"/>
    <testcase classname="CWKTDB2X_TTT_01.CWKTDB2X_Scenario.00001: CWKTDB2XCase1.CWKTDB2X_CWKTDATE.00006: CWKTDATE assertion" name="00002: YRS_OF_SERVICE"/>
    <testcase classname="CWKTDB2X_TTT_01.CWKTDB2X_Scenario.00001: CWKTDB2XCase1.CWKTDB2X_CWKTDATE.00006: CWKTDATE assertion" name="00003: TODAYS_DATE"/>
    <testcase classname="CWKTDB2X_TTT_01.CWKTDB2X_Scenario.00001: CWKTDB2XCase1.CWKTDB2X_CWKTDATE.00006: CWKTDATE assertion" name="00004: WA_EMP_HIRE_YY"/>
    <testcase classname="CWKTDB2X_TTT_01.CWKTDB2X_Scenario.00001: CWKTDB2XCase1.CWKTDB2X_CWKTDATE.00006: CWKTDATE assertion" name="00005: WA_EMP_HIRE_MM"/>
    <testcase classname="CWKTDB2X_TTT_01.CWKTDB2X_Scenario.00001: CWKTDB2XCase1.CWKTDB2X_CWKTDATE.00006: CWKTDATE assertion" name="00006: WA_EMP_HIRE_DD"/>
  </testsuite>
  <testsuite errors="0" failures="1" name="CWKTDB2X_TTT_01.CWKTDB2X_Scenario.00001: CWKTDB2XCase1.CWKTDB2X_CWKTDATE.00007: CWKTDATE assertion" tests="39">
    <testcase classname="CWKTDB2X_TTT_01.CWKTDB2X_Scenario.00001: CWKTDB2XCase1.CWKTDB2X_CWKTDATE.00007: CWKTDATE assertion" name="00001: END_OF_MONTH_SW"/>
    <testcase classname="CWKTDB2X_TTT_01.CWKTDB2X_Scenario.00001: CWKTDB2XCase1.CWKTDB2X_CWKTDATE.00007: CWKTDATE assertion" name="00002: YRS_OF_SERVICE"/>
    <testcase classname="CWKTDB2X_TTT_01.CWKTDB2X_Scenario.00001: CWKTDB2XCase1.CWKTDB2X_CWKTDATE.00007: CWKTDATE assertion" name="00003: TODAYS_DATE"/>
    <testcase classname="CWKTDB2X_TTT_01.CWKTDB2X_Scenario.00001: CWKTDB2XCase1.CWKTDB2X_CWKTDATE.00007: CWKTDATE assertion" name="00004: WA_EMP_HIRE_YY"/>
    <testcase classname="CWKTDB2X_TTT_01.CWKTDB2X_Scenario.00001: CWKTDB2XCase1.CWKTDB2X_CWKTDATE.00007: CWKTDATE assertion" name="00005: WA_EMP_HIRE_MM"/>
    <testcase classname="CWKTDB2X_TTT_01.CWKTDB2X_Scenario.00001: CWKTDB2XCase1.CWKTDB2X_CWKTDATE.00007: CWKTDATE assertion" name="00006: WA_EMP_HIRE_DD"/>
  </testsuite>
  <testsuite errors="0" failures="1" name="CWKTDB2X_TTT_01.CWKTDB2X_Scenario.00001: CWKTDB2XCase1.CWKTDB2X_CWKTDATE.00008: CWKTDATE assertion" tests="45">
    <testcase classname="CWKTDB2X_TTT_01.CWKTDB2X_Scenario.00001: CWKTDB2XCase1.CWKTDB2X_CWKTDATE.00008: CWKTDATE assertion" name="00001: END_OF_MONTH_SW"/>
    <testcase classname="CWKTDB2X_TTT_01.CWKTDB2X_Scenario.00001: CWKTDB2XCase1.CWKTDB2X_CWKTDATE.00008: CWKTDATE assertion" name="00002: YRS_OF_SERVICE"/>
    <testcase classname="CWKTDB2X_TTT_01.CWKTDB2X_Scenario.00001: CWKTDB2XCase1.CWKTDB2X_CWKTDATE.00008: CWKTDATE assertion" name="00003: TODAYS_DATE"/>
    <testcase classname="CWKTDB2X_TTT_01.CWKTDB2X_Scenario.00001: CWKTDB2XCase1.CWKTDB2X_CWKTDATE.00008: CWKTDATE assertion" name="00004: WA_EMP_HIRE_YY"/>
    <testcase classname="CWKTDB2X_TTT_01.CWKTDB2X_Scenario.00001: CWKTDB2XCase1.CWKTDB2X_CWKTDATE.00008: CWKTDATE assertion" name="00005: WA_EMP_HIRE_MM"/>
    <testcase classname="CWKTDB2X_TTT_01.CWKTDB2X_Scenario.00001: CWKTDB2XCase1.CWKTDB2X_CWKTDATE.00008: CWKTDATE assertion" name="00006: WA_EMP_HIRE_DD"/>
  </testsuite>
  <testsuite errors="0" failures="0" name="CWKTDB2X_TTT_01.CWKTDB2X_Scenario.00001: CWKTDB2XCase1.CWKTDB2X_RPTFILE_WRITE.00001: RPTFILE assertion" tests="1">
    <testcase classname="CWKTDB2X_TTT_01.CWKTDB2X_Scenario.00001: CWKTDB2XCase1.CWKTDB2X_RPTFILE_WRITE.00001: RPTFILE assertion" name="00001: Check for BLANK_LINE"/>
  </testsuite>
  <testsuite errors="0" failures="0" name="CWKTDB2X_TTT_01.CWKTDB2X_Scenario.00001: CWKTDB2XCase1.CWKTDB2X_RPTFILE_WRITE.00002: RPTFILE assertion" tests="2">
    <testcase classname="CWKTDB2X_TTT_01.CWKTDB2X_Scenario.00001: CWKTDB2XCase1.CWKTDB2X_RPTFILE_WRITE.00002: RPTFILE assertion" name="00001: Check for BLANK_LINE"/>
  </testsuite>
  <testsuite errors="0" failures="0" name="CWKTDB2X_TTT_01.CWKTDB2X_Scenario.00001: CWKTDB2XCase1.CWKTDB2X_RPTFILE_WRITE.00003: RPTFILE assertion" tests="3">
    <testcase classname="CWKTDB2X_TTT_01.CWKTDB2X_Scenario.00001: CWKTDB2XCase1.CWKTDB2X_RPTFILE_WRITE.00003: RPTFILE assertion" name="00001: Check for BLANK_LINE"/>
  </testsuite>
  <testsuite errors="0" failures="0" name="CWKTDB2X_TTT_01.CWKTDB2X_Scenario.00001: CWKTDB2XCase1.CWKTDB2X_RPTFILE_WRITE.00004: RPTFILE assertion" tests="15">
    <testcase classname="CWKTDB2X_TTT_01.CWKTDB2X_Scenario.00001: CWKTDB2XCase1.CWKTDB2X_RPTFILE_WRITE.00004: RPTFILE assertion" name="00001: Check for FILLER0"/>
    <testcase classname="CWKTDB2X_TTT_01.CWKTDB2X_Scenario.00001: CWKTDB2XCase1.CWKTDB2X_RPTFILE_WRITE.00004: RPTFILE assertion" name="00002: Check for FILLER1"/>
    <testcase classname="CWKTDB2X_TTT_01.CWKTDB2X_Scenario.00001: CWKTDB2XCase1.CWKTDB2X_RPTFILE_WRITE.00004: RPTFILE assertion" name="00003: Check for EMP_RUN_MM"/>
    <testcase classname="CWKTDB2X_TTT_01.CWKTDB2X_Scenario.00001: CWKTDB2XCase1.CWKTDB2X_RPTFILE_WRITE.00004: RPTFILE assertion" name="00004: Check for FILLER2"/>
    <testcase classname="CWKTDB2X_TTT_01.CWKTDB2X_Scenario.00001: CWKTDB2XCase1.CWKTDB2X_RPTFILE_WRITE.00004: RPTFILE assertion" name="00005: Check for EMP_RUN_DD"/>
    <testcase classname="CWKTDB2X_TTT_01.CWKTDB2X_Scenario.00001: CWKTDB2XCase1.CWKTDB2X_RPTFILE_WRITE.00004: RPTFILE assertion" name="00006: Check for FILLER3"/>
    <testcase classname="CWKTDB2X_TTT_01.CWKTDB2X_Scenario.00001: CWKTDB2XCase1.CWKTDB2X_RPTFILE_WRITE.00004: RPTFILE assertion" name="00007: Check for EMP_RUN_YY"/>
    <testcase classname="CWKTDB2X_TTT_01.CWKTDB2X_Scenario.00001: CWKTDB2XCase1.CWKTDB2X_RPTFILE_WRITE.00004: RPTFILE assertion" name="00008: Check for FILLER4"/>
    <testcase classname="CWKTDB2X_TTT_01.CWKTDB2X_Scenario.00001: CWKTDB2XCase1.CWKTDB2X_RPTFILE_WRITE.00004: RPTFILE assertion" name="00009: Check for FILLER5"/>
    <testcase classname="CWKTDB2X_TTT_01.CWKTDB2X_Scenario.00001: CWKTDB2XCase1.CWKTDB2X_RPTFILE_WRITE.00004: RPTFILE assertion" name="00010: Check for FILLER6"/>
    <testcase classname="CWKTDB2X_TTT_01.CWKTDB2X_Scenario.00001: CWKTDB2XCase1.CWKTDB2X_RPTFILE_WRITE.00004: RPTFILE assertion" name="00011: Check for FILLER7"/>
    <testcase classname="CWKTDB2X_TTT_01.CWKTDB2X_Scenario.00001: CWKTDB2XCase1.CWKTDB2X_RPTFILE_WRITE.00004: RPTFILE assertion" name="00012: Check for EMP_PAGE"/>
  </testsuite>
  <testsuite errors="0" failures="0" name="CWKTDB2X_TTT_01.CWKTDB2X_Scenario.00001: CWKTDB2XCase1.CWKTDB2X_RPTFILE_WRITE.00005: RPTFILE assertion" tests="16">
    <testcase classname="CWKTDB2X_TTT_01.CWKTDB2X_Scenario.00001: CWKTDB2XCase1.CWKTDB2X_RPTFILE_WRITE.00005: RPTFILE assertion" name="00001: Check for BLANK_LINE"/>
  </testsuite>
  <testsuite errors="0" failures="0" name="CWKTDB2X_TTT_01.CWKTDB2X_Scenario.00001: CWKTDB2XCase1.CWKTDB2X_RPTFILE_WRITE.00006: RPTFILE assertion" tests="17">
    <testcase classname="CWKTDB2X_TTT_01.CWKTDB2X_Scenario.00001: CWKTDB2XCase1.CWKTDB2X_RPTFILE_WRITE.00006: RPTFILE assertion" name="00001: Check for BLANK_LINE"/>
  </testsuite>
  <testsuite errors="0" failures="0" name="CWKTDB2X_TTT_01.CWKTDB2X_Scenario.00001: CWKTDB2XCase1.CWKTDB2X_RPTFILE_WRITE.00007: RPTFILE assertion" tests="22">
    <testcase classname="CWKTDB2X_TTT_01.CWKTDB2X_Scenario.00001: CWKTDB2XCase1.CWKTDB2X_RPTFILE_WRITE.00007: RPTFILE assertion" name="00001: Check for FILLER0"/>
    <testcase classname="CWKTDB2X_TTT_01.CWKTDB2X_Scenario.00001: CWKTDB2XCase1.CWKTDB2X_RPTFILE_WRITE.00007: RPTFILE assertion" name="00002: Check for FILLER1"/>
    <testcase classname="CWKTDB2X_TTT_01.CWKTDB2X_Scenario.00001: CWKTDB2XCase1.CWKTDB2X_RPTFILE_WRITE.00007: RPTFILE assertion" name="00003: Check for FILLER2"/>
    <testcase classname="CWKTDB2X_TTT_01.CWKTDB2X_Scenario.00001: CWKTDB2XCase1.CWKTDB2X_RPTFILE_WRITE.00007: RPTFILE assertion" name="00004: Check for FILLER3"/>
    <testcase classname="CWKTDB2X_TTT_01.CWKTDB2X_Scenario.00001: CWKTDB2XCase1.CWKTDB2X_RPTFILE_WRITE.00007: RPTFILE assertion" name="00005: Check for FILLER4"/>
  </testsuite>
  <testsuite errors="0" failures="0" name="CWKTDB2X_TTT_01.CWKTDB2X_Scenario.00001: CWKTDB2XCase1.CWKTDB2X_RPTFILE_WRITE.00008: RPTFILE assertion" tests="40">
    <testcase classname="CWKTDB2X_TTT_01.CWKTDB2X_Scenario.00001: CWKTDB2XCase1.CWKTDB2X_RPTFILE_WRITE.00008: RPTFILE assertion" name="00001: Check for FILLER0"/>
    <testcase classname="CWKTDB2X_TTT_01.CWKTDB2X_Scenario.00001: CWKTDB2XCase1.CWKTDB2X_RPTFILE_WRITE.00008: RPTFILE assertion" name="00002: Check for FILLER1"/>
    <testcase classname="CWKTDB2X_TTT_01.CWKTDB2X_Scenario.00001: CWKTDB2XCase1.CWKTDB2X_RPTFILE_WRITE.00008: RPTFILE assertion" name="00003: Check for FILLER2"/>
    <testcase classname="CWKTDB2X_TTT_01.CWKTDB2X_Scenario.00001: CWKTDB2XCase1.CWKTDB2X_RPTFILE_WRITE.00008: RPTFILE assertion" name="00004: Check for FILLER3"/>
    <testcase classname="CWKTDB2X_TTT_01.CWKTDB2X_Scenario.00001: CWKTDB2XCase1.CWKTDB2X_RPTFILE_WRITE.00008: RPTFILE assertion" name="00005: Check for FILLER4"/>
    <testcase classname="CWKTDB2X_TTT_01.CWKTDB2X_Scenario.00001: CWKTDB2XCase1.CWKTDB2X_RPTFILE_WRITE.00008: RPTFILE assertion" name="00006: Check for FILLER5"/>
    <testcase classname="CWKTDB2X_TTT_01.CWKTDB2X_Scenario.00001: CWKTDB2XCase1.CWKTDB2X_RPTFILE_WRITE.00008: RPTFILE assertion" name="00007: Check for FILLER6"/>
    <testcase classname="CWKTDB2X_TTT_01.CWKTDB2X_Scenario.00001: CWKTDB2XCase1.CWKTDB2X_RPTFILE_WRITE.00008: RPTFILE assertion" name="00008: Check for FILLER7"/>
    <testcase classname="CWKTDB2X_TTT_01.CWKTDB2X_Scenario.00001: CWKTDB2XCase1.CWKTDB2X_RPTFILE_WRITE.00008: RPTFILE assertion" name="00009: Check for FILLER8"/>
    <testcase classname="CWKTDB2X_TTT_01.CWKTDB2X_Scenario.00001: CWKTDB2XCase1.CWKTDB2X_RPTFILE_WRITE.00008: RPTFILE assertion" name="00010: Check for FILLER9"/>
    <testcase classname="CWKTDB2X_TTT_01.CWKTDB2X_Scenario.00001: CWKTDB2XCase1.CWKTDB2X_RPTFILE_WRITE.00008: RPTFILE assertion" name="00011: Check for FILLER10"/>
    <testcase classname="CWKTDB2X_TTT_01.CWKTDB2X_Scenario.00001: CWKTDB2XCase1.CWKTDB2X_RPTFILE_WRITE.00008: RPTFILE assertion" name="00012: Check for FILLER11"/>
    <testcase classname="CWKTDB2X_TTT_01.CWKTDB2X_Scenario.00001: CWKTDB2XCase1.CWKTDB2X_RPTFILE_WRITE.00008: RPTFILE assertion" name="00013: Check for FILLER12"/>
    <testcase classname="CWKTDB2X_TTT_01.CWKTDB2X_Scenario.00001: CWKTDB2XCase1.CWKTDB2X_RPTFILE_WRITE.00008: RPTFILE assertion" name="00014: Check for FILLER13"/>
    <testcase classname="CWKTDB2X_TTT_01.CWKTDB2X_Scenario.00001: CWKTDB2XCase1.CWKTDB2X_RPTFILE_WRITE.00008: RPTFILE assertion" name="00015: Check for FILLER14"/>
    <testcase classname="CWKTDB2X_TTT_01.CWKTDB2X_Scenario.00001: CWKTDB2XCase1.CWKTDB2X_RPTFILE_WRITE.00008: RPTFILE assertion" name="00016: Check for FILLER15"/>
    <testcase classname="CWKTDB2X_TTT_01.CWKTDB2X_Scenario.00001: CWKTDB2XCase1.CWKTDB2X_RPTFILE_WRITE.00008: RPTFILE assertion" name="00017: Check for FILLER16"/>
    <testcase classname="CWKTDB2X_TTT_01.CWKTDB2X_Scenario.00001: CWKTDB2XCase1.CWKTDB2X_RPTFILE_WRITE.00008: RPTFILE assertion" name="00018: Check for FILLER17"/>
  </testsuite>
  <testsuite errors="0" failures="0" name="CWKTDB2X_TTT_01.CWKTDB2X_Scenario.00001: CWKTDB2XCase1.CWKTDB2X_RPTFILE_WRITE.00009: RPTFILE assertion" tests="41">
    <testcase classname="CWKTDB2X_TTT_01.CWKTDB2X_Scenario.00001: CWKTDB2XCase1.CWKTDB2X_RPTFILE_WRITE.00009: RPTFILE assertion" name="00001: Check for BLANK_LINE"/>
  </testsuite>
  <testsuite errors="0" failures="0" name="CWKTDB2X_TTT_01.CWKTDB2X_Scenario.00001: CWKTDB2XCase1.CWKTDB2X_RPTFILE_WRITE.00010: RPTFILE assertion" tests="63">
    <testcase classname="CWKTDB2X_TTT_01.CWKTDB2X_Scenario.00001: CWKTDB2XCase1.CWKTDB2X_RPTFILE_WRITE.00010: RPTFILE assertion" name="00001: Check for FILLER0"/>
    <testcase classname="CWKTDB2X_TTT_01.CWKTDB2X_Scenario.00001: CWKTDB2XCase1.CWKTDB2X_RPTFILE_WRITE.00010: RPTFILE assertion" name="00002: Check for EMP_DTL_NAME"/>
    <testcase classname="CWKTDB2X_TTT_01.CWKTDB2X_Scenario.00001: CWKTDB2XCase1.CWKTDB2X_RPTFILE_WRITE.00010: RPTFILE assertion" name="00003: Check for FILLER1"/>
    <testcase classname="CWKTDB2X_TTT_01.CWKTDB2X_Scenario.00001: CWKTDB2XCase1.CWKTDB2X_RPTFILE_WRITE.00010: RPTFILE assertion" name="00004: Check for EMP_DTL_REGION"/>
    <testcase classname="CWKTDB2X_TTT_01.CWKTDB2X_Scenario.00001: CWKTDB2XCase1.CWKTDB2X_RPTFILE_WRITE.00010: RPTFILE assertion" name="00005: Check for FILLER2"/>
    <testcase classname="CWKTDB2X_TTT_01.CWKTDB2X_Scenario.00001: CWKTDB2XCase1.CWKTDB2X_RPTFILE_WRITE.00010: RPTFILE assertion" name="00006: Check for EMP_DTL_TYPE"/>
    <testcase classname="CWKTDB2X_TTT_01.CWKTDB2X_Scenario.00001: CWKTDB2XCase1.CWKTDB2X_RPTFILE_WRITE.00010: RPTFILE assertion" name="00007: Check for FILLER3"/>
    <testcase classname="CWKTDB2X_TTT_01.CWKTDB2X_Scenario.00001: CWKTDB2XCase1.CWKTDB2X_RPTFILE_WRITE.00010: RPTFILE assertion" name="00008: Check for EMP_DTL_HIRE_MM"/>
    <testcase classname="CWKTDB2X_TTT_01.CWKTDB2X_Scenario.00001: CWKTDB2XCase1.CWKTDB2X_RPTFILE_WRITE.00010: RPTFILE assertion" name="00009: Check for EMP_DTL_SLASH1"/>
    <testcase classname="CWKTDB2X_TTT_01.CWKTDB2X_Scenario.00001: CWKTDB2XCase1.CWKTDB2X_RPTFILE_WRITE.00010: RPTFILE assertion" name="00010: Check for EMP_DTL_HIRE_DD"/>
    <testcase classname="CWKTDB2X_TTT_01.CWKTDB2X_Scenario.00001: CWKTDB2XCase1.CWKTDB2X_RPTFILE_WRITE.00010: RPTFILE assertion" name="00011: Check for EMP_DTL_SLASH2"/>
    <testcase classname="CWKTDB2X_TTT_01.CWKTDB2X_Scenario.00001: CWKTDB2XCase1.CWKTDB2X_RPTFILE_WRITE.00010: RPTFILE assertion" name="00012: Check for EMP_DTL_HIRE_YY"/>
    <testcase classname="CWKTDB2X_TTT_01.CWKTDB2X_Scenario.00001: CWKTDB2XCase1.CWKTDB2X_RPTFILE_WRITE.00010: RPTFILE assertion" name="00013: Check for FILLER4"/>
    <testcase classname="CWKTDB2X_TTT_01.CWKTDB2X_Scenario.00001: CWKTDB2XCase1.CWKTDB2X_RPTFILE_WRITE.00010: RPTFILE assertion" name="00014: Check for EMP_DTL_YRS_OF_SERVICE"/>
    <testcase classname="CWKTDB2X_TTT_01.CWKTDB2X_Scenario.00001: CWKTDB2XCase1.CWKTDB2X_RPTFILE_WRITE.00010: RPTFILE assertion" name="00015: Check for FILLER5"/>
    <testcase classname="CWKTDB2X_TTT_01.CWKTDB2X_Scenario.00001: CWKTDB2XCase1.CWKTDB2X_RPTFILE_WRITE.00010: RPTFILE assertion" name="00016: Check for EMP_DTL_WAGES"/>
    <testcase classname="CWKTDB2X_TTT_01.CWKTDB2X_Scenario.00001: CWKTDB2XCase1.CWKTDB2X_RPTFILE_WRITE.00010: RPTFILE assertion" name="00017: Check for FILLER6"/>
    <testcase classname="CWKTDB2X_TTT_01.CWKTDB2X_Scenario.00001: CWKTDB2XCase1.CWKTDB2X_RPTFILE_WRITE.00010: RPTFILE assertion" name="00018: Check for EMP_DTL_OT"/>
    <testcase classname="CWKTDB2X_TTT_01.CWKTDB2X_Scenario.00001: CWKTDB2XCase1.CWKTDB2X_RPTFILE_WRITE.00010: RPTFILE assertion" name="00019: Check for FILLER7"/>
    <testcase classname="CWKTDB2X_TTT_01.CWKTDB2X_Scenario.00001: CWKTDB2XCase1.CWKTDB2X_RPTFILE_WRITE.00010: RPTFILE assertion" name="00020: Check for EMP_DTL_COMM"/>
    <testcase classname="CWKTDB2X_TTT_01.CWKTDB2X_Scenario.00001: CWKTDB2XCase1.CWKTDB2X_RPTFILE_WRITE.00010: RPTFILE assertion" name="00021: Check for FILLER8"/>
    <testcase classname="CWKTDB2X_TTT_01.CWKTDB2X_Scenario.00001: CWKTDB2XCase1.CWKTDB2X_RPTFILE_WRITE.00010: RPTFILE assertion" name="00022: Check for EMP_DTL_TOTAL"/>
  </testsuite>
  <testsuite errors="0" failures="0" name="CWKTDB2X_TTT_01.CWKTDB2X_Scenario.00001: CWKTDB2XCase1.CWKTDB2X_RPTFILE_WRITE.00011: RPTFILE assertion" tests="85">
    <testcase classname="CWKTDB2X_TTT_01.CWKTDB2X_Scenario.00001: CWKTDB2XCase1.CWKTDB2X_RPTFILE_WRITE.00011: RPTFILE assertion" name="00001: Check for FILLER0"/>
    <testcase classname="CWKTDB2X_TTT_01.CWKTDB2X_Scenario.00001: CWKTDB2XCase1.CWKTDB2X_RPTFILE_WRITE.00011: RPTFILE assertion" name="00002: Check for EMP_DTL_NAME"/>
    <testcase classname="CWKTDB2X_TTT_01.CWKTDB2X_Scenario.00001: CWKTDB2XCase1.CWKTDB2X_RPTFILE_WRITE.00011: RPTFILE assertion" name="00003: Check for FILLER1"/>
    <testcase classname="CWKTDB2X_TTT_01.CWKTDB2X_Scenario.00001: CWKTDB2XCase1.CWKTDB2X_RPTFILE_WRITE.00011: RPTFILE assertion" name="00004: Check for EMP_DTL_REGION"/>
    <testcase classname="CWKTDB2X_TTT_01.CWKTDB2X_Scenario.00001: CWKTDB2XCase1.CWKTDB2X_RPTFILE_WRITE.00011: RPTFILE assertion" name="00005: Check for FILLER2"/>
    <testcase classname="CWKTDB2X_TTT_01.CWKTDB2X_Scenario.00001: CWKTDB2XCase1.CWKTDB2X_RPTFILE_WRITE.00011: RPTFILE assertion" name="00006: Check for EMP_DTL_TYPE"/>
    <testcase classname="CWKTDB2X_TTT_01.CWKTDB2X_Scenario.00001: CWKTDB2XCase1.CWKTDB2X_RPTFILE_WRITE.00011: RPTFILE assertion" name="00007: Check for FILLER3"/>
    <testcase classname="CWKTDB2X_TTT_01.CWKTDB2X_Scenario.00001: CWKTDB2XCase1.CWKTDB2X_RPTFILE_WRITE.00011: RPTFILE assertion" name="00008: Check for EMP_DTL_HIRE_MM"/>
    <testcase classname="CWKTDB2X_TTT_01.CWKTDB2X_Scenario.00001: CWKTDB2XCase1.CWKTDB2X_RPTFILE_WRITE.00011: RPTFILE assertion" name="00009: Check for EMP_DTL_SLASH1"/>
    <testcase classname="CWKTDB2X_TTT_01.CWKTDB2X_Scenario.00001: CWKTDB2XCase1.CWKTDB2X_RPTFILE_WRITE.00011: RPTFILE assertion" name="00010: Check for EMP_DTL_HIRE_DD"/>
    <testcase classname="CWKTDB2X_TTT_01.CWKTDB2X_Scenario.00001: CWKTDB2XCase1.CWKTDB2X_RPTFILE_WRITE.00011: RPTFILE assertion" name="00011: Check for EMP_DTL_SLASH2"/>
    <testcase classname="CWKTDB2X_TTT_01.CWKTDB2X_Scenario.00001: CWKTDB2XCase1.CWKTDB2X_RPTFILE_WRITE.00011: RPTFILE assertion" name="00012: Check for EMP_DTL_HIRE_YY"/>
    <testcase classname="CWKTDB2X_TTT_01.CWKTDB2X_Scenario.00001: CWKTDB2XCase1.CWKTDB2X_RPTFILE_WRITE.00011: RPTFILE assertion" name="00013: Check for FILLER4"/>
    <testcase classname="CWKTDB2X_TTT_01.CWKTDB2X_Scenario.00001: CWKTDB2XCase1.CWKTDB2X_RPTFILE_WRITE.00011: RPTFILE assertion" name="00014: Check for EMP_DTL_YRS_OF_SERVICE"/>
    <testcase classname="CWKTDB2X_TTT_01.CWKTDB2X_Scenario.00001: CWKTDB2XCase1.CWKTDB2X_RPTFILE_WRITE.00011: RPTFILE assertion" name="00015: Check for FILLER5"/>
    <testcase classname="CWKTDB2X_TTT_01.CWKTDB2X_Scenario.00001: CWKTDB2XCase1.CWKTDB2X_RPTFILE_WRITE.00011: RPTFILE assertion" name="00016: Check for EMP_DTL_WAGES"/>
    <testcase classname="CWKTDB2X_TTT_01.CWKTDB2X_Scenario.00001: CWKTDB2XCase1.CWKTDB2X_RPTFILE_WRITE.00011: RPTFILE assertion" name="00017: Check for FILLER6"/>
    <testcase classname="CWKTDB2X_TTT_01.CWKTDB2X_Scenario.00001: CWKTDB2XCase1.CWKTDB2X_RPTFILE_WRITE.00011: RPTFILE assertion" name="00018: Check for EMP_DTL_OT"/>
    <testcase classname="CWKTDB2X_TTT_01.CWKTDB2X_Scenario.00001: CWKTDB2XCase1.CWKTDB2X_RPTFILE_WRITE.00011: RPTFILE assertion" name="00019: Check for FILLER7"/>
    <testcase classname="CWKTDB2X_TTT_01.CWKTDB2X_Scenario.00001: CWKTDB2XCase1.CWKTDB2X_RPTFILE_WRITE.00011: RPTFILE assertion" name="00020: Check for EMP_DTL_COMM"/>
    <testcase classname="CWKTDB2X_TTT_01.CWKTDB2X_Scenario.00001: CWKTDB2XCase1.CWKTDB2X_RPTFILE_WRITE.00011: RPTFILE assertion" name="00021: Check for FILLER8"/>
    <testcase classname="CWKTDB2X_TTT_01.CWKTDB2X_Scenario.00001: CWKTDB2XCase1.CWKTDB2X_RPTFILE_WRITE.00011: RPTFILE assertion" name="00022: Check for EMP_DTL_TOTAL"/>
  </testsuite>
  <testsuite errors="0" failures="0" name="CWKTDB2X_TTT_01.CWKTDB2X_Scenario.00001: CWKTDB2XCase1.CWKTDB2X_RPTFILE_WRITE.00012: RPTFILE assertion" tests="107">
    <testcase classname="CWKTDB2X_TTT_01.CWKTDB2X_Scenario.00001: CWKTDB2XCase1.CWKTDB2X_RPTFILE_WRITE.00012: RPTFILE assertion" name="00001: Check for FILLER0"/>
    <testcase classname="CWKTDB2X_TTT_01.CWKTDB2X_Scenario.00001: CWKTDB2XCase1.CWKTDB2X_RPTFILE_WRITE.00012: RPTFILE assertion" name="00002: Check for EMP_DTL_NAME"/>
    <testcase classname="CWKTDB2X_TTT_01.CWKTDB2X_Scenario.00001: CWKTDB2XCase1.CWKTDB2X_RPTFILE_WRITE.00012: RPTFILE assertion" name="00003: Check for FILLER1"/>
    <testcase classname="CWKTDB2X_TTT_01.CWKTDB2X_Scenario.00001: CWKTDB2XCase1.CWKTDB2X_RPTFILE_WRITE.00012: RPTFILE assertion" name="00004: Check for EMP_DTL_REGION"/>
    <testcase classname="CWKTDB2X_TTT_01.CWKTDB2X_Scenario.00001: CWKTDB2XCase1.CWKTDB2X_RPTFILE_WRITE.00012: RPTFILE assertion" name="00005: Check for FILLER2"/>
    <testcase classname="CWKTDB2X_TTT_01.CWKTDB2X_Scenario.00001: CWKTDB2XCase1.CWKTDB2X_RPTFILE_WRITE.00012: RPTFILE assertion" name="00006: Check for EMP_DTL_TYPE"/>
    <testcase classname="CWKTDB2X_TTT_01.CWKTDB2X_Scenario.00001: CWKTDB2XCase1.CWKTDB2X_RPTFILE_WRITE.00012: RPTFILE assertion" name="00007: Check for FILLER3"/>
    <testcase classname="CWKTDB2X_TTT_01.CWKTDB2X_Scenario.00001: CWKTDB2XCase1.CWKTDB2X_RPTFILE_WRITE.00012: RPTFILE assertion" name="00008: Check for EMP_DTL_HIRE_MM"/>
    <testcase classname="CWKTDB2X_TTT_01.CWKTDB2X_Scenario.00001: CWKTDB2XCase1.CWKTDB2X_RPTFILE_WRITE.00012: RPTFILE assertion" name="00009: Check for EMP_DTL_SLASH1"/>
    <testcase classname="CWKTDB2X_TTT_01.CWKTDB2X_Scenario.00001: CWKTDB2XCase1.CWKTDB2X_RPTFILE_WRITE.00012: RPTFILE assertion" name="00010: Check for EMP_DTL_HIRE_DD"/>
    <testcase classname="CWKTDB2X_TTT_01.CWKTDB2X_Scenario.00001: CWKTDB2XCase1.CWKTDB2X_RPTFILE_WRITE.00012: RPTFILE assertion" name="00011: Check for EMP_DTL_SLASH2"/>
    <testcase classname="CWKTDB2X_TTT_01.CWKTDB2X_Scenario.00001: CWKTDB2XCase1.CWKTDB2X_RPTFILE_WRITE.00012: RPTFILE assertion" name="00012: Check for EMP_DTL_HIRE_YY"/>
    <testcase classname="CWKTDB2X_TTT_01.CWKTDB2X_Scenario.00001: CWKTDB2XCase1.CWKTDB2X_RPTFILE_WRITE.00012: RPTFILE assertion" name="00013: Check for FILLER4"/>
    <testcase classname="CWKTDB2X_TTT_01.CWKTDB2X_Scenario.00001: CWKTDB2XCase1.CWKTDB2X_RPTFILE_WRITE.00012: RPTFILE assertion" name="00014: Check for EMP_DTL_YRS_OF_SERVICE"/>
    <testcase classname="CWKTDB2X_TTT_01.CWKTDB2X_Scenario.00001: CWKTDB2XCase1.CWKTDB2X_RPTFILE_WRITE.00012: RPTFILE assertion" name="00015: Check for FILLER5"/>
    <testcase classname="CWKTDB2X_TTT_01.CWKTDB2X_Scenario.00001: CWKTDB2XCase1.CWKTDB2X_RPTFILE_WRITE.00012: RPTFILE assertion" name="00016: Check for EMP_DTL_WAGES"/>
    <testcase classname="CWKTDB2X_TTT_01.CWKTDB2X_Scenario.00001: CWKTDB2XCase1.CWKTDB2X_RPTFILE_WRITE.00012: RPTFILE assertion" name="00017: Check for FILLER6"/>
    <testcase classname="CWKTDB2X_TTT_01.CWKTDB2X_Scenario.00001: CWKTDB2XCase1.CWKTDB2X_RPTFILE_WRITE.00012: RPTFILE assertion" name="00018: Check for EMP_DTL_OT"/>
    <testcase classname="CWKTDB2X_TTT_01.CWKTDB2X_Scenario.00001: CWKTDB2XCase1.CWKTDB2X_RPTFILE_WRITE.00012: RPTFILE assertion" name="00019: Check for FILLER7"/>
    <testcase classname="CWKTDB2X_TTT_01.CWKTDB2X_Scenario.00001: CWKTDB2XCase1.CWKTDB2X_RPTFILE_WRITE.00012: RPTFILE assertion" name="00020: Check for EMP_DTL_COMM"/>
    <testcase classname="CWKTDB2X_TTT_01.CWKTDB2X_Scenario.00001: CWKTDB2XCase1.CWKTDB2X_RPTFILE_WRITE.00012: RPTFILE assertion" name="00021: Check for FILLER8"/>
    <testcase classname="CWKTDB2X_TTT_01.CWKTDB2X_Scenario.00001: CWKTDB2XCase1.CWKTDB2X_RPTFILE_WRITE.00012: RPTFILE assertion" name="00022: Check for EMP_DTL_TOTAL"/>
  </testsuite>
  <testsuite errors="0" failures="0" name="CWKTDB2X_TTT_01.CWKTDB2X_Scenario.00001: CWKTDB2XCase1.CWKTDB2X_RPTFILE_WRITE.00013: RPTFILE assertion" tests="129">
    <testcase classname="CWKTDB2X_TTT_01.CWKTDB2X_Scenario.00001: CWKTDB2XCase1.CWKTDB2X_RPTFILE_WRITE.00013: RPTFILE assertion" name="00001: Check for FILLER0"/>
    <testcase classname="CWKTDB2X_TTT_01.CWKTDB2X_Scenario.00001: CWKTDB2XCase1.CWKTDB2X_RPTFILE_WRITE.00013: RPTFILE assertion" name="00002: Check for EMP_DTL_NAME"/>
    <testcase classname="CWKTDB2X_TTT_01.CWKTDB2X_Scenario.00001: CWKTDB2XCase1.CWKTDB2X_RPTFILE_WRITE.00013: RPTFILE assertion" name="00003: Check for FILLER1"/>
    <testcase classname="CWKTDB2X_TTT_01.CWKTDB2X_Scenario.00001: CWKTDB2XCase1.CWKTDB2X_RPTFILE_WRITE.00013: RPTFILE assertion" name="00004: Check for EMP_DTL_REGION"/>
    <testcase classname="CWKTDB2X_TTT_01.CWKTDB2X_Scenario.00001: CWKTDB2XCase1.CWKTDB2X_RPTFILE_WRITE.00013: RPTFILE assertion" name="00005: Check for FILLER2"/>
    <testcase classname="CWKTDB2X_TTT_01.CWKTDB2X_Scenario.00001: CWKTDB2XCase1.CWKTDB2X_RPTFILE_WRITE.00013: RPTFILE assertion" name="00006: Check for EMP_DTL_TYPE"/>
    <testcase classname="CWKTDB2X_TTT_01.CWKTDB2X_Scenario.00001: CWKTDB2XCase1.CWKTDB2X_RPTFILE_WRITE.00013: RPTFILE assertion" name="00007: Check for FILLER3"/>
    <testcase classname="CWKTDB2X_TTT_01.CWKTDB2X_Scenario.00001: CWKTDB2XCase1.CWKTDB2X_RPTFILE_WRITE.00013: RPTFILE assertion" name="00008: Check for EMP_DTL_HIRE_MM"/>
    <testcase classname="CWKTDB2X_TTT_01.CWKTDB2X_Scenario.00001: CWKTDB2XCase1.CWKTDB2X_RPTFILE_WRITE.00013: RPTFILE assertion" name="00009: Check for EMP_DTL_SLASH1"/>
    <testcase classname="CWKTDB2X_TTT_01.CWKTDB2X_Scenario.00001: CWKTDB2XCase1.CWKTDB2X_RPTFILE_WRITE.00013: RPTFILE assertion" name="00010: Check for EMP_DTL_HIRE_DD"/>
    <testcase classname="CWKTDB2X_TTT_01.CWKTDB2X_Scenario.00001: CWKTDB2XCase1.CWKTDB2X_RPTFILE_WRITE.00013: RPTFILE assertion" name="00011: Check for EMP_DTL_SLASH2"/>
    <testcase classname="CWKTDB2X_TTT_01.CWKTDB2X_Scenario.00001: CWKTDB2XCase1.CWKTDB2X_RPTFILE_WRITE.00013: RPTFILE assertion" name="00012: Check for EMP_DTL_HIRE_YY"/>
    <testcase classname="CWKTDB2X_TTT_01.CWKTDB2X_Scenario.00001: CWKTDB2XCase1.CWKTDB2X_RPTFILE_WRITE.00013: RPTFILE assertion" name="00013: Check for FILLER4"/>
    <testcase classname="CWKTDB2X_TTT_01.CWKTDB2X_Scenario.00001: CWKTDB2XCase1.CWKTDB2X_RPTFILE_WRITE.00013: RPTFILE assertion" name="00014: Check for EMP_DTL_YRS_OF_SERVICE"/>
    <testcase classname="CWKTDB2X_TTT_01.CWKTDB2X_Scenario.00001: CWKTDB2XCase1.CWKTDB2X_RPTFILE_WRITE.00013: RPTFILE assertion" name="00015: Check for FILLER5"/>
    <testcase classname="CWKTDB2X_TTT_01.CWKTDB2X_Scenario.00001: CWKTDB2XCase1.CWKTDB2X_RPTFILE_WRITE.00013: RPTFILE assertion" name="00016: Check for EMP_DTL_WAGES"/>
    <testcase classname="CWKTDB2X_TTT_01.CWKTDB2X_Scenario.00001: CWKTDB2XCase1.CWKTDB2X_RPTFILE_WRITE.00013: RPTFILE assertion" name="00017: Check for FILLER6"/>
    <testcase classname="CWKTDB2X_TTT_01.CWKTDB2X_Scenario.00001: CWKTDB2XCase1.CWKTDB2X_RPTFILE_WRITE.00013: RPTFILE assertion" name="00018: Check for EMP_DTL_OT"/>
    <testcase classname="CWKTDB2X_TTT_01.CWKTDB2X_Scenario.00001: CWKTDB2XCase1.CWKTDB2X_RPTFILE_WRITE.00013: RPTFILE assertion" name="00019: Check for FILLER7"/>
    <testcase classname="CWKTDB2X_TTT_01.CWKTDB2X_Scenario.00001: CWKTDB2XCase1.CWKTDB2X_RPTFILE_WRITE.00013: RPTFILE assertion" name="00020: Check for EMP_DTL_COMM"/>
    <testcase classname="CWKTDB2X_TTT_01.CWKTDB2X_Scenario.00001: CWKTDB2XCase1.CWKTDB2X_RPTFILE_WRITE.00013: RPTFILE assertion" name="00021: Check for FILLER8"/>
    <testcase classname="CWKTDB2X_TTT_01.CWKTDB2X_Scenario.00001: CWKTDB2XCase1.CWKTDB2X_RPTFILE_WRITE.00013: RPTFILE assertion" name="00022: Check for EMP_DTL_TOTAL"/>
  </testsuite>
  <testsuite errors="0" failures="0" name="CWKTDB2X_TTT_01.CWKTDB2X_Scenario.00001: CWKTDB2XCase1.CWKTDB2X_RPTFILE_WRITE.00014: RPTFILE assertion" tests="151">
    <testcase classname="CWKTDB2X_TTT_01.CWKTDB2X_Scenario.00001: CWKTDB2XCase1.CWKTDB2X_RPTFILE_WRITE.00014: RPTFILE assertion" name="00001: Check for FILLER0"/>
    <testcase classname="CWKTDB2X_TTT_01.CWKTDB2X_Scenario.00001: CWKTDB2XCase1.CWKTDB2X_RPTFILE_WRITE.00014: RPTFILE assertion" name="00002: Check for EMP_DTL_NAME"/>
    <testcase classname="CWKTDB2X_TTT_01.CWKTDB2X_Scenario.00001: CWKTDB2XCase1.CWKTDB2X_RPTFILE_WRITE.00014: RPTFILE assertion" name="00003: Check for FILLER1"/>
    <testcase classname="CWKTDB2X_TTT_01.CWKTDB2X_Scenario.00001: CWKTDB2XCase1.CWKTDB2X_RPTFILE_WRITE.00014: RPTFILE assertion" name="00004: Check for EMP_DTL_REGION"/>
    <testcase classname="CWKTDB2X_TTT_01.CWKTDB2X_Scenario.00001: CWKTDB2XCase1.CWKTDB2X_RPTFILE_WRITE.00014: RPTFILE assertion" name="00005: Check for FILLER2"/>
    <testcase classname="CWKTDB2X_TTT_01.CWKTDB2X_Scenario.00001: CWKTDB2XCase1.CWKTDB2X_RPTFILE_WRITE.00014: RPTFILE assertion" name="00006: Check for EMP_DTL_TYPE"/>
    <testcase classname="CWKTDB2X_TTT_01.CWKTDB2X_Scenario.00001: CWKTDB2XCase1.CWKTDB2X_RPTFILE_WRITE.00014: RPTFILE assertion" name="00007: Check for FILLER3"/>
    <testcase classname="CWKTDB2X_TTT_01.CWKTDB2X_Scenario.00001: CWKTDB2XCase1.CWKTDB2X_RPTFILE_WRITE.00014: RPTFILE assertion" name="00008: Check for EMP_DTL_HIRE_MM"/>
    <testcase classname="CWKTDB2X_TTT_01.CWKTDB2X_Scenario.00001: CWKTDB2XCase1.CWKTDB2X_RPTFILE_WRITE.00014: RPTFILE assertion" name="00009: Check for EMP_DTL_SLASH1"/>
    <testcase classname="CWKTDB2X_TTT_01.CWKTDB2X_Scenario.00001: CWKTDB2XCase1.CWKTDB2X_RPTFILE_WRITE.00014: RPTFILE assertion" name="00010: Check for EMP_DTL_HIRE_DD"/>
    <testcase classname="CWKTDB2X_TTT_01.CWKTDB2X_Scenario.00001: CWKTDB2XCase1.CWKTDB2X_RPTFILE_WRITE.00014: RPTFILE assertion" name="00011: Check for EMP_DTL_SLASH2"/>
    <testcase classname="CWKTDB2X_TTT_01.CWKTDB2X_Scenario.00001: CWKTDB2XCase1.CWKTDB2X_RPTFILE_WRITE.00014: RPTFILE assertion" name="00012: Check for EMP_DTL_HIRE_YY"/>
    <testcase classname="CWKTDB2X_TTT_01.CWKTDB2X_Scenario.00001: CWKTDB2XCase1.CWKTDB2X_RPTFILE_WRITE.00014: RPTFILE assertion" name="00013: Check for FILLER4"/>
    <testcase classname="CWKTDB2X_TTT_01.CWKTDB2X_Scenario.00001: CWKTDB2XCase1.CWKTDB2X_RPTFILE_WRITE.00014: RPTFILE assertion" name="00014: Check for EMP_DTL_YRS_OF_SERVICE"/>
    <testcase classname="CWKTDB2X_TTT_01.CWKTDB2X_Scenario.00001: CWKTDB2XCase1.CWKTDB2X_RPTFILE_WRITE.00014: RPTFILE assertion" name="00015: Check for FILLER5"/>
    <testcase classname="CWKTDB2X_TTT_01.CWKTDB2X_Scenario.00001: CWKTDB2XCase1.CWKTDB2X_RPTFILE_WRITE.00014: RPTFILE assertion" name="00016: Check for EMP_DTL_WAGES"/>
    <testcase classname="CWKTDB2X_TTT_01.CWKTDB2X_Scenario.00001: CWKTDB2XCase1.CWKTDB2X_RPTFILE_WRITE.00014: RPTFILE assertion" name="00017: Check for FILLER6"/>
    <testcase classname="CWKTDB2X_TTT_01.CWKTDB2X_Scenario.00001: CWKTDB2XCase1.CWKTDB2X_RPTFILE_WRITE.00014: RPTFILE assertion" name="00018: Check for EMP_DTL_OT"/>
    <testcase classname="CWKTDB2X_TTT_01.CWKTDB2X_Scenario.00001: CWKTDB2XCase1.CWKTDB2X_RPTFILE_WRITE.00014: RPTFILE assertion" name="00019: Check for FILLER7"/>
    <testcase classname="CWKTDB2X_TTT_01.CWKTDB2X_Scenario.00001: CWKTDB2XCase1.CWKTDB2X_RPTFILE_WRITE.00014: RPTFILE assertion" name="00020: Check for EMP_DTL_COMM"/>
    <testcase classname="CWKTDB2X_TTT_01.CWKTDB2X_Scenario.00001: CWKTDB2XCase1.CWKTDB2X_RPTFILE_WRITE.00014: RPTFILE assertion" name="00021: Check for FILLER8"/>
    <testcase classname="CWKTDB2X_TTT_01.CWKTDB2X_Scenario.00001: CWKTDB2XCase1.CWKTDB2X_RPTFILE_WRITE.00014: RPTFILE assertion" name="00022: Check for EMP_DTL_TOTAL"/>
  </testsuite>
  <testsuite errors="0" failures="0" name="CWKTDB2X_TTT_01.CWKTDB2X_Scenario.00001: CWKTDB2XCase1.CWKTDB2X_RPTFILE_WRITE.00015: RPTFILE assertion" tests="173">
    <testcase classname="CWKTDB2X_TTT_01.CWKTDB2X_Scenario.00001: CWKTDB2XCase1.CWKTDB2X_RPTFILE_WRITE.00015: RPTFILE assertion" name="00001: Check for FILLER0"/>
    <testcase classname="CWKTDB2X_TTT_01.CWKTDB2X_Scenario.00001: CWKTDB2XCase1.CWKTDB2X_RPTFILE_WRITE.00015: RPTFILE assertion" name="00002: Check for EMP_DTL_NAME"/>
    <testcase classname="CWKTDB2X_TTT_01.CWKTDB2X_Scenario.00001: CWKTDB2XCase1.CWKTDB2X_RPTFILE_WRITE.00015: RPTFILE assertion" name="00003: Check for FILLER1"/>
    <testcase classname="CWKTDB2X_TTT_01.CWKTDB2X_Scenario.00001: CWKTDB2XCase1.CWKTDB2X_RPTFILE_WRITE.00015: RPTFILE assertion" name="00004: Check for EMP_DTL_REGION"/>
    <testcase classname="CWKTDB2X_TTT_01.CWKTDB2X_Scenario.00001: CWKTDB2XCase1.CWKTDB2X_RPTFILE_WRITE.00015: RPTFILE assertion" name="00005: Check for FILLER2"/>
    <testcase classname="CWKTDB2X_TTT_01.CWKTDB2X_Scenario.00001: CWKTDB2XCase1.CWKTDB2X_RPTFILE_WRITE.00015: RPTFILE assertion" name="00006: Check for EMP_DTL_TYPE"/>
    <testcase classname="CWKTDB2X_TTT_01.CWKTDB2X_Scenario.00001: CWKTDB2XCase1.CWKTDB2X_RPTFILE_WRITE.00015: RPTFILE assertion" name="00007: Check for FILLER3"/>
    <testcase classname="CWKTDB2X_TTT_01.CWKTDB2X_Scenario.00001: CWKTDB2XCase1.CWKTDB2X_RPTFILE_WRITE.00015: RPTFILE assertion" name="00008: Check for EMP_DTL_HIRE_MM"/>
    <testcase classname="CWKTDB2X_TTT_01.CWKTDB2X_Scenario.00001: CWKTDB2XCase1.CWKTDB2X_RPTFILE_WRITE.00015: RPTFILE assertion" name="00009: Check for EMP_DTL_SLASH1"/>
    <testcase classname="CWKTDB2X_TTT_01.CWKTDB2X_Scenario.00001: CWKTDB2XCase1.CWKTDB2X_RPTFILE_WRITE.00015: RPTFILE assertion" name="00010: Check for EMP_DTL_HIRE_DD"/>
    <testcase classname="CWKTDB2X_TTT_01.CWKTDB2X_Scenario.00001: CWKTDB2XCase1.CWKTDB2X_RPTFILE_WRITE.00015: RPTFILE assertion" name="00011: Check for EMP_DTL_SLASH2"/>
    <testcase classname="CWKTDB2X_TTT_01.CWKTDB2X_Scenario.00001: CWKTDB2XCase1.CWKTDB2X_RPTFILE_WRITE.00015: RPTFILE assertion" name="00012: Check for EMP_DTL_HIRE_YY"/>
    <testcase classname="CWKTDB2X_TTT_01.CWKTDB2X_Scenario.00001: CWKTDB2XCase1.CWKTDB2X_RPTFILE_WRITE.00015: RPTFILE assertion" name="00013: Check for FILLER4"/>
    <testcase classname="CWKTDB2X_TTT_01.CWKTDB2X_Scenario.00001: CWKTDB2XCase1.CWKTDB2X_RPTFILE_WRITE.00015: RPTFILE assertion" name="00014: Check for EMP_DTL_YRS_OF_SERVICE"/>
    <testcase classname="CWKTDB2X_TTT_01.CWKTDB2X_Scenario.00001: CWKTDB2XCase1.CWKTDB2X_RPTFILE_WRITE.00015: RPTFILE assertion" name="00015: Check for FILLER5"/>
    <testcase classname="CWKTDB2X_TTT_01.CWKTDB2X_Scenario.00001: CWKTDB2XCase1.CWKTDB2X_RPTFILE_WRITE.00015: RPTFILE assertion" name="00016: Check for EMP_DTL_WAGES"/>
    <testcase classname="CWKTDB2X_TTT_01.CWKTDB2X_Scenario.00001: CWKTDB2XCase1.CWKTDB2X_RPTFILE_WRITE.00015: RPTFILE assertion" name="00017: Check for FILLER6"/>
    <testcase classname="CWKTDB2X_TTT_01.CWKTDB2X_Scenario.00001: CWKTDB2XCase1.CWKTDB2X_RPTFILE_WRITE.00015: RPTFILE assertion" name="00018: Check for EMP_DTL_OT"/>
    <testcase classname="CWKTDB2X_TTT_01.CWKTDB2X_Scenario.00001: CWKTDB2XCase1.CWKTDB2X_RPTFILE_WRITE.00015: RPTFILE assertion" name="00019: Check for FILLER7"/>
    <testcase classname="CWKTDB2X_TTT_01.CWKTDB2X_Scenario.00001: CWKTDB2XCase1.CWKTDB2X_RPTFILE_WRITE.00015: RPTFILE assertion" name="00020: Check for EMP_DTL_COMM"/>
    <testcase classname="CWKTDB2X_TTT_01.CWKTDB2X_Scenario.00001: CWKTDB2XCase1.CWKTDB2X_RPTFILE_WRITE.00015: RPTFILE assertion" name="00021: Check for FILLER8"/>
    <testcase classname="CWKTDB2X_TTT_01.CWKTDB2X_Scenario.00001: CWKTDB2XCase1.CWKTDB2X_RPTFILE_WRITE.00015: RPTFILE assertion" name="00022: Check for EMP_DTL_TOTAL"/>
  </testsuite>
  <testsuite errors="0" failures="0" name="CWKTDB2X_TTT_01.CWKTDB2X_Scenario.00001: CWKTDB2XCase1.CWKTDB2X_RPTFILE_WRITE.00016: RPTFILE assertion" tests="195">
    <testcase classname="CWKTDB2X_TTT_01.CWKTDB2X_Scenario.00001: CWKTDB2XCase1.CWKTDB2X_RPTFILE_WRITE.00016: RPTFILE assertion" name="00001: Check for FILLER0"/>
    <testcase classname="CWKTDB2X_TTT_01.CWKTDB2X_Scenario.00001: CWKTDB2XCase1.CWKTDB2X_RPTFILE_WRITE.00016: RPTFILE assertion" name="00002: Check for EMP_DTL_NAME"/>
    <testcase classname="CWKTDB2X_TTT_01.CWKTDB2X_Scenario.00001: CWKTDB2XCase1.CWKTDB2X_RPTFILE_WRITE.00016: RPTFILE assertion" name="00003: Check for FILLER1"/>
    <testcase classname="CWKTDB2X_TTT_01.CWKTDB2X_Scenario.00001: CWKTDB2XCase1.CWKTDB2X_RPTFILE_WRITE.00016: RPTFILE assertion" name="00004: Check for EMP_DTL_REGION"/>
    <testcase classname="CWKTDB2X_TTT_01.CWKTDB2X_Scenario.00001: CWKTDB2XCase1.CWKTDB2X_RPTFILE_WRITE.00016: RPTFILE assertion" name="00005: Check for FILLER2"/>
    <testcase classname="CWKTDB2X_TTT_01.CWKTDB2X_Scenario.00001: CWKTDB2XCase1.CWKTDB2X_RPTFILE_WRITE.00016: RPTFILE assertion" name="00006: Check for EMP_DTL_TYPE"/>
    <testcase classname="CWKTDB2X_TTT_01.CWKTDB2X_Scenario.00001: CWKTDB2XCase1.CWKTDB2X_RPTFILE_WRITE.00016: RPTFILE assertion" name="00007: Check for FILLER3"/>
    <testcase classname="CWKTDB2X_TTT_01.CWKTDB2X_Scenario.00001: CWKTDB2XCase1.CWKTDB2X_RPTFILE_WRITE.00016: RPTFILE assertion" name="00008: Check for EMP_DTL_HIRE_MM"/>
    <testcase classname="CWKTDB2X_TTT_01.CWKTDB2X_Scenario.00001: CWKTDB2XCase1.CWKTDB2X_RPTFILE_WRITE.00016: RPTFILE assertion" name="00009: Check for EMP_DTL_SLASH1"/>
    <testcase classname="CWKTDB2X_TTT_01.CWKTDB2X_Scenario.00001: CWKTDB2XCase1.CWKTDB2X_RPTFILE_WRITE.00016: RPTFILE assertion" name="00010: Check for EMP_DTL_HIRE_DD"/>
    <testcase classname="CWKTDB2X_TTT_01.CWKTDB2X_Scenario.00001: CWKTDB2XCase1.CWKTDB2X_RPTFILE_WRITE.00016: RPTFILE assertion" name="00011: Check for EMP_DTL_SLASH2"/>
    <testcase classname="CWKTDB2X_TTT_01.CWKTDB2X_Scenario.00001: CWKTDB2XCase1.CWKTDB2X_RPTFILE_WRITE.00016: RPTFILE assertion" name="00012: Check for EMP_DTL_HIRE_YY"/>
    <testcase classname="CWKTDB2X_TTT_01.CWKTDB2X_Scenario.00001: CWKTDB2XCase1.CWKTDB2X_RPTFILE_WRITE.00016: RPTFILE assertion" name="00013: Check for FILLER4"/>
    <testcase classname="CWKTDB2X_TTT_01.CWKTDB2X_Scenario.00001: CWKTDB2XCase1.CWKTDB2X_RPTFILE_WRITE.00016: RPTFILE assertion" name="00014: Check for EMP_DTL_YRS_OF_SERVICE"/>
    <testcase classname="CWKTDB2X_TTT_01.CWKTDB2X_Scenario.00001: CWKTDB2XCase1.CWKTDB2X_RPTFILE_WRITE.00016: RPTFILE assertion" name="00015: Check for FILLER5"/>
    <testcase classname="CWKTDB2X_TTT_01.CWKTDB2X_Scenario.00001: CWKTDB2XCase1.CWKTDB2X_RPTFILE_WRITE.00016: RPTFILE assertion" name="00016: Check for EMP_DTL_WAGES"/>
    <testcase classname="CWKTDB2X_TTT_01.CWKTDB2X_Scenario.00001: CWKTDB2XCase1.CWKTDB2X_RPTFILE_WRITE.00016: RPTFILE assertion" name="00017: Check for FILLER6"/>
    <testcase classname="CWKTDB2X_TTT_01.CWKTDB2X_Scenario.00001: CWKTDB2XCase1.CWKTDB2X_RPTFILE_WRITE.00016: RPTFILE assertion" name="00018: Check for EMP_DTL_OT"/>
    <testcase classname="CWKTDB2X_TTT_01.CWKTDB2X_Scenario.00001: CWKTDB2XCase1.CWKTDB2X_RPTFILE_WRITE.00016: RPTFILE assertion" name="00019: Check for FILLER7"/>
    <testcase classname="CWKTDB2X_TTT_01.CWKTDB2X_Scenario.00001: CWKTDB2XCase1.CWKTDB2X_RPTFILE_WRITE.00016: RPTFILE assertion" name="00020: Check for EMP_DTL_COMM"/>
    <testcase classname="CWKTDB2X_TTT_01.CWKTDB2X_Scenario.00001: CWKTDB2XCase1.CWKTDB2X_RPTFILE_WRITE.00016: RPTFILE assertion" name="00021: Check for FILLER8"/>
    <testcase classname="CWKTDB2X_TTT_01.CWKTDB2X_Scenario.00001: CWKTDB2XCase1.CWKTDB2X_RPTFILE_WRITE.00016: RPTFILE assertion" name="00022: Check for EMP_DTL_TOTAL"/>
  </testsuite>
  <testsuite errors="0" failures="0" name="CWKTDB2X_TTT_01.CWKTDB2X_Scenario.00001: CWKTDB2XCase1.CWKTDB2X_RPTFILE_WRITE.00017: RPTFILE assertion" tests="196">
    <testcase classname="CWKTDB2X_TTT_01.CWKTDB2X_Scenario.00001: CWKTDB2XCase1.CWKTDB2X_RPTFILE_WRITE.00017: RPTFILE assertion" name="00001: Check for BLANK_LINE"/>
  </testsuite>
  <testsuite errors="0" failures="0" name="CWKTDB2X_TTT_01.CWKTDB2X_Scenario.00001: CWKTDB2XCase1.CWKTDB2X_RPTFILE_WRITE.00018: RPTFILE assertion" tests="200">
    <testcase classname="CWKTDB2X_TTT_01.CWKTDB2X_Scenario.00001: CWKTDB2XCase1.CWKTDB2X_RPTFILE_WRITE.00018: RPTFILE assertion" name="00001: Check for FILLER0"/>
    <testcase classname="CWKTDB2X_TTT_01.CWKTDB2X_Scenario.00001: CWKTDB2XCase1.CWKTDB2X_RPTFILE_WRITE.00018: RPTFILE assertion" name="00002: Check for FILLER1"/>
    <testcase classname="CWKTDB2X_TTT_01.CWKTDB2X_Scenario.00001: CWKTDB2XCase1.CWKTDB2X_RPTFILE_WRITE.00018: RPTFILE assertion" name="00003: Check for FILLER2"/>
    <testcase classname="CWKTDB2X_TTT_01.CWKTDB2X_Scenario.00001: CWKTDB2XCase1.CWKTDB2X_RPTFILE_WRITE.00018: RPTFILE assertion" name="00004: Check for EMP_GRAND_TOTAL"/>
  </testsuite>
  <testsuite errors="0" failures="0" name="CWKTDB2X_TTT_01.CWKTDB2X_Scenario.00001: CWKTDB2XCase1.CWKTDB2X_Insert_1_SQL.00001: Insert assertion" tests="11">
    <testcase classname="CWKTDB2X_TTT_01.CWKTDB2X_Scenario.00001: CWKTDB2XCase1.CWKTDB2X_Insert_1_SQL.00001: Insert assertion" name="00001: Check for EMP_NUM"/>
    <testcase classname="CWKTDB2X_TTT_01.CWKTDB2X_Scenario.00001: CWKTDB2XCase1.CWKTDB2X_Insert_1_SQL.00001: Insert assertion" name="00002: Check for WA_EMP_TYPE"/>
    <testcase classname="CWKTDB2X_TTT_01.CWKTDB2X_Scenario.00001: CWKTDB2XCase1.CWKTDB2X_Insert_1_SQL.00001: Insert assertion" name="00003: Check for REGION"/>
    <testcase classname="CWKTDB2X_TTT_01.CWKTDB2X_Scenario.00001: CWKTDB2XCase1.CWKTDB2X_Insert_1_SQL.00001: Insert assertion" name="00004: Check for WA_EMP_NAME"/>
    <testcase classname="CWKTDB2X_TTT_01.CWKTDB2X_Scenario.00001: CWKTDB2XCase1.CWKTDB2X_Insert_1_SQL.00001: Insert assertion" name="00005: Check for WA_EMP_STREET"/>
    <testcase classname="CWKTDB2X_TTT_01.CWKTDB2X_Scenario.00001: CWKTDB2XCase1.CWKTDB2X_Insert_1_SQL.00001: Insert assertion" name="00006: Check for WA_EMP_CITY"/>
    <testcase classname="CWKTDB2X_TTT_01.CWKTDB2X_Scenario.00001: CWKTDB2XCase1.CWKTDB2X_Insert_1_SQL.00001: Insert assertion" name="00007: Check for WA_EMP_STATE"/>
    <testcase classname="CWKTDB2X_TTT_01.CWKTDB2X_Scenario.00001: CWKTDB2XCase1.CWKTDB2X_Insert_1_SQL.00001: Insert assertion" name="00008: Check for WA_EMP_ZIP"/>
    <testcase classname="CWKTDB2X_TTT_01.CWKTDB2X_Scenario.00001: CWKTDB2XCase1.CWKTDB2X_Insert_1_SQL.00001: Insert assertion" name="00009: Check for HIREDATE"/>
    <testcase classname="CWKTDB2X_TTT_01.CWKTDB2X_Scenario.00001: CWKTDB2XCase1.CWKTDB2X_Insert_1_SQL.00001: Insert assertion" name="00010: Check for HOURS"/>
    <testcase classname="CWKTDB2X_TTT_01.CWKTDB2X_Scenario.00001: CWKTDB2XCase1.CWKTDB2X_Insert_1_SQL.00001: Insert assertion" name="00011: Check for RATE"/>
  </testsuite>
  <testsuite errors="0" failures="0" name="CWKTDB2X_TTT_01.CWKTDB2X_Scenario.00001: CWKTDB2XCase1.CWKTDB2X_Update_1_SQL.00001: Update assertion" tests="4">
    <testcase classname="CWKTDB2X_TTT_01.CWKTDB2X_Scenario.00001: CWKTDB2XCase1.CWKTDB2X_Update_1_SQL.00001: Update assertion" name="00001: Check for WAGES"/>
    <testcase classname="CWKTDB2X_TTT_01.CWKTDB2X_Scenario.00001: CWKTDB2XCase1.CWKTDB2X_Update_1_SQL.00001: Update assertion" name="00002: Check for OVERTIME"/>
    <testcase classname="CWKTDB2X_TTT_01.CWKTDB2X_Scenario.00001: CWKTDB2XCase1.CWKTDB2X_Update_1_SQL.00001: Update assertion" name="00003: Check for COMM"/>
    <testcase classname="CWKTDB2X_TTT_01.CWKTDB2X_Scenario.00001: CWKTDB2XCase1.CWKTDB2X_Update_1_SQL.00001: Update assertion" name="00004: Check for EMP_NUM"/>
  </testsuite>
  <testsuite errors="0" failures="0" name="CWKTDB2X_TTT_01.CWKTDB2X_Scenario.00001: CWKTDB2XCase1.CWKTDB2X_ROLLBACK_1_SQL.00001: ROLLBACK assertion" tests="0">
    <testcase classname="CWKTDB2X_TTT_01.CWKTDB2X_Scenario.00001: CWKTDB2XCase1.CWKTDB2X_ROLLBACK_1_SQL.00001: ROLLBACK assertion" name="ROLLBACK"/>
  </testsuite>
  <testsuite errors="0" failures="0" name="CWKTDB2X_TTT_01.CWKTDB2X_Scenario.00001: CWKTDB2XCase1.CWKTDB2X_Select_1_SQL.00001: Select assertion" tests="0">
    <testcase classname="CWKTDB2X_TTT_01.CWKTDB2X_Scenario.00001: CWKTDB2XCase1.CWKTDB2X_Select_1_SQL.00001: Select assertion" name="Select"/>
  </testsuite>
  <testsuite errors="0" failures="0" name="CWKTDB2X_TTT_01.CWKTDB2X_Scenario.00001: CWKTDB2XCase1.CWKTDB2X_EMPLOYEE_CURSOR_SQL.00001: Open assertion" tests="0">
    <testcase classname="CWKTDB2X_TTT_01.CWKTDB2X_Scenario.00001: CWKTDB2XCase1.CWKTDB2X_EMPLOYEE_CURSOR_SQL.00001: Open assertion" name="Open"/>
  </testsuite>
  <testsuite errors="0" failures="0" name="CWKTDB2X_TTT_01.CWKTDB2X_Scenario.00001: CWKTDB2XCase1.CWKTDB2X_EMPLOYEE_CURSOR_SQL.00002: Fetch assertion" tests="0">
    <testcase classname="CWKTDB2X_TTT_01.CWKTDB2X_Scenario.00001: CWKTDB2XCase1.CWKTDB2X_EMPLOYEE_CURSOR_SQL.00002: Fetch assertion" name="Fetch"/>
  </testsuite>
  <testsuite errors="0" failures="0" name="CWKTDB2X_TTT_01.CWKTDB2X_Scenario.00001: CWKTDB2XCase1.CWKTDB2X_EMPLOYEE_CURSOR_SQL.00003: Update assertion" tests="3">
    <testcase classname="CWKTDB2X_TTT_01.CWKTDB2X_Scenario.00001: CWKTDB2XCase1.CWKTDB2X_EMPLOYEE_CURSOR_SQL.00003: Update assertion" name="00001: Check for WAGES"/>
    <testcase classname="CWKTDB2X_TTT_01.CWKTDB2X_Scenario.00001: CWKTDB2XCase1.CWKTDB2X_EMPLOYEE_CURSOR_SQL.00003: Update assertion" name="00002: Check for OVERTIME"/>
    <testcase classname="CWKTDB2X_TTT_01.CWKTDB2X_Scenario.00001: CWKTDB2XCase1.CWKTDB2X_EMPLOYEE_CURSOR_SQL.00003: Update assertion" name="00003: Check for COMM"/>
  </testsuite>
  <testsuite errors="0" failures="0" name="CWKTDB2X_TTT_01.CWKTDB2X_Scenario.00001: CWKTDB2XCase1.CWKTDB2X_EMPLOYEE_CURSOR_SQL.00004: Close assertion" tests="3">
    <testcase classname="CWKTDB2X_TTT_01.CWKTDB2X_Scenario.00001: CWKTDB2XCase1.CWKTDB2X_EMPLOYEE_CURSOR_SQL.00004: Close assertion" name="Close"/>
  </testsuite>
  <testsuite errors="0" failures="0" name="CWKTDB2X_TTT_01.CWKTDB2X_Scenario.00001: CWKTDB2XCase1.CWKTDB2X_EMPLOYEE_CURSOR_SQL.00005: Open assertion" tests="3">
    <testcase classname="CWKTDB2X_TTT_01.CWKTDB2X_Scenario.00001: CWKTDB2XCase1.CWKTDB2X_EMPLOYEE_CURSOR_SQL.00005: Open assertion" name="Open"/>
  </testsuite>
  <testsuite errors="0" failures="0" name="CWKTDB2X_TTT_01.CWKTDB2X_Scenario.00001: CWKTDB2XCase1.CWKTDB2X_EMPLOYEE_CURSOR_SQL.00006: Fetch assertion" tests="3">
    <testcase classname="CWKTDB2X_TTT_01.CWKTDB2X_Scenario.00001: CWKTDB2XCase1.CWKTDB2X_EMPLOYEE_CURSOR_SQL.00006: Fetch assertion" name="Fetch"/>
  </testsuite>
  <testsuite errors="0" failures="0" name="CWKTDB2X_TTT_01.CWKTDB2X_Scenario.00001: CWKTDB2XCase1.CWKTDB2X_EMPLOYEE_CURSOR_SQL.00007: Update assertion" tests="6">
    <testcase classname="CWKTDB2X_TTT_01.CWKTDB2X_Scenario.00001: CWKTDB2XCase1.CWKTDB2X_EMPLOYEE_CURSOR_SQL.00007: Update assertion" name="00001: Check for WAGES"/>
    <testcase classname="CWKTDB2X_TTT_01.CWKTDB2X_Scenario.00001: CWKTDB2XCase1.CWKTDB2X_EMPLOYEE_CURSOR_SQL.00007: Update assertion" name="00002: Check for OVERTIME"/>
    <testcase classname="CWKTDB2X_TTT_01.CWKTDB2X_Scenario.00001: CWKTDB2XCase1.CWKTDB2X_EMPLOYEE_CURSOR_SQL.00007: Update assertion" name="00003: Check for COMM"/>
  </testsuite>
  <testsuite errors="0" failures="0" name="CWKTDB2X_TTT_01.CWKTDB2X_Scenario.00001: CWKTDB2XCase1.CWKTDB2X_EMPLOYEE_CURSOR_SQL.00008: Close assertion" tests="6">
    <testcase classname="CWKTDB2X_TTT_01.CWKTDB2X_Scenario.00001: CWKTDB2XCase1.CWKTDB2X_EMPLOYEE_CURSOR_SQL.00008: Close assertion" name="Close"/>
  </testsuite>
  <testsuite errors="0" failures="0" name="CWKTDB2X_TTT_01.CWKTDB2X_Scenario.00001: CWKTDB2XCase1.CWKTDB2X_EMPLOYEE_CURSOR_SQL.00009: Open assertion" tests="6">
    <testcase classname="CWKTDB2X_TTT_01.CWKTDB2X_Scenario.00001: CWKTDB2XCase1.CWKTDB2X_EMPLOYEE_CURSOR_SQL.00009: Open assertion" name="Open"/>
  </testsuite>
  <testsuite errors="0" failures="0" name="CWKTDB2X_TTT_01.CWKTDB2X_Scenario.00001: CWKTDB2XCase1.CWKTDB2X_EMPLOYEE_CURSOR_SQL.00010: Fetch assertion" tests="6">
    <testcase classname="CWKTDB2X_TTT_01.CWKTDB2X_Scenario.00001: CWKTDB2XCase1.CWKTDB2X_EMPLOYEE_CURSOR_SQL.00010: Fetch assertion" name="Fetch"/>
  </testsuite>
  <testsuite errors="0" failures="0" name="CWKTDB2X_TTT_01.CWKTDB2X_Scenario.00001: CWKTDB2XCase1.CWKTDB2X_EMPLOYEE_CURSOR_SQL.00011: Update assertion" tests="9">
    <testcase classname="CWKTDB2X_TTT_01.CWKTDB2X_Scenario.00001: CWKTDB2XCase1.CWKTDB2X_EMPLOYEE_CURSOR_SQL.00011: Update assertion" name="00001: Check for WAGES"/>
    <testcase classname="CWKTDB2X_TTT_01.CWKTDB2X_Scenario.00001: CWKTDB2XCase1.CWKTDB2X_EMPLOYEE_CURSOR_SQL.00011: Update assertion" name="00002: Check for OVERTIME"/>
    <testcase classname="CWKTDB2X_TTT_01.CWKTDB2X_Scenario.00001: CWKTDB2XCase1.CWKTDB2X_EMPLOYEE_CURSOR_SQL.00011: Update assertion" name="00003: Check for COMM"/>
  </testsuite>
  <testsuite errors="0" failures="0" name="CWKTDB2X_TTT_01.CWKTDB2X_Scenario.00001: CWKTDB2XCase1.CWKTDB2X_EMPLOYEE_CURSOR_SQL.00012: Close assertion" tests="9">
    <testcase classname="CWKTDB2X_TTT_01.CWKTDB2X_Scenario.00001: CWKTDB2XCase1.CWKTDB2X_EMPLOYEE_CURSOR_SQL.00012: Close assertion" name="Close"/>
  </testsuite>
  <testsuite errors="0" failures="0" name="CWKTDB2X_TTT_01.CWKTDB2X_Scenario.00001: CWKTDB2XCase1.CWKTDB2X_EMPLOYEE_CURSOR_SQL.00013: Open assertion" tests="9">
    <testcase classname="CWKTDB2X_TTT_01.CWKTDB2X_Scenario.00001: CWKTDB2XCase1.CWKTDB2X_EMPLOYEE_CURSOR_SQL.00013: Open assertion" name="Open"/>
  </testsuite>
  <testsuite errors="0" failures="0" name="CWKTDB2X_TTT_01.CWKTDB2X_Scenario.00001: CWKTDB2XCase1.CWKTDB2X_EMPLOYEE_CURSOR_SQL.00014: Fetch assertion" tests="9">
    <testcase classname="CWKTDB2X_TTT_01.CWKTDB2X_Scenario.00001: CWKTDB2XCase1.CWKTDB2X_EMPLOYEE_CURSOR_SQL.00014: Fetch assertion" name="Fetch"/>
  </testsuite>
  <testsuite errors="0" failures="0" name="CWKTDB2X_TTT_01.CWKTDB2X_Scenario.00001: CWKTDB2XCase1.CWKTDB2X_EMPLOYEE_CURSOR_SQL.00015: Update assertion" tests="12">
    <testcase classname="CWKTDB2X_TTT_01.CWKTDB2X_Scenario.00001: CWKTDB2XCase1.CWKTDB2X_EMPLOYEE_CURSOR_SQL.00015: Update assertion" name="00001: Check for WAGES"/>
    <testcase classname="CWKTDB2X_TTT_01.CWKTDB2X_Scenario.00001: CWKTDB2XCase1.CWKTDB2X_EMPLOYEE_CURSOR_SQL.00015: Update assertion" name="00002: Check for OVERTIME"/>
    <testcase classname="CWKTDB2X_TTT_01.CWKTDB2X_Scenario.00001: CWKTDB2XCase1.CWKTDB2X_EMPLOYEE_CURSOR_SQL.00015: Update assertion" name="00003: Check for COMM"/>
  </testsuite>
  <testsuite errors="0" failures="0" name="CWKTDB2X_TTT_01.CWKTDB2X_Scenario.00001: CWKTDB2XCase1.CWKTDB2X_EMPLOYEE_CURSOR_SQL.00016: Close assertion" tests="12">
    <testcase classname="CWKTDB2X_TTT_01.CWKTDB2X_Scenario.00001: CWKTDB2XCase1.CWKTDB2X_EMPLOYEE_CURSOR_SQL.00016: Close assertion" name="Close"/>
  </testsuite>
  <testsuite errors="0" failures="0" name="CWKTDB2X_TTT_01.CWKTDB2X_Scenario.00001: CWKTDB2XCase1.CWKTDB2X_EMPLOYEE_CURSOR_SQL.00017: Open assertion" tests="12">
    <testcase classname="CWKTDB2X_TTT_01.CWKTDB2X_Scenario.00001: CWKTDB2XCase1.CWKTDB2X_EMPLOYEE_CURSOR_SQL.00017: Open assertion" name="Open"/>
  </testsuite>
  <testsuite errors="0" failures="0" name="CWKTDB2X_TTT_01.CWKTDB2X_Scenario.00001: CWKTDB2XCase1.CWKTDB2X_EMPLOYEE_CURSOR_SQL.00018: Fetch assertion" tests="12">
    <testcase classname="CWKTDB2X_TTT_01.CWKTDB2X_Scenario.00001: CWKTDB2XCase1.CWKTDB2X_EMPLOYEE_CURSOR_SQL.00018: Fetch assertion" name="Fetch"/>
  </testsuite>
  <testsuite errors="0" failures="0" name="CWKTDB2X_TTT_01.CWKTDB2X_Scenario.00001: CWKTDB2XCase1.CWKTDB2X_EMPLOYEE_CURSOR_SQL.00019: Update assertion" tests="15">
    <testcase classname="CWKTDB2X_TTT_01.CWKTDB2X_Scenario.00001: CWKTDB2XCase1.CWKTDB2X_EMPLOYEE_CURSOR_SQL.00019: Update assertion" name="00001: Check for WAGES"/>
    <testcase classname="CWKTDB2X_TTT_01.CWKTDB2X_Scenario.00001: CWKTDB2XCase1.CWKTDB2X_EMPLOYEE_CURSOR_SQL.00019: Update assertion" name="00002: Check for OVERTIME"/>
    <testcase classname="CWKTDB2X_TTT_01.CWKTDB2X_Scenario.00001: CWKTDB2XCase1.CWKTDB2X_EMPLOYEE_CURSOR_SQL.00019: Update assertion" name="00003: Check for COMM"/>
  </testsuite>
  <testsuite errors="0" failures="0" name="CWKTDB2X_TTT_01.CWKTDB2X_Scenario.00001: CWKTDB2XCase1.CWKTDB2X_EMPLOYEE_CURSOR_SQL.00020: Close assertion" tests="15">
    <testcase classname="CWKTDB2X_TTT_01.CWKTDB2X_Scenario.00001: CWKTDB2XCase1.CWKTDB2X_EMPLOYEE_CURSOR_SQL.00020: Close assertion" name="Close"/>
  </testsuite>
  <testsuite errors="0" failures="0" name="CWKTDB2X_TTT_01.CWKTDB2X_Scenario.00001: CWKTDB2XCase1.CWKTDB2X_EMPLOYEE_CURSOR_SQL.00021: Open assertion" tests="15">
    <testcase classname="CWKTDB2X_TTT_01.CWKTDB2X_Scenario.00001: CWKTDB2XCase1.CWKTDB2X_EMPLOYEE_CURSOR_SQL.00021: Open assertion" name="Open"/>
  </testsuite>
  <testsuite errors="0" failures="0" name="CWKTDB2X_TTT_01.CWKTDB2X_Scenario.00001: CWKTDB2XCase1.CWKTDB2X_EMPLOYEE_CURSOR_SQL.00022: Fetch assertion" tests="15">
    <testcase classname="CWKTDB2X_TTT_01.CWKTDB2X_Scenario.00001: CWKTDB2XCase1.CWKTDB2X_EMPLOYEE_CURSOR_SQL.00022: Fetch assertion" name="Fetch"/>
  </testsuite>
  <testsuite errors="0" failures="0" name="CWKTDB2X_TTT_01.CWKTDB2X_Scenario.00001: CWKTDB2XCase1.CWKTDB2X_EMPLOYEE_CURSOR_SQL.00023: Update assertion" tests="18">
    <testcase classname="CWKTDB2X_TTT_01.CWKTDB2X_Scenario.00001: CWKTDB2XCase1.CWKTDB2X_EMPLOYEE_CURSOR_SQL.00023: Update assertion" name="00001: Check for WAGES"/>
    <testcase classname="CWKTDB2X_TTT_01.CWKTDB2X_Scenario.00001: CWKTDB2XCase1.CWKTDB2X_EMPLOYEE_CURSOR_SQL.00023: Update assertion" name="00002: Check for OVERTIME"/>
    <testcase classname="CWKTDB2X_TTT_01.CWKTDB2X_Scenario.00001: CWKTDB2XCase1.CWKTDB2X_EMPLOYEE_CURSOR_SQL.00023: Update assertion" name="00003: Check for COMM"/>
  </testsuite>
  <testsuite errors="0" failures="0" name="CWKTDB2X_TTT_01.CWKTDB2X_Scenario.00001: CWKTDB2XCase1.CWKTDB2X_EMPLOYEE_CURSOR_SQL.00024: Close assertion" tests="18">
    <testcase classname="CWKTDB2X_TTT_01.CWKTDB2X_Scenario.00001: CWKTDB2XCase1.CWKTDB2X_EMPLOYEE_CURSOR_SQL.00024: Close assertion" name="Close"/>
  </testsuite>
  <testsuite errors="0" failures="0" name="CWKTDB2X_TTT_01.CWKTDB2X_Scenario.00001: CWKTDB2XCase1.CWKTDB2X_EMPLOYEE_CURSOR_SQL.00025: Open assertion" tests="18">
    <testcase classname="CWKTDB2X_TTT_01.CWKTDB2X_Scenario.00001: CWKTDB2XCase1.CWKTDB2X_EMPLOYEE_CURSOR_SQL.00025: Open assertion" name="Open"/>
  </testsuite>
  <testsuite errors="0" failures="0" name="CWKTDB2X_TTT_01.CWKTDB2X_Scenario.00001: CWKTDB2XCase1.CWKTDB2X_EMPLOYEE_CURSOR_SQL.00026: Fetch assertion" tests="18">
    <testcase classname="CWKTDB2X_TTT_01.CWKTDB2X_Scenario.00001: CWKTDB2XCase1.CWKTDB2X_EMPLOYEE_CURSOR_SQL.00026: Fetch assertion" name="Fetch"/>
  </testsuite>
  <testsuite errors="0" failures="0" name="CWKTDB2X_TTT_01.CWKTDB2X_Scenario.00001: CWKTDB2XCase1.CWKTDB2X_EMPLOYEE_CURSOR_SQL.00027: Close assertion" tests="18">
    <testcase classname="CWKTDB2X_TTT_01.CWKTDB2X_Scenario.00001: CWKTDB2XCase1.CWKTDB2X_EMPLOYEE_CURSOR_SQL.00027: Close assertion" name="Close"/>
  </testsuite>
  <testsuite errors="0" failures="0" name="CWKTDB2X_TTT_01.CWKTDB2X_Scenario.00001: CWKTDB2XCase1.CWKTDB2X_EMPLOYEE_CURSOR_SQL.00028: Open assertion" tests="18">
    <testcase classname="CWKTDB2X_TTT_01.CWKTDB2X_Scenario.00001: CWKTDB2XCase1.CWKTDB2X_EMPLOYEE_CURSOR_SQL.00028: Open assertion" name="Open"/>
  </testsuite>
  <testsuite errors="0" failures="0" name="CWKTDB2X_TTT_01.CWKTDB2X_Scenario.00001: CWKTDB2XCase1.CWKTDB2X_EMPLOYEE_CURSOR_SQL.00029: Fetch assertion" tests="18">
    <testcase classname="CWKTDB2X_TTT_01.CWKTDB2X_Scenario.00001: CWKTDB2XCase1.CWKTDB2X_EMPLOYEE_CURSOR_SQL.00029: Fetch assertion" name="Fetch"/>
  </testsuite>
  <testsuite errors="0" failures="0" name="CWKTDB2X_TTT_01.CWKTDB2X_Scenario.00001: CWKTDB2XCase1.CWKTDB2X_EMPLOYEE_CURSOR_SQL.00030: Delete assertion" tests="18">
    <testcase classname="CWKTDB2X_TTT_01.CWKTDB2X_Scenario.00001: CWKTDB2XCase1.CWKTDB2X_EMPLOYEE_CURSOR_SQL.00030: Delete assertion" name="Delete"/>
  </testsuite>
  <testsuite errors="0" failures="0" name="CWKTDB2X_TTT_01.CWKTDB2X_Scenario.00001: CWKTDB2XCase1.CWKTDB2X_EMPLOYEE_CURSOR_SQL.00031: Close assertion" tests="18">
    <testcase classname="CWKTDB2X_TTT_01.CWKTDB2X_Scenario.00001: CWKTDB2XCase1.CWKTDB2X_EMPLOYEE_CURSOR_SQL.00031: Close assertion" name="Close"/>
  </testsuite>
</testsuites>