<?xml version="1.0" encoding="UTF-8"?>
<?totaltestVersion 19.2.1.v20180920-0235_707?>
<!--Topaz for Total Test 19.2.1.v20180920-0235_707 Nov 5, 2018 8:01:42 AM-->
<testsuites>
  <testsuite errors="0" failures="4" name="CWKTDB2X_TTT_ISPW.CWKTDB2X_Scenario.00001: CWKTDB2XCase1" tests="4">
    <testcase classname="CWKTDB2X_TTT_ISPW.CWKTDB2X_Scenario.00001: CWKTDB2XCase1" name="00001: Check for PARM_LTH">
      <failure>Check for PARM_LTH failed

Actual Value:    

Expected Value:  5</failure>
    </testcase>
    <testcase classname="CWKTDB2X_TTT_ISPW.CWKTDB2X_Scenario.00001: CWKTDB2XCase1" name="00002: Check for PARM_DATA">
      <failure>Check for PARM_DATA failed

Actual Value:    

Expected Value:  00001</failure>
    </testcase>
    <testcase classname="CWKTDB2X_TTT_ISPW.CWKTDB2X_Scenario.00001: CWKTDB2XCase1" name="00003: Check for GRAND_TOTAL">
      <failure>Check for GRAND_TOTAL failed

Actual Value:    

Expected Value:  7160</failure>
    </testcase>
    <testcase classname="CWKTDB2X_TTT_ISPW.CWKTDB2X_Scenario.00001: CWKTDB2XCase1" name="00004: Check for TOTAL_RECORD">
      <failure>Check for TOTAL_RECORD failed

Actual Value:    

Expected Value:  8</failure>
    </testcase>
  </testsuite>
</testsuites>